<?xml version="1.0" encoding="UTF-8"?>
<robot generator="Robot 7.1.1 (Python 3.12.8 on win32)" generated="2025-03-31T13:34:25.429060" rpa="false" schemaversion="5">
<suite id="s1" name="Redbox1" source="d:\Redbox_Auto\Redbox1\Redbox1">
<suite id="s1-s1" name="Testcase" source="d:\Redbox_Auto\Redbox1\Redbox1\testcase.robot">
<test id="s1-s1-t1" name="Check Warehouse List" line="217">
<kw name="Set Environment" owner="Config">
<kw name="Set Variable" owner="BuiltIn">
<msg time="2025-03-31T13:34:26.021268" level="INFO">${BASE_URL1} = https://app.redboxsa.com/login</msg>
<var>${BASE_URL1}</var>
<arg>${ENVIRONMENT["${ENV}"]}</arg>
<doc>Returns the given values which can then be assigned to a variables.</doc>
<status status="PASS" start="2025-03-31T13:34:26.020271" elapsed="0.001994"/>
</kw>
<kw name="Open Browser" owner="Selenium2Library">
<msg time="2025-03-31T13:34:26.023262" level="INFO">Opening browser 'chrome' to base url 'https://app.redboxsa.com/login'.</msg>
<arg>${BASE_URL1}</arg>
<arg>chrome</arg>
<doc>Opens a new browser instance to the optional ``url``.</doc>
<status status="PASS" start="2025-03-31T13:34:26.023262" elapsed="3.971473"/>
</kw>
<kw name="Maximize Browser Window" owner="Selenium2Library">
<doc>Maximizes current browser window.</doc>
<status status="PASS" start="2025-03-31T13:34:29.995733" elapsed="0.039481"/>
</kw>
<kw name="Input Text" owner="Selenium2Library">
<msg time="2025-03-31T13:34:30.036212" level="INFO">Typing text 'lehuong16.17@gmail.com' into text field 'id=email-login'.</msg>
<arg>id=email-login</arg>
<arg>${email_login}</arg>
<doc>Types the given ``text`` into the text field identified by ``locator``.</doc>
<status status="PASS" start="2025-03-31T13:34:30.035214" elapsed="0.092752"/>
</kw>
<kw name="Input Text" owner="Selenium2Library">
<msg time="2025-03-31T13:34:30.128966" level="INFO">Typing text 'Redboxsa@123' into text field 'id=password-login'.</msg>
<arg>id=password-login</arg>
<arg>${password_login}</arg>
<doc>Types the given ``text`` into the text field identified by ``locator``.</doc>
<status status="PASS" start="2025-03-31T13:34:30.127966" elapsed="0.056767"/>
</kw>
<kw name="Sleep" owner="BuiltIn">
<msg time="2025-03-31T13:34:31.186695" level="INFO">Slept 1 second.</msg>
<arg>1s</arg>
<doc>Pauses the test executed for the given time.</doc>
<status status="PASS" start="2025-03-31T13:34:30.184733" elapsed="1.001962"/>
</kw>
<kw name="Click Button" owner="Selenium2Library">
<msg time="2025-03-31T13:34:31.186695" level="INFO">Clicking button 'submit-login'.</msg>
<arg>${submit_login}</arg>
<doc>Clicks the button identified by ``locator``.</doc>
<status status="PASS" start="2025-03-31T13:34:31.186695" elapsed="4.860705"/>
</kw>
<kw name="Wait Until Page Contains Element" owner="Selenium2Library">
<arg>${logo}</arg>
<arg>timeout=10</arg>
<doc>Waits until the element ``locator`` appears on the current page.</doc>
<status status="PASS" start="2025-03-31T13:34:36.048399" elapsed="0.007955"/>
</kw>
<kw name="Page Should Contain Element" owner="Selenium2Library">
<msg time="2025-03-31T13:34:36.063336" level="INFO">Current page contains element 'logo'.</msg>
<arg>${logo}</arg>
<doc>Verifies that element ``locator`` is found on the current page.</doc>
<status status="PASS" start="2025-03-31T13:34:36.056354" elapsed="0.006982"/>
</kw>
<status status="PASS" start="2025-03-31T13:34:26.019273" elapsed="10.044063"/>
</kw>
<kw name="Click Link" owner="Selenium2Library">
<msg time="2025-03-31T13:34:36.064333" level="INFO">Clicking link '/redbox'.</msg>
<arg>${redbox_dashboard_href}</arg>
<doc>Clicks a link identified by ``locator``.</doc>
<status status="PASS" start="2025-03-31T13:34:36.064333" elapsed="1.366120"/>
</kw>
<kw name="Sleep" owner="BuiltIn">
<msg time="2025-03-31T13:34:42.432563" level="INFO">Slept 5 seconds.</msg>
<arg>5s</arg>
<doc>Pauses the test executed for the given time.</doc>
<status status="PASS" start="2025-03-31T13:34:37.431450" elapsed="5.001113"/>
</kw>
<kw name="Click Element" owner="Selenium2Library">
<msg time="2025-03-31T13:34:42.434561" level="INFO">Clicking element 'xpath=//*[text()='Warehouses']'.</msg>
<arg>${warehouses}</arg>
<doc>Click the element identified by ``locator``.</doc>
<status status="PASS" start="2025-03-31T13:34:42.433565" elapsed="0.048854"/>
</kw>
<kw name="Sleep" owner="BuiltIn">
<msg time="2025-03-31T13:34:47.483581" level="INFO">Slept 5 seconds.</msg>
<arg>5s</arg>
<doc>Pauses the test executed for the given time.</doc>
<status status="PASS" start="2025-03-31T13:34:42.483416" elapsed="5.000165"/>
</kw>
<kw name="Click Link" owner="Selenium2Library">
<msg time="2025-03-31T13:34:47.484602" level="INFO">Clicking link '/redbox/warehouse-management/redbox-warehouse'.</msg>
<arg>${warehouses_list}</arg>
<doc>Clicks a link identified by ``locator``.</doc>
<status status="PASS" start="2025-03-31T13:34:47.483581" elapsed="3.906943"/>
</kw>
<kw name="Page Should Contain" owner="Selenium2Library">
<msg time="2025-03-31T13:34:51.453082" level="INFO">Current page contains text '966534502300'.</msg>
<arg>966534502300</arg>
<doc>Verifies that current page contains ``text``.</doc>
<status status="PASS" start="2025-03-31T13:34:51.391521" elapsed="0.061561"/>
</kw>
<kw name="Sleep" owner="BuiltIn">
<msg time="2025-03-31T13:34:56.454366" level="INFO">Slept 5 seconds.</msg>
<arg>5s</arg>
<doc>Pauses the test executed for the given time.</doc>
<status status="PASS" start="2025-03-31T13:34:51.454084" elapsed="5.000282"/>
</kw>
<status status="PASS" start="2025-03-31T13:34:26.018276" elapsed="30.437090"/>
</test>
<status status="PASS" start="2025-03-31T13:34:25.989352" elapsed="30.467012"/>
</suite>
<status status="PASS" start="2025-03-31T13:34:25.433050" elapsed="31.024310"/>
</suite>
<statistics>
<total>
<stat pass="1" fail="0" skip="0">All Tests</stat>
</total>
<tag>
</tag>
<suite>
<stat pass="1" fail="0" skip="0" id="s1" name="Redbox1">Redbox1</stat>
<stat pass="1" fail="0" skip="0" id="s1-s1" name="Testcase">Redbox1.Testcase</stat>
</suite>
</statistics>
<errors>
</errors>
</robot>
