<?xml version="1.0" encoding="UTF-8"?>
<robot generator="Robot 7.1.1 (Python 3.12.8 on win32)" generated="2025-06-02T15:36:19.207033" rpa="false" schemaversion="5">
<suite id="s1" name="Redbox1" source="c:\Users\Lan Anh\Documents\GitHub\Redbox1">
<suite id="s1-s1" name="Testcase" source="c:\Users\Lan Anh\Documents\GitHub\Redbox1\testcase.robot">
<test id="s1-s1-t1" name="Express Flow" line="376">
<kw name="Set Variable" owner="BuiltIn">
<msg time="2025-06-02T15:36:19.900833" level="INFO">${env} = dev</msg>
<var>${env}</var>
<arg>dev</arg>
<doc>Returns the given values which can then be assigned to a variables.</doc>
<status status="PASS" start="2025-06-02T15:36:19.900833" elapsed="0.001995"/>
</kw>
<kw name="Create express shipment" owner="keywords">
<kw name="Get From Dictionary" owner="Collections">
<msg time="2025-06-02T15:36:19.903825" level="INFO">${point_from_id} = 5d2855e065889422de40f2fe</msg>
<var>${point_from_id}</var>
<arg>${point_id}</arg>
<arg>${env}</arg>
<doc>Returns a value from the given ``dictionary`` based on the given ``key``.</doc>
<status status="PASS" start="2025-06-02T15:36:19.903825" elapsed="0.000997"/>
</kw>
<kw name="Get From Dictionary" owner="Collections">
<msg time="2025-06-02T15:36:19.904822" level="INFO">${point_to_id} = 5d2855e065889422de40f2fe</msg>
<var>${point_to_id}</var>
<arg>${point_to_id}</arg>
<arg>${env}</arg>
<doc>Returns a value from the given ``dictionary`` based on the given ``key``.</doc>
<status status="PASS" start="2025-06-02T15:36:19.904822" elapsed="0.000000"/>
</kw>
<kw name="Create Dictionary" owner="BuiltIn">
<msg time="2025-06-02T15:36:19.905821" level="INFO">${BODY} = {'service_type': 'LockerToLocker', 'point_from_id': '5d2855e065889422de40f2fe', 'point_to_id': '5d2855e065889422de40f2fe', 'receiver_name': 'LA', 'receiver_phone': '+84375684357', 'shipment_note': 'No...</msg>
<var>${BODY}</var>
<arg>service_type=LockerToLocker</arg>
<arg>point_from_id=${point_from_id}</arg>
<arg>point_to_id=${point_to_id}</arg>
<arg>receiver_name=LA</arg>
<arg>receiver_phone=+84375684357</arg>
<arg>shipment_note=Notes</arg>
<arg>item_description=Items 1</arg>
<arg>declared_value=12</arg>
<arg>sender_name=LAnk</arg>
<arg>sender_phone=+84335299002</arg>
<doc>Creates and returns a dictionary based on the given ``items``.</doc>
<status status="PASS" start="2025-06-02T15:36:19.905821" elapsed="0.000000"/>
</kw>
<kw name="Get From Dictionary" owner="Collections">
<msg time="2025-06-02T15:36:19.906818" level="INFO">${auth_token} = Bearer eyJhbGciOiJIUzI1NiIsInR5cCI6IkpXVCJ9.eyJvcmdhbml6YXRpb25faWQiOiI2NDA4NmQ0NzYwOTMyMzc1OTY3NjEyMDIiLCJrZXkiOiIyMDIzLTAzLTA4VDExOjE0OjEwLjE3OVoiLCJpYXQiOjE2NzgyNzQwNTB9.e4HrRLDPjdWZo6DCmKM9RMWHS2D...</msg>
<var>${auth_token}</var>
<arg>${express_authorization}</arg>
<arg>${env}</arg>
<doc>Returns a value from the given ``dictionary`` based on the given ``key``.</doc>
<status status="PASS" start="2025-06-02T15:36:19.905821" elapsed="0.000997"/>
</kw>
<kw name="Get From Dictionary" owner="Collections">
<msg time="2025-06-02T15:36:19.906818" level="INFO">${url} = https://dev.redboxsa.com/api/business/v1/shipments/express</msg>
<var>${url}</var>
<arg>${express_create_shipment_api}</arg>
<arg>${env}</arg>
<doc>Returns a value from the given ``dictionary`` based on the given ``key``.</doc>
<status status="PASS" start="2025-06-02T15:36:19.906818" elapsed="0.000000"/>
</kw>
<kw name="Create Dictionary" owner="BuiltIn">
<msg time="2025-06-02T15:36:19.907816" level="INFO">${HEADERS} = {'Content-Type': 'application/json', 'Authorization': 'Bearer eyJhbGciOiJIUzI1NiIsInR5cCI6IkpXVCJ9.eyJvcmdhbml6YXRpb25faWQiOiI2NDA4NmQ0NzYwOTMyMzc1OTY3NjEyMDIiLCJrZXkiOiIyMDIzLTAzLTA4VDExOjE0OjEwLjE3O...</msg>
<var>${HEADERS}</var>
<arg>Content-Type=application/json</arg>
<arg>Authorization=${auth_token}</arg>
<doc>Creates and returns a dictionary based on the given ``items``.</doc>
<status status="PASS" start="2025-06-02T15:36:19.906818" elapsed="0.000998"/>
</kw>
<kw name="POST" owner="RequestsLibrary">
<msg time="2025-06-02T15:36:21.423525" level="INFO">POST Request : url=https://dev.redboxsa.com/api/business/v1/shipments/express 
 path_url=/api/business/v1/shipments/express 
 headers={'User-Agent': 'python-requests/2.32.3', 'Accept-Encoding': 'gzip, deflate', 'Accept': '*/*', 'Connection': 'keep-alive', 'Content-Type': 'application/json', 'Authorization': 'Bearer eyJhbGciOiJIUzI1NiIsInR5cCI6IkpXVCJ9.eyJvcmdhbml6YXRpb25faWQiOiI2NDA4NmQ0NzYwOTMyMzc1OTY3NjEyMDIiLCJrZXkiOiIyMDIzLTAzLTA4VDExOjE0OjEwLjE3OVoiLCJpYXQiOjE2NzgyNzQwNTB9.e4HrRLDPjdWZo6DCmKM9RMWHS2DtIryeGN1Y15j_DLA', 'Content-Length': '315'} 
 body=b'{"service_type": "LockerToLocker", "point_from_id": "5d2855e065889422de40f2fe", "point_to_id": "5d2855e065889422de40f2fe", "receiver_name": "LA", "receiver_phone": "+84375684357", "shipment_note": "Notes", "item_description": "Items 1", "declared_value": "12", "sender_name": "LAnk", "sender_phone": "+84335299002"}' 
 </msg>
<msg time="2025-06-02T15:36:21.424530" level="INFO">POST Response : url=https://dev.redboxsa.com/api/business/v1/shipments/express 
 status=200, reason=OK 
 headers={'Server': 'nginx/1.18.0 (Ubuntu)', 'Date': 'Mon, 02 Jun 2025 08:36:21 GMT', 'Content-Type': 'application/json; charset=utf-8', 'Content-Length': '191', 'Connection': 'keep-alive', 'Access-Control-Allow-Origin': '*', 'RateLimit-Policy': '500;w=30', 'RateLimit-Limit': '500', 'RateLimit-Remaining': '499', 'RateLimit-Reset': '26', 'x-frame-options': 'SAMEORIGIN', 'x-xss-protection': '1; mode=block', 'ETag': 'W/"bf-M9da1Uv5zyFEwqBNTOWWbVkSHEg"', 'Vary': 'Accept-Encoding'} 
 body={"success":true,"shipment_id":"683d62846353d5f07a65ccfd","shipping_label_url":"https://dev.redboxsa.com/download/shipping-label/683d62846353d5f07a65ccfd.pdf","tracking_number":"217839997397"} 
 </msg>
<msg time="2025-06-02T15:36:21.426520" level="INFO">${response} = &lt;Response [200]&gt;</msg>
<var>${response}</var>
<arg>${url}</arg>
<arg>json=${BODY}</arg>
<arg>headers=${HEADERS}</arg>
<doc>Sends a POST request.</doc>
<status status="PASS" start="2025-06-02T15:36:19.907816" elapsed="1.518704"/>
</kw>
<kw name="Log" owner="BuiltIn">
<msg time="2025-06-02T15:36:21.428468" level="INFO">Status Code: 200</msg>
<arg>Status Code: ${response.status_code}</arg>
<doc>Logs the given message with the given level.</doc>
<status status="PASS" start="2025-06-02T15:36:21.426520" elapsed="0.001948"/>
</kw>
<kw name="Log" owner="BuiltIn">
<msg time="2025-06-02T15:36:21.429493" level="INFO">Response Content: {"success":true,"shipment_id":"683d62846353d5f07a65ccfd","shipping_label_url":"https://dev.redboxsa.com/download/shipping-label/683d62846353d5f07a65ccfd.pdf","tracking_number":"217839997397"}</msg>
<arg>Response Content: ${response.content}</arg>
<doc>Logs the given message with the given level.</doc>
<status status="PASS" start="2025-06-02T15:36:21.428468" elapsed="0.001025"/>
</kw>
<kw name="Should Be Equal As Numbers" owner="BuiltIn">
<msg time="2025-06-02T15:36:21.430463" level="INFO">Argument types are:
&lt;class 'int'&gt;
&lt;class 'str'&gt;</msg>
<arg>${response.status_code}</arg>
<arg>200</arg>
<doc>Fails if objects are unequal after converting them to real numbers.</doc>
<status status="PASS" start="2025-06-02T15:36:21.429493" elapsed="0.000970"/>
</kw>
<kw name="Set Variable" owner="BuiltIn">
<msg time="2025-06-02T15:36:21.432485" level="INFO">${json_data} = {'success': True, 'shipment_id': '683d62846353d5f07a65ccfd', 'shipping_label_url': 'https://dev.redboxsa.com/download/shipping-label/683d62846353d5f07a65ccfd.pdf', 'tracking_number': '217839997397'}</msg>
<var>${json_data}</var>
<arg>${response.json()}</arg>
<doc>Returns the given values which can then be assigned to a variables.</doc>
<status status="PASS" start="2025-06-02T15:36:21.431488" elapsed="0.000997"/>
</kw>
<kw name="Get From Dictionary" owner="Collections">
<msg time="2025-06-02T15:36:21.432485" level="INFO">${shipment_id} = 683d62846353d5f07a65ccfd</msg>
<var>${shipment_id}</var>
<arg>${json_data}</arg>
<arg>shipment_id</arg>
<doc>Returns a value from the given ``dictionary`` based on the given ``key``.</doc>
<status status="PASS" start="2025-06-02T15:36:21.432485" elapsed="0.000000"/>
</kw>
<kw name="Get From Dictionary" owner="Collections">
<msg time="2025-06-02T15:36:21.433455" level="INFO">${tracking_number} = 217839997397</msg>
<var>${tracking_number}</var>
<arg>${json_data}</arg>
<arg>tracking_number</arg>
<doc>Returns a value from the given ``dictionary`` based on the given ``key``.</doc>
<status status="PASS" start="2025-06-02T15:36:21.432485" elapsed="0.000970"/>
</kw>
<kw name="Log" owner="BuiltIn">
<msg time="2025-06-02T15:36:21.433455" level="INFO">Shipment ID (raw): 683d62846353d5f07a65ccfd</msg>
<arg>Shipment ID (raw): ${shipment_id}</arg>
<doc>Logs the given message with the given level.</doc>
<status status="PASS" start="2025-06-02T15:36:21.433455" elapsed="0.000000"/>
</kw>
<kw name="Log" owner="BuiltIn">
<msg time="2025-06-02T15:36:21.433455" level="INFO">Tracking Number (raw): 217839997397</msg>
<arg>Tracking Number (raw): ${tracking_number}</arg>
<doc>Logs the given message with the given level.</doc>
<status status="PASS" start="2025-06-02T15:36:21.433455" elapsed="0.001027"/>
</kw>
<kw name="Run Keyword If" owner="BuiltIn">
<arg>'${shipment_id}' == '' or '${tracking_number}' == ''</arg>
<arg>Fail</arg>
<arg>Invalid response: Shipment ID or Tracking Number is missing</arg>
<doc>Runs the given keyword with the given arguments, if ``condition`` is true.</doc>
<status status="PASS" start="2025-06-02T15:36:21.434482" elapsed="0.000000"/>
</kw>
<kw name="Create File" owner="OperatingSystem">
<msg time="2025-06-02T15:36:21.435484" level="INFO" html="true">Created file '&lt;a href="file://C:\Users\Lan Anh\Documents\GitHub\Redbox1\shipment_id.txt"&gt;C:\Users\Lan Anh\Documents\GitHub\Redbox1\shipment_id.txt&lt;/a&gt;'.</msg>
<arg>${shipment_id_file}</arg>
<arg>shipment_id: ${shipment_id}\ntracking_number: ${tracking_number}</arg>
<doc>Creates a file with the given content and encoding.</doc>
<status status="PASS" start="2025-06-02T15:36:21.434482" elapsed="0.001002"/>
</kw>
<arg>${env}</arg>
<status status="PASS" start="2025-06-02T15:36:19.903825" elapsed="1.532622"/>
</kw>
<kw name="Get File" owner="OperatingSystem">
<msg time="2025-06-02T15:36:21.436447" level="INFO" html="true">Getting file '&lt;a href="file://C:\Users\Lan Anh\Documents\GitHub\Redbox1\shipment_id.txt"&gt;C:\Users\Lan Anh\Documents\GitHub\Redbox1\shipment_id.txt&lt;/a&gt;'.</msg>
<msg time="2025-06-02T15:36:21.443430" level="INFO">${file_content} = shipment_id: 683d62846353d5f07a65ccfd
tracking_number: 217839997397</msg>
<var>${file_content}</var>
<arg>${shipment_id_file}</arg>
<doc>Returns the contents of a specified file.</doc>
<status status="PASS" start="2025-06-02T15:36:21.436447" elapsed="0.006983"/>
</kw>
<kw name="Split To Lines" owner="String">
<msg time="2025-06-02T15:36:21.444427" level="INFO">2 lines returned</msg>
<msg time="2025-06-02T15:36:21.444427" level="INFO">${lines} = ['shipment_id: 683d62846353d5f07a65ccfd', 'tracking_number: 217839997397']</msg>
<var>${lines}</var>
<arg>${file_content}</arg>
<doc>Splits the given string to lines.</doc>
<status status="PASS" start="2025-06-02T15:36:21.444427" elapsed="0.000000"/>
</kw>
<kw name="Set Variable" owner="BuiltIn">
<msg time="2025-06-02T15:36:21.445424" level="INFO">${shipment_id_line} = shipment_id: 683d62846353d5f07a65ccfd</msg>
<var>${shipment_id_line}</var>
<arg>${lines}[0]</arg>
<doc>Returns the given values which can then be assigned to a variables.</doc>
<status status="PASS" start="2025-06-02T15:36:21.445424" elapsed="0.000000"/>
</kw>
<kw name="Set Variable" owner="BuiltIn">
<msg time="2025-06-02T15:36:21.446422" level="INFO">${tracking_number_line} = tracking_number: 217839997397</msg>
<var>${tracking_number_line}</var>
<arg>${lines}[1]</arg>
<doc>Returns the given values which can then be assigned to a variables.</doc>
<status status="PASS" start="2025-06-02T15:36:21.445424" elapsed="0.000998"/>
</kw>
<kw name="Replace String" owner="String">
<msg time="2025-06-02T15:36:21.447418" level="INFO">${shipment_id} =  683d62846353d5f07a65ccfd</msg>
<var>${shipment_id}</var>
<arg>${shipment_id_line}</arg>
<arg>shipment_id:</arg>
<arg>${EMPTY}</arg>
<doc>Replaces ``search_for`` in the given ``string`` with ``replace_with``.</doc>
<status status="PASS" start="2025-06-02T15:36:21.446422" elapsed="0.000996"/>
</kw>
<kw name="Strip String" owner="String">
<msg time="2025-06-02T15:36:21.448415" level="INFO">${shipment_id} = 683d62846353d5f07a65ccfd</msg>
<var>${shipment_id}</var>
<arg>${shipment_id}</arg>
<doc>Remove leading and/or trailing whitespaces from the given string.</doc>
<status status="PASS" start="2025-06-02T15:36:21.448415" elapsed="0.000000"/>
</kw>
<kw name="Replace String" owner="String">
<msg time="2025-06-02T15:36:21.449413" level="INFO">${tracking_number} =  217839997397</msg>
<var>${tracking_number}</var>
<arg>${tracking_number_line}</arg>
<arg>tracking_number:</arg>
<arg>${EMPTY}</arg>
<doc>Replaces ``search_for`` in the given ``string`` with ``replace_with``.</doc>
<status status="PASS" start="2025-06-02T15:36:21.448415" elapsed="0.001994"/>
</kw>
<kw name="Strip String" owner="String">
<msg time="2025-06-02T15:36:21.450409" level="INFO">${tracking_number} = 217839997397</msg>
<var>${tracking_number}</var>
<arg>${tracking_number}</arg>
<doc>Remove leading and/or trailing whitespaces from the given string.</doc>
<status status="PASS" start="2025-06-02T15:36:21.450409" elapsed="0.000000"/>
</kw>
<kw name="Log" owner="BuiltIn">
<msg time="2025-06-02T15:36:21.451407" level="INFO">Shipment ID: 683d62846353d5f07a65ccfd</msg>
<arg>Shipment ID: ${shipment_id}</arg>
<doc>Logs the given message with the given level.</doc>
<status status="PASS" start="2025-06-02T15:36:21.451407" elapsed="0.000000"/>
</kw>
<kw name="Log" owner="BuiltIn">
<msg time="2025-06-02T15:36:21.451407" level="INFO">Tracking Number: 217839997397</msg>
<arg>Tracking Number: ${tracking_number}</arg>
<doc>Logs the given message with the given level.</doc>
<status status="PASS" start="2025-06-02T15:36:21.451407" elapsed="0.000998"/>
</kw>
<kw name="Customer Confirm Deposit Express" owner="keywords">
<kw name="Log" owner="BuiltIn">
<msg time="2025-06-02T15:36:21.453402" level="INFO">Confirming deposit with Shipment ID: 683d62846353d5f07a65ccfd, Tracking Number: 217839997397</msg>
<arg>Confirming deposit with Shipment ID: ${shipment_id}, Tracking Number: ${tracking_number}</arg>
<doc>Logs the given message with the given level.</doc>
<status status="PASS" start="2025-06-02T15:36:21.453402" elapsed="0.000000"/>
</kw>
<kw name="Get From Dictionary" owner="Collections">
<msg time="2025-06-02T15:36:21.453402" level="INFO">${deposit_url} = https://dev.redboxsa.com/v3/api/customer/confirm-deposit-express</msg>
<var>${deposit_url}</var>
<arg>${express_deposit_shipment_api}</arg>
<arg>${env}</arg>
<doc>Returns a value from the given ``dictionary`` based on the given ``key``.</doc>
<status status="PASS" start="2025-06-02T15:36:21.453402" elapsed="0.000998"/>
</kw>
<kw name="Get From Dictionary" owner="Collections">
<msg time="2025-06-02T15:36:21.455397" level="INFO">${locker_id} = 65aa37553a403d2b4b366b47</msg>
<var>${locker_id}</var>
<arg>${locker_id}</arg>
<arg>${env}</arg>
<doc>Returns a value from the given ``dictionary`` based on the given ``key``.</doc>
<status status="PASS" start="2025-06-02T15:36:21.454400" elapsed="0.000997"/>
</kw>
<kw name="Get From Dictionary" owner="Collections">
<msg time="2025-06-02T15:36:21.455397" level="INFO">${point_to_id} = 5d2855e065889422de40f2fe</msg>
<var>${point_to_id}</var>
<arg>${point_to_id}</arg>
<arg>${env}</arg>
<doc>Returns a value from the given ``dictionary`` based on the given ``key``.</doc>
<status status="PASS" start="2025-06-02T15:36:21.455397" elapsed="0.000000"/>
</kw>
<kw name="Get From Dictionary" owner="Collections">
<msg time="2025-06-02T15:36:21.456394" level="INFO">${door_id} = 65aa377b3a403d2b4b366b5c</msg>
<var>${door_id}</var>
<arg>${door_id}</arg>
<arg>${env}</arg>
<doc>Returns a value from the given ``dictionary`` based on the given ``key``.</doc>
<status status="PASS" start="2025-06-02T15:36:21.455397" elapsed="0.000997"/>
</kw>
<kw name="Get From Dictionary" owner="Collections">
<msg time="2025-06-02T15:36:21.456394" level="INFO">${auth_token} = Bearer eyJhbGciOiJIUzI1NiIsInR5cCI6IkpXVCJ9.eyJ1dWlkIjoiODY2NzMyMDMyMzM3MDMzIiwidG9rZW5JZCI6ImQzNTFlMTRmLWI3NDUtNDM0OC04NTVhLWEyYWM2YzhlNDdjOCIsImlhdCI6MTc0ODg1MzM1N30.aGQ72xq3hOnOg9KqSgLCjJfPbS0pTrfj...</msg>
<var>${auth_token}</var>
<arg>${get_token_locker_authen}</arg>
<arg>${env}</arg>
<doc>Returns a value from the given ``dictionary`` based on the given ``key``.</doc>
<status status="PASS" start="2025-06-02T15:36:21.456394" elapsed="0.000000"/>
</kw>
<kw name="Create Dictionary" owner="BuiltIn">
<msg time="2025-06-02T15:36:21.457391" level="INFO">${headers} = {'Content-Type': 'application/json', 'locker_id': '65aa37553a403d2b4b366b47', 'point_to_id': '5d2855e065889422de40f2fe', 'Authorization': 'Bearer eyJhbGciOiJIUzI1NiIsInR5cCI6IkpXVCJ9.eyJ1dWlkIjoiODY2N...</msg>
<var>${headers}</var>
<arg>Content-Type=application/json</arg>
<arg>locker_id=${locker_id}</arg>
<arg>point_to_id=${point_to_id}</arg>
<arg>Authorization=${auth_token}</arg>
<doc>Creates and returns a dictionary based on the given ``items``.</doc>
<status status="PASS" start="2025-06-02T15:36:21.456394" elapsed="0.000997"/>
</kw>
<kw name="Create Dictionary" owner="BuiltIn">
<msg time="2025-06-02T15:36:21.457391" level="INFO">${payload} = {'shipment_id': '683d62846353d5f07a65ccfd', 'tracking_number': '217839997397', 'door_id': '65aa377b3a403d2b4b366b5c', 'is_empty': 'False'}</msg>
<var>${payload}</var>
<arg>shipment_id=${shipment_id}</arg>
<arg>tracking_number=${tracking_number}</arg>
<arg>door_id=${door_id}</arg>
<arg>is_empty=False</arg>
<doc>Creates and returns a dictionary based on the given ``items``.</doc>
<status status="PASS" start="2025-06-02T15:36:21.457391" elapsed="0.000998"/>
</kw>
<kw name="POST" owner="RequestsLibrary">
<msg time="2025-06-02T15:36:22.242550" level="INFO">POST Request : url=https://dev.redboxsa.com/v3/api/customer/confirm-deposit-express 
 path_url=/v3/api/customer/confirm-deposit-express 
 headers={'User-Agent': 'python-requests/2.32.3', 'Accept-Encoding': 'gzip, deflate', 'Accept': '*/*', 'Connection': 'keep-alive', 'Content-Type': 'application/json', 'locker_id': '65aa37553a403d2b4b366b47', 'point_to_id': '5d2855e065889422de40f2fe', 'Authorization': 'Bearer eyJhbGciOiJIUzI1NiIsInR5cCI6IkpXVCJ9.eyJ1dWlkIjoiODY2NzMyMDMyMzM3MDMzIiwidG9rZW5JZCI6ImQzNTFlMTRmLWI3NDUtNDM0OC04NTVhLWEyYWM2YzhlNDdjOCIsImlhdCI6MTc0ODg1MzM1N30.aGQ72xq3hOnOg9KqSgLCjJfPbS0pTrfj_vVpGqo3opk', 'Content-Length': '138'} 
 body=b'{"shipment_id": "683d62846353d5f07a65ccfd", "tracking_number": "217839997397", "door_id": "65aa377b3a403d2b4b366b5c", "is_empty": "False"}' 
 </msg>
<msg time="2025-06-02T15:36:22.243550" level="INFO">POST Response : url=https://dev.redboxsa.com/v3/api/customer/confirm-deposit-express 
 status=200, reason=OK 
 headers={'Server': 'nginx/1.18.0 (Ubuntu)', 'Date': 'Mon, 02 Jun 2025 08:36:21 GMT', 'Content-Type': 'text/html; charset=utf-8', 'Content-Length': '14', 'Connection': 'keep-alive', 'Access-Control-Allow-Origin': '*', 'x-frame-options': 'SAMEORIGIN', 'x-xss-protection': '1; mode=block', 'ETag': 'W/"e-QsuWRrOEkcU9MaZ7Iu4xj/+JUZY"', 'Vary': 'Accept-Encoding'} 
 body={"state":true} 
 </msg>
<msg time="2025-06-02T15:36:22.244546" level="INFO">${response} = &lt;Response [200]&gt;</msg>
<var>${response}</var>
<arg>${deposit_url}</arg>
<arg>json=${payload}</arg>
<arg>headers=${headers}</arg>
<doc>Sends a POST request.</doc>
<status status="PASS" start="2025-06-02T15:36:21.458389" elapsed="0.786157"/>
</kw>
<kw name="Log" owner="BuiltIn">
<msg time="2025-06-02T15:36:22.245542" level="INFO">Status Code: 200</msg>
<arg>Status Code: ${response.status_code}</arg>
<doc>Logs the given message with the given level.</doc>
<status status="PASS" start="2025-06-02T15:36:22.244546" elapsed="0.000996"/>
</kw>
<kw name="Log" owner="BuiltIn">
<msg time="2025-06-02T15:36:22.247538" level="INFO">Response Content: {"state":true}</msg>
<arg>Response Content: ${response.content}</arg>
<doc>Logs the given message with the given level.</doc>
<status status="PASS" start="2025-06-02T15:36:22.245542" elapsed="0.001996"/>
</kw>
<kw name="Should Be Equal As Numbers" owner="BuiltIn">
<msg time="2025-06-02T15:36:22.248534" level="INFO">Argument types are:
&lt;class 'int'&gt;
&lt;class 'str'&gt;</msg>
<arg>${response.status_code}</arg>
<arg>200</arg>
<doc>Fails if objects are unequal after converting them to real numbers.</doc>
<status status="PASS" start="2025-06-02T15:36:22.247538" elapsed="0.000996"/>
</kw>
<kw name="Evaluate" owner="BuiltIn">
<msg time="2025-06-02T15:36:22.249532" level="INFO">${is_invalid} = False</msg>
<var>${is_invalid}</var>
<arg>"${shipment_id}" == "" or "${tracking_number}" == ""</arg>
<doc>Evaluates the given expression in Python and returns the result.</doc>
<status status="PASS" start="2025-06-02T15:36:22.248534" elapsed="0.000998"/>
</kw>
<kw name="Run Keyword If" owner="BuiltIn">
<arg>${is_invalid}</arg>
<arg>Fail</arg>
<arg>Invalid response: Shipment ID or Tracking Number is missing</arg>
<doc>Runs the given keyword with the given arguments, if ``condition`` is true.</doc>
<status status="PASS" start="2025-06-02T15:36:22.249532" elapsed="0.000000"/>
</kw>
<arg>${shipment_id}</arg>
<arg>${tracking_number}</arg>
<arg>${env}</arg>
<status status="PASS" start="2025-06-02T15:36:21.452405" elapsed="0.797127"/>
</kw>
<kw name="API get token driver" owner="keywords">
<kw name="Create Dictionary" owner="BuiltIn">
<msg time="2025-06-02T15:36:22.251526" level="INFO">${headers} = {'Cookie': 'connect.sid=s%3Ac-C8Ua7JWn_dy3gvH5PC8rUIzj6DPUIz.CtE1ied8oMyXJFLbnHY6zTUAx5ueftByHLPjL8tJMH4'}</msg>
<var>${headers}</var>
<arg>Cookie=connect.sid=s%3Ac-C8Ua7JWn_dy3gvH5PC8rUIzj6DPUIz.CtE1ied8oMyXJFLbnHY6zTUAx5ueftByHLPjL8tJMH4</arg>
<doc>Creates and returns a dictionary based on the given ``items``.</doc>
<status status="PASS" start="2025-06-02T15:36:22.251526" elapsed="0.000997"/>
</kw>
<kw name="GET" owner="RequestsLibrary">
<msg time="2025-06-02T15:36:23.238112" level="INFO">GET Request : url=https://dev.redboxsa.com/v3/api/shipper/get-list-driver 
 path_url=/v3/api/shipper/get-list-driver 
 headers={'User-Agent': 'python-requests/2.32.3', 'Accept-Encoding': 'gzip, deflate', 'Accept': '*/*', 'Connection': 'keep-alive', 'Cookie': 'connect.sid=s%3Ac-C8Ua7JWn_dy3gvH5PC8rUIzj6DPUIz.CtE1ied8oMyXJFLbnHY6zTUAx5ueftByHLPjL8tJMH4'} 
 body=None 
 </msg>
<msg time="2025-06-02T15:36:23.240103" level="INFO">GET Response : url=https://dev.redboxsa.com/v3/api/shipper/get-list-driver 
 status=200, reason=OK 
 headers={'Server': 'nginx/1.18.0 (Ubuntu)', 'Date': 'Mon, 02 Jun 2025 08:36:22 GMT', 'Content-Type': 'text/html; charset=utf-8', 'Transfer-Encoding': 'chunked', 'Connection': 'keep-alive', 'Access-Control-Allow-Origin': '*', 'x-frame-options': 'SAMEORIGIN', 'x-xss-protection': '1; mode=block', 'ETag': 'W/"38cf7-z+ow9p7AADrue+mj/2CJn4YR6qg"', 'Vary': 'Accept-Encoding', 'Content-Encoding': 'gzip'} 
 body={"state":true,"data":[{"id":"5e5bc79a2d2cb309354dd8a8","name":"Abdullah (TEST DRIVER)","code":"AHZORUKZ","token":"eyJhbGciOiJIUzI1NiIsInR5cCI6IkpXVCJ9.eyJpZCI6IjVlNWJjNzlhMmQyY2IzMDkzNTRkZDhhOCIsImtleSI6IjIwMjUtMDYtMDJUMDg6MzY6MDAuODA1WiIsImlhdCI6MTc0ODg1MzM2MH0.JTPK7RJpkbZ6zKbur8DgnfmFKRI_qYFc6xotZ3DXeDs","organizations":[],"type":"Driver","need_otp":false,"permissions":["Delivery","Return"]},{"id":"5d66374c1b9b266707ad8149","name":"Tran Anh","code":"ANF76I9V","token":"eyJhbGciOiJIUzI1NiIsInR5cCI6IkpXVCJ9.eyJpZCI6IjVkNjYzNzRjMWI5YjI2NjcwN2FkODE0OSIsImtleSI6IjIwMjUtMDYtMDJUMDg6MzY6MDAuODA1WiIsImlhdCI6MTc0ODg1MzM2MH0.pjHEPmx3-5PO8F4wXkL9z0OmC0V1IRxWB4kkXV3RBUw","organizations":[{"organizationId":{"_id":"5d2854dd65889422de40f2f7","organizationLogo":"https://stage.redboxsa.com/logo_niceone.png","organizationType":"Agency","trackingNumberPickUpLength":12,"organizationName":"Niceone-OLDD","uniqueName":null},"organizationRoles":{"_id":"5d66374c1b9b266707ad814a","permissions":["Delivery","Return","Expired"],"organizationId":"5d2854dd65889422de40f2f7","type":"Driver","userId":"5d66374c1b9b266707ad8149","__v":0,"createdAt":"2019-08-28T08:11:56.767Z","updatedAt":"2020-02-21T10:41:51.969Z"}}],"type":"Driver","need_otp":false,"permissions":[]},{"id":"5e7343766082d44d1bf15581","name":"Abdullah (test)","code":"APLVNMTM","token":"eyJhbGciOiJIUzI1NiIsInR5cCI6IkpXVCJ9.eyJpZCI6IjVlNzM0Mzc2NjA4MmQ0NGQxYmYxNTU4MSIsImtleSI6IjIwMjUtMDYtMDJUMDg6MzY6MDAuODA1WiIsImlhdCI6MTc0ODg1MzM2MH0.v0jAG5HF4gP7FxCpw_pDDFx3MB14Q4fe81Pf-hIK-jI","organizations":[{"organizationId":{"_id":"5e43bd282a2ec528267c0d86","organizationLogo":"https://redbox-aws-s3-bucket.s3.amazonaws.com/organization_4sjodmpdy_avatar_200x200","organizationType":"Agency","trackingNumberPickUpLength":12,"organizationName":"Salasa","uniqueName":"aamar"},"organizationRoles":{"_id":"5e7343766082d44d1bf15583","permissions":["Delivery","Return","Expired"],"createdType":"Assign","organizationId":"5e43bd282a2ec528267c0d86","type":"Driver","userId":"5e7343766082d44d1bf15581","__v":0,"createdAt":"2020-03-19T10:03:34.417Z","updatedAt":"2020-03-19T10:03:34.417Z"}}],"type":"Driver","need_otp":false,"permissions":["Delivery","Return","Expired"]},{"id":"5f321e2375fe8312ba66b5d4","name":"Driver Aramex 01","code":"ARMX1382","token":"eyJhbGciOiJIUzI1NiIsInR5cCI6IkpXVCJ9.eyJpZCI6IjVmMzIxZTIzNzVmZTgzMTJiYTY2YjVkNCIsImtleSI6IjIwMjUtMDYtMDJUMDg6MzY6MDAuODA1WiIsImlhdCI6MTc0ODg1MzM2MH0.hR2FabIMRIOBl7jjWeAbyzc_Jubhka5GUyIHE92uRy0","organizations":[{"organizationId":{"_id":"5e42ed9a26052911830a951e","organizationLogo":"https://redbox-aws-s3-bucket.s3.amazonaws.com/organization_n5lm77l6l_avatar_200x200","organizationType":"Agency","trackingNumberPickUpLength":11,"organizationName":"Aramex","uniqueName":"aramex"},"organizationRoles":{"_id":"5f321e2375fe8312ba66b5d6","permissions":["Delivery","Return","Expired"],"createdType":"Assign","organizationId":"5e42ed9a26052911830a951e","type":"Driver","userId":"5f321e2375fe8312ba66b5d4","__v":0,"createdAt":"2020-08-11T04:27:15.057Z","updatedAt":"2020-08-11T04:27:15.057Z"}}],"type":"Driver","need_otp":false,"permissions":["Delivery"]},{"id":"6175120e1bdd8d3dfe84cfd5","name":"Aramex Driver","code":"ARMX1892","token":"eyJhbGciOiJIUzI1NiIsInR5cCI6IkpXVCJ9.eyJpZCI6IjYxNzUxMjBlMWJkZDhkM2RmZTg0Y2ZkNSIsImtleSI6IjIwMjUtMDYtMDJUMDg6MzY6MDAuODA1WiIsImlhdCI6MTc0ODg1MzM2MH0.tz-RLHQnDEHeplapFeiYrnu-SWz29-KBo2gIhmKnEBA","organizations":[{"organizationId":{"_id":"5e42ed9a26052911830a951e","organizationLogo":"https://redbox-aws-s3-bucket.s3.amazonaws.com/organization_n5lm77l6l_avatar_200x200","organizationType":"Agency","trackingNumberPickUpLength":11,"organizationName":"Aramex","uniqueName":"aramex"},"organizationRoles":{"_id":"617512c91bdd8d3dfe84cfe3","permissions":["Delivery","Expired"],"createdType":"Assign","organizationId":"5e42ed9a26052911830a951e","type":"Driver","userId":"6175120e1bdd8d3dfe84cfd5","createdAt":"2021-10-24T08:01:13.732Z","updatedAt":"2021-10-24T08:01:13.732Z","__v":0}}],"type":"Driver","need_otp":false,"permissions":["Delivery","Expired"]},{"id":"5d48e8e36eb1ab7be6eaed29","name":"Phan Huy","code":"AUI78UNG","token":"eyJhbGciOiJIUzI1NiIsInR5cCI6IkpXVCJ9.eyJpZCI6IjVkNDhlOGUzNmViMWFiN2JlNmVhZWQyOSIsImtleSI6IjIwMjUtMDYtMDJUMDg6MzY6MDAuODA1WiIsImlhdCI6MTc0ODg1MzM2MH0.wwCwRLBTUfvrcD-IqPwTcch_guB5TfeggBw390aJ7vU","organizations":[{"organizationId":{"_id":"5d2854dd65889422de40f2f7","organizationLogo":"https://stage.redboxsa.com/logo_niceone.png","organizationType":"Agency","trackingNumberPickUpLength":12,"organizationName":"Niceone-OLDD","uniqueName":null},"organizationRoles":{"_id":"5d48e8e36eb1ab7be6eaed2b","permissions":["Delivery","Return","Expired"],"organizationId":"5d2854dd65889422de40f2f7","type":"Driver","userId":"5d48e8e36eb1ab7be6eaed29","__v":0,"createdAt":"2019-08-06T02:41:39.254Z","updatedAt":"2019-10-24T04:19:00.558Z"}},{"organizationId":{"_id":"5dea0ff6a46f57513d3ccc5e","organizationLogo":"https://stage.redboxsa.com/logo_jollychic.png","organizationType":"Business","trackingNumberPickUpLength":12,"organizationName":"jollychic","uniqueName":null},"organizationRoles":{"_id":"5decfc15433e365432775bb6","permissions":["Delivery","Return","Expired"],"organizationId":"5dea0ff6a46f57513d3ccc5e","type":"Driver","userId":"5d48e8e36eb1ab7be6eaed29","createdAt":"2019-12-08T13:35:17.804Z","updatedAt":"2019-12-08T13:35:17.804Z","__v":0}}],"type":"Driver","need_otp":false,"permissions":[]},{"id":"5e5ba56b2d2cb309354dd893","name":"Khac Diep","code":"BIKUEXYN","token":"eyJhbGciOiJIUzI1NiIsInR5cCI6IkpXVCJ9.eyJpZCI6IjVlNWJhNTZiMmQyY2IzMDkzNTRkZDg5MyIsImtleSI6IjIwMjUtMDYtMDJUMDg6MzY6MDAuODA1WiIsImlhdCI6MTc0ODg1MzM2MH0.3rNm3ePYsmF07hYP9-Z-h0ZOHWlIBL-YdKK5I0Jn7oE","organizations":[{"organizationId":{"_id":"5d2854dd65889422de40f2f7","organizationLogo":"https://stage.redboxsa.com/logo_niceone.png","organizationType":"Agency","trackingNumberPickUpLength":12,"organizationName":"Niceone-OLDD","uniqueName":null},"organizationRoles":{"_id":"5e5ba56b2d2cb309354dd894","permissions":["Delivery","Return","Expired"],"createdType":"Create","organizationId":"5d2854dd65889422de40f2f7","type":"Driver","userId":"5e5ba56b2d2cb309354dd893","__v":0,"createdAt":"2020-03-01T12:07:07.224Z","updatedAt":"2020-03-01T12:07:07.224Z"}}],"type":"Driver","need_otp":false,"permissions":[]},{"id":"5e2d88354c5e5369fc013502","name":"momen","code":"BWSHEPZH","token":"eyJhbGciOiJIUzI1NiIsInR5cCI6IkpXVCJ9.eyJpZCI6IjVlMmQ4ODM1NGM1ZTUzNjlmYzAxMzUwMiIsImtleSI6IjIwMjUtMDYtMDJUMDg6MzY6MDAuODA1WiIsImlhdCI6MTc0ODg1MzM2MH0.yisEBKlFky2ZZIBX08N52YudDx_Aecv3m1j19IT4XY4","organizations":[{"organizationId":{"_id":"5d2854dd65889422de40f2f7","organizationLogo":"https://stage.redboxsa.com/logo_niceone.png","organizationType":"Agency","trackingNumberPickUpLength":12,"organizationName":"Niceone-OLDD","uniqueName":null},"organizationRoles":{"_id":"5e2d88354c5e5369fc013504","permissions":["Delivery","Return","Expired"],"createdType":"Assign","organizationId":"5d2854dd65889422de40f2f7","type":"Driver","userId":"5e2d88354c5e5369fc013502","__v":0,"createdAt":"2020-01-26T12:38:13.268Z","updatedAt":"2020-01-26T12:38:13.268Z"}}],"type":"Driver","need_otp":false,"permissions":[]},{"id":"5e2d8a374c5e5369fc01351b","name":"Momen","code":"CBRAWQQU","token":"eyJhbGciOiJIUzI1NiIsInR5cCI6IkpXVCJ9.eyJpZCI6IjVlMmQ4YTM3NGM1ZTUzNjlmYzAxMzUxYiIsImtleSI6IjIwMjUtMDYtMDJUMDg6MzY6MDAuODA1WiIsImlhdCI6MTc0ODg1MzM2MH0.5q7kSgjBS8M5yzF5LQOSpPEiJNMFOpOiovuRf_vZ6GQ","organizations":[{"organizationId":{"_id":"5d2854dd65889422de40f2f7","organizationLogo":"https://stage.redboxsa.com/logo_niceone.png","organizationType":"Agency","trackingNumberPickUpLength":12,"organizationName":"Niceone-OLDD","uniqueName":null},"organizationRoles":{"_id":"5e2d8a374c5e5369fc01351d","permissions":["Delivery","Return","Expired"],"createdType":"Assign","organizationId":"5d2854dd65889422de40f2f7","type":"Driver","userId":"5e2d8a374c5e5369fc01351b","__v":0,"createdAt":"2020-01-26T12:46:47.612Z","updatedAt":"2020-01-26T12:46:47.612Z"}}],"type":"Driver","need_otp":false,"permissions":[]},{"id":"620347a077628b1d1d16db8a","name":"Datleredbox","code":"DFACPDYV","token":"eyJhbGciOiJIUzI1NiIsInR5cCI6IkpXVCJ9.eyJpZCI6IjYyMDM0N2EwNzc2MjhiMWQxZDE2ZGI4YSIsImtleSI6IjIwMjUtMDYtMDJUMDg6MzY6MDAuODA1WiIsImlhdCI6MTc0ODg1MzM2MH0.4ihtmL6LR_9Ymj3RRV55atLso-1Dq6lkfj-LMwygB_w","organizations":[],"type":"Driver","need_otp":false,"permissions":["Delivery"]},{"id":"5e5ba5832d2cb309354dd896","name":"Khac Diep","code":"DJWBPFVD","token":"eyJhbGciOiJIUzI1NiIsInR5cCI6IkpXVCJ9.eyJpZCI6IjVlNWJhNTgzMmQyY2IzMDkzNTRkZDg5NiIsImtleSI6IjIwMjUtMDYtMDJUMDg6MzY6MDAuODA1WiIsImlhdCI6MTc0ODg1MzM2MH0.J7T6zk9oLCeFz-2ZwjwMCUXtfiiNsE94EsiIr5wpJgQ","organizations":[{"organizationId":{"_id":"5d2854dd65889422de40f2f7","organizationLogo":"https://stage.redboxsa.com/logo_niceone.png","organizationType":"Agency","trackingNumberPickUpLength":12,"organizationName":"Niceone-OLDD","uniqueName":null},"organizationRoles":{"_id":"5e5ba5832d2cb309354dd897","permissions":["Delivery","Return","Expired"],"createdType":"Create","organizationId":"5d2854dd65889422de40f2f7","type":"Driver","userId":"5e5ba5832d2cb309354dd896","__v":0,"createdAt":"2020-03-01T12:07:31.198Z","updatedAt":"2020-03-01T12:07:31.198Z"}}],"type":"Driver","need_otp":false,"permissions":[]},{"id":"6593e175fe970a36cc39d691","name":"Sophia Nguyen Dev","code":"DNOJQLPU","token":"eyJhbGciOiJIUzI1NiIsInR5cCI6IkpXVCJ9.eyJpZCI6IjY1OTNlMTc1ZmU5NzBhMzZjYzM5ZDY5MSIsImtleSI6IjIwMjUtMDYtMDJUMDg6MzY6MDAuODA1WiIsImlhdCI6MTc0ODg1MzM2MH0.8yADKBCObhpxzZCCYbrn2rE-dIqX1R2xMyEsEA5gEpQ","organizations":[{"organizationId":{"_id":"5e782d3430892b2a423a0d4e","organizationLogo":"https://redbox-aws-s3-bucket.s3.amazonaws.com/1606847716427blob","organizationType":"Agency","trackingNumberPickUpLength":12,"organizationName":"RedBox Agency","uniqueName":"salasa1"},"organizationRoles":{"_id":"67d95f2ad14aa3a117b2beb7","permissions":["Delivery","Return","Expired","Express","GA","Store","Sampling","LockerRetu... (set the log level to DEBUG or TRACE to see the full content) 
 </msg>
<msg time="2025-06-02T15:36:23.240103" level="INFO">${response} = &lt;Response [200]&gt;</msg>
<var>${response}</var>
<arg>${shipper_api["${env}"]}/get-list-driver</arg>
<arg>headers=${headers}</arg>
<doc>Sends a GET request.</doc>
<status status="PASS" start="2025-06-02T15:36:22.252523" elapsed="0.987580"/>
</kw>
<kw name="To Json" owner="RequestsLibrary">
<msg time="2025-06-02T15:36:23.241057" level="WARN">Keyword 'RequestsLibrary.To Json' is deprecated. Please use ${resp.json()} instead. Have a look at the improved HTML output as pretty printing replacement.</msg>
<msg time="2025-06-02T15:36:23.246043" level="INFO">To JSON using : content={"state":true,"data":[{"id":"5e5bc79a2d2cb309354dd8a8","name":"Abdullah (TEST DRIVER)","code":"AHZORUKZ","token":"eyJhbGciOiJIUzI1NiIsInR5cCI6IkpXVCJ9.eyJpZCI6IjVlNWJjNzlhMmQyY2IzMDkzNTRkZDhhOCIsImtleSI6IjIwMjUtMDYtMDJUMDg6MzY6MDAuODA1WiIsImlhdCI6MTc0ODg1MzM2MH0.JTPK7RJpkbZ6zKbur8DgnfmFKRI_qYFc6xotZ3DXeDs","organizations":[],"type":"Driver","need_otp":false,"permissions":["Delivery","Return"]},{"id":"5d66374c1b9b266707ad8149","name":"Tran Anh","code":"ANF76I9V","token":"eyJhbGciOiJIUzI1NiIsInR5cCI6IkpXVCJ9.eyJpZCI6IjVkNjYzNzRjMWI5YjI2NjcwN2FkODE0OSIsImtleSI6IjIwMjUtMDYtMDJUMDg6MzY6MDAuODA1WiIsImlhdCI6MTc0ODg1MzM2MH0.pjHEPmx3-5PO8F4wXkL9z0OmC0V1IRxWB4kkXV3RBUw","organizations":[{"organizationId":{"_id":"5d2854dd65889422de40f2f7","organizationLogo":"https://stage.redboxsa.com/logo_niceone.png","organizationType":"Agency","trackingNumberPickUpLength":12,"organizationName":"Niceone-OLDD","uniqueName":null},"organizationRoles":{"_id":"5d66374c1b9b266707ad814a","permissions":["Delivery","Return","Expired"],"organizationId":"5d2854dd65889422de40f2f7","type":"Driver","userId":"5d66374c1b9b266707ad8149","__v":0,"createdAt":"2019-08-28T08:11:56.767Z","updatedAt":"2020-02-21T10:41:51.969Z"}}],"type":"Driver","need_otp":false,"permissions":[]},{"id":"5e7343766082d44d1bf15581","name":"Abdullah (test)","code":"APLVNMTM","token":"eyJhbGciOiJIUzI1NiIsInR5cCI6IkpXVCJ9.eyJpZCI6IjVlNzM0Mzc2NjA4MmQ0NGQxYmYxNTU4MSIsImtleSI6IjIwMjUtMDYtMDJUMDg6MzY6MDAuODA1WiIsImlhdCI6MTc0ODg1MzM2MH0.v0jAG5HF4gP7FxCpw_pDDFx3MB14Q4fe81Pf-hIK-jI","organizations":[{"organizationId":{"_id":"5e43bd282a2ec528267c0d86","organizationLogo":"https://redbox-aws-s3-bucket.s3.amazonaws.com/organization_4sjodmpdy_avatar_200x200","organizationType":"Agency","trackingNumberPickUpLength":12,"organizationName":"Salasa","uniqueName":"aamar"},"organizationRoles":{"_id":"5e7343766082d44d1bf15583","permissions":["Delivery","Return","Expired"],"createdType":"Assign","organizationId":"5e43bd282a2ec528267c0d86","type":"Driver","userId":"5e7343766082d44d1bf15581","__v":0,"createdAt":"2020-03-19T10:03:34.417Z","updatedAt":"2020-03-19T10:03:34.417Z"}}],"type":"Driver","need_otp":false,"permissions":["Delivery","Return","Expired"]},{"id":"5f321e2375fe8312ba66b5d4","name":"Driver Aramex 01","code":"ARMX1382","token":"eyJhbGciOiJIUzI1NiIsInR5cCI6IkpXVCJ9.eyJpZCI6IjVmMzIxZTIzNzVmZTgzMTJiYTY2YjVkNCIsImtleSI6IjIwMjUtMDYtMDJUMDg6MzY6MDAuODA1WiIsImlhdCI6MTc0ODg1MzM2MH0.hR2FabIMRIOBl7jjWeAbyzc_Jubhka5GUyIHE92uRy0","organizations":[{"organizationId":{"_id":"5e42ed9a26052911830a951e","organizationLogo":"https://redbox-aws-s3-bucket.s3.amazonaws.com/organization_n5lm77l6l_avatar_200x200","organizationType":"Agency","trackingNumberPickUpLength":11,"organizationName":"Aramex","uniqueName":"aramex"},"organizationRoles":{"_id":"5f321e2375fe8312ba66b5d6","permissions":["Delivery","Return","Expired"],"createdType":"Assign","organizationId":"5e42ed9a26052911830a951e","type":"Driver","userId":"5f321e2375fe8312ba66b5d4","__v":0,"createdAt":"2020-08-11T04:27:15.057Z","updatedAt":"2020-08-11T04:27:15.057Z"}}],"type":"Driver","need_otp":false,"permissions":["Delivery"]},{"id":"6175120e1bdd8d3dfe84cfd5","name":"Aramex Driver","code":"ARMX1892","token":"eyJhbGciOiJIUzI1NiIsInR5cCI6IkpXVCJ9.eyJpZCI6IjYxNzUxMjBlMWJkZDhkM2RmZTg0Y2ZkNSIsImtleSI6IjIwMjUtMDYtMDJUMDg6MzY6MDAuODA1WiIsImlhdCI6MTc0ODg1MzM2MH0.tz-RLHQnDEHeplapFeiYrnu-SWz29-KBo2gIhmKnEBA","organizations":[{"organizationId":{"_id":"5e42ed9a26052911830a951e","organizationLogo":"https://redbox-aws-s3-bucket.s3.amazonaws.com/organization_n5lm77l6l_avatar_200x200","organizationType":"Agency","trackingNumberPickUpLength":11,"organizationName":"Aramex","uniqueName":"aramex"},"organizationRoles":{"_id":"617512c91bdd8d3dfe84cfe3","permissions":["Delivery","Expired"],"createdType":"Assign","organizationId":"5e42ed9a26052911830a951e","type":"Driver","userId":"6175120e1bdd8d3dfe84cfd5","createdAt":"2021-10-24T08:01:13.732Z","updatedAt":"2021-10-24T08:01:13.732Z","__v":0}}],"type":"Driver","need_otp":false,"permissions":["Delivery","Expired"]},{"id":"5d48e8e36eb1ab7be6eaed29","name":"Phan Huy","code":"AUI78UNG","token":"eyJhbGciOiJIUzI1NiIsInR5cCI6IkpXVCJ9.eyJpZCI6IjVkNDhlOGUzNmViMWFiN2JlNmVhZWQyOSIsImtleSI6IjIwMjUtMDYtMDJUMDg6MzY6MDAuODA1WiIsImlhdCI6MTc0ODg1MzM2MH0.wwCwRLBTUfvrcD-IqPwTcch_guB5TfeggBw390aJ7vU","organizations":[{"organizationId":{"_id":"5d2854dd65889422de40f2f7","organizationLogo":"https://stage.redboxsa.com/logo_niceone.png","organizationType":"Agency","trackingNumberPickUpLength":12,"organizationName":"Niceone-OLDD","uniqueName":null},"organizationRoles":{"_id":"5d48e8e36eb1ab7be6eaed2b","permissions":["Delivery","Return","Expired"],"organizationId":"5d2854dd65889422de40f2f7","type":"Driver","userId":"5d48e8e36eb1ab7be6eaed29","__v":0,"createdAt":"2019-08-06T02:41:39.254Z","updatedAt":"2019-10-24T04:19:00.558Z"}},{"organizationId":{"_id":"5dea0ff6a46f57513d3ccc5e","organizationLogo":"https://stage.redboxsa.com/logo_jollychic.png","organizationType":"Business","trackingNumberPickUpLength":12,"organizationName":"jollychic","uniqueName":null},"organizationRoles":{"_id":"5decfc15433e365432775bb6","permissions":["Delivery","Return","Expired"],"organizationId":"5dea0ff6a46f57513d3ccc5e","type":"Driver","userId":"5d48e8e36eb1ab7be6eaed29","createdAt":"2019-12-08T13:35:17.804Z","updatedAt":"2019-12-08T13:35:17.804Z","__v":0}}],"type":"Driver","need_otp":false,"permissions":[]},{"id":"5e5ba56b2d2cb309354dd893","name":"Khac Diep","code":"BIKUEXYN","token":"eyJhbGciOiJIUzI1NiIsInR5cCI6IkpXVCJ9.eyJpZCI6IjVlNWJhNTZiMmQyY2IzMDkzNTRkZDg5MyIsImtleSI6IjIwMjUtMDYtMDJUMDg6MzY6MDAuODA1WiIsImlhdCI6MTc0ODg1MzM2MH0.3rNm3ePYsmF07hYP9-Z-h0ZOHWlIBL-YdKK5I0Jn7oE","organizations":[{"organizationId":{"_id":"5d2854dd65889422de40f2f7","organizationLogo":"https://stage.redboxsa.com/logo_niceone.png","organizationType":"Agency","trackingNumberPickUpLength":12,"organizationName":"Niceone-OLDD","uniqueName":null},"organizationRoles":{"_id":"5e5ba56b2d2cb309354dd894","permissions":["Delivery","Return","Expired"],"createdType":"Create","organizationId":"5d2854dd65889422de40f2f7","type":"Driver","userId":"5e5ba56b2d2cb309354dd893","__v":0,"createdAt":"2020-03-01T12:07:07.224Z","updatedAt":"2020-03-01T12:07:07.224Z"}}],"type":"Driver","need_otp":false,"permissions":[]},{"id":"5e2d88354c5e5369fc013502","name":"momen","code":"BWSHEPZH","token":"eyJhbGciOiJIUzI1NiIsInR5cCI6IkpXVCJ9.eyJpZCI6IjVlMmQ4ODM1NGM1ZTUzNjlmYzAxMzUwMiIsImtleSI6IjIwMjUtMDYtMDJUMDg6MzY6MDAuODA1WiIsImlhdCI6MTc0ODg1MzM2MH0.yisEBKlFky2ZZIBX08N52YudDx_Aecv3m1j19IT4XY4","organizations":[{"organizationId":{"_id":"5d2854dd65889422de40f2f7","organizationLogo":"https://stage.redboxsa.com/logo_niceone.png","organizationType":"Agency","trackingNumberPickUpLength":12,"organizationName":"Niceone-OLDD","uniqueName":null},"organizationRoles":{"_id":"5e2d88354c5e5369fc013504","permissions":["Delivery","Return","Expired"],"createdType":"Assign","organizationId":"5d2854dd65889422de40f2f7","type":"Driver","userId":"5e2d88354c5e5369fc013502","__v":0,"createdAt":"2020-01-26T12:38:13.268Z","updatedAt":"2020-01-26T12:38:13.268Z"}}],"type":"Driver","need_otp":false,"permissions":[]},{"id":"5e2d8a374c5e5369fc01351b","name":"Momen","code":"CBRAWQQU","token":"eyJhbGciOiJIUzI1NiIsInR5cCI6IkpXVCJ9.eyJpZCI6IjVlMmQ4YTM3NGM1ZTUzNjlmYzAxMzUxYiIsImtleSI6IjIwMjUtMDYtMDJUMDg6MzY6MDAuODA1WiIsImlhdCI6MTc0ODg1MzM2MH0.5q7kSgjBS8M5yzF5LQOSpPEiJNMFOpOiovuRf_vZ6GQ","organizations":[{"organizationId":{"_id":"5d2854dd65889422de40f2f7","organizationLogo":"https://stage.redboxsa.com/logo_niceone.png","organizationType":"Agency","trackingNumberPickUpLength":12,"organizationName":"Niceone-OLDD","uniqueName":null},"organizationRoles":{"_id":"5e2d8a374c5e5369fc01351d","permissions":["Delivery","Return","Expired"],"createdType":"Assign","organizationId":"5d2854dd65889422de40f2f7","type":"Driver","userId":"5e2d8a374c5e5369fc01351b","__v":0,"createdAt":"2020-01-26T12:46:47.612Z","updatedAt":"2020-01-26T12:46:47.612Z"}}],"type":"Driver","need_otp":false,"permissions":[]},{"id":"620347a077628b1d1d16db8a","name":"Datleredbox","code":"DFACPDYV","token":"eyJhbGciOiJIUzI1NiIsInR5cCI6IkpXVCJ9.eyJpZCI6IjYyMDM0N2EwNzc2MjhiMWQxZDE2ZGI4YSIsImtleSI6IjIwMjUtMDYtMDJUMDg6MzY6MDAuODA1WiIsImlhdCI6MTc0ODg1MzM2MH0.4ihtmL6LR_9Ymj3RRV55atLso-1Dq6lkfj-LMwygB_w","organizations":[],"type":"Driver","need_otp":false,"permissions":["Delivery"]},{"id":"5e5ba5832d2cb309354dd896","name":"Khac Diep","code":"DJWBPFVD","token":"eyJhbGciOiJIUzI1NiIsInR5cCI6IkpXVCJ9.eyJpZCI6IjVlNWJhNTgzMmQyY2IzMDkzNTRkZDg5NiIsImtleSI6IjIwMjUtMDYtMDJUMDg6MzY6MDAuODA1WiIsImlhdCI6MTc0ODg1MzM2MH0.J7T6zk9oLCeFz-2ZwjwMCUXtfiiNsE94EsiIr5wpJgQ","organizations":[{"organizationId":{"_id":"5d2854dd65889422de40f2f7","organizationLogo":"https://stage.redboxsa.com/logo_niceone.png","organizationType":"Agency","trackingNumberPickUpLength":12,"organizationName":"Niceone-OLDD","uniqueName":null},"organizationRoles":{"_id":"5e5ba5832d2cb309354dd897","permissions":["Delivery","Return","Expired"],"createdType":"Create","organizationId":"5d2854dd65889422de40f2f7","type":"Driver","userId":"5e5ba5832d2cb309354dd896","__v":0,"createdAt":"2020-03-01T12:07:31.198Z","updatedAt":"2020-03-01T12:07:31.198Z"}}],"type":"Driver","need_otp":false,"permissions":[]},{"id":"6593e175fe970a36cc39d691","name":"Sophia Nguyen Dev","code":"DNOJQLPU","token":"eyJhbGciOiJIUzI1NiIsInR5cCI6IkpXVCJ9.eyJpZCI6IjY1OTNlMTc1ZmU5NzBhMzZjYzM5ZDY5MSIsImtleSI6IjIwMjUtMDYtMDJUMDg6MzY6MDAuODA1WiIsImlhdCI6MTc0ODg1MzM2MH0.8yADKBCObhpxzZCCYbrn2rE-dIqX1R2xMyEsEA5gEpQ","organizations":[{"organizationId":{"_id":"5e782d3430892b2a423a0d4e","organizationLogo":"https://redbox-aws-s3-bucket.s3.amazonaws.com/1606847716427blob","organizationType":"Agency","trackingNumberPickUpLength":12,"organizationName":"RedBox Agency","uniqueName":"salasa1"},"organizationRoles":{"_id":"67d95f2ad14aa3a117b2beb7","permissions":["Delivery","Return","Expired","Express","GA","Store","Sampling","LockerReturn","CleanDoor"],"createdType":"Assign","organizationId":"5e782d3430892b2a423a0d4e","type":"Driver","userId":"6593e175fe970a36cc39d691","createdAt":"2025-03-18T11:55:22.118Z","updatedAt":"2025-03-18T11:55:23.892Z","__v":0}}],"type":"Driver","need_otp":false,"permissions":["Delivery","Return","Expired","Express","GA","Store","Sampling","LockerReturn"]},{"id":"5e721f900d3cd736b0c85e98","name":"Abdullah","code":"DPEQQGXR","token":"eyJhbGciOiJIUzI1NiIsInR5cCI6IkpXVCJ9.eyJpZCI6IjVlNzIxZjkwMGQzY2Q3MzZiMGM4NWU5OCIsImtleSI6IjIwMjUtMDYtMDJUMDg6MzY6MDAuODA1WiIsImlhdCI6MTc0ODg1MzM2MH0.WhtRcM-LEt-znyUhIYlU-9CTIDu5QmwvmSSqWRVKJpo","organizations":[{"organizationId":{"_id":"5e43bd282a2ec528267c0d86","organizationLogo":"https://redbox-aws-s3-bucket.s3.amazonaws.com/organization_4sjodmpdy_avatar_200x200","organizationType":"Agency","trackingNumberPickUpLength":12,"organizationName":"Salasa","uniqueName":"aamar"},"organizationRoles":{"_id":"5e721f900d3cd736b0c85e9a","permissions":["Delivery","Return","Expired"],"createdType":"Assign","organizationId":"5e43bd282a2ec528267c0d86","type":"Driver","userId":"5e721f900d3cd736b0c85e98","__v":0,"createdAt":"2020-03-18T13:18:08.149Z","updatedAt":"2020-03-18T13:18:08.149Z"}}],"type":"Driver","need_otp":false,"permissions":["Delivery","Return","Expired"]},{"id":"603250bbeee3a37d1ea56ac4","name":"Quang PH","code":"DUCAGVTM","token":"eyJhbGciOiJIUzI1NiIsInR5cCI6IkpXVCJ9.eyJpZCI6IjYwMzI1MGJiZWVlM2EzN2QxZWE1NmFjNCIsImtleSI6IjIwMjUtMDYtMDJUMDg6MzY6MDAuODA1WiIsImlhdCI6MTc0ODg1MzM2MH0.BuZ6458Lw8mgkb6sDiWaoncPjOCGwoyCRLG8yPh9fzA","organizations":[{"organizationId":{"_id":"5e42ed9a26052911830a951e","organizationLogo":"https://redbox-aws-s3-bucket.s3.amazonaws.com/organization_n5lm77l6l_avatar_200x200","organizationType":"Agency","trackingNumberPickUpLength":11,"organizationName":"Aramex","uniqueName":"aramex"},"organizationRoles":{"_id":"603250bbeee3a37d1ea56ac7","permissions":["Delivery","Return","Expired","Express","GA","Store"],"createdType":"Assign","organizationId":"5e42ed9a26052911830a951e","type":"Driver","userId":"603250bbeee3a37d1ea56ac4","__v":0,"createdAt":"2021-02-21T12:23:23.015Z","updatedAt":"2021-02-21T12:23:23.015Z"}},{"organizationId":{"_id":"61011fbe24ddd1560dd84675","organizationLogo":"https://redbox-aws-s3-bucket.s3.amazonaws.com/1643098587365blob","organizationType":"Agency","trackingNumberPickUpLength":10,"organizationName":"DHL","uniqueName":"dhl"},"organizationRoles":{"_id":"611b7159de862413e93c2605","permissions":["Delivery","Expired"],"createdType":"Assign","organizationId":"61011fbe24ddd1560dd84675","type":"Driver","userId":"603250bbeee3a37d1ea56ac4","createdAt":"2021-08-17T08:20:41.121Z","updatedAt":"2021-08-17T08:20:41.121Z","__v":0}},{"organizationId":{"_id":"61ef6eeaf9a3da609bbfdd14","organizationLogo":"https://redbox-aws-s3-bucket.s3.amazonaws.com/1643097936842blob","organizationType":"Agency","trackingNumberPickUpLength":12,"organizationName":"AJEX","uniqueName":"ajex"},"organizationRoles":{"_id":"61efaa168a3d2e06fb2e6ce0","permissions":["Delivery","Expired"],"createdType":"Assign","organizationId":"61ef6eeaf9a3da609bbfdd14","type":"Driver","userId":"603250bbeee3a37d1ea56ac4","createdAt":"2022-01-25T07:43:18.447Z","updatedAt":"2022-01-25T07:43:18.447Z","__v":0}},{"organizationId":{"_id":"6512a39b096c6b13b949dac1","organizationLogo":"/logo_merchant_default.png","organizationType":"Business","trackingNumberPickUpLength":12,"organizationName":"NOON","uniqueName":"noon"},"organizationRoles":{"_id":"6520125b1baddd707dfcf048","permissions":["Delivery","Return","Expired","Express","Store","Sampling"],"createdType":"Assign","organizationId":"6512a39b096c6b13b949dac1","type":"Driver","userId":"603250bbeee3a37d1ea56ac4","createdAt":"2023-10-06T13:57:47.957Z","updatedAt":"2023-10-06T13:57:47.957Z","__v":0}},{"organizationId":{"_id":"5e782d3430892b2a423a0d4e","organizationLogo":"https://redbox-aws-s3-bucket.s3.amazonaws.com/1606847716427blob","organizationType":"Agency","trackingNumberPickUpLength":12,"organizationName":"RedBox Agency","uniqueName":"salasa1"},"organizationRoles":{"_id":"655084708add24025f61dca6","permissions":["Delivery","Return","Expired","Express","GA","Store","Sampling","Operator"],"createdType":"Assign","organizationId":"5e782d3430892b2a423a0d4e","type":"Driver","userId":"603250bbeee3a37d1ea56ac4","createdAt":"2023-11-12T07:53:20.037Z","updatedAt":"2023-11-12T07:53:20.037Z","__v":0}},{"organizationId":{"_id":"653532fad5e81444635bb303","organizationLogo":"https://redbox-files.s3.eu-west-3.amazonaws.com/stage/avatar-logo/1697985274265blob","organizationType":"Business","trackingNumberPickUpLength":12,"organizationName":"iMile Delivery","uniqueName":null},"organizationRoles":{"_id":"65e811b6a6c871744ed2869a","permissions":["Delivery","Return","Expired","Express","Store","Sampling"],"createdType":"Assign","organizationId":"653532fad5e81444635bb303","type":"Driver","userId":"603250bbeee3a37d1ea56ac4","createdAt":"2024-03-06T06:48:22.441Z","updatedAt":"2024-03-06T06:48:22.441Z","__v":0}}],"type":"Driver","need_otp":false,"permissions":["Delivery","Return","Expired","Express","GA","Store","Sampling","Operator"]},{"id":"6805f33d2de4a0aa4dc3897b","name":"Lank driver dev 4","code":"ECQEODIC","token":"eyJhbGciOiJIUzI1NiIsInR5cCI6IkpXVCJ9.eyJpZCI6IjY4MDVmMzNkMmRlNGEwYWE0ZGMzODk3YiIsImtleSI6IjIwMjUtMDYtMDJUMDg6MzY6MDAuODA2WiIsImlhdCI6MTc0ODg1MzM2MH0.DAVRr-WyNDqw05LFlwt8LT8xChHMafoiFMtzGV5qmRw","organizations":[{"organizationId":{"_id":"5e782d3430892b2a423a0d4e","organizationLogo":"https://redbox-aws-s3-bucket.s3.amazonaws.com/1606847716427blob","organizationType":"Agency","trackingNumberPickUpLength":12,"organizationName":"RedBox Agency","uniqueName":"salasa1"},"organizationRoles":{"_id":"6805f33d2de4a0aa4dc3897d","permissions":["Express"],"createdType":"Assign","organizationId":"5e782d3430892b2a423a0d4e","type":"Driver","userId":"6805f33d2de4a0aa4dc3897b","__v":0,"createdAt":"2025-04-21T07:26:53.585Z","updatedAt":"2025-04-25T08:52:36.386Z"}},{"organizationId":{"_id":"66b06c5d9da3c7f346c44367","organizationLogo":"/logo_merchant_default.png","organizationType":"Business","trackingNumberPickUpLength":12,"organizationName":"Lan Anh store test","uniqueName":null},"organizationRoles":{"_id":"6805f9032de4a0aa4dc38a53","permissions":["Express"],"createdType":"Create","organizationId":"66b06c5d9da3c7f346c44367","userId":"6805f33d2de4a0aa4dc3897b","type":"Driver","createdAt":"2025-04-21T07:51:31.030Z","updatedAt":"2025-04-25T08:52:36.385Z","__v":0}},{"organizationId":{"_id":"5eb27b3e40f9743c12b01a42","organizationLogo":"https://gravatar.com/avatar/ccc9874a6f237bbff1582bd200b1d903?s=200&amp;d=retro","organizationType":"Agency","trackingNumberPickUpLength":12,"organizationName":"Out_Test_Store","uniqueName":null},"organizationRoles":{"_id":"6805fbcf4d23b5b523771c5b","permissions":["Express"],"createdType":"Assign","organizationId":"5eb27b3e40f9743c12b01a42","type":"Driver","userId":"6805f33d2de4a0aa4dc3897b","createdAt":"2025-04-21T08:03:27.492Z","updatedAt":"2025-04-25T08:52:36.386Z","__v":0}}],"type":"Driver","need_otp":false,"permissions":[]},{"id":"5e2d8acc4c5e5369fc013520","name":"Momen 22","code":"EHGNVADV","token":"eyJhbGciOiJIUzI1NiIsInR5cCI6IkpXVCJ9.eyJpZCI6IjVlMmQ4YWNjNGM1ZTUzNjlmYzAxMzUyMCIsImtleSI6IjIwMjUtMDYtMDJUMDg6MzY6MDAuODA2WiIsImlhdCI6MTc0ODg1MzM2MH0.TkL6C7NJDXzxe9WPvCwfkIpDMqfVHqXdsoPMVQ_1VGQ","organizations":[{"organizationId":{"_id":"5d2854dd65889422de40f2f7","organizationLogo":"https://stage.redboxsa.com/logo_niceone.png","organizationType":"Agency","trackingNumberPickUpLength":12,"organizationName":"Niceone-OLDD","uniqueName":null},"organizationRoles":{"_id":"5e2d8acc4c5e5369fc013522","permissions":["Delivery","Return","Expired"],"createdType":"Assign","organizationId":"5d2854dd65889422de40f2f7","type":"Driver","userId":"5e2d8acc4c5e5369fc013520","__v":0,"createdAt":"2020-01-26T12:49:16.814Z","updatedAt":"2020-01-26T12:49:16.814Z"}}],"type":"Driver","need_otp":false,"permissions":[]},{"id":"61d407859405cc62ae772d47","name":"Krystal Lee","code":"EVDHDUBA","token":"eyJhbGciOiJIUzI1NiIsInR5cCI6IkpXVCJ9.eyJpZCI6IjYxZDQwNzg1OTQwNWNjNjJhZTc3MmQ0NyIsImtleSI6IjIwMjUtMDYtMDJUMDg6MzY6MDAuODA2WiIsImlhdCI6MTc0ODg1MzM2MH0.au1dp7qkxeTZySHWpfjXDA62tjxY2O9ETClZ9y2wAWg","organizations":[{"organizationId":{"_id":"5e42ed9a26052911830a951e","organizationLogo":"https://redbox-aws-s3-bucket.s3.amazonaws.com/organization_n5lm77l6l_avatar_200x200","organizationType":"Agency","trackingNumberPickUpLength":11,"organizationName":"Aramex","uniqueName":"aramex"},"organizationRoles":{"_id":"61f22f9ea7d669573f67bd8c","permissions":["Delivery","Expired"],"createdType":"Assign","organizationId":"5e42ed9a26052911830a951e","type":"Driver","userId":"61d407859405cc62ae772d47","createdAt":"2022-01-27T05:37:34.535Z","updatedAt":"2022-01-27T05:37:34.535Z","__v":0}},{"organizationId":{"_id":"61d7bcfc5dc3a80881182110","organizationLogo":"https://gravatar.com/avatar/43b9b3d40797c160934b7ae2339787b4?s=200&amp;d=retro","organizationType":"Agency","trackingNumberPickUpLength":12,"organizationName":"VitaminKrystalAgencyNormal","uniqueName":null},"organizationRoles":{"_id":"6306f9e10b523c2304848bef","permissions":["Delivery","Return","Expired","Express","GA","Store","Sampling"],"createdType":"Assign","organizationId":"61d7bcfc5dc3a80881182110","type":"Driver","userId":"61d407859405cc62ae772d47","createdAt":"2022-08-25T04:26:09.225Z","updatedAt":"2022-08-25T04:26:09.225Z","__v":0}},{"organizationId":{"_id":"5e782d3430892b2a423a0d4e","organizationLogo":"https://redbox-aws-s3-bucket.s3.amazonaws.com/1606847716427blob","organizationType":"Agency","trackingNumberPickUpLength":12,"organizationName":"RedBox Agency","uniqueName":"salasa1"},"organizationRoles":{"_id":"632afa84475573153c52ae91","permissions":["Delivery","Return","Expired","Express","Store","Sampling"],"createdType":"Assign","organizationId":"5e782d3430892b2a423a0d4e","type":"Driver","userId":"61d407859405cc62ae772d47","createdAt":"2022-09-21T11:50:28.412Z","updatedAt":"2022-09-21T11:50:28.412Z","__v":0}},{"organizationId":{"_id":"62134c5baf2b112028e04682","organizationLogo":"https://redbox-aws-s3-bucket.s3.amazonaws.com/1645431898878blob","organizationType":"Agency","trackingNumberPickUpLength":12,"organizationName":"Golden Scent","uniqueName":null},"organizationRoles":{"_id":"6392c701dfdf97287f5f3ef9","permissions":["Delivery","Return","Expired","Express","Store","Sampling"],"createdType":"Assign","organizationId":"62134c5baf2b112028e04682","type":"Driver","userId":"61d407859405cc62ae772d47","createdAt":"2022-12-09T05:26:25.855Z","updatedAt":"2022-12-09T05:26:25.855Z","__v":0}},{"organizationId":{"_id":"62401006c855292d0fa1934d","organizationLogo":"https://gravatar.com/avatar/9c9a616e5d8176efb6bd14590020dc91?s=200&amp;d=retro","organizationType":"Agency","trackingNumberPickUpLength":12,"organizationName":"Golden Scent","uniqueName":null},"organizationRoles":{"_id":"6392c71fdfdf97287f5f3efb","permissions":["Delivery","Return","Expired","Express","Store","Sampling"],"createdType":"Assign","organizationId":"62401006c855292d0fa1934d","type":"Driver","userId":"61d407859405cc62ae772d47","createdAt":"2022-12-09T05:26:55.312Z","updatedAt":"2022-12-09T05:26:55.312Z","__v":0}},{"organizationId":{"_id":"61011fbe24ddd1560dd84675","organizationLogo":"https://redbox-aws-s3-bucket.s3.amazonaws.com/1643098587365blob","organizationType":"Agency","trackingNumberPickUpLength":10,"organizationName":"DHL","uniqueName":"dhl"},"organizationRoles":{"_id":"6392c72bdfdf97287f5f3efd","permissions":["Delivery","Expired"],"createdType":"Assign","organizationId":"61011fbe24ddd1560dd84675","type":"Driver","userId":"61d407859405cc62ae772d47","createdAt":"2022-12-09T05:27:07.254Z","updatedAt":"2022-12-09T05:27:07.254Z","__v":0}},{"organizationId":{"_id":"6371f9c029de6559dadc5e07","organizationLogo":"https://redbox-files.s3.eu-west-3.amazonaws.com/stage/avatar-logo/1668413888314blob","organizationType":"Agency","trackingNumberPickUpLength":12,"organizationName":"Print SA"},"organizationRoles":{"_id":"64522ecd899f8d31c74985d1","permissions":["Delivery","Return","Expired","Express","GA","Store","Sampling"],"createdType":"Assign","organizationId":"6371f9c029de6559dadc5e07","type":"Driver","userId":"61d407859405cc62ae772d47","createdAt":"2023-05-03T09:52:13.525Z","updatedAt":"2023-05-03T09:52:13.525Z","__v":0}},{"organizationId":{"_id":"636cb8c0acebbd54dd9965cb","organizationLogo":"https://redbox-files.s3.eu-west-3.amazonaws.com/stage/avatar-logo/1668069568410blob","organizationType":"Agency","trackingNumberPickUpLength":12,"organizationName":"iMile Agency","uniqueName":"imile"},"organizationRoles":{"_id":"65e95e215ba0e96ed48e5805","permissions":["Delivery","Return","Expired","Express","Store","Sampling"],"createdType":"Assign","organizationId":"636cb8c0acebbd54dd9965cb","type":"Driver","userId":"61d407859405cc62ae772d47","createdAt":"2024-03-07T06:26:41.317Z","updatedAt":"2024-03-07T06:26:41.317Z","__v":0}}],"type":"Driver","need_otp":false,"permissions":["Delivery","Return","Expired","Express","GA","Store","Sampling","Operator"]},{"id":"67123333e6523bf99363f161","name":"Dev_SaudiLee","code":"EVJUCGCM","token":"eyJhbGciOiJIUzI1NiIsInR5cCI6IkpXVCJ9.eyJpZCI6IjY3MTIzMzMzZTY1MjNiZjk5MzYzZjE2MSIsImtleSI6IjIwMjUtMDYtMDJUMDg6MzY6MDAuODA2WiIsImlhdCI6MTc0ODg1MzM2MH0.KdPVqI0tR2CVDO2AVCtmdxkgvph3IdphbvyqNkyhvaA","organizations":[{"organizationId":{"_id":"5e782d3430892b2a423a0d4e","organizationLogo":"https://redbox-aws-s3-bucket.s3.amazonaws.com/1606847716427blob","organizationType":"Agency","trackingNumberPickUpLength":12,"organizationName":"RedBox Agency","uniqueName":"salasa1"},"organizationRoles":{"_id":"67123333e6523bf99363f163","permissions":["Delivery","Return","Expired","Express","Store","Sampling","LockerReturn"],"createdType":"Assign","organizationId":"5e782d3430892b2a423a0d4e","type":"Driver","userId":"67123333e6523bf99363f161","__v":0,"createdAt":"2024-10-18T10:06:43.890Z","updatedAt":"2024-11-12T07:46:14.117Z"}},{"organizationId":{"_id":"5eafd1624a50ec75fe5189c9","organizationLogo":"https://gravatar.com/avatar/da6d00bc2f16a425ebd1813532590fa3?s=200&amp;d=retro","organizationType":"Agency","trackingNumberPickUpLength":12,"organizationName":"OTO_Test_Merchant shipping label"},"organizationRoles":{"_id":"6719f005a3583a8e15593c43","permissions":["Delivery","Return","Expired"],"createdType":"Create","organizationId":"5eafd1624a50ec75fe5189c9","userId":"67123333e6523bf99363f161","type":"Driver","createdAt":"2024-10-24T06:58:13.993Z","updatedAt":"2024-11-12T07:46:14.117Z","__v":0}},{"organizationId":{"_id":"5e14a283572e4e057d2519d4","organizationLogo":"https://redbox-aws-s3-bucket.s3.amazonaws.com/organization_zcszf089b_avatar_200x200","organizationType":"Agency","trackingNumberPickUpLength":12,"organizationName":"Salla | سلّة","uniqueName":null},"organizationRoles":{"_id":"6718dc9259b2bfaf1b5f3b5e","permissions":["Delivery","Return"],"createdType":"Assign","organizationId":"5e14a283572e4e057d2519d4","type":"Driver","userId":"67123333e6523bf99363f161","createdAt":"2024-10-23T11:22:58.455Z","updatedAt":"2024-11-12T07:46:14.117Z","__v":0}},{"organizationId":{"_id":"5fbf579f2bad0a72e4c50274","organizationLogo":"https://redbox-aws-s3-bucket.s3.amazonaws.com/1606828349528blob","organizationType":"Agency","trackingNumberPickUpLength":12,"organizationName":"KAUST","uniqueName":"kaust"},"organizationRoles":{"_id":"6719f027a3583a8e15593c45","permissions":["Delivery","LockerReturn"],"createdType":"Assign","organizationId":"5fbf579f2bad0a72e4c50274","type":"Driver","userId":"67123333e6523bf99363f161","createdAt":"2024-10-24T06:58:47.155Z","updatedAt":"2024-11-12T07:46:14.117Z","__v":0}},{"organizationId":{"_id":"5f3c3a159e677f515dbd8695","organizationLogo":"https://redbox-aws-s3-bucket.s3.amazonaws.com/1597782549678blob","organizationType":"Agency","trackingNumberPickUpLength":12,"organizationName":"Aratopia | أراتوبيا"},"organizationRoles":{"_id":"6719f042a3583a8e15593ca3","permissions":["Return","LockerReturn"],"createdType":"Create","organizationId":"5f3c3a159e677f515dbd8695","userId":"67123333e6523bf99363f161","type":"Driver","createdAt":"2024-10-24T06:59:14.255Z","updatedAt":"2024-11-12T07:46:14.116Z","__v":0}}],"type":"Driver","need_otp":false,"permissions":[]},{"id":"681994874c7c58d8ca4a4a6b","name":"Lank driver dev 8","code":"EYOIEXNO","token":"eyJhbGciOiJIUzI1NiIsInR5cCI6IkpXVCJ9.eyJpZCI6IjY4MTk5NDg3NGM3YzU4ZDhjYTRhNGE2YiIsImtleSI6IjIwMjUtMDYtMDJUMDg6MzY6MDAuODA2WiIsImlhdCI6MTc0ODg1MzM2MH0.U5OdMZo_sAbsMy1186FFat7u8ew3_8TbWGjxdIaZTic","organizations":[{"organizationId":{"_id":"5e782d3430892b2a423a0d4e","organizationLogo":"https://redbox-aws-s3-bucket.s3.amazonaws.com/1606847716427blob","organizationType":"Agency","trackingNumberPickUpLength":12,"organizationName":"RedBox Agency","uniqueName":"salasa1"},"organizationRoles":{"_id":"6819ab0d4c7c58d8ca4a4b4b","permissions":["Delivery","Return","Expired","Express","GA"],"createdType":"Assign","organizationId":"5e782d3430892b2a423a0d4e","type":"Driver","userId":"681994874c7c58d8ca4a4a6b","createdAt":"2025-05-06T06:24:13.352Z","updatedAt":"2025-05-06T06:32:27.717Z","__v":0}}],"type":"Driver","need_otp":false,"permissions":[]},{"id":"6662bda6e728ae8aaaef5970","name":"Driver Dev","code":"FSDEMRUF","token":"eyJhbGciOiJIUzI1NiIsInR5cCI6IkpXVCJ9.eyJpZCI6IjY2NjJiZGE2ZTcyOGFlOGFhYWVmNTk3MCIsImtleSI6IjIwMjUtMDYtMDJUMDg6MzY6MDAuODA2WiIsImlhdCI6MTc0ODg1MzM2MH0.gMZtNW1YY9UzUIxQSb_ZDbkDJlHx5GqXM8KpC4bGWyU","organizations":[{"organizationId":{"_id":"5e782d3430892b2a423a0d4e","organizationLogo":"https://redbox-aws-s3-bucket.s3.amazonaws.com/1606847716427blob","organizationType":"Agency","trackingNumberPickUpLength":12,"organizationName":"RedBox Agency","uniqueName":"salasa1"},"organizationRoles":{"_id":"66827486d84f9c67c4fdb185","permissions":["Delivery","Return","Expired","Express","GA","Store","LockerReturn"],"createdType":"Assign","organizationId":"5e782d3430892b2a423a0d4e","type":"Driver","userId":"6662bda6e728ae8aaaef5970","createdAt":"2024-07-01T09:19:02.270Z","updatedAt":"2024-07-01T09:19:02.270Z","__v":0}}],"type":"Driver","need_otp":false,"permissions":["Delivery","Return","Expired","Express","GA","Store","Sampling","LockerReturn"]},{"id":"6656d6921f927f151fa7804b","name":"PhuongAnhDriver_Ar","code":"GESRZFBM","token":"eyJhbGciOiJIUzI1NiIsInR5cCI6IkpXVCJ9.eyJpZCI6IjY2NTZkNjkyMWY5MjdmMTUxZmE3ODA0YiIsImtleSI6IjIwMjUtMDYtMDJUMDg6MzY6MDAuODA2WiIsImlhdCI6MTc0ODg1MzM2MH0.mGzQ8h6hbL8gOVustD4Fe9LfCkf3qqyT1bpiTSLOxAI","organizations":[{"organizationId":{"_id":"63ff07266fa0f16a2bdd7854","organizationLogo":"https://redbox-files.s3.eu-west-3.amazonaws.com/stage/avatar-logo/1677657893878blob","organizationType":"Agency","trackingNumberPickUpLength":12,"organizationName":"Aymakan","uniqueName":"aymakan"},"organizationRoles":{"_id":"66791f0aed711c4e3fc03294","permissions":["Delivery","Return","Expired"],"createdType":"Assign","organizationId":"63ff07266fa0f16a2bdd7854","type":"Driver","userId":"6656d6921f927f151fa7804b","createdAt":"2024-06-24T07:23:54.412Z","updatedAt":"2024-08-16T05:06:12.945Z","__v":0}},{"organizationId":{"_id":"5e782d3430892b2a423a0d4e","organizationLogo":"https://redbox-aws-s3-bucket.s3.amazonaws.com/1606847716427blob","organizationType":"Agency","trackingNumberPickUpLength":12,"organizationName":"RedBox Agency","uniqueName":"salasa1"},"organizationRoles":{"_id":"66beda7a6b4241cf3c3007cc","permissions":["Delivery","Return","Expired","Express","GA","Store","Sampling","LockerReturn"],"createdType":"Assign","organizationId":"5e782d3430892b2a423a0d4e","type":"Driver","userId":"6656d6921f927f151fa7804b","createdAt":"2024-08-16T04:50:02.947Z","updatedAt":"2024-08-16T05:06:12.945Z","__v":0}}],"type":"Driver","need_otp":false,"permissions":["Delivery","Return","Expired","Express","Store"]},{"id":"67593cf4a42028af4b4d7e75","name":"Ha sub driver","code":"GGCNTINF","token":"eyJhbGciOiJIUzI1NiIsInR5cCI6IkpXVCJ9.eyJpZCI6IjY3NTkzY2Y0YTQyMDI4YWY0YjRkN2U3NSIsImtleSI6IjIwMjUtMDYtMDJUMDg6MzY6MDAuODA2WiIsImlhdCI6MTc0ODg1MzM2MH0.u48BnX5IYp-0Wik5xCBVffWVPvwkJv6Bu3bOPGvE_OA","organizations":[{"organizationId":{"_id":"6656dce3f2529518697c14ba","organizationLogo":"/logo_merchant_default.png","organizationType":"Agency","trackingNumberPickUpLength":12,"organizationName":"RedSea Agency"},"organizationRoles":{"_id":"675944eb7c5b51fae83ba92c","permissions":["Return","Expired"],"createdType":"Assign","organizationId":"6656dce3f2529518697c14ba","type":"Driver","userId":"67593cf4a42028af4b4d7e75","createdAt":"2024-12-11T07:53:15.216Z","updatedAt":"2024-12-11T07:53:21.963Z","__v":0}}],"type":"Driver","need_otp":false,"permissions":["Delivery","Return","Expired","Express","GA","Store","Sampling","LockerReturn","CleanDoor"]},{"id":"5e5f4dd0eef9191087745f18","name":"tesst","code":"GMPOZYVI","token":"eyJhbGciOiJIUzI1NiIsInR5cCI6IkpXVCJ9.eyJpZCI6IjVlNWY0ZGQwZWVmOTE5MTA4Nzc0NWYxOCIsImtleSI6IjIwMjUtMDYtMDJUMDg6MzY6MDAuODA2WiIsImlhdCI6MTc0ODg1MzM2MH0.t5UYCuoyV1bVta7AmgWX2xJeeqt4SborFtecuRG_g24","organizations":[{"organizationId":{"_id":"5e0847929a8da07f85565864","organizationLogo":"https://redbox-aws-s3-bucket.s3.amazonaws.com/organization_l6y007fii_avatar_200x200","organizationType":"Agency","trackingNumberPickUpLength":12,"organizationName":"Amazon","uniqueName":null},"organizationRoles":{"_id":"5e5f4dd0eef9191087745f19","permissions":["Delivery","Expired"],"createdType":"Create","organizationId":"5e0847929a8da07f85565864","type":"Driver","userId":"5e5f4dd0eef9191087745f18","__v":0,"createdAt":"2020-03-04T06:42:24.172Z","updatedAt":"2020-03-04T06:42:24.172Z"}}],"type":"Driver","need_otp":false,"permissions":[]},{"id":"6788c68fabfcf7105240af68","name":"Lee driver dev","code":"HFOHPZRE","token":"eyJhbGciOiJIUzI1NiIsInR5cCI6IkpXVCJ9.eyJpZCI6IjY3ODhjNjhmYWJmY2Y3MTA1MjQwYWY2OCIsImtleSI6IjIwMjUtMDYtMDJUMDg6MzY6MDAuODA2WiIsImlhdCI6MTc0ODg1MzM2MH0.U25tjnlEIiD3Rhy38BUNV6Vntz6GYuYpy365YnPIfDg","organizations":[{"organizationId":{"_id":"5e782d3430892b2a423a0d4e","organizationLogo":"https://redbox-aws-s3-bucket.s3.amazonaws.com/1606847716427blob","organizationType":"Agency","trackingNumberPickUpLength":12,"organizationName":"RedBox Agency","uniqueName":"salasa1"},"organizationRoles":{"_id":"6788c6a8abfcf7105240afca","permissions":["Delivery","Return"],"createdType":"Assign","organizationId":"5e782d3430892b2a423a0d4e","type":"Driver","userId":"6788c68fabfcf7105240af68","createdAt":"2025-01-16T08:43:20.131Z","updatedAt":"2025-01-16T08:43:20.131Z","__v":0}},{"organizationId":{"_id":"5e14a283572e4e057d2519d4","organizationLogo":"https://redbox-aws-s3-bucket.s3.amazonaws.com/organization_zcszf089b_avatar_200x200","organizationType":"Agency","trackingNumberPickUpLength":12,"organizationName":"Salla | سلّة","uniqueName":null},"organizationRoles":{"_id":"6788c79cabfcf7105240b13e","permissions":["Delivery","Return"],"createdType":"Assign","organizationId":"5e14a283572e4e057d2519d4","type":"Driver","userId":"6788c68fabfcf7105240af68","createdAt":"2025-01-16T08:47:24.503Z","updatedAt":"2025-01-16T08:47:24.503Z","__v":0}},{"organizationId":{"_id":"5e3528b77b28e0642f18aad9","organizationLogo":"/logo_merchant_default.png","organizationType":"Agency","trackingNumberPickUpLength":12,"organizationName":"Arigato"},"organizationRoles":{"_id":"6788c7aeabfcf7105240b142","permissions":["Delivery","Return","Expired"],"createdType":"Assign","organizationId":"5e3528b77b28e0642f18aad9","type":"Driver","userId":"6788c68fabfcf7105240af68","createdAt":"2025-01-16T08:47:42.341Z","updatedAt":"2025-01-16T08:47:42.341Z","__v":0}},{"organizationId":{"_id":"5e42ed9a26052911830a951e","organizationLogo":"https://redbox-aws-s3-bucket.s3.amazonaws.com/organization_n5lm77l6l_avatar_200x200","organizationType":"Agency","trackingNumberPickUpLength":11,"organizationName":"Aramex","uniqueName":"aramex"},"organizationRoles":{"_id":"6788c7b7abfcf7105240b144","permissions":["Return","GA"],"createdType":"Assign","organizationId":"5e42ed9a26052911830a951e","type":"Driver","userId":"6788c68fabfcf7105240af68","createdAt":"2025-01-16T08:47:51.596Z","updatedAt":"2025-01-16T08:47:51.596Z","__v":0}}],"type":"Driver","need_otp":false,"permissions":["Delivery","Return"]},{"id":"5e5f4dffeef9191087745f1b","name":"tes","code":"HNFYYRHA","token":"eyJhbGciOiJIUzI1NiIsInR5cCI6IkpXVCJ9.eyJpZCI6IjVlNWY0ZGZmZWVmOTE5MTA4Nzc0NWYxYiIsImtleSI6IjIwMjUtMDYtMDJUMDg6MzY6MDAuODA2WiIsImlhdCI6MTc0ODg1MzM2MH0.G5UgScAxRk3h4B8kHkWxCUVMv19n14Je9CKQKBDBFTg","organizations":[{"organizationId":{"_id":"5e0847929a8da07f85565864","organizationLogo":"https://redbox-aws-s3-bucket.s3.amazonaws.com/organization_l6y007fii_avatar_200x200","organizationType":"Agency","trackingNumberPickUpLength":12,"organizationName":"Amazon","uniqueName":null},"organizationRoles":{"_id":"5e5f4dffeef9191087745f1c","permissions":["Delivery"],"createdType":"Create","organizationId":"5e0847929a8da07f85565864","type":"Driver","userId":"5e5f4dffeef9191087745f1b","__v":0,"createdAt":"2020-03-04T06:43:11.443Z","updatedAt":"2020-03-04T06:43:11.443Z"}}],"type":"Driver","need_otp":false,"permissions":[]},{"id":"63ee1814b4b6d21dbd929c4a","name":"Saleh Mohsen","code":"HOUQNBLW","token":"eyJhbGciOiJIUzI1NiIsInR5cCI6IkpXVCJ9.eyJpZCI6IjYzZWUxODE0YjRiNmQyMWRiZDkyOWM0YSIsImtleSI6IjIwMjUtMDYtMDJUMDg6MzY6MDAuODA2WiIsImlhdCI6MTc0ODg1MzM2MH0.yss9W7cfM2maI4l7Z5MSHR70up7MBvUGtvh1twoUsdM","organizations":[{"organizationId":{"_id":"5e782d3430892b2a423a0d4e","organizationLogo":"https://redbox-aws-s3-bucket.s3.amazonaws.com/1606847716427blob","organizationType":"Agency","trackingNumberPickUpLength":12,"organizationName":"RedBox Agency","uniqueName":"salasa1"},"organizationRoles":{"_id":"63ee1814b4b6d21dbd929c4c","permissions":["Delivery","Return","Expired","Express","Store"],"createdType":"Assign","organizationId":"5e782d3430892b2a423a0d4e","type":"Driver","userId":"63ee1814b4b6d21dbd929c4a","__v":0,"createdAt":"2023-02-16T11:48:36.273Z","updatedAt":"2023-02-16T11:48:36.273Z"}},{"organizationId":{"_id":"5e42ed9a26052911830a951e","organizationLogo":"https://redbox-aws-s3-bucket.s3.amazonaws.com/organization_n5lm77l6l_avatar_200x200","organizationType":"Agency","trackingNumberPickUpLength":11,"organizationName":"Aramex","uniqueName":"aramex"},"organizationRoles":{"_id":"63ee1814b4b6d21dbd929c4d","permissions":["Delivery","Return","Expired","Express","Store"],"createdType":"Assign","organizationId":"5e42ed9a26052911830a951e","type":"Driver","userId":"63ee1814b4b6d21dbd929c4a","__v":0,"createdAt":"2023-02-16T11:48:36.273Z","updatedAt":"2023-02-16T11:48:36.273Z"}},{"organizationId":{"_id":"61011fbe24ddd1560dd84675","organizationLogo":"https://redbox-aws-s3-bucket.s3.amazonaws.com/1643098587365blob","organizationType":"Agency","trackingNumberPickUpLength":10,"organizationName":"DHL","uniqueName":"dhl"},"organizationRoles":{"_id":"63ee1814b4b6d21dbd929c4e","permissions":["Delivery","Return","Expired","Express","Store"],"createdType":"Assign","organizationId":"61011fbe24ddd1560dd84675","type":"Driver","userId":"63ee1814b4b6d21dbd929c4a","__v":0,"createdAt":"2023-02-16T11:48:36.273Z","updatedAt":"2023-02-16T11:48:36.273Z"}}],"type":"Driver","need_otp":false,"permissions":["Delivery","Return","Expired","Express","Store","Sampling"]},{"id":"5e81aa7f1dbdac6e8648bf45","name":"Ahmed Khaled","code":"HUYBEO01","token":"eyJhbGciOiJIUzI1NiIsInR5cCI6IkpXVCJ9.eyJpZCI6IjVlODFhYTdmMWRiZGFjNmU4NjQ4YmY0NSIsImtleSI6IjIwMjUtMDYtMDJUMDg6MzY6MDAuODA2WiIsImlhdCI6MTc0ODg1MzM2MH0.qvmCLR07Go7Rp4Tx_BYPBDtoYNUJRBk8fdEzLbFGPTc","organizations":[{"organizationId":{"_id":"5e42ed9a26052911830a951e","organizationLogo":"https://redbox-aws-s3-bucket.s3.amazonaws.com/organization_n5lm77l6l_avatar_200x200","organizationType":"Agency","trackingNumberPickUpLength":11,"organizationName":"Aramex","uniqueName":"aramex"},"organizationRoles":{"_id":"620f9a51af2b112028e042e8","permissions":["Delivery","Return","Expired"],"createdType":"Assign","organizationId":"5e42ed9a26052911830a951e","type":"Driver","userId":"5e81aa7f1dbdac6e8648bf45","createdAt":"2022-02-18T13:08:33.294Z","updatedAt":"2025-05-20T03:14:08.446Z","__v":0}},{"organizationId":{"_id":"6371f9c029de6559dadc5e07","organizationLogo":"https://redbox-files.s3.eu-west-3.amazonaws.com/stage/avatar-logo/1668413888314blob","organizationType":"Agency","trackingNumberPickUpLength":12,"organizationName":"Print SA"},"organizationRoles":{"_id":"64522f90899f8d31c74985d5","permissions":["Delivery","Return","Expired","Express","Store","Sampling"],"createdType":"Assign","organizationId":"6371f9c029de6559dadc5e07","type":"Driver","userId":"5e81aa7f1dbdac6e8648bf45","createdAt":"2023-05-03T09:55:28.482Z","updatedAt":"2025-05-20T03:14:08.448Z","__v":0}},{"organizationId":{"_id":"6656dce3f2529518697c14ba","organizationLogo":"/logo_merchant_default.png","organizationType":"Agency","trackingNumberPickUpLength":12,"organizationName":"RedSea Agency"},"organizationRoles":{"_id":"665eadb442b644bbde7b67f7","permissions":["Delivery","Expired"],"createdType":"Assign","organizationId":"6656dce3f2529518697c14ba","type":"Driver","userId":"5e81aa7f1dbdac6e8648bf45","createdAt":"2024-06-04T06:01:24.586Z","updatedAt":"2025-05-20T03:14:08.448Z","__v":0}},{"organizationId":{"_id":"5e782d3430892b2a423a0d4e","organizationLogo":"https://redbox-aws-s3-bucket.s3.amazonaws.com/1606847716427blob","organizationType":"Agency","trackingNumberPickUpLength":12,"organizationName":"RedBox Agency","uniqueName":"salasa1"},"organizationRoles":{"_id":"667a8c46ae327f07de861c4f","permissions":["Delivery","Return","Expired","Express","Store","LockerReturn"],"createdType":"Assign","organizationId":"5e782d3430892b2a423a0d4e","type":"Driver","userId":"5e81aa7f1dbdac6e8648bf45","createdAt":"2024-06-25T09:22:14.426Z","updatedAt":"2025-05-20T03:14:08.448Z","__v":0}},{"organizationId":{"_id":"621fa71e576340646274c329","organizationLogo":"https://redbox-aws-s3-bucket.s3.amazonaws.com/1646241614149blob","organizationType":"Agency","trackingNumberPickUpLength":12,"organizationName":"NiceOne"},"organizationRoles":{"_id":"682bf1e494e20f4450d7cb6f","permissions":["Delivery","Return","Expired","Express","GA","Store","Sampling","LockerReturn","CleanDoor"],"createdType":"Assign","organizationId":"621fa71e576340646274c329","type":"Driver","userId":"5e81aa7f1dbdac6e8648bf45","createdAt":"2025-05-20T03:07:16.381Z","updatedAt":"2025-05-20T03:14:08.448Z","__v":0}},{"organizationId":{"_id":"5e14a283572e4e057d2519d4","organizationLogo":"https://redbox-aws-s3-bucket.s3.amazonaws.com/organization_zcszf089b_avatar_200x200","organizationType":"Agency","trackingNumberPickUpLength":12,"organizationName":"Salla | سلّة","uniqueName":null},"organizationRoles":{"_id":"682bf37794e20f4450d7cb9d","permissions":["Delivery","Return","Expired","Express","GA","Store","Sampling","LockerReturn","CleanDoor"],"createdType":"Assign","organizationId":"5e14a283572e4e057d2519d4","type":"Driver","userId":"5e81aa7f1dbdac6e8648bf45","createdAt":"2025-05-20T03:13:59.470Z","updatedAt":"2025-05-20T03:14:08.448Z","__v":0}}],"type":"Driver","need_otp":false,"permissions":["Delivery","Return","Expired","Express","GA","Store"]},{"id":"5e4e05e4f9aa022d4e2de5df","name":"Quoc Anh","code":"HXFQEAPT","token":"eyJhbGciOiJIUzI1NiIsInR5cCI6IkpXVCJ9.eyJpZCI6IjVlNGUwNWU0ZjlhYTAyMmQ0ZTJkZTVkZiIsImtleSI6IjIwMjUtMDYtMDJUMDg6MzY6MDAuODA2WiIsImlhdCI6MTc0ODg1MzM2MH0.46aWYYAm1Tf2ePDSzO5ntz00fVwuVVXaq3yZpYBi8mc","organizations":[{"organizationId":{"_id":"5d2854dd65889422de40f2f7","organizationLogo":"https://stage.redboxsa.com/logo_niceone.png","organizationType":"Agency","trackingNumberPickUpLength":12,"organizationName":"Niceone-OLDD","uniqueName":null},"organizationRoles":{"_id":"5e4e05e4f9aa022d4e2de5e0","permissions":["Delivery","Return","Expired"],"createdType":"Create","organizationId":"5d2854dd65889422de40f2f7","type":"Driver","userId":"5e4e05e4f9aa022d4e2de5df","__v":0,"createdAt":"2020-02-20T04:07:00.141Z","updatedAt":"2020-02-21T11:38:21.387Z"}}],"type":"Driver","need_otp":false,"permissions":[]},{"id":"61efa43e8a3d2e06fb2e6cbf","name":"Ajex driver","code":"HZIDCRTQ","token":"eyJhbGciOiJIUzI1NiIsInR5cCI6IkpXVCJ9.eyJpZCI6IjYxZWZhNDNlOGEzZDJlMDZmYjJlNmNiZiIsImtleSI6IjIwMjUtMDYtMDJUMDg6MzY6MDAuODA2WiIsImlhdCI6MTc0ODg1MzM2MH0.lYO00ZkaVbcPGPViMc4Mpo9I_7S6DZzJOii2Qj9oWb8","organizations":[{"organizationId":{"_id":"61ef6eeaf9a3da609bbfdd14","organizationLogo":"https://redbox-aws-s3-bucket.s3.amazonaws.com/1643097936842blob","organizationType":"Agency","trackingNumberPickUpLength":12,"organizationName":"AJEX","uniqueName":"ajex"},"organizationRoles":{"_id":"61efa43e8a3d2e06fb2e6cc1","permissions":["Delivery","Expired"],"createdType":"Assign","organizationId":"61ef6eeaf9a3da609bbfdd14","type":"Driver","userId":"61efa43e8a3d2e06fb2e6cbf","__v":0,"createdAt":"2022-01-25T07:18:22.494Z","updatedAt":"2022-01-25T07:18:22.494Z"}}],"type":"Driver","need_otp":false,"permissions":["Delivery","Expired"]},{"id":"669de27c36f43f7adbb510ba","name":"Lank driver dev","code":"ICMGIGQE","token":"eyJhbGciOiJIUzI1NiIsInR5cCI6IkpXVCJ9.eyJpZCI6IjY2OWRlMjdjMzZmNDNmN2FkYmI1MTBiYSIsImtleSI6IjIwMjUtMDYtMDJUMDg6MzY6MDAuODA2WiIsImlhdCI6MTc0ODg1MzM2MH0.Jyh8CPDbxYEKTwTkRO4TDeEaX2YIk4M6flNDxDMgke8","organizations":[{"organizationId":{"_id":"5e42ed9a26052911830a951e","organizationLogo":"https://redbox-aws-s3-bucket.s3.amazonaws.com/organization_n5lm77l6l_avatar_200x200","organizationType":"Agency","trackingNumberPickUpLength":11,"organizationName":"Aramex","uniqueName":"aramex"},"organizationRoles":{"_id":"66eb980c29112d9335088ea1","permissions":["Return","Expired","Express","GA","Store","Sampling","LockerReturn"],"createdType":"Assign","organizationId":"5e42ed9a26052911830a951e","type":"Driver","userId":"669de27c36f43f7adbb510ba","createdAt":"2024-09-19T03:18:36.549Z","updatedAt":"2025-05-09T08:28:26.201Z","__v":0}},{"organizationId":{"_id":"66fa4bdf944e33351f5a7ec3","organizationLogo":"/logo_merchant_default.png","organizationType":"Agency","trackingNumberPickUpLength":12,"organizationName":"Royal Office Agency"},"organizationRoles":{"_id":"675947bf3efb5c0b6363d512","permissions":["Delivery","Return","Expired","Express","GA","Store","Sampling","LockerReturn","CleanDoor"],"createdType":"Create","organizationId":"66fa4bdf944e33351f5a7ec3","userId":"669de27c36f43f7adbb510ba","type":"Driver","createdAt":"2024-12-11T08:05:19.896Z","updatedAt":"2025-05-09T08:28:26.204Z","__v":0}},{"organizationId":{"_id":"5eafd1624a50ec75fe5189c9","organizationLogo":"https://gravatar.com/avatar/da6d00bc2f16a425ebd1813532590fa3?s=200&amp;d=retro","organizationType":"Agency","trackingNumberPickUpLength":12,"organizationName":"OTO_Test_Merchant shipping label"},"organizationRoles":{"_id":"676e5242b0b0e6238af6be08","permissions":["Delivery","Return","Expired","Express","Store","LockerReturn","CleanDoor"],"createdType":"Create","organizationId":"5eafd1624a50ec75fe5189c9","userId":"669de27c36f43f7adbb510ba","type":"Driver","createdAt":"2024-12-27T07:07:46.847Z","updatedAt":"2025-05-09T08:28:26.204Z","__v":0}},{"organizationId":{"_id":"5e43bd282a2ec528267c0d86","organizationLogo":"https://redbox-aws-s3-bucket.s3.amazonaws.com/organization_4sjodmpdy_avatar_200x200","organizationType":"Agency","trackingNumberPickUpLength":12,"organizationName":"Salasa","uniqueName":"aamar"},"organizationRoles":{"_id":"677ccc68529a7857a53eccef","permissions":["Delivery","Return","Expired","Express","LockerReturn"],"createdType":"Create","organizationId":"5e43bd282a2ec528267c0d86","userId":"669de27c36f43f7adbb510ba","type":"Driver","createdAt":"2025-01-07T06:40:40.837Z","updatedAt":"2025-05-09T08:28:26.204Z","__v":0}},{"organizationId":{"_id":"5e14a283572e4e057d2519d4","organizationLogo":"https://redbox-aws-s3-bucket.s3.amazonaws.com/organization_zcszf089b_avatar_200x200","organizationType":"Agency","trackingNumberPickUpLength":12,"organizationName":"Salla | سلّة","uniqueName":null},"organizationRoles":{"_id":"67865015de8dc4d26464766e","permissions":["Delivery","Return","Expired","Express","LockerReturn","Clean
[...]
<arg>${found}</arg>
<arg>True</arg>
<doc>Runs the given keyword with the given arguments, if ``condition`` is true.</doc>
<status status="PASS" start="2025-06-02T15:36:23.964053" elapsed="0.000000"/>
</kw>
<kw name="Run Keyword If" owner="BuiltIn">
<arg>"${name}" == "${driver_name}"</arg>
<arg>Set Suite Variable</arg>
<arg>${driver_token}</arg>
<arg>${driver['token']}</arg>
<doc>Runs the given keyword with the given arguments, if ``condition`` is true.</doc>
<status status="PASS" start="2025-06-02T15:36:23.964053" elapsed="0.000000"/>
</kw>
<kw name="Run Keyword If" owner="BuiltIn">
<arg>"${name}" == "${driver_name}"</arg>
<arg>Append To File</arg>
<arg>driver_token.txt</arg>
<arg>${driver['token']}\n</arg>
<doc>Runs the given keyword with the given arguments, if ``condition`` is true.</doc>
<status status="PASS" start="2025-06-02T15:36:23.964053" elapsed="0.000995"/>
</kw>
<var name="${driver}">{'id': '6735d2b589ae9a118a13e751', 'name': 'LyLy', 'code': 'UPIDVNWX', 'token': 'eyJhbGciOiJIUzI1NiIsInR5cCI6IkpXVCJ9.eyJpZCI6IjY3MzVkMmI1ODlhZTlhMTE4YTEzZTc1MSIsImtleSI6IjIwMjUtMDYtMDJUMDg6MzY6MDEuND...</var>
<status status="PASS" start="2025-06-02T15:36:23.962057" elapsed="0.002991"/>
</iter>
<iter>
<kw name="Get From Dictionary" owner="Collections">
<msg time="2025-06-02T15:36:23.965048" level="INFO">${name} = haha20</msg>
<var>${name}</var>
<arg>${driver}</arg>
<arg>name</arg>
<doc>Returns a value from the given ``dictionary`` based on the given ``key``.</doc>
<status status="PASS" start="2025-06-02T15:36:23.965048" elapsed="0.000000"/>
</kw>
<kw name="Log" owner="BuiltIn">
<msg time="2025-06-02T15:36:23.966045" level="INFO">Found driver name: "haha20"</msg>
<arg>Found driver name: "${name}"</arg>
<doc>Logs the given message with the given level.</doc>
<status status="PASS" start="2025-06-02T15:36:23.966045" elapsed="0.000000"/>
</kw>
<kw name="Log" owner="BuiltIn">
<msg time="2025-06-02T15:36:23.966045" level="INFO">Target driver name: "Ha driver dev"</msg>
<arg>Target driver name: "${driver_name}"</arg>
<doc>Logs the given message with the given level.</doc>
<status status="PASS" start="2025-06-02T15:36:23.966045" elapsed="0.000000"/>
</kw>
<kw name="Run Keyword If" owner="BuiltIn">
<arg>"${name}" == "${driver_name}"</arg>
<arg>Set Test Variable</arg>
<arg>${found}</arg>
<arg>True</arg>
<doc>Runs the given keyword with the given arguments, if ``condition`` is true.</doc>
<status status="PASS" start="2025-06-02T15:36:23.966045" elapsed="0.000997"/>
</kw>
<kw name="Run Keyword If" owner="BuiltIn">
<arg>"${name}" == "${driver_name}"</arg>
<arg>Set Suite Variable</arg>
<arg>${driver_token}</arg>
<arg>${driver['token']}</arg>
<doc>Runs the given keyword with the given arguments, if ``condition`` is true.</doc>
<status status="PASS" start="2025-06-02T15:36:23.967042" elapsed="0.000000"/>
</kw>
<kw name="Run Keyword If" owner="BuiltIn">
<arg>"${name}" == "${driver_name}"</arg>
<arg>Append To File</arg>
<arg>driver_token.txt</arg>
<arg>${driver['token']}\n</arg>
<doc>Runs the given keyword with the given arguments, if ``condition`` is true.</doc>
<status status="PASS" start="2025-06-02T15:36:23.967042" elapsed="0.000000"/>
</kw>
<var name="${driver}">{'id': '6763f4febb18913cb714f96b', 'name': 'haha20', 'code': 'AYVJSAZA', 'token': 'eyJhbGciOiJIUzI1NiIsInR5cCI6IkpXVCJ9.eyJpZCI6IjY3NjNmNGZlYmIxODkxM2NiNzE0Zjk2YiIsImtleSI6IjIwMjUtMDYtMDJUMDg6MzY6MDEu...</var>
<status status="PASS" start="2025-06-02T15:36:23.965048" elapsed="0.002993"/>
</iter>
<iter>
<kw name="Get From Dictionary" owner="Collections">
<msg time="2025-06-02T15:36:23.968041" level="INFO">${name} = BZ Lee</msg>
<var>${name}</var>
<arg>${driver}</arg>
<arg>name</arg>
<doc>Returns a value from the given ``dictionary`` based on the given ``key``.</doc>
<status status="PASS" start="2025-06-02T15:36:23.968041" elapsed="0.000000"/>
</kw>
<kw name="Log" owner="BuiltIn">
<msg time="2025-06-02T15:36:23.968041" level="INFO">Found driver name: "BZ Lee"</msg>
<arg>Found driver name: "${name}"</arg>
<doc>Logs the given message with the given level.</doc>
<status status="PASS" start="2025-06-02T15:36:23.968041" elapsed="0.000996"/>
</kw>
<kw name="Log" owner="BuiltIn">
<msg time="2025-06-02T15:36:23.969037" level="INFO">Target driver name: "Ha driver dev"</msg>
<arg>Target driver name: "${driver_name}"</arg>
<doc>Logs the given message with the given level.</doc>
<status status="PASS" start="2025-06-02T15:36:23.969037" elapsed="0.000000"/>
</kw>
<kw name="Run Keyword If" owner="BuiltIn">
<arg>"${name}" == "${driver_name}"</arg>
<arg>Set Test Variable</arg>
<arg>${found}</arg>
<arg>True</arg>
<doc>Runs the given keyword with the given arguments, if ``condition`` is true.</doc>
<status status="PASS" start="2025-06-02T15:36:23.969037" elapsed="0.000000"/>
</kw>
<kw name="Run Keyword If" owner="BuiltIn">
<arg>"${name}" == "${driver_name}"</arg>
<arg>Set Suite Variable</arg>
<arg>${driver_token}</arg>
<arg>${driver['token']}</arg>
<doc>Runs the given keyword with the given arguments, if ``condition`` is true.</doc>
<status status="PASS" start="2025-06-02T15:36:23.970036" elapsed="0.000000"/>
</kw>
<kw name="Run Keyword If" owner="BuiltIn">
<arg>"${name}" == "${driver_name}"</arg>
<arg>Append To File</arg>
<arg>driver_token.txt</arg>
<arg>${driver['token']}\n</arg>
<doc>Runs the given keyword with the given arguments, if ``condition`` is true.</doc>
<status status="PASS" start="2025-06-02T15:36:23.970036" elapsed="0.000000"/>
</kw>
<var name="${driver}">{'id': '676a690b917d2b4f0d14e5d1', 'name': 'BZ Lee', 'code': 'ROTGELAO', 'token': 'eyJhbGciOiJIUzI1NiIsInR5cCI6IkpXVCJ9.eyJpZCI6IjY3NmE2OTBiOTE3ZDJiNGYwZDE0ZTVkMSIsImtleSI6IjIwMjUtMDYtMDJUMDg6MzY6MDEu...</var>
<status status="PASS" start="2025-06-02T15:36:23.968041" elapsed="0.001995"/>
</iter>
<iter>
<kw name="Get From Dictionary" owner="Collections">
<msg time="2025-06-02T15:36:23.971032" level="INFO">${name} = Syncsalla241</msg>
<var>${name}</var>
<arg>${driver}</arg>
<arg>name</arg>
<doc>Returns a value from the given ``dictionary`` based on the given ``key``.</doc>
<status status="PASS" start="2025-06-02T15:36:23.971032" elapsed="0.000000"/>
</kw>
<kw name="Log" owner="BuiltIn">
<msg time="2025-06-02T15:36:23.971032" level="INFO">Found driver name: "Syncsalla241"</msg>
<arg>Found driver name: "${name}"</arg>
<doc>Logs the given message with the given level.</doc>
<status status="PASS" start="2025-06-02T15:36:23.971032" elapsed="0.000000"/>
</kw>
<kw name="Log" owner="BuiltIn">
<msg time="2025-06-02T15:36:23.972029" level="INFO">Target driver name: "Ha driver dev"</msg>
<arg>Target driver name: "${driver_name}"</arg>
<doc>Logs the given message with the given level.</doc>
<status status="PASS" start="2025-06-02T15:36:23.972029" elapsed="0.000000"/>
</kw>
<kw name="Run Keyword If" owner="BuiltIn">
<arg>"${name}" == "${driver_name}"</arg>
<arg>Set Test Variable</arg>
<arg>${found}</arg>
<arg>True</arg>
<doc>Runs the given keyword with the given arguments, if ``condition`` is true.</doc>
<status status="PASS" start="2025-06-02T15:36:23.972029" elapsed="0.000000"/>
</kw>
<kw name="Run Keyword If" owner="BuiltIn">
<arg>"${name}" == "${driver_name}"</arg>
<arg>Set Suite Variable</arg>
<arg>${driver_token}</arg>
<arg>${driver['token']}</arg>
<doc>Runs the given keyword with the given arguments, if ``condition`` is true.</doc>
<status status="PASS" start="2025-06-02T15:36:23.972999" elapsed="0.000000"/>
</kw>
<kw name="Run Keyword If" owner="BuiltIn">
<arg>"${name}" == "${driver_name}"</arg>
<arg>Append To File</arg>
<arg>driver_token.txt</arg>
<arg>${driver['token']}\n</arg>
<doc>Runs the given keyword with the given arguments, if ``condition`` is true.</doc>
<status status="PASS" start="2025-06-02T15:36:23.972999" elapsed="0.000000"/>
</kw>
<var name="${driver}">{'id': '679352a887b79eac3a1f5205', 'name': 'Syncsalla241', 'code': 'SHKQNHQP', 'token': 'eyJhbGciOiJIUzI1NiIsInR5cCI6IkpXVCJ9.eyJpZCI6IjY3OTM1MmE4ODdiNzllYWMzYTFmNTIwNSIsImtleSI6IjIwMjUtMDYtMDJUMDg6Mz...</var>
<status status="PASS" start="2025-06-02T15:36:23.971032" elapsed="0.001967"/>
</iter>
<iter>
<kw name="Get From Dictionary" owner="Collections">
<msg time="2025-06-02T15:36:23.974026" level="INFO">${name} = Auto Test</msg>
<var>${name}</var>
<arg>${driver}</arg>
<arg>name</arg>
<doc>Returns a value from the given ``dictionary`` based on the given ``key``.</doc>
<status status="PASS" start="2025-06-02T15:36:23.974026" elapsed="0.000000"/>
</kw>
<kw name="Log" owner="BuiltIn">
<msg time="2025-06-02T15:36:23.974026" level="INFO">Found driver name: "Auto Test"</msg>
<arg>Found driver name: "${name}"</arg>
<doc>Logs the given message with the given level.</doc>
<status status="PASS" start="2025-06-02T15:36:23.974026" elapsed="0.000000"/>
</kw>
<kw name="Log" owner="BuiltIn">
<msg time="2025-06-02T15:36:23.975018" level="INFO">Target driver name: "Ha driver dev"</msg>
<arg>Target driver name: "${driver_name}"</arg>
<doc>Logs the given message with the given level.</doc>
<status status="PASS" start="2025-06-02T15:36:23.975018" elapsed="0.000000"/>
</kw>
<kw name="Run Keyword If" owner="BuiltIn">
<arg>"${name}" == "${driver_name}"</arg>
<arg>Set Test Variable</arg>
<arg>${found}</arg>
<arg>True</arg>
<doc>Runs the given keyword with the given arguments, if ``condition`` is true.</doc>
<status status="PASS" start="2025-06-02T15:36:23.975018" elapsed="0.000000"/>
</kw>
<kw name="Run Keyword If" owner="BuiltIn">
<arg>"${name}" == "${driver_name}"</arg>
<arg>Set Suite Variable</arg>
<arg>${driver_token}</arg>
<arg>${driver['token']}</arg>
<doc>Runs the given keyword with the given arguments, if ``condition`` is true.</doc>
<status status="PASS" start="2025-06-02T15:36:23.975018" elapsed="0.001000"/>
</kw>
<kw name="Run Keyword If" owner="BuiltIn">
<arg>"${name}" == "${driver_name}"</arg>
<arg>Append To File</arg>
<arg>driver_token.txt</arg>
<arg>${driver['token']}\n</arg>
<doc>Runs the given keyword with the given arguments, if ``condition`` is true.</doc>
<status status="PASS" start="2025-06-02T15:36:23.976018" elapsed="0.000000"/>
</kw>
<var name="${driver}">{'id': '6809f16a40db6214b7eac9c6', 'name': 'Auto Test', 'code': 'HYDQKXRD', 'token': 'eyJhbGciOiJIUzI1NiIsInR5cCI6IkpXVCJ9.eyJpZCI6IjY4MDlmMTZhNDBkYjYyMTRiN2VhYzljNiIsImtleSI6IjIwMjUtMDYtMDJUMDg6MzY6M...</var>
<status status="PASS" start="2025-06-02T15:36:23.972999" elapsed="0.003019"/>
</iter>
<var>${driver}</var>
<value>@{list_drivers}</value>
<status status="PASS" start="2025-06-02T15:36:23.269981" elapsed="0.706037"/>
</for>
<kw name="Should Be True" owner="BuiltIn">
<arg>${found}</arg>
<arg>Driver with name "${driver_name}" not found in response</arg>
<doc>Fails if the given condition is not true.</doc>
<status status="PASS" start="2025-06-02T15:36:23.976018" elapsed="0.000999"/>
</kw>
<return>
<value>${driver_token}</value>
<status status="PASS" start="2025-06-02T15:36:23.977017" elapsed="0.000000"/>
</return>
<msg time="2025-06-02T15:36:23.977017" level="INFO">${driver_token} = eyJhbGciOiJIUzI1NiIsInR5cCI6IkpXVCJ9.eyJpZCI6IjY2YWM1MjQ3YzY3N2IzY2YwNjY3OWFlMSIsImtleSI6IjIwMjUtMDYtMDJUMDg6MzY6MDAuODA5WiIsImlhdCI6MTc0ODg1MzM2MH0.gRL9wLGtjh-vInsuKEjo8QlLek82CpHikvTf_QZxk20</msg>
<var>${driver_token}</var>
<arg>${env}</arg>
<arg>Ha driver dev</arg>
<doc>Call API to get driver list, find driver by name, and write token to driver_token.txt</doc>
<status status="PASS" start="2025-06-02T15:36:22.251526" elapsed="1.725491"/>
</kw>
<kw name="API Driver picks up Express shipments from Locker" owner="keywords">
<kw name="Get Time" owner="BuiltIn">
<msg time="2025-06-02T15:36:23.977985" level="INFO">${timestamp} = 1748853383</msg>
<var>${timestamp}</var>
<arg>epoch</arg>
<doc>Returns the given time in the requested format.</doc>
<status status="PASS" start="2025-06-02T15:36:23.977985" elapsed="0.000997"/>
</kw>
<kw name="Evaluate" owner="BuiltIn">
<msg time="2025-06-02T15:36:23.978982" level="INFO">${timestamp} = 1748853383000</msg>
<var>${timestamp}</var>
<arg>int(${timestamp} * 1000)</arg>
<doc>Evaluates the given expression in Python and returns the result.</doc>
<status status="PASS" start="2025-06-02T15:36:23.978982" elapsed="0.000000"/>
</kw>
<kw name="Create Dictionary" owner="BuiltIn">
<msg time="2025-06-02T15:36:23.982002" level="INFO">${BODY} = {'door_id': '65aa377b3a403d2b4b366b5c', 'organization_id': '5d2853e265889422de40f2f3', 'locker_id': '65aa37553a403d2b4b366b47', 'timestamp': 1748853383000}</msg>
<var>${BODY}</var>
<arg>door_id=${door_id["${env}"]}</arg>
<arg>organization_id=${organization_redbox_id["${env}"]}</arg>
<arg>locker_id=${locker_id["${env}"]}</arg>
<arg>timestamp=${timestamp}</arg>
<doc>Creates and returns a dictionary based on the given ``items``.</doc>
<status status="PASS" start="2025-06-02T15:36:23.978982" elapsed="0.003020"/>
</kw>
<kw name="Create Dictionary" owner="BuiltIn">
<msg time="2025-06-02T15:36:23.985000" level="INFO">${HEADERS} = {'Content-Type': 'application/json', 'Authorization': 'Bearer eyJhbGciOiJIUzI1NiIsInR5cCI6IkpXVCJ9.eyJpZCI6IjY2YWM1MjQ3YzY3N2IzY2YwNjY3OWFlMSIsImtleSI6IjIwMjUtMDYtMDJUMDg6MzY6MDAuODA5WiIsImlhdCI6MTc0O...</msg>
<var>${HEADERS}</var>
<arg>Content-Type=application/json</arg>
<arg>Authorization=Bearer ${driver_token}</arg>
<arg>organization-id=${organization_redbox_id["${env}"]}</arg>
<arg>locker-id=${locker_id["${env}"]}</arg>
<arg>point-id=${point_id["${env}"]}</arg>
<arg>cookie=connect.sid=s%3AWOAKd-qpcmp6vgEQo6FmIg5AUpEChN9d.8VOl2rP7eV61zNGDDVd1VLSpAP66cTBCmVnt%2B%2FF7AAc</arg>
<doc>Creates and returns a dictionary based on the given ``items``.</doc>
<status status="PASS" start="2025-06-02T15:36:23.982002" elapsed="0.002998"/>
</kw>
<kw name="POST" owner="RequestsLibrary">
<msg time="2025-06-02T15:36:24.761398" level="INFO">POST Request : url=https://dev.redboxsa.com/v3/api/shipper/open-multiple-door-express 
 path_url=/v3/api/shipper/open-multiple-door-express 
 headers={'User-Agent': 'python-requests/2.32.3', 'Accept-Encoding': 'gzip, deflate', 'Accept': '*/*', 'Connection': 'keep-alive', 'Content-Type': 'application/json', 'Authorization': 'Bearer eyJhbGciOiJIUzI1NiIsInR5cCI6IkpXVCJ9.eyJpZCI6IjY2YWM1MjQ3YzY3N2IzY2YwNjY3OWFlMSIsImtleSI6IjIwMjUtMDYtMDJUMDg6MzY6MDAuODA5WiIsImlhdCI6MTc0ODg1MzM2MH0.gRL9wLGtjh-vInsuKEjo8QlLek82CpHikvTf_QZxk20', 'organization-id': '5d2853e265889422de40f2f3', 'locker-id': '65aa37553a403d2b4b366b47', 'point-id': '5d2855e065889422de40f2fe', 'cookie': 'connect.sid=s%3AWOAKd-qpcmp6vgEQo6FmIg5AUpEChN9d.8VOl2rP7eV61zNGDDVd1VLSpAP66cTBCmVnt%2B%2FF7AAc', 'Content-Length': '155'} 
 body=b'{"door_id": "65aa377b3a403d2b4b366b5c", "organization_id": "5d2853e265889422de40f2f3", "locker_id": "65aa37553a403d2b4b366b47", "timestamp": 1748853383000}' 
 </msg>
<msg time="2025-06-02T15:36:24.761398" level="INFO">POST Response : url=https://dev.redboxsa.com/v3/api/shipper/open-multiple-door-express 
 status=200, reason=OK 
 headers={'Server': 'nginx/1.18.0 (Ubuntu)', 'Date': 'Mon, 02 Jun 2025 08:36:24 GMT', 'Content-Type': 'text/html; charset=utf-8', 'Transfer-Encoding': 'chunked', 'Connection': 'keep-alive', 'Access-Control-Allow-Origin': '*', 'x-frame-options': 'SAMEORIGIN', 'x-xss-protection': '1; mode=block', 'ETag': 'W/"2f-oG0oi2EFMZ2L71LUenbolxDpGz8"', 'Vary': 'Accept-Encoding', 'Content-Encoding': 'gzip'} 
 body={"state":false,"msg":"you_have_not_permission"} 
 </msg>
<msg time="2025-06-02T15:36:24.761398" level="INFO">${RESPONSE} = &lt;Response [200]&gt;</msg>
<var>${RESPONSE}</var>
<arg>${shipper_api["${env}"]}/open-multiple-door-express</arg>
<arg>json=${BODY}</arg>
<arg>headers=${HEADERS}</arg>
<doc>Sends a POST request.</doc>
<status status="PASS" start="2025-06-02T15:36:23.985991" elapsed="0.776404"/>
</kw>
<kw name="Set Variable" owner="BuiltIn">
<msg time="2025-06-02T15:36:24.763392" level="INFO">${json_data} = {'state': False, 'msg': 'you_have_not_permission'}</msg>
<var>${json_data}</var>
<arg>${RESPONSE.json()}</arg>
<doc>Returns the given values which can then be assigned to a variables.</doc>
<status status="PASS" start="2025-06-02T15:36:24.762395" elapsed="0.000997"/>
</kw>
<kw name="Get From Dictionary" owner="Collections">
<msg time="2025-06-02T15:36:24.764389" level="FAIL">Dictionary does not contain key 'doors'.</msg>
<var>${doors}</var>
<arg>${json_data}</arg>
<arg>doors</arg>
<doc>Returns a value from the given ``dictionary`` based on the given ``key``.</doc>
<status status="FAIL" start="2025-06-02T15:36:24.763392" elapsed="0.002992">Dictionary does not contain key 'doors'.</status>
</kw>
<kw name="Log" owner="BuiltIn">
<arg>${doors}</arg>
<doc>Logs the given message with the given level.</doc>
<status status="NOT RUN" start="2025-06-02T15:36:24.766384" elapsed="0.000000"/>
</kw>
<kw name="Should Be Equal As Strings" owner="BuiltIn">
<arg>${door_id["${env}"]}</arg>
<arg>${doors}</arg>
<doc>Fails if objects are unequal after converting them to strings.</doc>
<status status="NOT RUN" start="2025-06-02T15:36:24.766384" elapsed="0.000000"/>
</kw>
<arg>${env}</arg>
<arg>${driver_token}</arg>
<doc>Authorization token of driver, locker id, point id, organization id of Redbox are required in Headers</doc>
<status status="FAIL" start="2025-06-02T15:36:23.977985" elapsed="0.788399">Dictionary does not contain key 'doors'.</status>
</kw>
<kw name="API Driver deposits Express shipments" owner="keywords">
<arg>${env}</arg>
<arg>${driver_token}</arg>
<doc>Authorization token of driver, locker id, point id, organization id of Redbox are required in Headers</doc>
<status status="NOT RUN" start="2025-06-02T15:36:24.767382" elapsed="0.000000"/>
</kw>
<kw name="API get token locker" owner="keywords">
<var>${locker_token}</var>
<arg>${env}</arg>
<arg>866732032337033</arg>
<doc>Call API to get token of locker</doc>
<status status="NOT RUN" start="2025-06-02T15:36:24.767382" elapsed="0.000000"/>
</kw>
<kw name="API Customer pickup Express shipments from Locker" owner="keywords">
<arg>${env}</arg>
<arg>${locker_token}</arg>
<doc>Authorization token of locker, locker id, point id are required in Headers</doc>
<status status="NOT RUN" start="2025-06-02T15:36:24.768379" elapsed="0.000000"/>
</kw>
<kw name="Close Browser" owner="Selenium2Library" type="TEARDOWN">
<doc>Closes the current browser.</doc>
<status status="PASS" start="2025-06-02T15:36:24.768379" elapsed="0.000000"/>
</kw>
<status status="FAIL" start="2025-06-02T15:36:19.899837" elapsed="4.869540">Dictionary does not contain key 'doors'.</status>
</test>
<status status="FAIL" start="2025-06-02T15:36:19.861935" elapsed="4.907442"/>
</suite>
<status status="FAIL" start="2025-06-02T15:36:19.212020" elapsed="5.558354"/>
</suite>
<statistics>
<total>
<stat pass="0" fail="1" skip="0">All Tests</stat>
</total>
<tag>
</tag>
<suite>
<stat pass="0" fail="1" skip="0" id="s1" name="Redbox1">Redbox1</stat>
<stat pass="0" fail="1" skip="0" id="s1-s1" name="Testcase">Redbox1.Testcase</stat>
</suite>
</statistics>
<errors>
<msg time="2025-06-02T15:36:19.166600" level="WARN">Error in file 'c:\Users\Lan Anh\Documents\GitHub\Redbox1\keywords.robot' on line 230: The '[Return]' setting is deprecated. Use the 'RETURN' statement instead.</msg>
<msg time="2025-06-02T15:36:19.166600" level="WARN">Error in file 'c:\Users\Lan Anh\Documents\GitHub\Redbox1\keywords.robot' on line 242: The '[Return]' setting is deprecated. Use the 'RETURN' statement instead.</msg>
<msg time="2025-06-02T15:36:19.871911" level="WARN">Error in file 'c:\Users\Lan Anh\Documents\GitHub\Redbox1\keywords.robot' on line 230: The '[Return]' setting is deprecated. Use the 'RETURN' statement instead.</msg>
<msg time="2025-06-02T15:36:19.872908" level="WARN">Error in file 'c:\Users\Lan Anh\Documents\GitHub\Redbox1\keywords.robot' on line 242: The '[Return]' setting is deprecated. Use the 'RETURN' statement instead.</msg>
<msg time="2025-06-02T15:36:23.241057" level="WARN">Keyword 'RequestsLibrary.To Json' is deprecated. Please use ${resp.json()} instead. Have a look at the improved HTML output as pretty printing replacement.</msg>
</errors>
</robot>
