<?xml version="1.0" encoding="UTF-8"?>
<robot generator="Robot 7.1.1 (Python 3.12.8 on win32)" generated="2025-03-24T15:32:32.136662" rpa="false" schemaversion="5">
<suite id="s1" name="Redbox1" source="d:\Redbox_Auto\Redbox1\Redbox1">
<suite id="s1-s1" name="Testcase" source="d:\Redbox_Auto\Redbox1\Redbox1\testcase.robot">
<test id="s1-s1-t1" name="Check WH Returning Shipment" line="210">
<kw name="Login" owner="keywords">
<kw name="Open Browser" owner="Selenium2Library">
<msg time="2025-03-24T15:32:32.718443" level="INFO">Opening browser 'chrome' to base url 'https://dev.redboxsa.com/login'.</msg>
<arg>${base_url}</arg>
<arg>chrome</arg>
<doc>Opens a new browser instance to the optional ``url``.</doc>
<status status="PASS" start="2025-03-24T15:32:32.717419" elapsed="10.579444"/>
</kw>
<kw name="Maximize Browser Window" owner="Selenium2Library">
<doc>Maximizes current browser window.</doc>
<status status="PASS" start="2025-03-24T15:32:43.296863" elapsed="0.028064"/>
</kw>
<kw name="Input Text" owner="Selenium2Library">
<msg time="2025-03-24T15:32:43.325924" level="INFO">Typing text 'anhth58.it.uet@gmail.com' into text field 'email-login'.</msg>
<arg>email-login</arg>
<arg>${email_login}</arg>
<doc>Types the given ``text`` into the text field identified by ``locator``.</doc>
<status status="PASS" start="2025-03-24T15:32:43.324927" elapsed="0.099598"/>
</kw>
<kw name="Input Text" owner="Selenium2Library">
<msg time="2025-03-24T15:32:43.424525" level="INFO">Typing text 'Re@@Bo2025' into text field 'password-login'.</msg>
<arg>password-login</arg>
<arg>${password_login}</arg>
<doc>Types the given ``text`` into the text field identified by ``locator``.</doc>
<status status="PASS" start="2025-03-24T15:32:43.424525" elapsed="0.057845"/>
</kw>
<kw name="Sleep" owner="BuiltIn">
<msg time="2025-03-24T15:32:44.484022" level="INFO">Slept 1 second.</msg>
<arg>1s</arg>
<doc>Pauses the test executed for the given time.</doc>
<status status="PASS" start="2025-03-24T15:32:43.482370" elapsed="1.001652"/>
</kw>
<kw name="Click Button" owner="Selenium2Library">
<msg time="2025-03-24T15:32:44.484022" level="INFO">Clicking button 'submit-login'.</msg>
<arg>${submit_login}</arg>
<doc>Clicks the button identified by ``locator``.</doc>
<status status="PASS" start="2025-03-24T15:32:44.484022" elapsed="6.585103"/>
</kw>
<kw name="Sleep" owner="BuiltIn">
<msg time="2025-03-24T15:32:56.069267" level="INFO">Slept 5 seconds.</msg>
<arg>5s</arg>
<doc>Pauses the test executed for the given time.</doc>
<status status="PASS" start="2025-03-24T15:32:51.069125" elapsed="5.000142"/>
</kw>
<kw name="Wait Until Page Contains Element" owner="Selenium2Library">
<arg>${logo}</arg>
<arg>timeout=10</arg>
<doc>Waits until the element ``locator`` appears on the current page.</doc>
<status status="PASS" start="2025-03-24T15:32:56.069267" elapsed="0.016959"/>
</kw>
<kw name="Page Should Contain Element" owner="Selenium2Library">
<msg time="2025-03-24T15:32:56.091767" level="INFO">Current page contains element 'logo'.</msg>
<arg>${logo}</arg>
<doc>Verifies that element ``locator`` is found on the current page.</doc>
<status status="PASS" start="2025-03-24T15:32:56.086226" elapsed="0.005541"/>
</kw>
<status status="PASS" start="2025-03-24T15:32:32.716424" elapsed="23.375343"/>
</kw>
<kw name="Click Link" owner="Selenium2Library">
<msg time="2025-03-24T15:32:56.093644" level="INFO">Clicking link '/redbox'.</msg>
<arg>${redbox_dashboard_href}</arg>
<doc>Clicks a link identified by ``locator``.</doc>
<status status="PASS" start="2025-03-24T15:32:56.093247" elapsed="4.094560"/>
</kw>
<kw name="Sleep" owner="BuiltIn">
<msg time="2025-03-24T15:33:05.188935" level="INFO">Slept 5 seconds.</msg>
<arg>5s</arg>
<doc>Pauses the test executed for the given time.</doc>
<status status="PASS" start="2025-03-24T15:33:00.188806" elapsed="5.000129"/>
</kw>
<kw name="Click Element" owner="Selenium2Library">
<msg time="2025-03-24T15:33:05.189391" level="INFO">Clicking element 'xpath=//*[text()='Warehouses']'.</msg>
<arg>${warehouses}</arg>
<doc>Click the element identified by ``locator``.</doc>
<status status="PASS" start="2025-03-24T15:33:05.189391" elapsed="0.052496"/>
</kw>
<kw name="Sleep" owner="BuiltIn">
<msg time="2025-03-24T15:33:10.243742" level="INFO">Slept 5 seconds.</msg>
<arg>5s</arg>
<doc>Pauses the test executed for the given time.</doc>
<status status="PASS" start="2025-03-24T15:33:05.241887" elapsed="5.002846"/>
</kw>
<kw name="Click Link" owner="Selenium2Library">
<msg time="2025-03-24T15:33:10.247758" level="INFO">Clicking link '/redbox/warehouse-management/returning-shipment'.</msg>
<arg>${warehouses_returning_shipment}</arg>
<doc>Clicks a link identified by ``locator``.</doc>
<status status="PASS" start="2025-03-24T15:33:10.246733" elapsed="2.250879"/>
</kw>
<kw name="Search and check page contains text" owner="keywords">
<kw name="Input Text" owner="Selenium2Library">
<msg time="2025-03-24T15:33:12.499606" level="INFO">Typing text '811051885063' into text field 'customSearch'.</msg>
<arg>${locator}</arg>
<arg>${text}</arg>
<doc>Types the given ``text`` into the text field identified by ``locator``.</doc>
<status status="PASS" start="2025-03-24T15:33:12.499606" elapsed="0.072190"/>
</kw>
<kw name="Press Keys" owner="Selenium2Library">
<msg time="2025-03-24T15:33:12.571796" level="INFO">Sending key(s) ('RETURN',) to page.</msg>
<msg time="2025-03-24T15:33:12.572793" level="INFO">Pressing special key RETURN to browser.</msg>
<msg time="2025-03-24T15:33:12.572793" level="INFO">Releasing special key RETURN.</msg>
<arg>None</arg>
<arg>RETURN</arg>
<doc>Simulates the user pressing key(s) to an element or on the active browser.</doc>
<status status="PASS" start="2025-03-24T15:33:12.571796" elapsed="0.010971"/>
</kw>
<kw name="Sleep" owner="BuiltIn">
<msg time="2025-03-24T15:33:17.582849" level="INFO">Slept 5 seconds.</msg>
<arg>5s</arg>
<doc>Pauses the test executed for the given time.</doc>
<status status="PASS" start="2025-03-24T15:33:12.582767" elapsed="5.000082"/>
</kw>
<kw name="Page Should Contain" owner="Selenium2Library">
<msg time="2025-03-24T15:33:17.605789" level="INFO">Current page contains text '66555666779'.</msg>
<arg>${expected_text}</arg>
<doc>Verifies that current page contains ``text``.</doc>
<status status="PASS" start="2025-03-24T15:33:17.582849" elapsed="0.022940"/>
</kw>
<arg>${warehouses_returning_shipment_seach_box}</arg>
<arg>811051885063</arg>
<arg>66555666779</arg>
<doc>To search and check the page coontains text or not</doc>
<status status="PASS" start="2025-03-24T15:33:12.498610" elapsed="5.108178"/>
</kw>
<kw name="Sleep" owner="BuiltIn">
<msg time="2025-03-24T15:33:22.608209" level="INFO">Slept 5 seconds.</msg>
<arg>5s</arg>
<doc>Pauses the test executed for the given time.</doc>
<status status="PASS" start="2025-03-24T15:33:17.606788" elapsed="5.001421"/>
</kw>
<status status="PASS" start="2025-03-24T15:32:32.715423" elapsed="49.892786"/>
</test>
<status status="PASS" start="2025-03-24T15:32:32.695465" elapsed="49.914509"/>
</suite>
<status status="PASS" start="2025-03-24T15:32:32.141322" elapsed="50.470647"/>
</suite>
<statistics>
<total>
<stat pass="1" fail="0" skip="0">All Tests</stat>
</total>
<tag>
</tag>
<suite>
<stat pass="1" fail="0" skip="0" id="s1" name="Redbox1">Redbox1</stat>
<stat pass="1" fail="0" skip="0" id="s1-s1" name="Testcase">Redbox1.Testcase</stat>
</suite>
</statistics>
<errors>
</errors>
</robot>
