<?xml version="1.0" encoding="UTF-8"?>
<robot generator="Robot 7.1.1 (Python 3.12.8 on win32)" generated="2025-06-03T18:09:29.026070" rpa="false" schemaversion="5">
<suite id="s1" name="Redbox1" source="c:\Users\Lan Anh\Documents\GitHub\Redbox1">
<suite id="s1-s1" name="Testcase" source="c:\Users\Lan Anh\Documents\GitHub\Redbox1\testcase.robot">
<test id="s1-s1-t1" name="Express Flow" line="376">
<kw name="Set Variable" owner="BuiltIn">
<msg time="2025-06-03T18:09:29.998044" level="INFO">${env} = dev</msg>
<var>${env}</var>
<arg>dev</arg>
<doc>Returns the given values which can then be assigned to a variables.</doc>
<status status="PASS" start="2025-06-03T18:09:29.998044" elapsed="0.001993"/>
</kw>
<kw name="Create express shipment" owner="keywords">
<kw name="Get From Dictionary" owner="Collections">
<msg time="2025-06-03T18:09:30.002033" level="INFO">${point_from_id} = 5d2855e065889422de40f2fe</msg>
<var>${point_from_id}</var>
<arg>${point_id}</arg>
<arg>${env}</arg>
<doc>Returns a value from the given ``dictionary`` based on the given ``key``.</doc>
<status status="PASS" start="2025-06-03T18:09:30.001036" elapsed="0.000997"/>
</kw>
<kw name="Get From Dictionary" owner="Collections">
<msg time="2025-06-03T18:09:30.003031" level="INFO">${point_to_id} = 5d2855e065889422de40f2fe</msg>
<var>${point_to_id}</var>
<arg>${point_to_id}</arg>
<arg>${env}</arg>
<doc>Returns a value from the given ``dictionary`` based on the given ``key``.</doc>
<status status="PASS" start="2025-06-03T18:09:30.002033" elapsed="0.000998"/>
</kw>
<kw name="Create Dictionary" owner="BuiltIn">
<msg time="2025-06-03T18:09:30.004028" level="INFO">${BODY} = {'service_type': 'LockerToLocker', 'point_from_id': '5d2855e065889422de40f2fe', 'point_to_id': '5d2855e065889422de40f2fe', 'receiver_name': 'LA', 'receiver_phone': '+84375684357', 'shipment_note': 'No...</msg>
<var>${BODY}</var>
<arg>service_type=LockerToLocker</arg>
<arg>point_from_id=${point_from_id}</arg>
<arg>point_to_id=${point_to_id}</arg>
<arg>receiver_name=LA</arg>
<arg>receiver_phone=+84375684357</arg>
<arg>shipment_note=Notes</arg>
<arg>item_description=Items 1</arg>
<arg>declared_value=12</arg>
<arg>sender_name=LAnk</arg>
<arg>sender_phone=+84335299002</arg>
<doc>Creates and returns a dictionary based on the given ``items``.</doc>
<status status="PASS" start="2025-06-03T18:09:30.003031" elapsed="0.000997"/>
</kw>
<kw name="Get From Dictionary" owner="Collections">
<msg time="2025-06-03T18:09:30.004028" level="INFO">${auth_token} = Bearer eyJhbGciOiJIUzI1NiIsInR5cCI6IkpXVCJ9.eyJvcmdhbml6YXRpb25faWQiOiI2NDA4NmQ0NzYwOTMyMzc1OTY3NjEyMDIiLCJrZXkiOiIyMDIzLTAzLTA4VDExOjE0OjEwLjE3OVoiLCJpYXQiOjE2NzgyNzQwNTB9.e4HrRLDPjdWZo6DCmKM9RMWHS2D...</msg>
<var>${auth_token}</var>
<arg>${express_authorization}</arg>
<arg>${env}</arg>
<doc>Returns a value from the given ``dictionary`` based on the given ``key``.</doc>
<status status="PASS" start="2025-06-03T18:09:30.004028" elapsed="0.000000"/>
</kw>
<kw name="Get From Dictionary" owner="Collections">
<msg time="2025-06-03T18:09:30.005024" level="INFO">${url} = https://dev.redboxsa.com/api/business/v1/shipments/express</msg>
<var>${url}</var>
<arg>${express_create_shipment_api}</arg>
<arg>${env}</arg>
<doc>Returns a value from the given ``dictionary`` based on the given ``key``.</doc>
<status status="PASS" start="2025-06-03T18:09:30.004028" elapsed="0.000996"/>
</kw>
<kw name="Create Dictionary" owner="BuiltIn">
<msg time="2025-06-03T18:09:30.005024" level="INFO">${HEADERS} = {'Content-Type': 'application/json', 'Authorization': 'Bearer eyJhbGciOiJIUzI1NiIsInR5cCI6IkpXVCJ9.eyJvcmdhbml6YXRpb25faWQiOiI2NDA4NmQ0NzYwOTMyMzc1OTY3NjEyMDIiLCJrZXkiOiIyMDIzLTAzLTA4VDExOjE0OjEwLjE3O...</msg>
<var>${HEADERS}</var>
<arg>Content-Type=application/json</arg>
<arg>Authorization=${auth_token}</arg>
<doc>Creates and returns a dictionary based on the given ``items``.</doc>
<status status="PASS" start="2025-06-03T18:09:30.005024" elapsed="0.000000"/>
</kw>
<kw name="POST" owner="RequestsLibrary">
<msg time="2025-06-03T18:09:30.972469" level="INFO">POST Request : url=https://dev.redboxsa.com/api/business/v1/shipments/express 
 path_url=/api/business/v1/shipments/express 
 headers={'User-Agent': 'python-requests/2.32.3', 'Accept-Encoding': 'gzip, deflate', 'Accept': '*/*', 'Connection': 'keep-alive', 'Content-Type': 'application/json', 'Authorization': 'Bearer eyJhbGciOiJIUzI1NiIsInR5cCI6IkpXVCJ9.eyJvcmdhbml6YXRpb25faWQiOiI2NDA4NmQ0NzYwOTMyMzc1OTY3NjEyMDIiLCJrZXkiOiIyMDIzLTAzLTA4VDExOjE0OjEwLjE3OVoiLCJpYXQiOjE2NzgyNzQwNTB9.e4HrRLDPjdWZo6DCmKM9RMWHS2DtIryeGN1Y15j_DLA', 'Content-Length': '315'} 
 body=b'{"service_type": "LockerToLocker", "point_from_id": "5d2855e065889422de40f2fe", "point_to_id": "5d2855e065889422de40f2fe", "receiver_name": "LA", "receiver_phone": "+84375684357", "shipment_note": "Notes", "item_description": "Items 1", "declared_value": "12", "sender_name": "LAnk", "sender_phone": "+84335299002"}' 
 </msg>
<msg time="2025-06-03T18:09:30.973466" level="INFO">POST Response : url=https://dev.redboxsa.com/api/business/v1/shipments/express 
 status=200, reason=OK 
 headers={'Server': 'nginx/1.18.0 (Ubuntu)', 'Date': 'Tue, 03 Jun 2025 11:09:29 GMT', 'Content-Type': 'application/json; charset=utf-8', 'Content-Length': '191', 'Connection': 'keep-alive', 'Access-Control-Allow-Origin': '*', 'RateLimit-Policy': '500;w=30', 'RateLimit-Limit': '500', 'RateLimit-Remaining': '499', 'RateLimit-Reset': '30', 'x-frame-options': 'SAMEORIGIN', 'x-xss-protection': '1; mode=block', 'ETag': 'W/"bf-XcCQ0uWMFvhEr6nrswD/C3I1D2k"', 'Vary': 'Accept-Encoding'} 
 body={"success":true,"shipment_id":"683ed7e9ce83e5e7a69a0f50","shipping_label_url":"https://dev.redboxsa.com/download/shipping-label/683ed7e9ce83e5e7a69a0f50.pdf","tracking_number":"914610293158"} 
 </msg>
<msg time="2025-06-03T18:09:30.973466" level="INFO">${response} = &lt;Response [200]&gt;</msg>
<var>${response}</var>
<arg>${url}</arg>
<arg>json=${BODY}</arg>
<arg>headers=${HEADERS}</arg>
<doc>Sends a POST request.</doc>
<status status="PASS" start="2025-06-03T18:09:30.005024" elapsed="0.968442"/>
</kw>
<kw name="Log" owner="BuiltIn">
<msg time="2025-06-03T18:09:30.976457" level="INFO">Status Code: 200</msg>
<arg>Status Code: ${response.status_code}</arg>
<doc>Logs the given message with the given level.</doc>
<status status="PASS" start="2025-06-03T18:09:30.974463" elapsed="0.001994"/>
</kw>
<kw name="Log" owner="BuiltIn">
<msg time="2025-06-03T18:09:30.978451" level="INFO">Response Content: {"success":true,"shipment_id":"683ed7e9ce83e5e7a69a0f50","shipping_label_url":"https://dev.redboxsa.com/download/shipping-label/683ed7e9ce83e5e7a69a0f50.pdf","tracking_number":"914610293158"}</msg>
<arg>Response Content: ${response.content}</arg>
<doc>Logs the given message with the given level.</doc>
<status status="PASS" start="2025-06-03T18:09:30.977455" elapsed="0.000996"/>
</kw>
<kw name="Should Be Equal As Numbers" owner="BuiltIn">
<msg time="2025-06-03T18:09:30.979448" level="INFO">Argument types are:
&lt;class 'int'&gt;
&lt;class 'str'&gt;</msg>
<arg>${response.status_code}</arg>
<arg>200</arg>
<doc>Fails if objects are unequal after converting them to real numbers.</doc>
<status status="PASS" start="2025-06-03T18:09:30.978451" elapsed="0.000997"/>
</kw>
<kw name="Set Variable" owner="BuiltIn">
<msg time="2025-06-03T18:09:30.980445" level="INFO">${json_data} = {'success': True, 'shipment_id': '683ed7e9ce83e5e7a69a0f50', 'shipping_label_url': 'https://dev.redboxsa.com/download/shipping-label/683ed7e9ce83e5e7a69a0f50.pdf', 'tracking_number': '914610293158'}</msg>
<var>${json_data}</var>
<arg>${response.json()}</arg>
<doc>Returns the given values which can then be assigned to a variables.</doc>
<status status="PASS" start="2025-06-03T18:09:30.979448" elapsed="0.000997"/>
</kw>
<kw name="Get From Dictionary" owner="Collections">
<msg time="2025-06-03T18:09:30.981443" level="INFO">${shipment_id} = 683ed7e9ce83e5e7a69a0f50</msg>
<var>${shipment_id}</var>
<arg>${json_data}</arg>
<arg>shipment_id</arg>
<doc>Returns a value from the given ``dictionary`` based on the given ``key``.</doc>
<status status="PASS" start="2025-06-03T18:09:30.981443" elapsed="0.000000"/>
</kw>
<kw name="Get From Dictionary" owner="Collections">
<msg time="2025-06-03T18:09:30.981443" level="INFO">${tracking_number} = 914610293158</msg>
<var>${tracking_number}</var>
<arg>${json_data}</arg>
<arg>tracking_number</arg>
<doc>Returns a value from the given ``dictionary`` based on the given ``key``.</doc>
<status status="PASS" start="2025-06-03T18:09:30.981443" elapsed="0.000999"/>
</kw>
<kw name="Log" owner="BuiltIn">
<msg time="2025-06-03T18:09:30.982442" level="INFO">Shipment ID (raw): 683ed7e9ce83e5e7a69a0f50</msg>
<arg>Shipment ID (raw): ${shipment_id}</arg>
<doc>Logs the given message with the given level.</doc>
<status status="PASS" start="2025-06-03T18:09:30.982442" elapsed="0.000000"/>
</kw>
<kw name="Log" owner="BuiltIn">
<msg time="2025-06-03T18:09:30.982442" level="INFO">Tracking Number (raw): 914610293158</msg>
<arg>Tracking Number (raw): ${tracking_number}</arg>
<doc>Logs the given message with the given level.</doc>
<status status="PASS" start="2025-06-03T18:09:30.982442" elapsed="0.000000"/>
</kw>
<kw name="Run Keyword If" owner="BuiltIn">
<arg>'${shipment_id}' == '' or '${tracking_number}' == ''</arg>
<arg>Fail</arg>
<arg>Invalid response: Shipment ID or Tracking Number is missing</arg>
<doc>Runs the given keyword with the given arguments, if ``condition`` is true.</doc>
<status status="PASS" start="2025-06-03T18:09:30.983439" elapsed="0.000000"/>
</kw>
<kw name="Create File" owner="OperatingSystem">
<msg time="2025-06-03T18:09:30.984437" level="INFO" html="true">Created file '&lt;a href="file://C:\Users\Lan Anh\Documents\GitHub\Redbox1\shipment_id.txt"&gt;C:\Users\Lan Anh\Documents\GitHub\Redbox1\shipment_id.txt&lt;/a&gt;'.</msg>
<arg>${shipment_id_file}</arg>
<arg>shipment_id: ${shipment_id}\ntracking_number: ${tracking_number}</arg>
<doc>Creates a file with the given content and encoding.</doc>
<status status="PASS" start="2025-06-03T18:09:30.983439" elapsed="0.000998"/>
</kw>
<arg>${env}</arg>
<status status="PASS" start="2025-06-03T18:09:30.001036" elapsed="0.983401"/>
</kw>
<kw name="Get File" owner="OperatingSystem">
<msg time="2025-06-03T18:09:30.985433" level="INFO" html="true">Getting file '&lt;a href="file://C:\Users\Lan Anh\Documents\GitHub\Redbox1\shipment_id.txt"&gt;C:\Users\Lan Anh\Documents\GitHub\Redbox1\shipment_id.txt&lt;/a&gt;'.</msg>
<msg time="2025-06-03T18:09:30.994408" level="INFO">${file_content} = shipment_id: 683ed7e9ce83e5e7a69a0f50
tracking_number: 914610293158</msg>
<var>${file_content}</var>
<arg>${shipment_id_file}</arg>
<doc>Returns the contents of a specified file.</doc>
<status status="PASS" start="2025-06-03T18:09:30.985433" elapsed="0.008975"/>
</kw>
<kw name="Split To Lines" owner="String">
<msg time="2025-06-03T18:09:30.994408" level="INFO">2 lines returned</msg>
<msg time="2025-06-03T18:09:30.995407" level="INFO">${lines} = ['shipment_id: 683ed7e9ce83e5e7a69a0f50', 'tracking_number: 914610293158']</msg>
<var>${lines}</var>
<arg>${file_content}</arg>
<doc>Splits the given string to lines.</doc>
<status status="PASS" start="2025-06-03T18:09:30.994408" elapsed="0.000999"/>
</kw>
<kw name="Set Variable" owner="BuiltIn">
<msg time="2025-06-03T18:09:30.995407" level="INFO">${shipment_id_line} = shipment_id: 683ed7e9ce83e5e7a69a0f50</msg>
<var>${shipment_id_line}</var>
<arg>${lines}[0]</arg>
<doc>Returns the given values which can then be assigned to a variables.</doc>
<status status="PASS" start="2025-06-03T18:09:30.995407" elapsed="0.000000"/>
</kw>
<kw name="Set Variable" owner="BuiltIn">
<msg time="2025-06-03T18:09:30.996404" level="INFO">${tracking_number_line} = tracking_number: 914610293158</msg>
<var>${tracking_number_line}</var>
<arg>${lines}[1]</arg>
<doc>Returns the given values which can then be assigned to a variables.</doc>
<status status="PASS" start="2025-06-03T18:09:30.996404" elapsed="0.000000"/>
</kw>
<kw name="Replace String" owner="String">
<msg time="2025-06-03T18:09:30.998399" level="INFO">${shipment_id} =  683ed7e9ce83e5e7a69a0f50</msg>
<var>${shipment_id}</var>
<arg>${shipment_id_line}</arg>
<arg>shipment_id:</arg>
<arg>${EMPTY}</arg>
<doc>Replaces ``search_for`` in the given ``string`` with ``replace_with``.</doc>
<status status="PASS" start="2025-06-03T18:09:30.997400" elapsed="0.000999"/>
</kw>
<kw name="Strip String" owner="String">
<msg time="2025-06-03T18:09:30.998399" level="INFO">${shipment_id} = 683ed7e9ce83e5e7a69a0f50</msg>
<var>${shipment_id}</var>
<arg>${shipment_id}</arg>
<doc>Remove leading and/or trailing whitespaces from the given string.</doc>
<status status="PASS" start="2025-06-03T18:09:30.998399" elapsed="0.000000"/>
</kw>
<kw name="Replace String" owner="String">
<msg time="2025-06-03T18:09:31.000392" level="INFO">${tracking_number} =  914610293158</msg>
<var>${tracking_number}</var>
<arg>${tracking_number_line}</arg>
<arg>tracking_number:</arg>
<arg>${EMPTY}</arg>
<doc>Replaces ``search_for`` in the given ``string`` with ``replace_with``.</doc>
<status status="PASS" start="2025-06-03T18:09:30.999396" elapsed="0.000996"/>
</kw>
<kw name="Strip String" owner="String">
<msg time="2025-06-03T18:09:31.001390" level="INFO">${tracking_number} = 914610293158</msg>
<var>${tracking_number}</var>
<arg>${tracking_number}</arg>
<doc>Remove leading and/or trailing whitespaces from the given string.</doc>
<status status="PASS" start="2025-06-03T18:09:31.000392" elapsed="0.000998"/>
</kw>
<kw name="Log" owner="BuiltIn">
<msg time="2025-06-03T18:09:31.002387" level="INFO">Shipment ID: 683ed7e9ce83e5e7a69a0f50</msg>
<arg>Shipment ID: ${shipment_id}</arg>
<doc>Logs the given message with the given level.</doc>
<status status="PASS" start="2025-06-03T18:09:31.001390" elapsed="0.000997"/>
</kw>
<kw name="Log" owner="BuiltIn">
<msg time="2025-06-03T18:09:31.002387" level="INFO">Tracking Number: 914610293158</msg>
<arg>Tracking Number: ${tracking_number}</arg>
<doc>Logs the given message with the given level.</doc>
<status status="PASS" start="2025-06-03T18:09:31.002387" elapsed="0.000000"/>
</kw>
<kw name="Customer Confirm Deposit Express" owner="keywords">
<kw name="Log" owner="BuiltIn">
<msg time="2025-06-03T18:09:31.007374" level="INFO">Confirming deposit with Shipment ID: 683ed7e9ce83e5e7a69a0f50, Tracking Number: 914610293158</msg>
<arg>Confirming deposit with Shipment ID: ${shipment_id}, Tracking Number: ${tracking_number}</arg>
<doc>Logs the given message with the given level.</doc>
<status status="PASS" start="2025-06-03T18:09:31.007374" elapsed="0.000000"/>
</kw>
<kw name="Get From Dictionary" owner="Collections">
<msg time="2025-06-03T18:09:31.008372" level="INFO">${deposit_url} = https://dev.redboxsa.com/v3/api/customer/confirm-deposit-express</msg>
<var>${deposit_url}</var>
<arg>${express_deposit_shipment_api}</arg>
<arg>${env}</arg>
<doc>Returns a value from the given ``dictionary`` based on the given ``key``.</doc>
<status status="PASS" start="2025-06-03T18:09:31.008372" elapsed="0.001994"/>
</kw>
<kw name="Get From Dictionary" owner="Collections">
<msg time="2025-06-03T18:09:31.010366" level="INFO">${locker_id} = 65aa37553a403d2b4b366b47</msg>
<var>${locker_id}</var>
<arg>${locker_id}</arg>
<arg>${env}</arg>
<doc>Returns a value from the given ``dictionary`` based on the given ``key``.</doc>
<status status="PASS" start="2025-06-03T18:09:31.010366" elapsed="0.000998"/>
</kw>
<kw name="Get From Dictionary" owner="Collections">
<msg time="2025-06-03T18:09:31.011364" level="INFO">${point_to_id} = 5d2855e065889422de40f2fe</msg>
<var>${point_to_id}</var>
<arg>${point_to_id}</arg>
<arg>${env}</arg>
<doc>Returns a value from the given ``dictionary`` based on the given ``key``.</doc>
<status status="PASS" start="2025-06-03T18:09:31.011364" elapsed="0.000000"/>
</kw>
<kw name="Get From Dictionary" owner="Collections">
<msg time="2025-06-03T18:09:31.012361" level="INFO">${door_id} = 65aa377b3a403d2b4b366b5c</msg>
<var>${door_id}</var>
<arg>${door_id}</arg>
<arg>${env}</arg>
<doc>Returns a value from the given ``dictionary`` based on the given ``key``.</doc>
<status status="PASS" start="2025-06-03T18:09:31.012361" elapsed="0.000000"/>
</kw>
<kw name="Get From Dictionary" owner="Collections">
<msg time="2025-06-03T18:09:31.013361" level="INFO">${auth_token} = Bearer eyJhbGciOiJIUzI1NiIsInR5cCI6IkpXVCJ9.eyJ1dWlkIjoiODY2NzMyMDMyMzM3MDMzIiwidG9rZW5JZCI6ImFkZjYyY2E0LWM0MzQtNGRlOC05NTg2LWJlN2IzNThiZjU1OSIsImlhdCI6MTc0ODk0ODc1OX0.lqq9lDHTnqT0M4WyKJhAb-unbkckm81l...</msg>
<var>${auth_token}</var>
<arg>${get_token_locker_authen}</arg>
<arg>${env}</arg>
<doc>Returns a value from the given ``dictionary`` based on the given ``key``.</doc>
<status status="PASS" start="2025-06-03T18:09:31.013361" elapsed="0.000000"/>
</kw>
<kw name="Create Dictionary" owner="BuiltIn">
<msg time="2025-06-03T18:09:31.014356" level="INFO">${headers} = {'Content-Type': 'application/json', 'locker_id': '65aa37553a403d2b4b366b47', 'point_to_id': '5d2855e065889422de40f2fe', 'Authorization': 'Bearer eyJhbGciOiJIUzI1NiIsInR5cCI6IkpXVCJ9.eyJ1dWlkIjoiODY2N...</msg>
<var>${headers}</var>
<arg>Content-Type=application/json</arg>
<arg>locker_id=${locker_id}</arg>
<arg>point_to_id=${point_to_id}</arg>
<arg>Authorization=${auth_token}</arg>
<doc>Creates and returns a dictionary based on the given ``items``.</doc>
<status status="PASS" start="2025-06-03T18:09:31.014356" elapsed="0.000997"/>
</kw>
<kw name="Create Dictionary" owner="BuiltIn">
<msg time="2025-06-03T18:09:31.015353" level="INFO">${payload} = {'shipment_id': '683ed7e9ce83e5e7a69a0f50', 'tracking_number': '914610293158', 'door_id': '65aa377b3a403d2b4b366b5c', 'is_empty': 'False'}</msg>
<var>${payload}</var>
<arg>shipment_id=${shipment_id}</arg>
<arg>tracking_number=${tracking_number}</arg>
<arg>door_id=${door_id}</arg>
<arg>is_empty=False</arg>
<doc>Creates and returns a dictionary based on the given ``items``.</doc>
<status status="PASS" start="2025-06-03T18:09:31.015353" elapsed="0.000997"/>
</kw>
<kw name="POST" owner="RequestsLibrary">
<msg time="2025-06-03T18:09:31.943980" level="INFO">POST Request : url=https://dev.redboxsa.com/v3/api/customer/confirm-deposit-express 
 path_url=/v3/api/customer/confirm-deposit-express 
 headers={'User-Agent': 'python-requests/2.32.3', 'Accept-Encoding': 'gzip, deflate', 'Accept': '*/*', 'Connection': 'keep-alive', 'Content-Type': 'application/json', 'locker_id': '65aa37553a403d2b4b366b47', 'point_to_id': '5d2855e065889422de40f2fe', 'Authorization': 'Bearer eyJhbGciOiJIUzI1NiIsInR5cCI6IkpXVCJ9.eyJ1dWlkIjoiODY2NzMyMDMyMzM3MDMzIiwidG9rZW5JZCI6ImFkZjYyY2E0LWM0MzQtNGRlOC05NTg2LWJlN2IzNThiZjU1OSIsImlhdCI6MTc0ODk0ODc1OX0.lqq9lDHTnqT0M4WyKJhAb-unbkckm81lKDdQJjO9Kos', 'Content-Length': '138'} 
 body=b'{"shipment_id": "683ed7e9ce83e5e7a69a0f50", "tracking_number": "914610293158", "door_id": "65aa377b3a403d2b4b366b5c", "is_empty": "False"}' 
 </msg>
<msg time="2025-06-03T18:09:31.943980" level="INFO">POST Response : url=https://dev.redboxsa.com/v3/api/customer/confirm-deposit-express 
 status=200, reason=OK 
 headers={'Server': 'nginx/1.18.0 (Ubuntu)', 'Date': 'Tue, 03 Jun 2025 11:09:30 GMT', 'Content-Type': 'text/html; charset=utf-8', 'Content-Length': '14', 'Connection': 'keep-alive', 'Access-Control-Allow-Origin': '*', 'x-frame-options': 'SAMEORIGIN', 'x-xss-protection': '1; mode=block', 'ETag': 'W/"e-QsuWRrOEkcU9MaZ7Iu4xj/+JUZY"', 'Vary': 'Accept-Encoding'} 
 body={"state":true} 
 </msg>
<msg time="2025-06-03T18:09:31.944979" level="INFO">${response} = &lt;Response [200]&gt;</msg>
<var>${response}</var>
<arg>${deposit_url}</arg>
<arg>json=${payload}</arg>
<arg>headers=${headers}</arg>
<doc>Sends a POST request.</doc>
<status status="PASS" start="2025-06-03T18:09:31.016350" elapsed="0.928629"/>
</kw>
<kw name="Log" owner="BuiltIn">
<msg time="2025-06-03T18:09:31.945976" level="INFO">Status Code: 200</msg>
<arg>Status Code: ${response.status_code}</arg>
<doc>Logs the given message with the given level.</doc>
<status status="PASS" start="2025-06-03T18:09:31.944979" elapsed="0.000997"/>
</kw>
<kw name="Log" owner="BuiltIn">
<msg time="2025-06-03T18:09:31.946974" level="INFO">Response Content: {"state":true}</msg>
<arg>Response Content: ${response.content}</arg>
<doc>Logs the given message with the given level.</doc>
<status status="PASS" start="2025-06-03T18:09:31.945976" elapsed="0.000998"/>
</kw>
<kw name="Should Be Equal As Numbers" owner="BuiltIn">
<msg time="2025-06-03T18:09:31.948968" level="INFO">Argument types are:
&lt;class 'int'&gt;
&lt;class 'str'&gt;</msg>
<arg>${response.status_code}</arg>
<arg>200</arg>
<doc>Fails if objects are unequal after converting them to real numbers.</doc>
<status status="PASS" start="2025-06-03T18:09:31.947971" elapsed="0.000997"/>
</kw>
<kw name="Evaluate" owner="BuiltIn">
<msg time="2025-06-03T18:09:31.948968" level="INFO">${is_invalid} = False</msg>
<var>${is_invalid}</var>
<arg>"${shipment_id}" == "" or "${tracking_number}" == ""</arg>
<doc>Evaluates the given expression in Python and returns the result.</doc>
<status status="PASS" start="2025-06-03T18:09:31.948968" elapsed="0.000000"/>
</kw>
<kw name="Run Keyword If" owner="BuiltIn">
<arg>${is_invalid}</arg>
<arg>Fail</arg>
<arg>Invalid response: Shipment ID or Tracking Number is missing</arg>
<doc>Runs the given keyword with the given arguments, if ``condition`` is true.</doc>
<status status="PASS" start="2025-06-03T18:09:31.948968" elapsed="0.000998"/>
</kw>
<arg>${shipment_id}</arg>
<arg>${tracking_number}</arg>
<arg>${env}</arg>
<status status="PASS" start="2025-06-03T18:09:31.006377" elapsed="0.943589"/>
</kw>
<kw name="API get token driver" owner="keywords">
<kw name="Create Dictionary" owner="BuiltIn">
<msg time="2025-06-03T18:09:31.951337" level="INFO">${headers} = {'Cookie': 'connect.sid=s%3Ac-C8Ua7JWn_dy3gvH5PC8rUIzj6DPUIz.CtE1ied8oMyXJFLbnHY6zTUAx5ueftByHLPjL8tJMH4'}</msg>
<var>${headers}</var>
<arg>Cookie=connect.sid=s%3Ac-C8Ua7JWn_dy3gvH5PC8rUIzj6DPUIz.CtE1ied8oMyXJFLbnHY6zTUAx5ueftByHLPjL8tJMH4</arg>
<doc>Creates and returns a dictionary based on the given ``items``.</doc>
<status status="PASS" start="2025-06-03T18:09:31.950337" elapsed="0.001000"/>
</kw>
<kw name="GET" owner="RequestsLibrary">
<msg time="2025-06-03T18:09:32.960414" level="INFO">GET Request : url=https://dev.redboxsa.com/v3/api/shipper/get-list-driver 
 path_url=/v3/api/shipper/get-list-driver 
 headers={'User-Agent': 'python-requests/2.32.3', 'Accept-Encoding': 'gzip, deflate', 'Accept': '*/*', 'Connection': 'keep-alive', 'Cookie': 'connect.sid=s%3Ac-C8Ua7JWn_dy3gvH5PC8rUIzj6DPUIz.CtE1ied8oMyXJFLbnHY6zTUAx5ueftByHLPjL8tJMH4'} 
 body=None 
 </msg>
<msg time="2025-06-03T18:09:32.961411" level="INFO">GET Response : url=https://dev.redboxsa.com/v3/api/shipper/get-list-driver 
 status=200, reason=OK 
 headers={'Server': 'nginx/1.18.0 (Ubuntu)', 'Date': 'Tue, 03 Jun 2025 11:09:31 GMT', 'Content-Type': 'text/html; charset=utf-8', 'Transfer-Encoding': 'chunked', 'Connection': 'keep-alive', 'Access-Control-Allow-Origin': '*', 'x-frame-options': 'SAMEORIGIN', 'x-xss-protection': '1; mode=block', 'ETag': 'W/"38cf7-CFFihbljdTq2mJvoTx16ZbZKLs0"', 'Vary': 'Accept-Encoding', 'Content-Encoding': 'gzip'} 
 body={"state":true,"data":[{"id":"5e5bc79a2d2cb309354dd8a8","name":"Abdullah (TEST DRIVER)","code":"AHZORUKZ","token":"eyJhbGciOiJIUzI1NiIsInR5cCI6IkpXVCJ9.eyJpZCI6IjVlNWJjNzlhMmQyY2IzMDkzNTRkZDhhOCIsImtleSI6IjIwMjUtMDYtMDNUMTE6MDk6MDEuMTE5WiIsImlhdCI6MTc0ODk0ODk0MX0.YjYLnmQoAK4B-yz56Dqzh1vZT9xHpSpXhcyT1PcRXLw","organizations":[],"type":"Driver","need_otp":false,"permissions":["Delivery","Return"]},{"id":"5d66374c1b9b266707ad8149","name":"Tran Anh","code":"ANF76I9V","token":"eyJhbGciOiJIUzI1NiIsInR5cCI6IkpXVCJ9.eyJpZCI6IjVkNjYzNzRjMWI5YjI2NjcwN2FkODE0OSIsImtleSI6IjIwMjUtMDYtMDNUMTE6MDk6MDEuMTIwWiIsImlhdCI6MTc0ODk0ODk0MX0.qR1kH7FT5SvWlA7FZ3bLutqHO5NkzvJz-b2lylNJldw","organizations":[{"organizationId":{"_id":"5d2854dd65889422de40f2f7","organizationLogo":"https://stage.redboxsa.com/logo_niceone.png","organizationType":"Agency","trackingNumberPickUpLength":12,"organizationName":"Niceone-OLDD","uniqueName":null},"organizationRoles":{"_id":"5d66374c1b9b266707ad814a","permissions":["Delivery","Return","Expired"],"organizationId":"5d2854dd65889422de40f2f7","type":"Driver","userId":"5d66374c1b9b266707ad8149","__v":0,"createdAt":"2019-08-28T08:11:56.767Z","updatedAt":"2020-02-21T10:41:51.969Z"}}],"type":"Driver","need_otp":false,"permissions":[]},{"id":"5e7343766082d44d1bf15581","name":"Abdullah (test)","code":"APLVNMTM","token":"eyJhbGciOiJIUzI1NiIsInR5cCI6IkpXVCJ9.eyJpZCI6IjVlNzM0Mzc2NjA4MmQ0NGQxYmYxNTU4MSIsImtleSI6IjIwMjUtMDYtMDNUMTE6MDk6MDEuMTIwWiIsImlhdCI6MTc0ODk0ODk0MX0.b4O2nIO82EcYPLoWmHD_5EHSSePqIrzhy6DcvaWrr3c","organizations":[{"organizationId":{"_id":"5e43bd282a2ec528267c0d86","organizationLogo":"https://redbox-aws-s3-bucket.s3.amazonaws.com/organization_4sjodmpdy_avatar_200x200","organizationType":"Agency","trackingNumberPickUpLength":12,"organizationName":"Salasa","uniqueName":"aamar"},"organizationRoles":{"_id":"5e7343766082d44d1bf15583","permissions":["Delivery","Return","Expired"],"createdType":"Assign","organizationId":"5e43bd282a2ec528267c0d86","type":"Driver","userId":"5e7343766082d44d1bf15581","__v":0,"createdAt":"2020-03-19T10:03:34.417Z","updatedAt":"2020-03-19T10:03:34.417Z"}}],"type":"Driver","need_otp":false,"permissions":["Delivery","Return","Expired"]},{"id":"5f321e2375fe8312ba66b5d4","name":"Driver Aramex 01","code":"ARMX1382","token":"eyJhbGciOiJIUzI1NiIsInR5cCI6IkpXVCJ9.eyJpZCI6IjVmMzIxZTIzNzVmZTgzMTJiYTY2YjVkNCIsImtleSI6IjIwMjUtMDYtMDNUMTE6MDk6MDEuMTIwWiIsImlhdCI6MTc0ODk0ODk0MX0.91Y2qDZ4I0KteU3_d4s_MnCW2vl8zxxYnmi4jgC-dAI","organizations":[{"organizationId":{"_id":"5e42ed9a26052911830a951e","organizationLogo":"https://redbox-aws-s3-bucket.s3.amazonaws.com/organization_n5lm77l6l_avatar_200x200","organizationType":"Agency","trackingNumberPickUpLength":11,"organizationName":"Aramex","uniqueName":"aramex"},"organizationRoles":{"_id":"5f321e2375fe8312ba66b5d6","permissions":["Delivery","Return","Expired"],"createdType":"Assign","organizationId":"5e42ed9a26052911830a951e","type":"Driver","userId":"5f321e2375fe8312ba66b5d4","__v":0,"createdAt":"2020-08-11T04:27:15.057Z","updatedAt":"2020-08-11T04:27:15.057Z"}}],"type":"Driver","need_otp":false,"permissions":["Delivery"]},{"id":"6175120e1bdd8d3dfe84cfd5","name":"Aramex Driver","code":"ARMX1892","token":"eyJhbGciOiJIUzI1NiIsInR5cCI6IkpXVCJ9.eyJpZCI6IjYxNzUxMjBlMWJkZDhkM2RmZTg0Y2ZkNSIsImtleSI6IjIwMjUtMDYtMDNUMTE6MDk6MDEuMTIwWiIsImlhdCI6MTc0ODk0ODk0MX0.KDfDZkINyEC4tBxy35M8b5UOGBqPqksiswD99B5YyVk","organizations":[{"organizationId":{"_id":"5e42ed9a26052911830a951e","organizationLogo":"https://redbox-aws-s3-bucket.s3.amazonaws.com/organization_n5lm77l6l_avatar_200x200","organizationType":"Agency","trackingNumberPickUpLength":11,"organizationName":"Aramex","uniqueName":"aramex"},"organizationRoles":{"_id":"617512c91bdd8d3dfe84cfe3","permissions":["Delivery","Expired"],"createdType":"Assign","organizationId":"5e42ed9a26052911830a951e","type":"Driver","userId":"6175120e1bdd8d3dfe84cfd5","createdAt":"2021-10-24T08:01:13.732Z","updatedAt":"2021-10-24T08:01:13.732Z","__v":0}}],"type":"Driver","need_otp":false,"permissions":["Delivery","Expired"]},{"id":"5d48e8e36eb1ab7be6eaed29","name":"Phan Huy","code":"AUI78UNG","token":"eyJhbGciOiJIUzI1NiIsInR5cCI6IkpXVCJ9.eyJpZCI6IjVkNDhlOGUzNmViMWFiN2JlNmVhZWQyOSIsImtleSI6IjIwMjUtMDYtMDNUMTE6MDk6MDEuMTIwWiIsImlhdCI6MTc0ODk0ODk0MX0.PTtNfHo8xGvTI63gt1lHr3GY1V7kpIvSnyiWY0H9s2w","organizations":[{"organizationId":{"_id":"5d2854dd65889422de40f2f7","organizationLogo":"https://stage.redboxsa.com/logo_niceone.png","organizationType":"Agency","trackingNumberPickUpLength":12,"organizationName":"Niceone-OLDD","uniqueName":null},"organizationRoles":{"_id":"5d48e8e36eb1ab7be6eaed2b","permissions":["Delivery","Return","Expired"],"organizationId":"5d2854dd65889422de40f2f7","type":"Driver","userId":"5d48e8e36eb1ab7be6eaed29","__v":0,"createdAt":"2019-08-06T02:41:39.254Z","updatedAt":"2019-10-24T04:19:00.558Z"}},{"organizationId":{"_id":"5dea0ff6a46f57513d3ccc5e","organizationLogo":"https://stage.redboxsa.com/logo_jollychic.png","organizationType":"Business","trackingNumberPickUpLength":12,"organizationName":"jollychic","uniqueName":null},"organizationRoles":{"_id":"5decfc15433e365432775bb6","permissions":["Delivery","Return","Expired"],"organizationId":"5dea0ff6a46f57513d3ccc5e","type":"Driver","userId":"5d48e8e36eb1ab7be6eaed29","createdAt":"2019-12-08T13:35:17.804Z","updatedAt":"2019-12-08T13:35:17.804Z","__v":0}}],"type":"Driver","need_otp":false,"permissions":[]},{"id":"5e5ba56b2d2cb309354dd893","name":"Khac Diep","code":"BIKUEXYN","token":"eyJhbGciOiJIUzI1NiIsInR5cCI6IkpXVCJ9.eyJpZCI6IjVlNWJhNTZiMmQyY2IzMDkzNTRkZDg5MyIsImtleSI6IjIwMjUtMDYtMDNUMTE6MDk6MDEuMTIwWiIsImlhdCI6MTc0ODk0ODk0MX0.jLzDfVT7TQEUuN_J9n1A-Zbc9XGw1RiZWj8j6KX3nrs","organizations":[{"organizationId":{"_id":"5d2854dd65889422de40f2f7","organizationLogo":"https://stage.redboxsa.com/logo_niceone.png","organizationType":"Agency","trackingNumberPickUpLength":12,"organizationName":"Niceone-OLDD","uniqueName":null},"organizationRoles":{"_id":"5e5ba56b2d2cb309354dd894","permissions":["Delivery","Return","Expired"],"createdType":"Create","organizationId":"5d2854dd65889422de40f2f7","type":"Driver","userId":"5e5ba56b2d2cb309354dd893","__v":0,"createdAt":"2020-03-01T12:07:07.224Z","updatedAt":"2020-03-01T12:07:07.224Z"}}],"type":"Driver","need_otp":false,"permissions":[]},{"id":"5e2d88354c5e5369fc013502","name":"momen","code":"BWSHEPZH","token":"eyJhbGciOiJIUzI1NiIsInR5cCI6IkpXVCJ9.eyJpZCI6IjVlMmQ4ODM1NGM1ZTUzNjlmYzAxMzUwMiIsImtleSI6IjIwMjUtMDYtMDNUMTE6MDk6MDEuMTIwWiIsImlhdCI6MTc0ODk0ODk0MX0.MIALKEKzTbiy9tFtZucAPUrCFrP9fq_bDB4nssknDvU","organizations":[{"organizationId":{"_id":"5d2854dd65889422de40f2f7","organizationLogo":"https://stage.redboxsa.com/logo_niceone.png","organizationType":"Agency","trackingNumberPickUpLength":12,"organizationName":"Niceone-OLDD","uniqueName":null},"organizationRoles":{"_id":"5e2d88354c5e5369fc013504","permissions":["Delivery","Return","Expired"],"createdType":"Assign","organizationId":"5d2854dd65889422de40f2f7","type":"Driver","userId":"5e2d88354c5e5369fc013502","__v":0,"createdAt":"2020-01-26T12:38:13.268Z","updatedAt":"2020-01-26T12:38:13.268Z"}}],"type":"Driver","need_otp":false,"permissions":[]},{"id":"5e2d8a374c5e5369fc01351b","name":"Momen","code":"CBRAWQQU","token":"eyJhbGciOiJIUzI1NiIsInR5cCI6IkpXVCJ9.eyJpZCI6IjVlMmQ4YTM3NGM1ZTUzNjlmYzAxMzUxYiIsImtleSI6IjIwMjUtMDYtMDNUMTE6MDk6MDEuMTIwWiIsImlhdCI6MTc0ODk0ODk0MX0.viaFdL-QV30-ElMQDPtAjEYxqAMSUB5L4djtxnlZuCw","organizations":[{"organizationId":{"_id":"5d2854dd65889422de40f2f7","organizationLogo":"https://stage.redboxsa.com/logo_niceone.png","organizationType":"Agency","trackingNumberPickUpLength":12,"organizationName":"Niceone-OLDD","uniqueName":null},"organizationRoles":{"_id":"5e2d8a374c5e5369fc01351d","permissions":["Delivery","Return","Expired"],"createdType":"Assign","organizationId":"5d2854dd65889422de40f2f7","type":"Driver","userId":"5e2d8a374c5e5369fc01351b","__v":0,"createdAt":"2020-01-26T12:46:47.612Z","updatedAt":"2020-01-26T12:46:47.612Z"}}],"type":"Driver","need_otp":false,"permissions":[]},{"id":"620347a077628b1d1d16db8a","name":"Datleredbox","code":"DFACPDYV","token":"eyJhbGciOiJIUzI1NiIsInR5cCI6IkpXVCJ9.eyJpZCI6IjYyMDM0N2EwNzc2MjhiMWQxZDE2ZGI4YSIsImtleSI6IjIwMjUtMDYtMDNUMTE6MDk6MDEuMTIwWiIsImlhdCI6MTc0ODk0ODk0MX0.TEj6PmZVL4Ri9DJbFv1g1YY1aJv2bKe8RL-PEEtC1ho","organizations":[],"type":"Driver","need_otp":false,"permissions":["Delivery"]},{"id":"5e5ba5832d2cb309354dd896","name":"Khac Diep","code":"DJWBPFVD","token":"eyJhbGciOiJIUzI1NiIsInR5cCI6IkpXVCJ9.eyJpZCI6IjVlNWJhNTgzMmQyY2IzMDkzNTRkZDg5NiIsImtleSI6IjIwMjUtMDYtMDNUMTE6MDk6MDEuMTIwWiIsImlhdCI6MTc0ODk0ODk0MX0.x55rhw1KshIlCISPPha1jarCpKfLJEdN9ReiUncQBBE","organizations":[{"organizationId":{"_id":"5d2854dd65889422de40f2f7","organizationLogo":"https://stage.redboxsa.com/logo_niceone.png","organizationType":"Agency","trackingNumberPickUpLength":12,"organizationName":"Niceone-OLDD","uniqueName":null},"organizationRoles":{"_id":"5e5ba5832d2cb309354dd897","permissions":["Delivery","Return","Expired"],"createdType":"Create","organizationId":"5d2854dd65889422de40f2f7","type":"Driver","userId":"5e5ba5832d2cb309354dd896","__v":0,"createdAt":"2020-03-01T12:07:31.198Z","updatedAt":"2020-03-01T12:07:31.198Z"}}],"type":"Driver","need_otp":false,"permissions":[]},{"id":"6593e175fe970a36cc39d691","name":"Sophia Nguyen Dev","code":"DNOJQLPU","token":"eyJhbGciOiJIUzI1NiIsInR5cCI6IkpXVCJ9.eyJpZCI6IjY1OTNlMTc1ZmU5NzBhMzZjYzM5ZDY5MSIsImtleSI6IjIwMjUtMDYtMDNUMTE6MDk6MDEuMTIwWiIsImlhdCI6MTc0ODk0ODk0MX0.3FnJ2o5bDTpAVHsPDb_Ba1b63MXwI96WgYA13bnmeUQ","organizations":[{"organizationId":{"_id":"5e782d3430892b2a423a0d4e","organizationLogo":"https://redbox-aws-s3-bucket.s3.amazonaws.com/1606847716427blob","organizationType":"Agency","trackingNumberPickUpLength":12,"organizationName":"RedBox Agency","uniqueName":"salasa1"},"organizationRoles":{"_id":"67d95f2ad14aa3a117b2beb7","permissions":["Delivery","Return","Expired","Express","GA","Store","Sampling","LockerRetu... (set the log level to DEBUG or TRACE to see the full content) 
 </msg>
<msg time="2025-06-03T18:09:32.962409" level="INFO">${response} = &lt;Response [200]&gt;</msg>
<var>${response}</var>
<arg>${shipper_api["${env}"]}/get-list-driver</arg>
<arg>headers=${headers}</arg>
<doc>Sends a GET request.</doc>
<status status="PASS" start="2025-06-03T18:09:31.951337" elapsed="1.011072"/>
</kw>
<kw name="To Json" owner="RequestsLibrary">
<msg time="2025-06-03T18:09:32.963406" level="WARN">Keyword 'RequestsLibrary.To Json' is deprecated. Please use ${resp.json()} instead. Have a look at the improved HTML output as pretty printing replacement.</msg>
<msg time="2025-06-03T18:09:32.968392" level="INFO">To JSON using : content={"state":true,"data":[{"id":"5e5bc79a2d2cb309354dd8a8","name":"Abdullah (TEST DRIVER)","code":"AHZORUKZ","token":"eyJhbGciOiJIUzI1NiIsInR5cCI6IkpXVCJ9.eyJpZCI6IjVlNWJjNzlhMmQyY2IzMDkzNTRkZDhhOCIsImtleSI6IjIwMjUtMDYtMDNUMTE6MDk6MDEuMTE5WiIsImlhdCI6MTc0ODk0ODk0MX0.YjYLnmQoAK4B-yz56Dqzh1vZT9xHpSpXhcyT1PcRXLw","organizations":[],"type":"Driver","need_otp":false,"permissions":["Delivery","Return"]},{"id":"5d66374c1b9b266707ad8149","name":"Tran Anh","code":"ANF76I9V","token":"eyJhbGciOiJIUzI1NiIsInR5cCI6IkpXVCJ9.eyJpZCI6IjVkNjYzNzRjMWI5YjI2NjcwN2FkODE0OSIsImtleSI6IjIwMjUtMDYtMDNUMTE6MDk6MDEuMTIwWiIsImlhdCI6MTc0ODk0ODk0MX0.qR1kH7FT5SvWlA7FZ3bLutqHO5NkzvJz-b2lylNJldw","organizations":[{"organizationId":{"_id":"5d2854dd65889422de40f2f7","organizationLogo":"https://stage.redboxsa.com/logo_niceone.png","organizationType":"Agency","trackingNumberPickUpLength":12,"organizationName":"Niceone-OLDD","uniqueName":null},"organizationRoles":{"_id":"5d66374c1b9b266707ad814a","permissions":["Delivery","Return","Expired"],"organizationId":"5d2854dd65889422de40f2f7","type":"Driver","userId":"5d66374c1b9b266707ad8149","__v":0,"createdAt":"2019-08-28T08:11:56.767Z","updatedAt":"2020-02-21T10:41:51.969Z"}}],"type":"Driver","need_otp":false,"permissions":[]},{"id":"5e7343766082d44d1bf15581","name":"Abdullah (test)","code":"APLVNMTM","token":"eyJhbGciOiJIUzI1NiIsInR5cCI6IkpXVCJ9.eyJpZCI6IjVlNzM0Mzc2NjA4MmQ0NGQxYmYxNTU4MSIsImtleSI6IjIwMjUtMDYtMDNUMTE6MDk6MDEuMTIwWiIsImlhdCI6MTc0ODk0ODk0MX0.b4O2nIO82EcYPLoWmHD_5EHSSePqIrzhy6DcvaWrr3c","organizations":[{"organizationId":{"_id":"5e43bd282a2ec528267c0d86","organizationLogo":"https://redbox-aws-s3-bucket.s3.amazonaws.com/organization_4sjodmpdy_avatar_200x200","organizationType":"Agency","trackingNumberPickUpLength":12,"organizationName":"Salasa","uniqueName":"aamar"},"organizationRoles":{"_id":"5e7343766082d44d1bf15583","permissions":["Delivery","Return","Expired"],"createdType":"Assign","organizationId":"5e43bd282a2ec528267c0d86","type":"Driver","userId":"5e7343766082d44d1bf15581","__v":0,"createdAt":"2020-03-19T10:03:34.417Z","updatedAt":"2020-03-19T10:03:34.417Z"}}],"type":"Driver","need_otp":false,"permissions":["Delivery","Return","Expired"]},{"id":"5f321e2375fe8312ba66b5d4","name":"Driver Aramex 01","code":"ARMX1382","token":"eyJhbGciOiJIUzI1NiIsInR5cCI6IkpXVCJ9.eyJpZCI6IjVmMzIxZTIzNzVmZTgzMTJiYTY2YjVkNCIsImtleSI6IjIwMjUtMDYtMDNUMTE6MDk6MDEuMTIwWiIsImlhdCI6MTc0ODk0ODk0MX0.91Y2qDZ4I0KteU3_d4s_MnCW2vl8zxxYnmi4jgC-dAI","organizations":[{"organizationId":{"_id":"5e42ed9a26052911830a951e","organizationLogo":"https://redbox-aws-s3-bucket.s3.amazonaws.com/organization_n5lm77l6l_avatar_200x200","organizationType":"Agency","trackingNumberPickUpLength":11,"organizationName":"Aramex","uniqueName":"aramex"},"organizationRoles":{"_id":"5f321e2375fe8312ba66b5d6","permissions":["Delivery","Return","Expired"],"createdType":"Assign","organizationId":"5e42ed9a26052911830a951e","type":"Driver","userId":"5f321e2375fe8312ba66b5d4","__v":0,"createdAt":"2020-08-11T04:27:15.057Z","updatedAt":"2020-08-11T04:27:15.057Z"}}],"type":"Driver","need_otp":false,"permissions":["Delivery"]},{"id":"6175120e1bdd8d3dfe84cfd5","name":"Aramex Driver","code":"ARMX1892","token":"eyJhbGciOiJIUzI1NiIsInR5cCI6IkpXVCJ9.eyJpZCI6IjYxNzUxMjBlMWJkZDhkM2RmZTg0Y2ZkNSIsImtleSI6IjIwMjUtMDYtMDNUMTE6MDk6MDEuMTIwWiIsImlhdCI6MTc0ODk0ODk0MX0.KDfDZkINyEC4tBxy35M8b5UOGBqPqksiswD99B5YyVk","organizations":[{"organizationId":{"_id":"5e42ed9a26052911830a951e","organizationLogo":"https://redbox-aws-s3-bucket.s3.amazonaws.com/organization_n5lm77l6l_avatar_200x200","organizationType":"Agency","trackingNumberPickUpLength":11,"organizationName":"Aramex","uniqueName":"aramex"},"organizationRoles":{"_id":"617512c91bdd8d3dfe84cfe3","permissions":["Delivery","Expired"],"createdType":"Assign","organizationId":"5e42ed9a26052911830a951e","type":"Driver","userId":"6175120e1bdd8d3dfe84cfd5","createdAt":"2021-10-24T08:01:13.732Z","updatedAt":"2021-10-24T08:01:13.732Z","__v":0}}],"type":"Driver","need_otp":false,"permissions":["Delivery","Expired"]},{"id":"5d48e8e36eb1ab7be6eaed29","name":"Phan Huy","code":"AUI78UNG","token":"eyJhbGciOiJIUzI1NiIsInR5cCI6IkpXVCJ9.eyJpZCI6IjVkNDhlOGUzNmViMWFiN2JlNmVhZWQyOSIsImtleSI6IjIwMjUtMDYtMDNUMTE6MDk6MDEuMTIwWiIsImlhdCI6MTc0ODk0ODk0MX0.PTtNfHo8xGvTI63gt1lHr3GY1V7kpIvSnyiWY0H9s2w","organizations":[{"organizationId":{"_id":"5d2854dd65889422de40f2f7","organizationLogo":"https://stage.redboxsa.com/logo_niceone.png","organizationType":"Agency","trackingNumberPickUpLength":12,"organizationName":"Niceone-OLDD","uniqueName":null},"organizationRoles":{"_id":"5d48e8e36eb1ab7be6eaed2b","permissions":["Delivery","Return","Expired"],"organizationId":"5d2854dd65889422de40f2f7","type":"Driver","userId":"5d48e8e36eb1ab7be6eaed29","__v":0,"createdAt":"2019-08-06T02:41:39.254Z","updatedAt":"2019-10-24T04:19:00.558Z"}},{"organizationId":{"_id":"5dea0ff6a46f57513d3ccc5e","organizationLogo":"https://stage.redboxsa.com/logo_jollychic.png","organizationType":"Business","trackingNumberPickUpLength":12,"organizationName":"jollychic","uniqueName":null},"organizationRoles":{"_id":"5decfc15433e365432775bb6","permissions":["Delivery","Return","Expired"],"organizationId":"5dea0ff6a46f57513d3ccc5e","type":"Driver","userId":"5d48e8e36eb1ab7be6eaed29","createdAt":"2019-12-08T13:35:17.804Z","updatedAt":"2019-12-08T13:35:17.804Z","__v":0}}],"type":"Driver","need_otp":false,"permissions":[]},{"id":"5e5ba56b2d2cb309354dd893","name":"Khac Diep","code":"BIKUEXYN","token":"eyJhbGciOiJIUzI1NiIsInR5cCI6IkpXVCJ9.eyJpZCI6IjVlNWJhNTZiMmQyY2IzMDkzNTRkZDg5MyIsImtleSI6IjIwMjUtMDYtMDNUMTE6MDk6MDEuMTIwWiIsImlhdCI6MTc0ODk0ODk0MX0.jLzDfVT7TQEUuN_J9n1A-Zbc9XGw1RiZWj8j6KX3nrs","organizations":[{"organizationId":{"_id":"5d2854dd65889422de40f2f7","organizationLogo":"https://stage.redboxsa.com/logo_niceone.png","organizationType":"Agency","trackingNumberPickUpLength":12,"organizationName":"Niceone-OLDD","uniqueName":null},"organizationRoles":{"_id":"5e5ba56b2d2cb309354dd894","permissions":["Delivery","Return","Expired"],"createdType":"Create","organizationId":"5d2854dd65889422de40f2f7","type":"Driver","userId":"5e5ba56b2d2cb309354dd893","__v":0,"createdAt":"2020-03-01T12:07:07.224Z","updatedAt":"2020-03-01T12:07:07.224Z"}}],"type":"Driver","need_otp":false,"permissions":[]},{"id":"5e2d88354c5e5369fc013502","name":"momen","code":"BWSHEPZH","token":"eyJhbGciOiJIUzI1NiIsInR5cCI6IkpXVCJ9.eyJpZCI6IjVlMmQ4ODM1NGM1ZTUzNjlmYzAxMzUwMiIsImtleSI6IjIwMjUtMDYtMDNUMTE6MDk6MDEuMTIwWiIsImlhdCI6MTc0ODk0ODk0MX0.MIALKEKzTbiy9tFtZucAPUrCFrP9fq_bDB4nssknDvU","organizations":[{"organizationId":{"_id":"5d2854dd65889422de40f2f7","organizationLogo":"https://stage.redboxsa.com/logo_niceone.png","organizationType":"Agency","trackingNumberPickUpLength":12,"organizationName":"Niceone-OLDD","uniqueName":null},"organizationRoles":{"_id":"5e2d88354c5e5369fc013504","permissions":["Delivery","Return","Expired"],"createdType":"Assign","organizationId":"5d2854dd65889422de40f2f7","type":"Driver","userId":"5e2d88354c5e5369fc013502","__v":0,"createdAt":"2020-01-26T12:38:13.268Z","updatedAt":"2020-01-26T12:38:13.268Z"}}],"type":"Driver","need_otp":false,"permissions":[]},{"id":"5e2d8a374c5e5369fc01351b","name":"Momen","code":"CBRAWQQU","token":"eyJhbGciOiJIUzI1NiIsInR5cCI6IkpXVCJ9.eyJpZCI6IjVlMmQ4YTM3NGM1ZTUzNjlmYzAxMzUxYiIsImtleSI6IjIwMjUtMDYtMDNUMTE6MDk6MDEuMTIwWiIsImlhdCI6MTc0ODk0ODk0MX0.viaFdL-QV30-ElMQDPtAjEYxqAMSUB5L4djtxnlZuCw","organizations":[{"organizationId":{"_id":"5d2854dd65889422de40f2f7","organizationLogo":"https://stage.redboxsa.com/logo_niceone.png","organizationType":"Agency","trackingNumberPickUpLength":12,"organizationName":"Niceone-OLDD","uniqueName":null},"organizationRoles":{"_id":"5e2d8a374c5e5369fc01351d","permissions":["Delivery","Return","Expired"],"createdType":"Assign","organizationId":"5d2854dd65889422de40f2f7","type":"Driver","userId":"5e2d8a374c5e5369fc01351b","__v":0,"createdAt":"2020-01-26T12:46:47.612Z","updatedAt":"2020-01-26T12:46:47.612Z"}}],"type":"Driver","need_otp":false,"permissions":[]},{"id":"620347a077628b1d1d16db8a","name":"Datleredbox","code":"DFACPDYV","token":"eyJhbGciOiJIUzI1NiIsInR5cCI6IkpXVCJ9.eyJpZCI6IjYyMDM0N2EwNzc2MjhiMWQxZDE2ZGI4YSIsImtleSI6IjIwMjUtMDYtMDNUMTE6MDk6MDEuMTIwWiIsImlhdCI6MTc0ODk0ODk0MX0.TEj6PmZVL4Ri9DJbFv1g1YY1aJv2bKe8RL-PEEtC1ho","organizations":[],"type":"Driver","need_otp":false,"permissions":["Delivery"]},{"id":"5e5ba5832d2cb309354dd896","name":"Khac Diep","code":"DJWBPFVD","token":"eyJhbGciOiJIUzI1NiIsInR5cCI6IkpXVCJ9.eyJpZCI6IjVlNWJhNTgzMmQyY2IzMDkzNTRkZDg5NiIsImtleSI6IjIwMjUtMDYtMDNUMTE6MDk6MDEuMTIwWiIsImlhdCI6MTc0ODk0ODk0MX0.x55rhw1KshIlCISPPha1jarCpKfLJEdN9ReiUncQBBE","organizations":[{"organizationId":{"_id":"5d2854dd65889422de40f2f7","organizationLogo":"https://stage.redboxsa.com/logo_niceone.png","organizationType":"Agency","trackingNumberPickUpLength":12,"organizationName":"Niceone-OLDD","uniqueName":null},"organizationRoles":{"_id":"5e5ba5832d2cb309354dd897","permissions":["Delivery","Return","Expired"],"createdType":"Create","organizationId":"5d2854dd65889422de40f2f7","type":"Driver","userId":"5e5ba5832d2cb309354dd896","__v":0,"createdAt":"2020-03-01T12:07:31.198Z","updatedAt":"2020-03-01T12:07:31.198Z"}}],"type":"Driver","need_otp":false,"permissions":[]},{"id":"6593e175fe970a36cc39d691","name":"Sophia Nguyen Dev","code":"DNOJQLPU","token":"eyJhbGciOiJIUzI1NiIsInR5cCI6IkpXVCJ9.eyJpZCI6IjY1OTNlMTc1ZmU5NzBhMzZjYzM5ZDY5MSIsImtleSI6IjIwMjUtMDYtMDNUMTE6MDk6MDEuMTIwWiIsImlhdCI6MTc0ODk0ODk0MX0.3FnJ2o5bDTpAVHsPDb_Ba1b63MXwI96WgYA13bnmeUQ","organizations":[{"organizationId":{"_id":"5e782d3430892b2a423a0d4e","organizationLogo":"https://redbox-aws-s3-bucket.s3.amazonaws.com/1606847716427blob","organizationType":"Agency","trackingNumberPickUpLength":12,"organizationName":"RedBox Agency","uniqueName":"salasa1"},"organizationRoles":{"_id":"67d95f2ad14aa3a117b2beb7","permissions":["Delivery","Return","Expired","Express","GA","Store","Sampling","LockerReturn","CleanDoor"],"createdType":"Assign","organizationId":"5e782d3430892b2a423a0d4e","type":"Driver","userId":"6593e175fe970a36cc39d691","createdAt":"2025-03-18T11:55:22.118Z","updatedAt":"2025-03-18T11:55:23.892Z","__v":0}}],"type":"Driver","need_otp":false,"permissions":["Delivery","Return","Expired","Express","GA","Store","Sampling","LockerReturn"]},{"id":"5e721f900d3cd736b0c85e98","name":"Abdullah","code":"DPEQQGXR","token":"eyJhbGciOiJIUzI1NiIsInR5cCI6IkpXVCJ9.eyJpZCI6IjVlNzIxZjkwMGQzY2Q3MzZiMGM4NWU5OCIsImtleSI6IjIwMjUtMDYtMDNUMTE6MDk6MDEuMTIwWiIsImlhdCI6MTc0ODk0ODk0MX0.-Kqk66ayHadJLnADd5ptbFtuognwgaJaOVIrlN8O1Jg","organizations":[{"organizationId":{"_id":"5e43bd282a2ec528267c0d86","organizationLogo":"https://redbox-aws-s3-bucket.s3.amazonaws.com/organization_4sjodmpdy_avatar_200x200","organizationType":"Agency","trackingNumberPickUpLength":12,"organizationName":"Salasa","uniqueName":"aamar"},"organizationRoles":{"_id":"5e721f900d3cd736b0c85e9a","permissions":["Delivery","Return","Expired"],"createdType":"Assign","organizationId":"5e43bd282a2ec528267c0d86","type":"Driver","userId":"5e721f900d3cd736b0c85e98","__v":0,"createdAt":"2020-03-18T13:18:08.149Z","updatedAt":"2020-03-18T13:18:08.149Z"}}],"type":"Driver","need_otp":false,"permissions":["Delivery","Return","Expired"]},{"id":"603250bbeee3a37d1ea56ac4","name":"Quang PH","code":"DUCAGVTM","token":"eyJhbGciOiJIUzI1NiIsInR5cCI6IkpXVCJ9.eyJpZCI6IjYwMzI1MGJiZWVlM2EzN2QxZWE1NmFjNCIsImtleSI6IjIwMjUtMDYtMDNUMTE6MDk6MDEuMTIwWiIsImlhdCI6MTc0ODk0ODk0MX0.ihTBH4521RWo2QVz-ud-soviZsTfTihMqxt-3E6BQAQ","organizations":[{"organizationId":{"_id":"5e42ed9a26052911830a951e","organizationLogo":"https://redbox-aws-s3-bucket.s3.amazonaws.com/organization_n5lm77l6l_avatar_200x200","organizationType":"Agency","trackingNumberPickUpLength":11,"organizationName":"Aramex","uniqueName":"aramex"},"organizationRoles":{"_id":"603250bbeee3a37d1ea56ac7","permissions":["Delivery","Return","Expired","Express","GA","Store"],"createdType":"Assign","organizationId":"5e42ed9a26052911830a951e","type":"Driver","userId":"603250bbeee3a37d1ea56ac4","__v":0,"createdAt":"2021-02-21T12:23:23.015Z","updatedAt":"2021-02-21T12:23:23.015Z"}},{"organizationId":{"_id":"61011fbe24ddd1560dd84675","organizationLogo":"https://redbox-aws-s3-bucket.s3.amazonaws.com/1643098587365blob","organizationType":"Agency","trackingNumberPickUpLength":10,"organizationName":"DHL","uniqueName":"dhl"},"organizationRoles":{"_id":"611b7159de862413e93c2605","permissions":["Delivery","Expired"],"createdType":"Assign","organizationId":"61011fbe24ddd1560dd84675","type":"Driver","userId":"603250bbeee3a37d1ea56ac4","createdAt":"2021-08-17T08:20:41.121Z","updatedAt":"2021-08-17T08:20:41.121Z","__v":0}},{"organizationId":{"_id":"61ef6eeaf9a3da609bbfdd14","organizationLogo":"https://redbox-aws-s3-bucket.s3.amazonaws.com/1643097936842blob","organizationType":"Agency","trackingNumberPickUpLength":12,"organizationName":"AJEX","uniqueName":"ajex"},"organizationRoles":{"_id":"61efaa168a3d2e06fb2e6ce0","permissions":["Delivery","Expired"],"createdType":"Assign","organizationId":"61ef6eeaf9a3da609bbfdd14","type":"Driver","userId":"603250bbeee3a37d1ea56ac4","createdAt":"2022-01-25T07:43:18.447Z","updatedAt":"2022-01-25T07:43:18.447Z","__v":0}},{"organizationId":{"_id":"6512a39b096c6b13b949dac1","organizationLogo":"/logo_merchant_default.png","organizationType":"Business","trackingNumberPickUpLength":12,"organizationName":"NOON","uniqueName":"noon"},"organizationRoles":{"_id":"6520125b1baddd707dfcf048","permissions":["Delivery","Return","Expired","Express","Store","Sampling"],"createdType":"Assign","organizationId":"6512a39b096c6b13b949dac1","type":"Driver","userId":"603250bbeee3a37d1ea56ac4","createdAt":"2023-10-06T13:57:47.957Z","updatedAt":"2023-10-06T13:57:47.957Z","__v":0}},{"organizationId":{"_id":"5e782d3430892b2a423a0d4e","organizationLogo":"https://redbox-aws-s3-bucket.s3.amazonaws.com/1606847716427blob","organizationType":"Agency","trackingNumberPickUpLength":12,"organizationName":"RedBox Agency","uniqueName":"salasa1"},"organizationRoles":{"_id":"655084708add24025f61dca6","permissions":["Delivery","Return","Expired","Express","GA","Store","Sampling","Operator"],"createdType":"Assign","organizationId":"5e782d3430892b2a423a0d4e","type":"Driver","userId":"603250bbeee3a37d1ea56ac4","createdAt":"2023-11-12T07:53:20.037Z","updatedAt":"2023-11-12T07:53:20.037Z","__v":0}},{"organizationId":{"_id":"653532fad5e81444635bb303","organizationLogo":"https://redbox-files.s3.eu-west-3.amazonaws.com/stage/avatar-logo/1697985274265blob","organizationType":"Business","trackingNumberPickUpLength":12,"organizationName":"iMile Delivery","uniqueName":null},"organizationRoles":{"_id":"65e811b6a6c871744ed2869a","permissions":["Delivery","Return","Expired","Express","Store","Sampling"],"createdType":"Assign","organizationId":"653532fad5e81444635bb303","type":"Driver","userId":"603250bbeee3a37d1ea56ac4","createdAt":"2024-03-06T06:48:22.441Z","updatedAt":"2024-03-06T06:48:22.441Z","__v":0}}],"type":"Driver","need_otp":false,"permissions":["Delivery","Return","Expired","Express","GA","Store","Sampling","Operator"]},{"id":"6805f33d2de4a0aa4dc3897b","name":"Lank driver dev 4","code":"ECQEODIC","token":"eyJhbGciOiJIUzI1NiIsInR5cCI6IkpXVCJ9.eyJpZCI6IjY4MDVmMzNkMmRlNGEwYWE0ZGMzODk3YiIsImtleSI6IjIwMjUtMDYtMDNUMTE6MDk6MDEuMTIxWiIsImlhdCI6MTc0ODk0ODk0MX0.sR10wM_xHMJqJjHZ-IerM1D534RIVQh-nzVDwXc4UG0","organizations":[{"organizationId":{"_id":"5e782d3430892b2a423a0d4e","organizationLogo":"https://redbox-aws-s3-bucket.s3.amazonaws.com/1606847716427blob","organizationType":"Agency","trackingNumberPickUpLength":12,"organizationName":"RedBox Agency","uniqueName":"salasa1"},"organizationRoles":{"_id":"6805f33d2de4a0aa4dc3897d","permissions":["Express"],"createdType":"Assign","organizationId":"5e782d3430892b2a423a0d4e","type":"Driver","userId":"6805f33d2de4a0aa4dc3897b","__v":0,"createdAt":"2025-04-21T07:26:53.585Z","updatedAt":"2025-04-25T08:52:36.386Z"}},{"organizationId":{"_id":"66b06c5d9da3c7f346c44367","organizationLogo":"/logo_merchant_default.png","organizationType":"Business","trackingNumberPickUpLength":12,"organizationName":"Lan Anh store test","uniqueName":null},"organizationRoles":{"_id":"6805f9032de4a0aa4dc38a53","permissions":["Express"],"createdType":"Create","organizationId":"66b06c5d9da3c7f346c44367","userId":"6805f33d2de4a0aa4dc3897b","type":"Driver","createdAt":"2025-04-21T07:51:31.030Z","updatedAt":"2025-04-25T08:52:36.385Z","__v":0}},{"organizationId":{"_id":"5eb27b3e40f9743c12b01a42","organizationLogo":"https://gravatar.com/avatar/ccc9874a6f237bbff1582bd200b1d903?s=200&amp;d=retro","organizationType":"Agency","trackingNumberPickUpLength":12,"organizationName":"Out_Test_Store","uniqueName":null},"organizationRoles":{"_id":"6805fbcf4d23b5b523771c5b","permissions":["Express"],"createdType":"Assign","organizationId":"5eb27b3e40f9743c12b01a42","type":"Driver","userId":"6805f33d2de4a0aa4dc3897b","createdAt":"2025-04-21T08:03:27.492Z","updatedAt":"2025-04-25T08:52:36.386Z","__v":0}}],"type":"Driver","need_otp":false,"permissions":[]},{"id":"5e2d8acc4c5e5369fc013520","name":"Momen 22","code":"EHGNVADV","token":"eyJhbGciOiJIUzI1NiIsInR5cCI6IkpXVCJ9.eyJpZCI6IjVlMmQ4YWNjNGM1ZTUzNjlmYzAxMzUyMCIsImtleSI6IjIwMjUtMDYtMDNUMTE6MDk6MDEuMTIxWiIsImlhdCI6MTc0ODk0ODk0MX0.wV0ssGuVkoqzO0uu4UI2QD02YohM2QKnRkqjNrmPuE0","organizations":[{"organizationId":{"_id":"5d2854dd65889422de40f2f7","organizationLogo":"https://stage.redboxsa.com/logo_niceone.png","organizationType":"Agency","trackingNumberPickUpLength":12,"organizationName":"Niceone-OLDD","uniqueName":null},"organizationRoles":{"_id":"5e2d8acc4c5e5369fc013522","permissions":["Delivery","Return","Expired"],"createdType":"Assign","organizationId":"5d2854dd65889422de40f2f7","type":"Driver","userId":"5e2d8acc4c5e5369fc013520","__v":0,"createdAt":"2020-01-26T12:49:16.814Z","updatedAt":"2020-01-26T12:49:16.814Z"}}],"type":"Driver","need_otp":false,"permissions":[]},{"id":"61d407859405cc62ae772d47","name":"Krystal Lee","code":"EVDHDUBA","token":"eyJhbGciOiJIUzI1NiIsInR5cCI6IkpXVCJ9.eyJpZCI6IjYxZDQwNzg1OTQwNWNjNjJhZTc3MmQ0NyIsImtleSI6IjIwMjUtMDYtMDNUMTE6MDk6MDEuMTIxWiIsImlhdCI6MTc0ODk0ODk0MX0.LQJtEiBMSpFzBRsA7MQ0TZpe82MyV6bQs6XVJAovAkk","organizations":[{"organizationId":{"_id":"5e42ed9a26052911830a951e","organizationLogo":"https://redbox-aws-s3-bucket.s3.amazonaws.com/organization_n5lm77l6l_avatar_200x200","organizationType":"Agency","trackingNumberPickUpLength":11,"organizationName":"Aramex","uniqueName":"aramex"},"organizationRoles":{"_id":"61f22f9ea7d669573f67bd8c","permissions":["Delivery","Expired"],"createdType":"Assign","organizationId":"5e42ed9a26052911830a951e","type":"Driver","userId":"61d407859405cc62ae772d47","createdAt":"2022-01-27T05:37:34.535Z","updatedAt":"2022-01-27T05:37:34.535Z","__v":0}},{"organizationId":{"_id":"61d7bcfc5dc3a80881182110","organizationLogo":"https://gravatar.com/avatar/43b9b3d40797c160934b7ae2339787b4?s=200&amp;d=retro","organizationType":"Agency","trackingNumberPickUpLength":12,"organizationName":"VitaminKrystalAgencyNormal","uniqueName":null},"organizationRoles":{"_id":"6306f9e10b523c2304848bef","permissions":["Delivery","Return","Expired","Express","GA","Store","Sampling"],"createdType":"Assign","organizationId":"61d7bcfc5dc3a80881182110","type":"Driver","userId":"61d407859405cc62ae772d47","createdAt":"2022-08-25T04:26:09.225Z","updatedAt":"2022-08-25T04:26:09.225Z","__v":0}},{"organizationId":{"_id":"5e782d3430892b2a423a0d4e","organizationLogo":"https://redbox-aws-s3-bucket.s3.amazonaws.com/1606847716427blob","organizationType":"Agency","trackingNumberPickUpLength":12,"organizationName":"RedBox Agency","uniqueName":"salasa1"},"organizationRoles":{"_id":"632afa84475573153c52ae91","permissions":["Delivery","Return","Expired","Express","Store","Sampling"],"createdType":"Assign","organizationId":"5e782d3430892b2a423a0d4e","type":"Driver","userId":"61d407859405cc62ae772d47","createdAt":"2022-09-21T11:50:28.412Z","updatedAt":"2022-09-21T11:50:28.412Z","__v":0}},{"organizationId":{"_id":"62134c5baf2b112028e04682","organizationLogo":"https://redbox-aws-s3-bucket.s3.amazonaws.com/1645431898878blob","organizationType":"Agency","trackingNumberPickUpLength":12,"organizationName":"Golden Scent","uniqueName":null},"organizationRoles":{"_id":"6392c701dfdf97287f5f3ef9","permissions":["Delivery","Return","Expired","Express","Store","Sampling"],"createdType":"Assign","organizationId":"62134c5baf2b112028e04682","type":"Driver","userId":"61d407859405cc62ae772d47","createdAt":"2022-12-09T05:26:25.855Z","updatedAt":"2022-12-09T05:26:25.855Z","__v":0}},{"organizationId":{"_id":"62401006c855292d0fa1934d","organizationLogo":"https://gravatar.com/avatar/9c9a616e5d8176efb6bd14590020dc91?s=200&amp;d=retro","organizationType":"Agency","trackingNumberPickUpLength":12,"organizationName":"Golden Scent","uniqueName":null},"organizationRoles":{"_id":"6392c71fdfdf97287f5f3efb","permissions":["Delivery","Return","Expired","Express","Store","Sampling"],"createdType":"Assign","organizationId":"62401006c855292d0fa1934d","type":"Driver","userId":"61d407859405cc62ae772d47","createdAt":"2022-12-09T05:26:55.312Z","updatedAt":"2022-12-09T05:26:55.312Z","__v":0}},{"organizationId":{"_id":"61011fbe24ddd1560dd84675","organizationLogo":"https://redbox-aws-s3-bucket.s3.amazonaws.com/1643098587365blob","organizationType":"Agency","trackingNumberPickUpLength":10,"organizationName":"DHL","uniqueName":"dhl"},"organizationRoles":{"_id":"6392c72bdfdf97287f5f3efd","permissions":["Delivery","Expired"],"createdType":"Assign","organizationId":"61011fbe24ddd1560dd84675","type":"Driver","userId":"61d407859405cc62ae772d47","createdAt":"2022-12-09T05:27:07.254Z","updatedAt":"2022-12-09T05:27:07.254Z","__v":0}},{"organizationId":{"_id":"6371f9c029de6559dadc5e07","organizationLogo":"https://redbox-files.s3.eu-west-3.amazonaws.com/stage/avatar-logo/1668413888314blob","organizationType":"Agency","trackingNumberPickUpLength":12,"organizationName":"Print SA"},"organizationRoles":{"_id":"64522ecd899f8d31c74985d1","permissions":["Delivery","Return","Expired","Express","GA","Store","Sampling"],"createdType":"Assign","organizationId":"6371f9c029de6559dadc5e07","type":"Driver","userId":"61d407859405cc62ae772d47","createdAt":"2023-05-03T09:52:13.525Z","updatedAt":"2023-05-03T09:52:13.525Z","__v":0}},{"organizationId":{"_id":"636cb8c0acebbd54dd9965cb","organizationLogo":"https://redbox-files.s3.eu-west-3.amazonaws.com/stage/avatar-logo/1668069568410blob","organizationType":"Agency","trackingNumberPickUpLength":12,"organizationName":"iMile Agency","uniqueName":"imile"},"organizationRoles":{"_id":"65e95e215ba0e96ed48e5805","permissions":["Delivery","Return","Expired","Express","Store","Sampling"],"createdType":"Assign","organizationId":"636cb8c0acebbd54dd9965cb","type":"Driver","userId":"61d407859405cc62ae772d47","createdAt":"2024-03-07T06:26:41.317Z","updatedAt":"2024-03-07T06:26:41.317Z","__v":0}}],"type":"Driver","need_otp":false,"permissions":["Delivery","Return","Expired","Express","GA","Store","Sampling","Operator"]},{"id":"67123333e6523bf99363f161","name":"Dev_SaudiLee","code":"EVJUCGCM","token":"eyJhbGciOiJIUzI1NiIsInR5cCI6IkpXVCJ9.eyJpZCI6IjY3MTIzMzMzZTY1MjNiZjk5MzYzZjE2MSIsImtleSI6IjIwMjUtMDYtMDNUMTE6MDk6MDEuMTIxWiIsImlhdCI6MTc0ODk0ODk0MX0.RVs7xSvyy3beY3l6a11BUgryS1Pp8al5eGcEt6tk6Rk","organizations":[{"organizationId":{"_id":"5e782d3430892b2a423a0d4e","organizationLogo":"https://redbox-aws-s3-bucket.s3.amazonaws.com/1606847716427blob","organizationType":"Agency","trackingNumberPickUpLength":12,"organizationName":"RedBox Agency","uniqueName":"salasa1"},"organizationRoles":{"_id":"67123333e6523bf99363f163","permissions":["Delivery","Return","Expired","Express","Store","Sampling","LockerReturn"],"createdType":"Assign","organizationId":"5e782d3430892b2a423a0d4e","type":"Driver","userId":"67123333e6523bf99363f161","__v":0,"createdAt":"2024-10-18T10:06:43.890Z","updatedAt":"2024-11-12T07:46:14.117Z"}},{"organizationId":{"_id":"5eafd1624a50ec75fe5189c9","organizationLogo":"https://gravatar.com/avatar/da6d00bc2f16a425ebd1813532590fa3?s=200&amp;d=retro","organizationType":"Agency","trackingNumberPickUpLength":12,"organizationName":"OTO_Test_Merchant shipping label"},"organizationRoles":{"_id":"6719f005a3583a8e15593c43","permissions":["Delivery","Return","Expired"],"createdType":"Create","organizationId":"5eafd1624a50ec75fe5189c9","userId":"67123333e6523bf99363f161","type":"Driver","createdAt":"2024-10-24T06:58:13.993Z","updatedAt":"2024-11-12T07:46:14.117Z","__v":0}},{"organizationId":{"_id":"5e14a283572e4e057d2519d4","organizationLogo":"https://redbox-aws-s3-bucket.s3.amazonaws.com/organization_zcszf089b_avatar_200x200","organizationType":"Agency","trackingNumberPickUpLength":12,"organizationName":"Salla | سلّة","uniqueName":null},"organizationRoles":{"_id":"6718dc9259b2bfaf1b5f3b5e","permissions":["Delivery","Return"],"createdType":"Assign","organizationId":"5e14a283572e4e057d2519d4","type":"Driver","userId":"67123333e6523bf99363f161","createdAt":"2024-10-23T11:22:58.455Z","updatedAt":"2024-11-12T07:46:14.117Z","__v":0}},{"organizationId":{"_id":"5fbf579f2bad0a72e4c50274","organizationLogo":"https://redbox-aws-s3-bucket.s3.amazonaws.com/1606828349528blob","organizationType":"Agency","trackingNumberPickUpLength":12,"organizationName":"KAUST","uniqueName":"kaust"},"organizationRoles":{"_id":"6719f027a3583a8e15593c45","permissions":["Delivery","LockerReturn"],"createdType":"Assign","organizationId":"5fbf579f2bad0a72e4c50274","type":"Driver","userId":"67123333e6523bf99363f161","createdAt":"2024-10-24T06:58:47.155Z","updatedAt":"2024-11-12T07:46:14.117Z","__v":0}},{"organizationId":{"_id":"5f3c3a159e677f515dbd8695","organizationLogo":"https://redbox-aws-s3-bucket.s3.amazonaws.com/1597782549678blob","organizationType":"Agency","trackingNumberPickUpLength":12,"organizationName":"Aratopia | أراتوبيا"},"organizationRoles":{"_id":"6719f042a3583a8e15593ca3","permissions":["Return","LockerReturn"],"createdType":"Create","organizationId":"5f3c3a159e677f515dbd8695","userId":"67123333e6523bf99363f161","type":"Driver","createdAt":"2024-10-24T06:59:14.255Z","updatedAt":"2024-11-12T07:46:14.116Z","__v":0}}],"type":"Driver","need_otp":false,"permissions":[]},{"id":"681994874c7c58d8ca4a4a6b","name":"Lank driver dev 8","code":"EYOIEXNO","token":"eyJhbGciOiJIUzI1NiIsInR5cCI6IkpXVCJ9.eyJpZCI6IjY4MTk5NDg3NGM3YzU4ZDhjYTRhNGE2YiIsImtleSI6IjIwMjUtMDYtMDNUMTE6MDk6MDEuMTIxWiIsImlhdCI6MTc0ODk0ODk0MX0.GWtpkAchPfPR_lUr8pLdzHStsChD03pOMsDBpABX1PM","organizations":[{"organizationId":{"_id":"5e782d3430892b2a423a0d4e","organizationLogo":"https://redbox-aws-s3-bucket.s3.amazonaws.com/1606847716427blob","organizationType":"Agency","trackingNumberPickUpLength":12,"organizationName":"RedBox Agency","uniqueName":"salasa1"},"organizationRoles":{"_id":"6819ab0d4c7c58d8ca4a4b4b","permissions":["Delivery","Return","Expired","Express","GA"],"createdType":"Assign","organizationId":"5e782d3430892b2a423a0d4e","type":"Driver","userId":"681994874c7c58d8ca4a4a6b","createdAt":"2025-05-06T06:24:13.352Z","updatedAt":"2025-05-06T06:32:27.717Z","__v":0}}],"type":"Driver","need_otp":false,"permissions":[]},{"id":"6662bda6e728ae8aaaef5970","name":"Driver Dev","code":"FSDEMRUF","token":"eyJhbGciOiJIUzI1NiIsInR5cCI6IkpXVCJ9.eyJpZCI6IjY2NjJiZGE2ZTcyOGFlOGFhYWVmNTk3MCIsImtleSI6IjIwMjUtMDYtMDNUMTE6MDk6MDEuMTIxWiIsImlhdCI6MTc0ODk0ODk0MX0.SrkRfpAtx6r6B8XxJu6CokSUQAumHmwRfannA4GQHG8","organizations":[{"organizationId":{"_id":"5e782d3430892b2a423a0d4e","organizationLogo":"https://redbox-aws-s3-bucket.s3.amazonaws.com/1606847716427blob","organizationType":"Agency","trackingNumberPickUpLength":12,"organizationName":"RedBox Agency","uniqueName":"salasa1"},"organizationRoles":{"_id":"66827486d84f9c67c4fdb185","permissions":["Delivery","Return","Expired","Express","GA","Store","LockerReturn"],"createdType":"Assign","organizationId":"5e782d3430892b2a423a0d4e","type":"Driver","userId":"6662bda6e728ae8aaaef5970","createdAt":"2024-07-01T09:19:02.270Z","updatedAt":"2024-07-01T09:19:02.270Z","__v":0}}],"type":"Driver","need_otp":false,"permissions":["Delivery","Return","Expired","Express","GA","Store","Sampling","LockerReturn"]},{"id":"6656d6921f927f151fa7804b","name":"PhuongAnhDriver_Ar","code":"GESRZFBM","token":"eyJhbGciOiJIUzI1NiIsInR5cCI6IkpXVCJ9.eyJpZCI6IjY2NTZkNjkyMWY5MjdmMTUxZmE3ODA0YiIsImtleSI6IjIwMjUtMDYtMDNUMTE6MDk6MDEuMTIxWiIsImlhdCI6MTc0ODk0ODk0MX0.0q6jdgHnDfcHUc39Xei4gb2pmf_I-o4l7yxH51KAAwg","organizations":[{"organizationId":{"_id":"63ff07266fa0f16a2bdd7854","organizationLogo":"https://redbox-files.s3.eu-west-3.amazonaws.com/stage/avatar-logo/1677657893878blob","organizationType":"Agency","trackingNumberPickUpLength":12,"organizationName":"Aymakan","uniqueName":"aymakan"},"organizationRoles":{"_id":"66791f0aed711c4e3fc03294","permissions":["Delivery","Return","Expired"],"createdType":"Assign","organizationId":"63ff07266fa0f16a2bdd7854","type":"Driver","userId":"6656d6921f927f151fa7804b","createdAt":"2024-06-24T07:23:54.412Z","updatedAt":"2024-08-16T05:06:12.945Z","__v":0}},{"organizationId":{"_id":"5e782d3430892b2a423a0d4e","organizationLogo":"https://redbox-aws-s3-bucket.s3.amazonaws.com/1606847716427blob","organizationType":"Agency","trackingNumberPickUpLength":12,"organizationName":"RedBox Agency","uniqueName":"salasa1"},"organizationRoles":{"_id":"66beda7a6b4241cf3c3007cc","permissions":["Delivery","Return","Expired","Express","GA","Store","Sampling","LockerReturn"],"createdType":"Assign","organizationId":"5e782d3430892b2a423a0d4e","type":"Driver","userId":"6656d6921f927f151fa7804b","createdAt":"2024-08-16T04:50:02.947Z","updatedAt":"2024-08-16T05:06:12.945Z","__v":0}}],"type":"Driver","need_otp":false,"permissions":["Delivery","Return","Expired","Express","Store"]},{"id":"67593cf4a42028af4b4d7e75","name":"Ha sub driver","code":"GGCNTINF","token":"eyJhbGciOiJIUzI1NiIsInR5cCI6IkpXVCJ9.eyJpZCI6IjY3NTkzY2Y0YTQyMDI4YWY0YjRkN2U3NSIsImtleSI6IjIwMjUtMDYtMDNUMTE6MDk6MDEuMTIxWiIsImlhdCI6MTc0ODk0ODk0MX0.1xiWIfzbhLogRKye465sm0Fv89zIGBxhsxyINYDp16s","organizations":[{"organizationId":{"_id":"6656dce3f2529518697c14ba","organizationLogo":"/logo_merchant_default.png","organizationType":"Agency","trackingNumberPickUpLength":12,"organizationName":"RedSea Agency"},"organizationRoles":{"_id":"675944eb7c5b51fae83ba92c","permissions":["Return","Expired"],"createdType":"Assign","organizationId":"6656dce3f2529518697c14ba","type":"Driver","userId":"67593cf4a42028af4b4d7e75","createdAt":"2024-12-11T07:53:15.216Z","updatedAt":"2024-12-11T07:53:21.963Z","__v":0}}],"type":"Driver","need_otp":false,"permissions":["Delivery","Return","Expired","Express","GA","Store","Sampling","LockerReturn","CleanDoor"]},{"id":"5e5f4dd0eef9191087745f18","name":"tesst","code":"GMPOZYVI","token":"eyJhbGciOiJIUzI1NiIsInR5cCI6IkpXVCJ9.eyJpZCI6IjVlNWY0ZGQwZWVmOTE5MTA4Nzc0NWYxOCIsImtleSI6IjIwMjUtMDYtMDNUMTE6MDk6MDEuMTIxWiIsImlhdCI6MTc0ODk0ODk0MX0.lfAvGf_O0cF2ZrgrfGjOt6WNjr3UOZ_q2zmrwYgkmhE","organizations":[{"organizationId":{"_id":"5e0847929a8da07f85565864","organizationLogo":"https://redbox-aws-s3-bucket.s3.amazonaws.com/organization_l6y007fii_avatar_200x200","organizationType":"Agency","trackingNumberPickUpLength":12,"organizationName":"Amazon","uniqueName":null},"organizationRoles":{"_id":"5e5f4dd0eef9191087745f19","permissions":["Delivery","Expired"],"createdType":"Create","organizationId":"5e0847929a8da07f85565864","type":"Driver","userId":"5e5f4dd0eef9191087745f18","__v":0,"createdAt":"2020-03-04T06:42:24.172Z","updatedAt":"2020-03-04T06:42:24.172Z"}}],"type":"Driver","need_otp":false,"permissions":[]},{"id":"6788c68fabfcf7105240af68","name":"Lee driver dev","code":"HFOHPZRE","token":"eyJhbGciOiJIUzI1NiIsInR5cCI6IkpXVCJ9.eyJpZCI6IjY3ODhjNjhmYWJmY2Y3MTA1MjQwYWY2OCIsImtleSI6IjIwMjUtMDYtMDNUMTE6MDk6MDEuMTIxWiIsImlhdCI6MTc0ODk0ODk0MX0.3papHGcsnORN7RBZIC6FoS47Ctvoaw_8lyXJUofbm1s","organizations":[{"organizationId":{"_id":"5e782d3430892b2a423a0d4e","organizationLogo":"https://redbox-aws-s3-bucket.s3.amazonaws.com/1606847716427blob","organizationType":"Agency","trackingNumberPickUpLength":12,"organizationName":"RedBox Agency","uniqueName":"salasa1"},"organizationRoles":{"_id":"6788c6a8abfcf7105240afca","permissions":["Delivery","Return"],"createdType":"Assign","organizationId":"5e782d3430892b2a423a0d4e","type":"Driver","userId":"6788c68fabfcf7105240af68","createdAt":"2025-01-16T08:43:20.131Z","updatedAt":"2025-01-16T08:43:20.131Z","__v":0}},{"organizationId":{"_id":"5e14a283572e4e057d2519d4","organizationLogo":"https://redbox-aws-s3-bucket.s3.amazonaws.com/organization_zcszf089b_avatar_200x200","organizationType":"Agency","trackingNumberPickUpLength":12,"organizationName":"Salla | سلّة","uniqueName":null},"organizationRoles":{"_id":"6788c79cabfcf7105240b13e","permissions":["Delivery","Return"],"createdType":"Assign","organizationId":"5e14a283572e4e057d2519d4","type":"Driver","userId":"6788c68fabfcf7105240af68","createdAt":"2025-01-16T08:47:24.503Z","updatedAt":"2025-01-16T08:47:24.503Z","__v":0}},{"organizationId":{"_id":"5e3528b77b28e0642f18aad9","organizationLogo":"/logo_merchant_default.png","organizationType":"Agency","trackingNumberPickUpLength":12,"organizationName":"Arigato"},"organizationRoles":{"_id":"6788c7aeabfcf7105240b142","permissions":["Delivery","Return","Expired"],"createdType":"Assign","organizationId":"5e3528b77b28e0642f18aad9","type":"Driver","userId":"6788c68fabfcf7105240af68","createdAt":"2025-01-16T08:47:42.341Z","updatedAt":"2025-01-16T08:47:42.341Z","__v":0}},{"organizationId":{"_id":"5e42ed9a26052911830a951e","organizationLogo":"https://redbox-aws-s3-bucket.s3.amazonaws.com/organization_n5lm77l6l_avatar_200x200","organizationType":"Agency","trackingNumberPickUpLength":11,"organizationName":"Aramex","uniqueName":"aramex"},"organizationRoles":{"_id":"6788c7b7abfcf7105240b144","permissions":["Return","GA"],"createdType":"Assign","organizationId":"5e42ed9a26052911830a951e","type":"Driver","userId":"6788c68fabfcf7105240af68","createdAt":"2025-01-16T08:47:51.596Z","updatedAt":"2025-01-16T08:47:51.596Z","__v":0}}],"type":"Driver","need_otp":false,"permissions":["Delivery","Return"]},{"id":"5e5f4dffeef9191087745f1b","name":"tes","code":"HNFYYRHA","token":"eyJhbGciOiJIUzI1NiIsInR5cCI6IkpXVCJ9.eyJpZCI6IjVlNWY0ZGZmZWVmOTE5MTA4Nzc0NWYxYiIsImtleSI6IjIwMjUtMDYtMDNUMTE6MDk6MDEuMTIxWiIsImlhdCI6MTc0ODk0ODk0MX0.nSOImlaNrHvbcdD0IxXCJg1GIkXzIgz1uhn0Nf7ehP0","organizations":[{"organizationId":{"_id":"5e0847929a8da07f85565864","organizationLogo":"https://redbox-aws-s3-bucket.s3.amazonaws.com/organization_l6y007fii_avatar_200x200","organizationType":"Agency","trackingNumberPickUpLength":12,"organizationName":"Amazon","uniqueName":null},"organizationRoles":{"_id":"5e5f4dffeef9191087745f1c","permissions":["Delivery"],"createdType":"Create","organizationId":"5e0847929a8da07f85565864","type":"Driver","userId":"5e5f4dffeef9191087745f1b","__v":0,"createdAt":"2020-03-04T06:43:11.443Z","updatedAt":"2020-03-04T06:43:11.443Z"}}],"type":"Driver","need_otp":false,"permissions":[]},{"id":"63ee1814b4b6d21dbd929c4a","name":"Saleh Mohsen","code":"HOUQNBLW","token":"eyJhbGciOiJIUzI1NiIsInR5cCI6IkpXVCJ9.eyJpZCI6IjYzZWUxODE0YjRiNmQyMWRiZDkyOWM0YSIsImtleSI6IjIwMjUtMDYtMDNUMTE6MDk6MDEuMTIxWiIsImlhdCI6MTc0ODk0ODk0MX0.23nNFe5SGKgAH0qLHoj1ybYfcLe-rPBkPSRACQbAi1w","organizations":[{"organizationId":{"_id":"5e782d3430892b2a423a0d4e","organizationLogo":"https://redbox-aws-s3-bucket.s3.amazonaws.com/1606847716427blob","organizationType":"Agency","trackingNumberPickUpLength":12,"organizationName":"RedBox Agency","uniqueName":"salasa1"},"organizationRoles":{"_id":"63ee1814b4b6d21dbd929c4c","permissions":["Delivery","Return","Expired","Express","Store"],"createdType":"Assign","organizationId":"5e782d3430892b2a423a0d4e","type":"Driver","userId":"63ee1814b4b6d21dbd929c4a","__v":0,"createdAt":"2023-02-16T11:48:36.273Z","updatedAt":"2023-02-16T11:48:36.273Z"}},{"organizationId":{"_id":"5e42ed9a26052911830a951e","organizationLogo":"https://redbox-aws-s3-bucket.s3.amazonaws.com/organization_n5lm77l6l_avatar_200x200","organizationType":"Agency","trackingNumberPickUpLength":11,"organizationName":"Aramex","uniqueName":"aramex"},"organizationRoles":{"_id":"63ee1814b4b6d21dbd929c4d","permissions":["Delivery","Return","Expired","Express","Store"],"createdType":"Assign","organizationId":"5e42ed9a26052911830a951e","type":"Driver","userId":"63ee1814b4b6d21dbd929c4a","__v":0,"createdAt":"2023-02-16T11:48:36.273Z","updatedAt":"2023-02-16T11:48:36.273Z"}},{"organizationId":{"_id":"61011fbe24ddd1560dd84675","organizationLogo":"https://redbox-aws-s3-bucket.s3.amazonaws.com/1643098587365blob","organizationType":"Agency","trackingNumberPickUpLength":10,"organizationName":"DHL","uniqueName":"dhl"},"organizationRoles":{"_id":"63ee1814b4b6d21dbd929c4e","permissions":["Delivery","Return","Expired","Express","Store"],"createdType":"Assign","organizationId":"61011fbe24ddd1560dd84675","type":"Driver","userId":"63ee1814b4b6d21dbd929c4a","__v":0,"createdAt":"2023-02-16T11:48:36.273Z","updatedAt":"2023-02-16T11:48:36.273Z"}}],"type":"Driver","need_otp":false,"permissions":["Delivery","Return","Expired","Express","Store","Sampling"]},{"id":"5e81aa7f1dbdac6e8648bf45","name":"Ahmed Khaled","code":"HUYBEO01","token":"eyJhbGciOiJIUzI1NiIsInR5cCI6IkpXVCJ9.eyJpZCI6IjVlODFhYTdmMWRiZGFjNmU4NjQ4YmY0NSIsImtleSI6IjIwMjUtMDYtMDNUMTE6MDk6MDEuMTIxWiIsImlhdCI6MTc0ODk0ODk0MX0.5_87Pcr2VemfBrOtRbIgOf3Fpln259tZqiwiIn2LAfo","organizations":[{"organizationId":{"_id":"5e42ed9a26052911830a951e","organizationLogo":"https://redbox-aws-s3-bucket.s3.amazonaws.com/organization_n5lm77l6l_avatar_200x200","organizationType":"Agency","trackingNumberPickUpLength":11,"organizationName":"Aramex","uniqueName":"aramex"},"organizationRoles":{"_id":"620f9a51af2b112028e042e8","permissions":["Delivery","Return","Expired"],"createdType":"Assign","organizationId":"5e42ed9a26052911830a951e","type":"Driver","userId":"5e81aa7f1dbdac6e8648bf45","createdAt":"2022-02-18T13:08:33.294Z","updatedAt":"2025-05-20T03:14:08.446Z","__v":0}},{"organizationId":{"_id":"6371f9c029de6559dadc5e07","organizationLogo":"https://redbox-files.s3.eu-west-3.amazonaws.com/stage/avatar-logo/1668413888314blob","organizationType":"Agency","trackingNumberPickUpLength":12,"organizationName":"Print SA"},"organizationRoles":{"_id":"64522f90899f8d31c74985d5","permissions":["Delivery","Return","Expired","Express","Store","Sampling"],"createdType":"Assign","organizationId":"6371f9c029de6559dadc5e07","type":"Driver","userId":"5e81aa7f1dbdac6e8648bf45","createdAt":"2023-05-03T09:55:28.482Z","updatedAt":"2025-05-20T03:14:08.448Z","__v":0}},{"organizationId":{"_id":"6656dce3f2529518697c14ba","organizationLogo":"/logo_merchant_default.png","organizationType":"Agency","trackingNumberPickUpLength":12,"organizationName":"RedSea Agency"},"organizationRoles":{"_id":"665eadb442b644bbde7b67f7","permissions":["Delivery","Expired"],"createdType":"Assign","organizationId":"6656dce3f2529518697c14ba","type":"Driver","userId":"5e81aa7f1dbdac6e8648bf45","createdAt":"2024-06-04T06:01:24.586Z","updatedAt":"2025-05-20T03:14:08.448Z","__v":0}},{"organizationId":{"_id":"5e782d3430892b2a423a0d4e","organizationLogo":"https://redbox-aws-s3-bucket.s3.amazonaws.com/1606847716427blob","organizationType":"Agency","trackingNumberPickUpLength":12,"organizationName":"RedBox Agency","uniqueName":"salasa1"},"organizationRoles":{"_id":"667a8c46ae327f07de861c4f","permissions":["Delivery","Return","Expired","Express","Store","LockerReturn"],"createdType":"Assign","organizationId":"5e782d3430892b2a423a0d4e","type":"Driver","userId":"5e81aa7f1dbdac6e8648bf45","createdAt":"2024-06-25T09:22:14.426Z","updatedAt":"2025-05-20T03:14:08.448Z","__v":0}},{"organizationId":{"_id":"621fa71e576340646274c329","organizationLogo":"https://redbox-aws-s3-bucket.s3.amazonaws.com/1646241614149blob","organizationType":"Agency","trackingNumberPickUpLength":12,"organizationName":"NiceOne"},"organizationRoles":{"_id":"682bf1e494e20f4450d7cb6f","permissions":["Delivery","Return","Expired","Express","GA","Store","Sampling","LockerReturn","CleanDoor"],"createdType":"Assign","organizationId":"621fa71e576340646274c329","type":"Driver","userId":"5e81aa7f1dbdac6e8648bf45","createdAt":"2025-05-20T03:07:16.381Z","updatedAt":"2025-05-20T03:14:08.448Z","__v":0}},{"organizationId":{"_id":"5e14a283572e4e057d2519d4","organizationLogo":"https://redbox-aws-s3-bucket.s3.amazonaws.com/organization_zcszf089b_avatar_200x200","organizationType":"Agency","trackingNumberPickUpLength":12,"organizationName":"Salla | سلّة","uniqueName":null},"organizationRoles":{"_id":"682bf37794e20f4450d7cb9d","permissions":["Delivery","Return","Expired","Express","GA","Store","Sampling","LockerReturn","CleanDoor"],"createdType":"Assign","organizationId":"5e14a283572e4e057d2519d4","type":"Driver","userId":"5e81aa7f1dbdac6e8648bf45","createdAt":"2025-05-20T03:13:59.470Z","updatedAt":"2025-05-20T03:14:08.448Z","__v":0}}],"type":"Driver","need_otp":false,"permissions":["Delivery","Return","Expired","Express","GA","Store"]},{"id":"5e4e05e4f9aa022d4e2de5df","name":"Quoc Anh","code":"HXFQEAPT","token":"eyJhbGciOiJIUzI1NiIsInR5cCI6IkpXVCJ9.eyJpZCI6IjVlNGUwNWU0ZjlhYTAyMmQ0ZTJkZTVkZiIsImtleSI6IjIwMjUtMDYtMDNUMTE6MDk6MDEuMTIxWiIsImlhdCI6MTc0ODk0ODk0MX0.X4JCwft22usiv286XKDwQkWhqs2om7ccC-aZ0zCThnE","organizations":[{"organizationId":{"_id":"5d2854dd65889422de40f2f7","organizationLogo":"https://stage.redboxsa.com/logo_niceone.png","organizationType":"Agency","trackingNumberPickUpLength":12,"organizationName":"Niceone-OLDD","uniqueName":null},"organizationRoles":{"_id":"5e4e05e4f9aa022d4e2de5e0","permissions":["Delivery","Return","Expired"],"createdType":"Create","organizationId":"5d2854dd65889422de40f2f7","type":"Driver","userId":"5e4e05e4f9aa022d4e2de5df","__v":0,"createdAt":"2020-02-20T04:07:00.141Z","updatedAt":"2020-02-21T11:38:21.387Z"}}],"type":"Driver","need_otp":false,"permissions":[]},{"id":"61efa43e8a3d2e06fb2e6cbf","name":"Ajex driver","code":"HZIDCRTQ","token":"eyJhbGciOiJIUzI1NiIsInR5cCI6IkpXVCJ9.eyJpZCI6IjYxZWZhNDNlOGEzZDJlMDZmYjJlNmNiZiIsImtleSI6IjIwMjUtMDYtMDNUMTE6MDk6MDEuMTIxWiIsImlhdCI6MTc0ODk0ODk0MX0.L9STHl7qkc-wh5uPK_IPF8DPgZDnFSq-7MLOZuufslI","organizations":[{"organizationId":{"_id":"61ef6eeaf9a3da609bbfdd14","organizationLogo":"https://redbox-aws-s3-bucket.s3.amazonaws.com/1643097936842blob","organizationType":"Agency","trackingNumberPickUpLength":12,"organizationName":"AJEX","uniqueName":"ajex"},"organizationRoles":{"_id":"61efa43e8a3d2e06fb2e6cc1","permissions":["Delivery","Expired"],"createdType":"Assign","organizationId":"61ef6eeaf9a3da609bbfdd14","type":"Driver","userId":"61efa43e8a3d2e06fb2e6cbf","__v":0,"createdAt":"2022-01-25T07:18:22.494Z","updatedAt":"2022-01-25T07:18:22.494Z"}}],"type":"Driver","need_otp":false,"permissions":["Delivery","Expired"]},{"id":"669de27c36f43f7adbb510ba","name":"Lank driver dev","code":"ICMGIGQE","token":"eyJhbGciOiJIUzI1NiIsInR5cCI6IkpXVCJ9.eyJpZCI6IjY2OWRlMjdjMzZmNDNmN2FkYmI1MTBiYSIsImtleSI6IjIwMjUtMDYtMDNUMTE6MDk6MDEuMTIxWiIsImlhdCI6MTc0ODk0ODk0MX0.qKDOSqNT9k2n0zth-9RTPE3_a2I5n-0OHLyJZaw12XA","organizations":[{"organizationId":{"_id":"5e42ed9a26052911830a951e","organizationLogo":"https://redbox-aws-s3-bucket.s3.amazonaws.com/organization_n5lm77l6l_avatar_200x200","organizationType":"Agency","trackingNumberPickUpLength":11,"organizationName":"Aramex","uniqueName":"aramex"},"organizationRoles":{"_id":"66eb980c29112d9335088ea1","permissions":["Return","Expired","Express","GA","Store","Sampling","LockerReturn"],"createdType":"Assign","organizationId":"5e42ed9a26052911830a951e","type":"Driver","userId":"669de27c36f43f7adbb510ba","createdAt":"2024-09-19T03:18:36.549Z","updatedAt":"2025-05-09T08:28:26.201Z","__v":0}},{"organizationId":{"_id":"66fa4bdf944e33351f5a7ec3","organizationLogo":"/logo_merchant_default.png","organizationType":"Agency","trackingNumberPickUpLength":12,"organizationName":"Royal Office Agency"},"organizationRoles":{"_id":"675947bf3efb5c0b6363d512","permissions":["Delivery","Return","Expired","Express","GA","Store","Sampling","LockerReturn","CleanDoor"],"createdType":"Create","organizationId":"66fa4bdf944e33351f5a7ec3","userId":"669de27c36f43f7adbb510ba","type":"Driver","createdAt":"2024-12-11T08:05:19.896Z","updatedAt":"2025-05-09T08:28:26.204Z","__v":0}},{"organizationId":{"_id":"5eafd1624a50ec75fe5189c9","organizationLogo":"https://gravatar.com/avatar/da6d00bc2f16a425ebd1813532590fa3?s=200&amp;d=retro","organizationType":"Agency","trackingNumberPickUpLength":12,"organizationName":"OTO_Test_Merchant shipping label"},"organizationRoles":{"_id":"676e5242b0b0e6238af6be08","permissions":["Delivery","Return","Expired","Express","Store","LockerReturn","CleanDoor"],"createdType":"Create","organizationId":"5eafd1624a50ec75fe5189c9","userId":"669de27c36f43f7adbb510ba","type":"Driver","createdAt":"2024-12-27T07:07:46.847Z","updatedAt":"2025-05-09T08:28:26.204Z","__v":0}},{"organizationId":{"_id":"5e43bd282a2ec528267c0d86","organizationLogo":"https://redbox-aws-s3-bucket.s3.amazonaws.com/organization_4sjodmpdy_avatar_200x200","organizationType":"Agency","trackingNumberPickUpLength":12,"organizationName":"Salasa","uniqueName":"aamar"},"organizationRoles":{"_id":"677ccc68529a7857a53eccef","permissions":["Delivery","Return","Expired","Express","LockerReturn"],"createdType":"Create","organizationId":"5e43bd282a2ec528267c0d86","userId":"669de27c36f43f7adbb510ba","type":"Driver","createdAt":"2025-01-07T06:40:40.837Z","updatedAt":"2025-05-09T08:28:26.204Z","__v":0}},{"organizationId":{"_id":"5e14a283572e4e057d2519d4","organizationLogo":"https://redbox-aws-s3-bucket.s3.amazonaws.com/organization_zcszf089b_avatar_200x200","organizationType":"Agency","trackingNumberPickUpLength":12,"organizationName":"Salla | سلّة","uniqueName":null},"organizationRoles":{"_id":"67865015de8dc4d26464766e","permissions":["Delivery","Return","Expired","Express","LockerReturn","Clean
[...]
<arg>${found}</arg>
<arg>True</arg>
<doc>Runs the given keyword with the given arguments, if ``condition`` is true.</doc>
<status status="PASS" start="2025-06-03T18:09:33.705422" elapsed="0.000000"/>
</kw>
<kw name="Run Keyword If" owner="BuiltIn">
<arg>"${name}" == "${driver_name}"</arg>
<arg>Set Suite Variable</arg>
<arg>${driver_token}</arg>
<arg>${driver['token']}</arg>
<doc>Runs the given keyword with the given arguments, if ``condition`` is true.</doc>
<status status="PASS" start="2025-06-03T18:09:33.705422" elapsed="0.000000"/>
</kw>
<kw name="Run Keyword If" owner="BuiltIn">
<arg>"${name}" == "${driver_name}"</arg>
<arg>Append To File</arg>
<arg>driver_token.txt</arg>
<arg>${driver['token']}\n</arg>
<doc>Runs the given keyword with the given arguments, if ``condition`` is true.</doc>
<status status="PASS" start="2025-06-03T18:09:33.706419" elapsed="0.000000"/>
</kw>
<var name="${driver}">{'id': '6735d2b589ae9a118a13e751', 'name': 'LyLy', 'code': 'UPIDVNWX', 'token': 'eyJhbGciOiJIUzI1NiIsInR5cCI6IkpXVCJ9.eyJpZCI6IjY3MzVkMmI1ODlhZTlhMTE4YTEzZTc1MSIsImtleSI6IjIwMjUtMDYtMDNUMTE6MDk6MDEuND...</var>
<status status="PASS" start="2025-06-03T18:09:33.703427" elapsed="0.002992"/>
</iter>
<iter>
<kw name="Get From Dictionary" owner="Collections">
<msg time="2025-06-03T18:09:33.706419" level="INFO">${name} = haha20</msg>
<var>${name}</var>
<arg>${driver}</arg>
<arg>name</arg>
<doc>Returns a value from the given ``dictionary`` based on the given ``key``.</doc>
<status status="PASS" start="2025-06-03T18:09:33.706419" elapsed="0.000997"/>
</kw>
<kw name="Log" owner="BuiltIn">
<msg time="2025-06-03T18:09:33.707416" level="INFO">Found driver name: "haha20"</msg>
<arg>Found driver name: "${name}"</arg>
<doc>Logs the given message with the given level.</doc>
<status status="PASS" start="2025-06-03T18:09:33.707416" elapsed="0.000000"/>
</kw>
<kw name="Log" owner="BuiltIn">
<msg time="2025-06-03T18:09:33.707416" level="INFO">Target driver name: "Ha driver dev"</msg>
<arg>Target driver name: "${driver_name}"</arg>
<doc>Logs the given message with the given level.</doc>
<status status="PASS" start="2025-06-03T18:09:33.707416" elapsed="0.000998"/>
</kw>
<kw name="Run Keyword If" owner="BuiltIn">
<arg>"${name}" == "${driver_name}"</arg>
<arg>Set Test Variable</arg>
<arg>${found}</arg>
<arg>True</arg>
<doc>Runs the given keyword with the given arguments, if ``condition`` is true.</doc>
<status status="PASS" start="2025-06-03T18:09:33.708414" elapsed="0.000000"/>
</kw>
<kw name="Run Keyword If" owner="BuiltIn">
<arg>"${name}" == "${driver_name}"</arg>
<arg>Set Suite Variable</arg>
<arg>${driver_token}</arg>
<arg>${driver['token']}</arg>
<doc>Runs the given keyword with the given arguments, if ``condition`` is true.</doc>
<status status="PASS" start="2025-06-03T18:09:33.708414" elapsed="0.000000"/>
</kw>
<kw name="Run Keyword If" owner="BuiltIn">
<arg>"${name}" == "${driver_name}"</arg>
<arg>Append To File</arg>
<arg>driver_token.txt</arg>
<arg>${driver['token']}\n</arg>
<doc>Runs the given keyword with the given arguments, if ``condition`` is true.</doc>
<status status="PASS" start="2025-06-03T18:09:33.709411" elapsed="0.000000"/>
</kw>
<var name="${driver}">{'id': '6763f4febb18913cb714f96b', 'name': 'haha20', 'code': 'AYVJSAZA', 'token': 'eyJhbGciOiJIUzI1NiIsInR5cCI6IkpXVCJ9.eyJpZCI6IjY3NjNmNGZlYmIxODkxM2NiNzE0Zjk2YiIsImtleSI6IjIwMjUtMDYtMDNUMTE6MDk6MDEu...</var>
<status status="PASS" start="2025-06-03T18:09:33.706419" elapsed="0.002992"/>
</iter>
<iter>
<kw name="Get From Dictionary" owner="Collections">
<msg time="2025-06-03T18:09:33.709411" level="INFO">${name} = BZ Lee</msg>
<var>${name}</var>
<arg>${driver}</arg>
<arg>name</arg>
<doc>Returns a value from the given ``dictionary`` based on the given ``key``.</doc>
<status status="PASS" start="2025-06-03T18:09:33.709411" elapsed="0.000997"/>
</kw>
<kw name="Log" owner="BuiltIn">
<msg time="2025-06-03T18:09:33.710408" level="INFO">Found driver name: "BZ Lee"</msg>
<arg>Found driver name: "${name}"</arg>
<doc>Logs the given message with the given level.</doc>
<status status="PASS" start="2025-06-03T18:09:33.710408" elapsed="0.000000"/>
</kw>
<kw name="Log" owner="BuiltIn">
<msg time="2025-06-03T18:09:33.710408" level="INFO">Target driver name: "Ha driver dev"</msg>
<arg>Target driver name: "${driver_name}"</arg>
<doc>Logs the given message with the given level.</doc>
<status status="PASS" start="2025-06-03T18:09:33.710408" elapsed="0.000000"/>
</kw>
<kw name="Run Keyword If" owner="BuiltIn">
<arg>"${name}" == "${driver_name}"</arg>
<arg>Set Test Variable</arg>
<arg>${found}</arg>
<arg>True</arg>
<doc>Runs the given keyword with the given arguments, if ``condition`` is true.</doc>
<status status="PASS" start="2025-06-03T18:09:33.711406" elapsed="0.000000"/>
</kw>
<kw name="Run Keyword If" owner="BuiltIn">
<arg>"${name}" == "${driver_name}"</arg>
<arg>Set Suite Variable</arg>
<arg>${driver_token}</arg>
<arg>${driver['token']}</arg>
<doc>Runs the given keyword with the given arguments, if ``condition`` is true.</doc>
<status status="PASS" start="2025-06-03T18:09:33.711406" elapsed="0.000000"/>
</kw>
<kw name="Run Keyword If" owner="BuiltIn">
<arg>"${name}" == "${driver_name}"</arg>
<arg>Append To File</arg>
<arg>driver_token.txt</arg>
<arg>${driver['token']}\n</arg>
<doc>Runs the given keyword with the given arguments, if ``condition`` is true.</doc>
<status status="PASS" start="2025-06-03T18:09:33.711406" elapsed="0.000997"/>
</kw>
<var name="${driver}">{'id': '676a690b917d2b4f0d14e5d1', 'name': 'BZ Lee', 'code': 'ROTGELAO', 'token': 'eyJhbGciOiJIUzI1NiIsInR5cCI6IkpXVCJ9.eyJpZCI6IjY3NmE2OTBiOTE3ZDJiNGYwZDE0ZTVkMSIsImtleSI6IjIwMjUtMDYtMDNUMTE6MDk6MDEu...</var>
<status status="PASS" start="2025-06-03T18:09:33.709411" elapsed="0.002992"/>
</iter>
<iter>
<kw name="Get From Dictionary" owner="Collections">
<msg time="2025-06-03T18:09:33.712403" level="INFO">${name} = Syncsalla241</msg>
<var>${name}</var>
<arg>${driver}</arg>
<arg>name</arg>
<doc>Returns a value from the given ``dictionary`` based on the given ``key``.</doc>
<status status="PASS" start="2025-06-03T18:09:33.712403" elapsed="0.000998"/>
</kw>
<kw name="Log" owner="BuiltIn">
<msg time="2025-06-03T18:09:33.713401" level="INFO">Found driver name: "Syncsalla241"</msg>
<arg>Found driver name: "${name}"</arg>
<doc>Logs the given message with the given level.</doc>
<status status="PASS" start="2025-06-03T18:09:33.713401" elapsed="0.000000"/>
</kw>
<kw name="Log" owner="BuiltIn">
<msg time="2025-06-03T18:09:33.713401" level="INFO">Target driver name: "Ha driver dev"</msg>
<arg>Target driver name: "${driver_name}"</arg>
<doc>Logs the given message with the given level.</doc>
<status status="PASS" start="2025-06-03T18:09:33.713401" elapsed="0.000000"/>
</kw>
<kw name="Run Keyword If" owner="BuiltIn">
<arg>"${name}" == "${driver_name}"</arg>
<arg>Set Test Variable</arg>
<arg>${found}</arg>
<arg>True</arg>
<doc>Runs the given keyword with the given arguments, if ``condition`` is true.</doc>
<status status="PASS" start="2025-06-03T18:09:33.714426" elapsed="0.000000"/>
</kw>
<kw name="Run Keyword If" owner="BuiltIn">
<arg>"${name}" == "${driver_name}"</arg>
<arg>Set Suite Variable</arg>
<arg>${driver_token}</arg>
<arg>${driver['token']}</arg>
<doc>Runs the given keyword with the given arguments, if ``condition`` is true.</doc>
<status status="PASS" start="2025-06-03T18:09:33.714426" elapsed="0.000000"/>
</kw>
<kw name="Run Keyword If" owner="BuiltIn">
<arg>"${name}" == "${driver_name}"</arg>
<arg>Append To File</arg>
<arg>driver_token.txt</arg>
<arg>${driver['token']}\n</arg>
<doc>Runs the given keyword with the given arguments, if ``condition`` is true.</doc>
<status status="PASS" start="2025-06-03T18:09:33.714426" elapsed="0.000997"/>
</kw>
<var name="${driver}">{'id': '679352a887b79eac3a1f5205', 'name': 'Syncsalla241', 'code': 'SHKQNHQP', 'token': 'eyJhbGciOiJIUzI1NiIsInR5cCI6IkpXVCJ9.eyJpZCI6IjY3OTM1MmE4ODdiNzllYWMzYTFmNTIwNSIsImtleSI6IjIwMjUtMDYtMDNUMTE6MD...</var>
<status status="PASS" start="2025-06-03T18:09:33.712403" elapsed="0.003020"/>
</iter>
<iter>
<kw name="Get From Dictionary" owner="Collections">
<msg time="2025-06-03T18:09:33.715423" level="INFO">${name} = Auto Test</msg>
<var>${name}</var>
<arg>${driver}</arg>
<arg>name</arg>
<doc>Returns a value from the given ``dictionary`` based on the given ``key``.</doc>
<status status="PASS" start="2025-06-03T18:09:33.715423" elapsed="0.000000"/>
</kw>
<kw name="Log" owner="BuiltIn">
<msg time="2025-06-03T18:09:33.716420" level="INFO">Found driver name: "Auto Test"</msg>
<arg>Found driver name: "${name}"</arg>
<doc>Logs the given message with the given level.</doc>
<status status="PASS" start="2025-06-03T18:09:33.716420" elapsed="0.000000"/>
</kw>
<kw name="Log" owner="BuiltIn">
<msg time="2025-06-03T18:09:33.716420" level="INFO">Target driver name: "Ha driver dev"</msg>
<arg>Target driver name: "${driver_name}"</arg>
<doc>Logs the given message with the given level.</doc>
<status status="PASS" start="2025-06-03T18:09:33.716420" elapsed="0.000000"/>
</kw>
<kw name="Run Keyword If" owner="BuiltIn">
<arg>"${name}" == "${driver_name}"</arg>
<arg>Set Test Variable</arg>
<arg>${found}</arg>
<arg>True</arg>
<doc>Runs the given keyword with the given arguments, if ``condition`` is true.</doc>
<status status="PASS" start="2025-06-03T18:09:33.716420" elapsed="0.000998"/>
</kw>
<kw name="Run Keyword If" owner="BuiltIn">
<arg>"${name}" == "${driver_name}"</arg>
<arg>Set Suite Variable</arg>
<arg>${driver_token}</arg>
<arg>${driver['token']}</arg>
<doc>Runs the given keyword with the given arguments, if ``condition`` is true.</doc>
<status status="PASS" start="2025-06-03T18:09:33.717418" elapsed="0.000000"/>
</kw>
<kw name="Run Keyword If" owner="BuiltIn">
<arg>"${name}" == "${driver_name}"</arg>
<arg>Append To File</arg>
<arg>driver_token.txt</arg>
<arg>${driver['token']}\n</arg>
<doc>Runs the given keyword with the given arguments, if ``condition`` is true.</doc>
<status status="PASS" start="2025-06-03T18:09:33.717418" elapsed="0.000000"/>
</kw>
<var name="${driver}">{'id': '6809f16a40db6214b7eac9c6', 'name': 'Auto Test', 'code': 'HYDQKXRD', 'token': 'eyJhbGciOiJIUzI1NiIsInR5cCI6IkpXVCJ9.eyJpZCI6IjY4MDlmMTZhNDBkYjYyMTRiN2VhYzljNiIsImtleSI6IjIwMjUtMDYtMDNUMTE6MDk6M...</var>
<status status="PASS" start="2025-06-03T18:09:33.715423" elapsed="0.002992"/>
</iter>
<var>${driver}</var>
<value>@{list_drivers}</value>
<status status="PASS" start="2025-06-03T18:09:32.994338" elapsed="0.724077"/>
</for>
<kw name="Should Be True" owner="BuiltIn">
<arg>${found}</arg>
<arg>Driver with name "${driver_name}" not found in response</arg>
<doc>Fails if the given condition is not true.</doc>
<status status="PASS" start="2025-06-03T18:09:33.718415" elapsed="0.000000"/>
</kw>
<return>
<value>${driver_token}</value>
<status status="PASS" start="2025-06-03T18:09:33.718415" elapsed="0.000000"/>
</return>
<msg time="2025-06-03T18:09:33.719412" level="INFO">${driver_token} = eyJhbGciOiJIUzI1NiIsInR5cCI6IkpXVCJ9.eyJpZCI6IjY2YWM1MjQ3YzY3N2IzY2YwNjY3OWFlMSIsImtleSI6IjIwMjUtMDYtMDNUMTE6MDk6MDEuMTM0WiIsImlhdCI6MTc0ODk0ODk0MX0.gnQl61uyscxH69ymHQvC5bWFTPe3WjCpz2EVrjzYgb0</msg>
<var>${driver_token}</var>
<arg>${env}</arg>
<arg>Ha driver dev</arg>
<doc>Call API to get driver list, find driver by name, and write token to driver_token.txt</doc>
<status status="PASS" start="2025-06-03T18:09:31.950337" elapsed="1.769075"/>
</kw>
<kw name="API Driver picks up Express shipments from Locker" owner="keywords">
<kw name="Get Time" owner="BuiltIn">
<msg time="2025-06-03T18:09:33.720382" level="INFO">${timestamp} = 1748948973</msg>
<var>${timestamp}</var>
<arg>epoch</arg>
<doc>Returns the given time in the requested format.</doc>
<status status="PASS" start="2025-06-03T18:09:33.720382" elapsed="0.000000"/>
</kw>
<kw name="Evaluate" owner="BuiltIn">
<msg time="2025-06-03T18:09:33.721379" level="INFO">${timestamp} = 1748948973000</msg>
<var>${timestamp}</var>
<arg>int(${timestamp} * 1000)</arg>
<doc>Evaluates the given expression in Python and returns the result.</doc>
<status status="PASS" start="2025-06-03T18:09:33.720382" elapsed="0.000997"/>
</kw>
<kw name="Create Dictionary" owner="BuiltIn">
<msg time="2025-06-03T18:09:33.725368" level="INFO">${BODY} = {'door_id': '65aa377b3a403d2b4b366b5c', 'organization_id': '5d2853e265889422de40f2f3', 'locker_id': '65aa37553a403d2b4b366b47', 'timestamp': 1748948973000}</msg>
<var>${BODY}</var>
<arg>door_id=${door_id["${env}"]}</arg>
<arg>organization_id=${organization_redbox_id["${env}"]}</arg>
<arg>locker_id=${locker_id["${env}"]}</arg>
<arg>timestamp=${timestamp}</arg>
<doc>Creates and returns a dictionary based on the given ``items``.</doc>
<status status="PASS" start="2025-06-03T18:09:33.721379" elapsed="0.003989"/>
</kw>
<kw name="Create Dictionary" owner="BuiltIn">
<msg time="2025-06-03T18:09:33.729358" level="INFO">${HEADERS} = {'Content-Type': 'application/json', 'Authorization': 'Bearer eyJhbGciOiJIUzI1NiIsInR5cCI6IkpXVCJ9.eyJpZCI6IjY2YWM1MjQ3YzY3N2IzY2YwNjY3OWFlMSIsImtleSI6IjIwMjUtMDYtMDNUMTE6MDk6MDEuMTM0WiIsImlhdCI6MTc0O...</msg>
<var>${HEADERS}</var>
<arg>Content-Type=application/json</arg>
<arg>Authorization=Bearer ${driver_token}</arg>
<arg>organization-id=${organization_redbox_id["${env}"]}</arg>
<arg>locker-id=${locker_id["${env}"]}</arg>
<arg>point-id=${point_id["${env}"]}</arg>
<arg>cookie=connect.sid=s%3AWOAKd-qpcmp6vgEQo6FmIg5AUpEChN9d.8VOl2rP7eV61zNGDDVd1VLSpAP66cTBCmVnt%2B%2FF7AAc</arg>
<doc>Creates and returns a dictionary based on the given ``items``.</doc>
<status status="PASS" start="2025-06-03T18:09:33.726366" elapsed="0.002992"/>
</kw>
<kw name="POST" owner="RequestsLibrary">
<msg time="2025-06-03T18:09:34.482385" level="INFO">POST Request : url=https://dev.redboxsa.com/v3/api/shipper/open-multiple-door-express 
 path_url=/v3/api/shipper/open-multiple-door-express 
 headers={'User-Agent': 'python-requests/2.32.3', 'Accept-Encoding': 'gzip, deflate', 'Accept': '*/*', 'Connection': 'keep-alive', 'Content-Type': 'application/json', 'Authorization': 'Bearer eyJhbGciOiJIUzI1NiIsInR5cCI6IkpXVCJ9.eyJpZCI6IjY2YWM1MjQ3YzY3N2IzY2YwNjY3OWFlMSIsImtleSI6IjIwMjUtMDYtMDNUMTE6MDk6MDEuMTM0WiIsImlhdCI6MTc0ODk0ODk0MX0.gnQl61uyscxH69ymHQvC5bWFTPe3WjCpz2EVrjzYgb0', 'organization-id': '5d2853e265889422de40f2f3', 'locker-id': '65aa37553a403d2b4b366b47', 'point-id': '5d2855e065889422de40f2fe', 'cookie': 'connect.sid=s%3AWOAKd-qpcmp6vgEQo6FmIg5AUpEChN9d.8VOl2rP7eV61zNGDDVd1VLSpAP66cTBCmVnt%2B%2FF7AAc', 'Content-Length': '155'} 
 body=b'{"door_id": "65aa377b3a403d2b4b366b5c", "organization_id": "5d2853e265889422de40f2f3", "locker_id": "65aa37553a403d2b4b366b47", "timestamp": 1748948973000}' 
 </msg>
<msg time="2025-06-03T18:09:34.483383" level="INFO">POST Response : url=https://dev.redboxsa.com/v3/api/shipper/open-multiple-door-express 
 status=200, reason=OK 
 headers={'Server': 'nginx/1.18.0 (Ubuntu)', 'Date': 'Tue, 03 Jun 2025 11:09:33 GMT', 'Content-Type': 'text/html; charset=utf-8', 'Transfer-Encoding': 'chunked', 'Connection': 'keep-alive', 'Access-Control-Allow-Origin': '*', 'x-frame-options': 'SAMEORIGIN', 'x-xss-protection': '1; mode=block', 'ETag': 'W/"2f-oG0oi2EFMZ2L71LUenbolxDpGz8"', 'Vary': 'Accept-Encoding', 'Content-Encoding': 'gzip'} 
 body={"state":false,"msg":"you_have_not_permission"} 
 </msg>
<msg time="2025-06-03T18:09:34.483383" level="INFO">${RESPONSE} = &lt;Response [200]&gt;</msg>
<var>${RESPONSE}</var>
<arg>${shipper_api["${env}"]}/open-multiple-door-express</arg>
<arg>json=${BODY}</arg>
<arg>headers=${HEADERS}</arg>
<doc>Sends a POST request.</doc>
<status status="PASS" start="2025-06-03T18:09:33.729358" elapsed="0.754025"/>
</kw>
<kw name="Set Variable" owner="BuiltIn">
<msg time="2025-06-03T18:09:34.485885" level="INFO">${json_data} = {'state': False, 'msg': 'you_have_not_permission'}</msg>
<var>${json_data}</var>
<arg>${RESPONSE.json()}</arg>
<doc>Returns the given values which can then be assigned to a variables.</doc>
<status status="PASS" start="2025-06-03T18:09:34.484380" elapsed="0.001505"/>
</kw>
<kw name="Get From Dictionary" owner="Collections">
<msg time="2025-06-03T18:09:34.486882" level="FAIL">Dictionary does not contain key 'doors'.</msg>
<var>${doors}</var>
<arg>${json_data}</arg>
<arg>doors</arg>
<doc>Returns a value from the given ``dictionary`` based on the given ``key``.</doc>
<status status="FAIL" start="2025-06-03T18:09:34.485885" elapsed="0.003991">Dictionary does not contain key 'doors'.</status>
</kw>
<kw name="Log" owner="BuiltIn">
<arg>${doors}</arg>
<doc>Logs the given message with the given level.</doc>
<status status="NOT RUN" start="2025-06-03T18:09:34.489876" elapsed="0.000996"/>
</kw>
<kw name="Should Be Equal As Strings" owner="BuiltIn">
<arg>${door_id["${env}"]}</arg>
<arg>${doors}</arg>
<doc>Fails if objects are unequal after converting them to strings.</doc>
<status status="NOT RUN" start="2025-06-03T18:09:34.490872" elapsed="0.000000"/>
</kw>
<arg>${env}</arg>
<arg>${driver_token}</arg>
<doc>Authorization token of driver, locker id, point id, organization id of Redbox are required in Headers</doc>
<status status="FAIL" start="2025-06-03T18:09:33.719412" elapsed="0.771460">Dictionary does not contain key 'doors'.</status>
</kw>
<kw name="API Driver deposits Express shipments" owner="keywords">
<arg>${env}</arg>
<arg>${driver_token}</arg>
<doc>Authorization token of driver, locker id, point id, organization id of Redbox are required in Headers</doc>
<status status="NOT RUN" start="2025-06-03T18:09:34.491870" elapsed="0.000000"/>
</kw>
<kw name="API get token locker" owner="keywords">
<var>${locker_token}</var>
<arg>${env}</arg>
<arg>866732032337033</arg>
<doc>Call API to get token of locker</doc>
<status status="NOT RUN" start="2025-06-03T18:09:34.493863" elapsed="0.000000"/>
</kw>
<kw name="API Customer pickup Express shipments from Locker" owner="keywords">
<arg>${env}</arg>
<arg>${locker_token}</arg>
<doc>Authorization token of locker, locker id, point id are required in Headers</doc>
<status status="NOT RUN" start="2025-06-03T18:09:34.494861" elapsed="0.000000"/>
</kw>
<kw name="Close Browser" owner="Selenium2Library" type="TEARDOWN">
<doc>Closes the current browser.</doc>
<status status="PASS" start="2025-06-03T18:09:34.495858" elapsed="0.000000"/>
</kw>
<status status="FAIL" start="2025-06-03T18:09:29.996483" elapsed="4.499375">Dictionary does not contain key 'doors'.</status>
</test>
<status status="FAIL" start="2025-06-03T18:09:29.953290" elapsed="4.544562"/>
</suite>
<status status="FAIL" start="2025-06-03T18:09:29.033410" elapsed="5.465440"/>
</suite>
<statistics>
<total>
<stat pass="0" fail="1" skip="0">All Tests</stat>
</total>
<tag>
</tag>
<suite>
<stat pass="0" fail="1" skip="0" id="s1" name="Redbox1">Redbox1</stat>
<stat pass="0" fail="1" skip="0" id="s1-s1" name="Testcase">Redbox1.Testcase</stat>
</suite>
</statistics>
<errors>
<msg time="2025-06-03T18:09:28.952932" level="WARN">Error in file 'c:\Users\Lan Anh\Documents\GitHub\Redbox1\keywords.robot' on line 230: The '[Return]' setting is deprecated. Use the 'RETURN' statement instead.</msg>
<msg time="2025-06-03T18:09:28.953929" level="WARN">Error in file 'c:\Users\Lan Anh\Documents\GitHub\Redbox1\keywords.robot' on line 242: The '[Return]' setting is deprecated. Use the 'RETURN' statement instead.</msg>
<msg time="2025-06-03T18:09:29.964261" level="WARN">Error in file 'c:\Users\Lan Anh\Documents\GitHub\Redbox1\keywords.robot' on line 230: The '[Return]' setting is deprecated. Use the 'RETURN' statement instead.</msg>
<msg time="2025-06-03T18:09:29.964261" level="WARN">Error in file 'c:\Users\Lan Anh\Documents\GitHub\Redbox1\keywords.robot' on line 242: The '[Return]' setting is deprecated. Use the 'RETURN' statement instead.</msg>
<msg time="2025-06-03T18:09:32.963406" level="WARN">Keyword 'RequestsLibrary.To Json' is deprecated. Please use ${resp.json()} instead. Have a look at the improved HTML output as pretty printing replacement.</msg>
</errors>
</robot>
