<?xml version="1.0" encoding="UTF-8"?>
<robot generator="Robot 7.1.1 (Python 3.12.8 on win32)" generated="2025-05-26T19:41:03.015162" rpa="false" schemaversion="5">
<suite id="s1" name="Redbox1" source="d:\Redbox_Auto\Redbox1">
<suite id="s1-s1" name="Testcase" source="d:\Redbox_Auto\Redbox1\testcase.robot">
<test id="s1-s1-t1" name="Express Flow" line="376">
<kw name="Set Variable" owner="BuiltIn">
<msg time="2025-05-26T19:41:03.666776" level="INFO">${env} = dev</msg>
<var>${env}</var>
<arg>dev</arg>
<doc>Returns the given values which can then be assigned to a variables.</doc>
<status status="PASS" start="2025-05-26T19:41:03.665777" elapsed="0.001996"/>
</kw>
<kw name="API get token driver" owner="keywords">
<kw name="Create Dictionary" owner="BuiltIn">
<msg time="2025-05-26T19:41:03.669768" level="INFO">${headers} = {'Cookie': 'connect.sid=s%3Ac-C8Ua7JWn_dy3gvH5PC8rUIzj6DPUIz.CtE1ied8oMyXJFLbnHY6zTUAx5ueftByHLPjL8tJMH4'}</msg>
<var>${headers}</var>
<arg>Cookie=connect.sid=s%3Ac-C8Ua7JWn_dy3gvH5PC8rUIzj6DPUIz.CtE1ied8oMyXJFLbnHY6zTUAx5ueftByHLPjL8tJMH4</arg>
<doc>Creates and returns a dictionary based on the given ``items``.</doc>
<status status="PASS" start="2025-05-26T19:41:03.668770" elapsed="0.000998"/>
</kw>
<kw name="GET" owner="RequestsLibrary">
<msg time="2025-05-26T19:41:04.763123" level="INFO">GET Request : url=https://dev.redboxsa.com/v3/api/shipper/get-list-driver 
 path_url=/v3/api/shipper/get-list-driver 
 headers={'User-Agent': 'python-requests/2.32.3', 'Accept-Encoding': 'gzip, deflate', 'Accept': '*/*', 'Connection': 'keep-alive', 'Cookie': 'connect.sid=s%3Ac-C8Ua7JWn_dy3gvH5PC8rUIzj6DPUIz.CtE1ied8oMyXJFLbnHY6zTUAx5ueftByHLPjL8tJMH4'} 
 body=None 
 </msg>
<msg time="2025-05-26T19:41:04.764121" level="INFO">GET Response : url=https://dev.redboxsa.com/v3/api/shipper/get-list-driver 
 status=200, reason=OK 
 headers={'Server': 'nginx/1.18.0 (Ubuntu)', 'Date': 'Mon, 26 May 2025 12:41:04 GMT', 'Content-Type': 'text/html; charset=utf-8', 'Transfer-Encoding': 'chunked', 'Connection': 'keep-alive', 'Access-Control-Allow-Origin': '*', 'x-frame-options': 'SAMEORIGIN', 'x-xss-protection': '1; mode=block', 'ETag': 'W/"37c6f-iWfg7dCXNWVqG1DsjggH3xH0uR0"', 'Vary': 'Accept-Encoding', 'Content-Encoding': 'gzip'} 
 body={"state":true,"data":[{"id":"5e5bc79a2d2cb309354dd8a8","name":"Abdullah (TEST DRIVER)","code":"AHZORUKZ","token":"eyJhbGciOiJIUzI1NiIsInR5cCI6IkpXVCJ9.eyJpZCI6IjVlNWJjNzlhMmQyY2IzMDkzNTRkZDhhOCIsImtleSI6IjIwMjUtMDUtMjZUMTI6NDE6MDEuNDg2WiIsImlhdCI6MTc0ODI2MzI2MX0.33M-ISE5lR_0JDCG6rIKlne-gO0U84EQJS0Iq3iOgqE","organizations":[],"type":"Driver","need_otp":false,"permissions":["Delivery","Return"]},{"id":"5d66374c1b9b266707ad8149","name":"Tran Anh","code":"ANF76I9V","token":"eyJhbGciOiJIUzI1NiIsInR5cCI6IkpXVCJ9.eyJpZCI6IjVkNjYzNzRjMWI5YjI2NjcwN2FkODE0OSIsImtleSI6IjIwMjUtMDUtMjZUMTI6NDE6MDEuNDg2WiIsImlhdCI6MTc0ODI2MzI2MX0.F-f30c6BuW_Tql3Jg63D2IYXHa6sQ1a2qERcTAY0pqU","organizations":[{"organizationId":{"_id":"5d2854dd65889422de40f2f7","organizationLogo":"https://stage.redboxsa.com/logo_niceone.png","organizationType":"Agency","trackingNumberPickUpLength":12,"organizationName":"Niceone-OLDD","uniqueName":null},"organizationRoles":{"_id":"5d66374c1b9b266707ad814a","permissions":["Delivery","Return","Expired"],"organizationId":"5d2854dd65889422de40f2f7","type":"Driver","userId":"5d66374c1b9b266707ad8149","__v":0,"createdAt":"2019-08-28T08:11:56.767Z","updatedAt":"2020-02-21T10:41:51.969Z"}}],"type":"Driver","need_otp":false,"permissions":[]},{"id":"5e7343766082d44d1bf15581","name":"Abdullah (test)","code":"APLVNMTM","token":"eyJhbGciOiJIUzI1NiIsInR5cCI6IkpXVCJ9.eyJpZCI6IjVlNzM0Mzc2NjA4MmQ0NGQxYmYxNTU4MSIsImtleSI6IjIwMjUtMDUtMjZUMTI6NDE6MDEuNDg2WiIsImlhdCI6MTc0ODI2MzI2MX0.y1zaolexTkT-h3aBtD_vUelBXScKcNynRTbKxdw2iBI","organizations":[{"organizationId":{"_id":"5e43bd282a2ec528267c0d86","organizationLogo":"https://redbox-aws-s3-bucket.s3.amazonaws.com/organization_4sjodmpdy_avatar_200x200","organizationType":"Agency","trackingNumberPickUpLength":12,"organizationName":"Salasa","uniqueName":"aamar"},"organizationRoles":{"_id":"5e7343766082d44d1bf15583","permissions":["Delivery","Return","Expired"],"createdType":"Assign","organizationId":"5e43bd282a2ec528267c0d86","type":"Driver","userId":"5e7343766082d44d1bf15581","__v":0,"createdAt":"2020-03-19T10:03:34.417Z","updatedAt":"2020-03-19T10:03:34.417Z"}}],"type":"Driver","need_otp":false,"permissions":["Delivery","Return","Expired"]},{"id":"5f321e2375fe8312ba66b5d4","name":"Driver Aramex 01","code":"ARMX1382","token":"eyJhbGciOiJIUzI1NiIsInR5cCI6IkpXVCJ9.eyJpZCI6IjVmMzIxZTIzNzVmZTgzMTJiYTY2YjVkNCIsImtleSI6IjIwMjUtMDUtMjZUMTI6NDE6MDEuNDg2WiIsImlhdCI6MTc0ODI2MzI2MX0.g_9wYlQfRIIq5kn-Sr0NE8gNVNXf5nElRwBFJMJj33Y","organizations":[{"organizationId":{"_id":"5e42ed9a26052911830a951e","organizationLogo":"https://redbox-aws-s3-bucket.s3.amazonaws.com/organization_n5lm77l6l_avatar_200x200","organizationType":"Agency","trackingNumberPickUpLength":11,"organizationName":"Aramex","uniqueName":"aramex"},"organizationRoles":{"_id":"5f321e2375fe8312ba66b5d6","permissions":["Delivery","Return","Expired"],"createdType":"Assign","organizationId":"5e42ed9a26052911830a951e","type":"Driver","userId":"5f321e2375fe8312ba66b5d4","__v":0,"createdAt":"2020-08-11T04:27:15.057Z","updatedAt":"2020-08-11T04:27:15.057Z"}}],"type":"Driver","need_otp":false,"permissions":["Delivery"]},{"id":"6175120e1bdd8d3dfe84cfd5","name":"Aramex Driver","code":"ARMX1892","token":"eyJhbGciOiJIUzI1NiIsInR5cCI6IkpXVCJ9.eyJpZCI6IjYxNzUxMjBlMWJkZDhkM2RmZTg0Y2ZkNSIsImtleSI6IjIwMjUtMDUtMjZUMTI6NDE6MDEuNDg2WiIsImlhdCI6MTc0ODI2MzI2MX0.9FW05GTxOZmlxU30TnyrrmBOkzW-n4Yk9UD57liaxYc","organizations":[{"organizationId":{"_id":"5e42ed9a26052911830a951e","organizationLogo":"https://redbox-aws-s3-bucket.s3.amazonaws.com/organization_n5lm77l6l_avatar_200x200","organizationType":"Agency","trackingNumberPickUpLength":11,"organizationName":"Aramex","uniqueName":"aramex"},"organizationRoles":{"_id":"617512c91bdd8d3dfe84cfe3","permissions":["Delivery","Expired"],"createdType":"Assign","organizationId":"5e42ed9a26052911830a951e","type":"Driver","userId":"6175120e1bdd8d3dfe84cfd5","createdAt":"2021-10-24T08:01:13.732Z","updatedAt":"2021-10-24T08:01:13.732Z","__v":0}}],"type":"Driver","need_otp":false,"permissions":["Delivery","Expired"]},{"id":"5d48e8e36eb1ab7be6eaed29","name":"Phan Huy","code":"AUI78UNG","token":"eyJhbGciOiJIUzI1NiIsInR5cCI6IkpXVCJ9.eyJpZCI6IjVkNDhlOGUzNmViMWFiN2JlNmVhZWQyOSIsImtleSI6IjIwMjUtMDUtMjZUMTI6NDE6MDEuNDg2WiIsImlhdCI6MTc0ODI2MzI2MX0.Q7McuWUgzocA3OB4sBAyiH4EJw1er2320LiNe39x_6M","organizations":[{"organizationId":{"_id":"5d2854dd65889422de40f2f7","organizationLogo":"https://stage.redboxsa.com/logo_niceone.png","organizationType":"Agency","trackingNumberPickUpLength":12,"organizationName":"Niceone-OLDD","uniqueName":null},"organizationRoles":{"_id":"5d48e8e36eb1ab7be6eaed2b","permissions":["Delivery","Return","Expired"],"organizationId":"5d2854dd65889422de40f2f7","type":"Driver","userId":"5d48e8e36eb1ab7be6eaed29","__v":0,"createdAt":"2019-08-06T02:41:39.254Z","updatedAt":"2019-10-24T04:19:00.558Z"}},{"organizationId":{"_id":"5dea0ff6a46f57513d3ccc5e","organizationLogo":"https://stage.redboxsa.com/logo_jollychic.png","organizationType":"Business","trackingNumberPickUpLength":12,"organizationName":"jollychic","uniqueName":null},"organizationRoles":{"_id":"5decfc15433e365432775bb6","permissions":["Delivery","Return","Expired"],"organizationId":"5dea0ff6a46f57513d3ccc5e","type":"Driver","userId":"5d48e8e36eb1ab7be6eaed29","createdAt":"2019-12-08T13:35:17.804Z","updatedAt":"2019-12-08T13:35:17.804Z","__v":0}}],"type":"Driver","need_otp":false,"permissions":[]},{"id":"5e5ba56b2d2cb309354dd893","name":"Khac Diep","code":"BIKUEXYN","token":"eyJhbGciOiJIUzI1NiIsInR5cCI6IkpXVCJ9.eyJpZCI6IjVlNWJhNTZiMmQyY2IzMDkzNTRkZDg5MyIsImtleSI6IjIwMjUtMDUtMjZUMTI6NDE6MDEuNDg2WiIsImlhdCI6MTc0ODI2MzI2MX0.7EO35CewWR_Z6agnK4G_gyfeBoWShMr6Ibkdw_klQAw","organizations":[{"organizationId":{"_id":"5d2854dd65889422de40f2f7","organizationLogo":"https://stage.redboxsa.com/logo_niceone.png","organizationType":"Agency","trackingNumberPickUpLength":12,"organizationName":"Niceone-OLDD","uniqueName":null},"organizationRoles":{"_id":"5e5ba56b2d2cb309354dd894","permissions":["Delivery","Return","Expired"],"createdType":"Create","organizationId":"5d2854dd65889422de40f2f7","type":"Driver","userId":"5e5ba56b2d2cb309354dd893","__v":0,"createdAt":"2020-03-01T12:07:07.224Z","updatedAt":"2020-03-01T12:07:07.224Z"}}],"type":"Driver","need_otp":false,"permissions":[]},{"id":"5e2d88354c5e5369fc013502","name":"momen","code":"BWSHEPZH","token":"eyJhbGciOiJIUzI1NiIsInR5cCI6IkpXVCJ9.eyJpZCI6IjVlMmQ4ODM1NGM1ZTUzNjlmYzAxMzUwMiIsImtleSI6IjIwMjUtMDUtMjZUMTI6NDE6MDEuNDg2WiIsImlhdCI6MTc0ODI2MzI2MX0.h-R0SBBefVWkaxRpvAMvihqhJ5TYVN-LZjFcfrIHqAg","organizations":[{"organizationId":{"_id":"5d2854dd65889422de40f2f7","organizationLogo":"https://stage.redboxsa.com/logo_niceone.png","organizationType":"Agency","trackingNumberPickUpLength":12,"organizationName":"Niceone-OLDD","uniqueName":null},"organizationRoles":{"_id":"5e2d88354c5e5369fc013504","permissions":["Delivery","Return","Expired"],"createdType":"Assign","organizationId":"5d2854dd65889422de40f2f7","type":"Driver","userId":"5e2d88354c5e5369fc013502","__v":0,"createdAt":"2020-01-26T12:38:13.268Z","updatedAt":"2020-01-26T12:38:13.268Z"}}],"type":"Driver","need_otp":false,"permissions":[]},{"id":"5e2d8a374c5e5369fc01351b","name":"Momen","code":"CBRAWQQU","token":"eyJhbGciOiJIUzI1NiIsInR5cCI6IkpXVCJ9.eyJpZCI6IjVlMmQ4YTM3NGM1ZTUzNjlmYzAxMzUxYiIsImtleSI6IjIwMjUtMDUtMjZUMTI6NDE6MDEuNDg3WiIsImlhdCI6MTc0ODI2MzI2MX0._aP-Hd2IZTPcqxDQZNRPc4ZtFL210Zj1IkaqLWGdRgw","organizations":[{"organizationId":{"_id":"5d2854dd65889422de40f2f7","organizationLogo":"https://stage.redboxsa.com/logo_niceone.png","organizationType":"Agency","trackingNumberPickUpLength":12,"organizationName":"Niceone-OLDD","uniqueName":null},"organizationRoles":{"_id":"5e2d8a374c5e5369fc01351d","permissions":["Delivery","Return","Expired"],"createdType":"Assign","organizationId":"5d2854dd65889422de40f2f7","type":"Driver","userId":"5e2d8a374c5e5369fc01351b","__v":0,"createdAt":"2020-01-26T12:46:47.612Z","updatedAt":"2020-01-26T12:46:47.612Z"}}],"type":"Driver","need_otp":false,"permissions":[]},{"id":"620347a077628b1d1d16db8a","name":"Datleredbox","code":"DFACPDYV","token":"eyJhbGciOiJIUzI1NiIsInR5cCI6IkpXVCJ9.eyJpZCI6IjYyMDM0N2EwNzc2MjhiMWQxZDE2ZGI4YSIsImtleSI6IjIwMjUtMDUtMjZUMTI6NDE6MDEuNDg3WiIsImlhdCI6MTc0ODI2MzI2MX0.yZ7yvcV-18ILEx-EkiMYV-fZAyFE3SyJDBHwoY0dBp8","organizations":[],"type":"Driver","need_otp":false,"permissions":["Delivery"]},{"id":"5e5ba5832d2cb309354dd896","name":"Khac Diep","code":"DJWBPFVD","token":"eyJhbGciOiJIUzI1NiIsInR5cCI6IkpXVCJ9.eyJpZCI6IjVlNWJhNTgzMmQyY2IzMDkzNTRkZDg5NiIsImtleSI6IjIwMjUtMDUtMjZUMTI6NDE6MDEuNDg3WiIsImlhdCI6MTc0ODI2MzI2MX0.ojRZldPYhvp4L1ru4o64cVBTh4iCYDk12ISKlE0uVZ4","organizations":[{"organizationId":{"_id":"5d2854dd65889422de40f2f7","organizationLogo":"https://stage.redboxsa.com/logo_niceone.png","organizationType":"Agency","trackingNumberPickUpLength":12,"organizationName":"Niceone-OLDD","uniqueName":null},"organizationRoles":{"_id":"5e5ba5832d2cb309354dd897","permissions":["Delivery","Return","Expired"],"createdType":"Create","organizationId":"5d2854dd65889422de40f2f7","type":"Driver","userId":"5e5ba5832d2cb309354dd896","__v":0,"createdAt":"2020-03-01T12:07:31.198Z","updatedAt":"2020-03-01T12:07:31.198Z"}}],"type":"Driver","need_otp":false,"permissions":[]},{"id":"6593e175fe970a36cc39d691","name":"Sophia Nguyen Dev","code":"DNOJQLPU","token":"eyJhbGciOiJIUzI1NiIsInR5cCI6IkpXVCJ9.eyJpZCI6IjY1OTNlMTc1ZmU5NzBhMzZjYzM5ZDY5MSIsImtleSI6IjIwMjUtMDUtMjZUMTI6NDE6MDEuNDg3WiIsImlhdCI6MTc0ODI2MzI2MX0.doYghGIqj662IYjAZX5qnZ312KtXoHYPfh8_f_58QeA","organizations":[{"organizationId":{"_id":"5e782d3430892b2a423a0d4e","organizationLogo":"https://redbox-aws-s3-bucket.s3.amazonaws.com/1606847716427blob","organizationType":"Agency","trackingNumberPickUpLength":12,"organizationName":"RedBox Agency","uniqueName":"salasa1"},"organizationRoles":{"_id":"67d95f2ad14aa3a117b2beb7","permissions":["Delivery","Return","Expired","Express","GA","Store","Sampling","LockerRetu... (set the log level to DEBUG or TRACE to see the full content) 
 </msg>
<msg time="2025-05-26T19:41:04.767123" level="INFO">${response} = &lt;Response [200]&gt;</msg>
<var>${response}</var>
<arg>${shipper_api["${env}"]}/get-list-driver</arg>
<arg>headers=${headers}</arg>
<doc>Sends a GET request.</doc>
<status status="PASS" start="2025-05-26T19:41:03.669768" elapsed="1.098348"/>
</kw>
<kw name="To Json" owner="RequestsLibrary">
<msg time="2025-05-26T19:41:04.769079" level="WARN">Keyword 'RequestsLibrary.To Json' is deprecated. Please use ${resp.json()} instead. Have a look at the improved HTML output as pretty printing replacement.</msg>
<msg time="2025-05-26T19:41:04.778050" level="INFO">To JSON using : content={"state":true,"data":[{"id":"5e5bc79a2d2cb309354dd8a8","name":"Abdullah (TEST DRIVER)","code":"AHZORUKZ","token":"eyJhbGciOiJIUzI1NiIsInR5cCI6IkpXVCJ9.eyJpZCI6IjVlNWJjNzlhMmQyY2IzMDkzNTRkZDhhOCIsImtleSI6IjIwMjUtMDUtMjZUMTI6NDE6MDEuNDg2WiIsImlhdCI6MTc0ODI2MzI2MX0.33M-ISE5lR_0JDCG6rIKlne-gO0U84EQJS0Iq3iOgqE","organizations":[],"type":"Driver","need_otp":false,"permissions":["Delivery","Return"]},{"id":"5d66374c1b9b266707ad8149","name":"Tran Anh","code":"ANF76I9V","token":"eyJhbGciOiJIUzI1NiIsInR5cCI6IkpXVCJ9.eyJpZCI6IjVkNjYzNzRjMWI5YjI2NjcwN2FkODE0OSIsImtleSI6IjIwMjUtMDUtMjZUMTI6NDE6MDEuNDg2WiIsImlhdCI6MTc0ODI2MzI2MX0.F-f30c6BuW_Tql3Jg63D2IYXHa6sQ1a2qERcTAY0pqU","organizations":[{"organizationId":{"_id":"5d2854dd65889422de40f2f7","organizationLogo":"https://stage.redboxsa.com/logo_niceone.png","organizationType":"Agency","trackingNumberPickUpLength":12,"organizationName":"Niceone-OLDD","uniqueName":null},"organizationRoles":{"_id":"5d66374c1b9b266707ad814a","permissions":["Delivery","Return","Expired"],"organizationId":"5d2854dd65889422de40f2f7","type":"Driver","userId":"5d66374c1b9b266707ad8149","__v":0,"createdAt":"2019-08-28T08:11:56.767Z","updatedAt":"2020-02-21T10:41:51.969Z"}}],"type":"Driver","need_otp":false,"permissions":[]},{"id":"5e7343766082d44d1bf15581","name":"Abdullah (test)","code":"APLVNMTM","token":"eyJhbGciOiJIUzI1NiIsInR5cCI6IkpXVCJ9.eyJpZCI6IjVlNzM0Mzc2NjA4MmQ0NGQxYmYxNTU4MSIsImtleSI6IjIwMjUtMDUtMjZUMTI6NDE6MDEuNDg2WiIsImlhdCI6MTc0ODI2MzI2MX0.y1zaolexTkT-h3aBtD_vUelBXScKcNynRTbKxdw2iBI","organizations":[{"organizationId":{"_id":"5e43bd282a2ec528267c0d86","organizationLogo":"https://redbox-aws-s3-bucket.s3.amazonaws.com/organization_4sjodmpdy_avatar_200x200","organizationType":"Agency","trackingNumberPickUpLength":12,"organizationName":"Salasa","uniqueName":"aamar"},"organizationRoles":{"_id":"5e7343766082d44d1bf15583","permissions":["Delivery","Return","Expired"],"createdType":"Assign","organizationId":"5e43bd282a2ec528267c0d86","type":"Driver","userId":"5e7343766082d44d1bf15581","__v":0,"createdAt":"2020-03-19T10:03:34.417Z","updatedAt":"2020-03-19T10:03:34.417Z"}}],"type":"Driver","need_otp":false,"permissions":["Delivery","Return","Expired"]},{"id":"5f321e2375fe8312ba66b5d4","name":"Driver Aramex 01","code":"ARMX1382","token":"eyJhbGciOiJIUzI1NiIsInR5cCI6IkpXVCJ9.eyJpZCI6IjVmMzIxZTIzNzVmZTgzMTJiYTY2YjVkNCIsImtleSI6IjIwMjUtMDUtMjZUMTI6NDE6MDEuNDg2WiIsImlhdCI6MTc0ODI2MzI2MX0.g_9wYlQfRIIq5kn-Sr0NE8gNVNXf5nElRwBFJMJj33Y","organizations":[{"organizationId":{"_id":"5e42ed9a26052911830a951e","organizationLogo":"https://redbox-aws-s3-bucket.s3.amazonaws.com/organization_n5lm77l6l_avatar_200x200","organizationType":"Agency","trackingNumberPickUpLength":11,"organizationName":"Aramex","uniqueName":"aramex"},"organizationRoles":{"_id":"5f321e2375fe8312ba66b5d6","permissions":["Delivery","Return","Expired"],"createdType":"Assign","organizationId":"5e42ed9a26052911830a951e","type":"Driver","userId":"5f321e2375fe8312ba66b5d4","__v":0,"createdAt":"2020-08-11T04:27:15.057Z","updatedAt":"2020-08-11T04:27:15.057Z"}}],"type":"Driver","need_otp":false,"permissions":["Delivery"]},{"id":"6175120e1bdd8d3dfe84cfd5","name":"Aramex Driver","code":"ARMX1892","token":"eyJhbGciOiJIUzI1NiIsInR5cCI6IkpXVCJ9.eyJpZCI6IjYxNzUxMjBlMWJkZDhkM2RmZTg0Y2ZkNSIsImtleSI6IjIwMjUtMDUtMjZUMTI6NDE6MDEuNDg2WiIsImlhdCI6MTc0ODI2MzI2MX0.9FW05GTxOZmlxU30TnyrrmBOkzW-n4Yk9UD57liaxYc","organizations":[{"organizationId":{"_id":"5e42ed9a26052911830a951e","organizationLogo":"https://redbox-aws-s3-bucket.s3.amazonaws.com/organization_n5lm77l6l_avatar_200x200","organizationType":"Agency","trackingNumberPickUpLength":11,"organizationName":"Aramex","uniqueName":"aramex"},"organizationRoles":{"_id":"617512c91bdd8d3dfe84cfe3","permissions":["Delivery","Expired"],"createdType":"Assign","organizationId":"5e42ed9a26052911830a951e","type":"Driver","userId":"6175120e1bdd8d3dfe84cfd5","createdAt":"2021-10-24T08:01:13.732Z","updatedAt":"2021-10-24T08:01:13.732Z","__v":0}}],"type":"Driver","need_otp":false,"permissions":["Delivery","Expired"]},{"id":"5d48e8e36eb1ab7be6eaed29","name":"Phan Huy","code":"AUI78UNG","token":"eyJhbGciOiJIUzI1NiIsInR5cCI6IkpXVCJ9.eyJpZCI6IjVkNDhlOGUzNmViMWFiN2JlNmVhZWQyOSIsImtleSI6IjIwMjUtMDUtMjZUMTI6NDE6MDEuNDg2WiIsImlhdCI6MTc0ODI2MzI2MX0.Q7McuWUgzocA3OB4sBAyiH4EJw1er2320LiNe39x_6M","organizations":[{"organizationId":{"_id":"5d2854dd65889422de40f2f7","organizationLogo":"https://stage.redboxsa.com/logo_niceone.png","organizationType":"Agency","trackingNumberPickUpLength":12,"organizationName":"Niceone-OLDD","uniqueName":null},"organizationRoles":{"_id":"5d48e8e36eb1ab7be6eaed2b","permissions":["Delivery","Return","Expired"],"organizationId":"5d2854dd65889422de40f2f7","type":"Driver","userId":"5d48e8e36eb1ab7be6eaed29","__v":0,"createdAt":"2019-08-06T02:41:39.254Z","updatedAt":"2019-10-24T04:19:00.558Z"}},{"organizationId":{"_id":"5dea0ff6a46f57513d3ccc5e","organizationLogo":"https://stage.redboxsa.com/logo_jollychic.png","organizationType":"Business","trackingNumberPickUpLength":12,"organizationName":"jollychic","uniqueName":null},"organizationRoles":{"_id":"5decfc15433e365432775bb6","permissions":["Delivery","Return","Expired"],"organizationId":"5dea0ff6a46f57513d3ccc5e","type":"Driver","userId":"5d48e8e36eb1ab7be6eaed29","createdAt":"2019-12-08T13:35:17.804Z","updatedAt":"2019-12-08T13:35:17.804Z","__v":0}}],"type":"Driver","need_otp":false,"permissions":[]},{"id":"5e5ba56b2d2cb309354dd893","name":"Khac Diep","code":"BIKUEXYN","token":"eyJhbGciOiJIUzI1NiIsInR5cCI6IkpXVCJ9.eyJpZCI6IjVlNWJhNTZiMmQyY2IzMDkzNTRkZDg5MyIsImtleSI6IjIwMjUtMDUtMjZUMTI6NDE6MDEuNDg2WiIsImlhdCI6MTc0ODI2MzI2MX0.7EO35CewWR_Z6agnK4G_gyfeBoWShMr6Ibkdw_klQAw","organizations":[{"organizationId":{"_id":"5d2854dd65889422de40f2f7","organizationLogo":"https://stage.redboxsa.com/logo_niceone.png","organizationType":"Agency","trackingNumberPickUpLength":12,"organizationName":"Niceone-OLDD","uniqueName":null},"organizationRoles":{"_id":"5e5ba56b2d2cb309354dd894","permissions":["Delivery","Return","Expired"],"createdType":"Create","organizationId":"5d2854dd65889422de40f2f7","type":"Driver","userId":"5e5ba56b2d2cb309354dd893","__v":0,"createdAt":"2020-03-01T12:07:07.224Z","updatedAt":"2020-03-01T12:07:07.224Z"}}],"type":"Driver","need_otp":false,"permissions":[]},{"id":"5e2d88354c5e5369fc013502","name":"momen","code":"BWSHEPZH","token":"eyJhbGciOiJIUzI1NiIsInR5cCI6IkpXVCJ9.eyJpZCI6IjVlMmQ4ODM1NGM1ZTUzNjlmYzAxMzUwMiIsImtleSI6IjIwMjUtMDUtMjZUMTI6NDE6MDEuNDg2WiIsImlhdCI6MTc0ODI2MzI2MX0.h-R0SBBefVWkaxRpvAMvihqhJ5TYVN-LZjFcfrIHqAg","organizations":[{"organizationId":{"_id":"5d2854dd65889422de40f2f7","organizationLogo":"https://stage.redboxsa.com/logo_niceone.png","organizationType":"Agency","trackingNumberPickUpLength":12,"organizationName":"Niceone-OLDD","uniqueName":null},"organizationRoles":{"_id":"5e2d88354c5e5369fc013504","permissions":["Delivery","Return","Expired"],"createdType":"Assign","organizationId":"5d2854dd65889422de40f2f7","type":"Driver","userId":"5e2d88354c5e5369fc013502","__v":0,"createdAt":"2020-01-26T12:38:13.268Z","updatedAt":"2020-01-26T12:38:13.268Z"}}],"type":"Driver","need_otp":false,"permissions":[]},{"id":"5e2d8a374c5e5369fc01351b","name":"Momen","code":"CBRAWQQU","token":"eyJhbGciOiJIUzI1NiIsInR5cCI6IkpXVCJ9.eyJpZCI6IjVlMmQ4YTM3NGM1ZTUzNjlmYzAxMzUxYiIsImtleSI6IjIwMjUtMDUtMjZUMTI6NDE6MDEuNDg3WiIsImlhdCI6MTc0ODI2MzI2MX0._aP-Hd2IZTPcqxDQZNRPc4ZtFL210Zj1IkaqLWGdRgw","organizations":[{"organizationId":{"_id":"5d2854dd65889422de40f2f7","organizationLogo":"https://stage.redboxsa.com/logo_niceone.png","organizationType":"Agency","trackingNumberPickUpLength":12,"organizationName":"Niceone-OLDD","uniqueName":null},"organizationRoles":{"_id":"5e2d8a374c5e5369fc01351d","permissions":["Delivery","Return","Expired"],"createdType":"Assign","organizationId":"5d2854dd65889422de40f2f7","type":"Driver","userId":"5e2d8a374c5e5369fc01351b","__v":0,"createdAt":"2020-01-26T12:46:47.612Z","updatedAt":"2020-01-26T12:46:47.612Z"}}],"type":"Driver","need_otp":false,"permissions":[]},{"id":"620347a077628b1d1d16db8a","name":"Datleredbox","code":"DFACPDYV","token":"eyJhbGciOiJIUzI1NiIsInR5cCI6IkpXVCJ9.eyJpZCI6IjYyMDM0N2EwNzc2MjhiMWQxZDE2ZGI4YSIsImtleSI6IjIwMjUtMDUtMjZUMTI6NDE6MDEuNDg3WiIsImlhdCI6MTc0ODI2MzI2MX0.yZ7yvcV-18ILEx-EkiMYV-fZAyFE3SyJDBHwoY0dBp8","organizations":[],"type":"Driver","need_otp":false,"permissions":["Delivery"]},{"id":"5e5ba5832d2cb309354dd896","name":"Khac Diep","code":"DJWBPFVD","token":"eyJhbGciOiJIUzI1NiIsInR5cCI6IkpXVCJ9.eyJpZCI6IjVlNWJhNTgzMmQyY2IzMDkzNTRkZDg5NiIsImtleSI6IjIwMjUtMDUtMjZUMTI6NDE6MDEuNDg3WiIsImlhdCI6MTc0ODI2MzI2MX0.ojRZldPYhvp4L1ru4o64cVBTh4iCYDk12ISKlE0uVZ4","organizations":[{"organizationId":{"_id":"5d2854dd65889422de40f2f7","organizationLogo":"https://stage.redboxsa.com/logo_niceone.png","organizationType":"Agency","trackingNumberPickUpLength":12,"organizationName":"Niceone-OLDD","uniqueName":null},"organizationRoles":{"_id":"5e5ba5832d2cb309354dd897","permissions":["Delivery","Return","Expired"],"createdType":"Create","organizationId":"5d2854dd65889422de40f2f7","type":"Driver","userId":"5e5ba5832d2cb309354dd896","__v":0,"createdAt":"2020-03-01T12:07:31.198Z","updatedAt":"2020-03-01T12:07:31.198Z"}}],"type":"Driver","need_otp":false,"permissions":[]},{"id":"6593e175fe970a36cc39d691","name":"Sophia Nguyen Dev","code":"DNOJQLPU","token":"eyJhbGciOiJIUzI1NiIsInR5cCI6IkpXVCJ9.eyJpZCI6IjY1OTNlMTc1ZmU5NzBhMzZjYzM5ZDY5MSIsImtleSI6IjIwMjUtMDUtMjZUMTI6NDE6MDEuNDg3WiIsImlhdCI6MTc0ODI2MzI2MX0.doYghGIqj662IYjAZX5qnZ312KtXoHYPfh8_f_58QeA","organizations":[{"organizationId":{"_id":"5e782d3430892b2a423a0d4e","organizationLogo":"https://redbox-aws-s3-bucket.s3.amazonaws.com/1606847716427blob","organizationType":"Agency","trackingNumberPickUpLength":12,"organizationName":"RedBox Agency","uniqueName":"salasa1"},"organizationRoles":{"_id":"67d95f2ad14aa3a117b2beb7","permissions":["Delivery","Return","Expired","Express","GA","Store","Sampling","LockerReturn","CleanDoor"],"createdType":"Assign","organizationId":"5e782d3430892b2a423a0d4e","type":"Driver","userId":"6593e175fe970a36cc39d691","createdAt":"2025-03-18T11:55:22.118Z","updatedAt":"2025-03-18T11:55:23.892Z","__v":0}}],"type":"Driver","need_otp":false,"permissions":["Delivery","Return","Expired","Express","GA","Store","Sampling","LockerReturn"]},{"id":"5e721f900d3cd736b0c85e98","name":"Abdullah","code":"DPEQQGXR","token":"eyJhbGciOiJIUzI1NiIsInR5cCI6IkpXVCJ9.eyJpZCI6IjVlNzIxZjkwMGQzY2Q3MzZiMGM4NWU5OCIsImtleSI6IjIwMjUtMDUtMjZUMTI6NDE6MDEuNDg3WiIsImlhdCI6MTc0ODI2MzI2MX0.IZklytXq2LBmhuh_VmBDd0aYf4AAQXjjBq61nN2isgE","organizations":[{"organizationId":{"_id":"5e43bd282a2ec528267c0d86","organizationLogo":"https://redbox-aws-s3-bucket.s3.amazonaws.com/organization_4sjodmpdy_avatar_200x200","organizationType":"Agency","trackingNumberPickUpLength":12,"organizationName":"Salasa","uniqueName":"aamar"},"organizationRoles":{"_id":"5e721f900d3cd736b0c85e9a","permissions":["Delivery","Return","Expired"],"createdType":"Assign","organizationId":"5e43bd282a2ec528267c0d86","type":"Driver","userId":"5e721f900d3cd736b0c85e98","__v":0,"createdAt":"2020-03-18T13:18:08.149Z","updatedAt":"2020-03-18T13:18:08.149Z"}}],"type":"Driver","need_otp":false,"permissions":["Delivery","Return","Expired"]},{"id":"603250bbeee3a37d1ea56ac4","name":"Quang PH","code":"DUCAGVTM","token":"eyJhbGciOiJIUzI1NiIsInR5cCI6IkpXVCJ9.eyJpZCI6IjYwMzI1MGJiZWVlM2EzN2QxZWE1NmFjNCIsImtleSI6IjIwMjUtMDUtMjZUMTI6NDE6MDEuNDg3WiIsImlhdCI6MTc0ODI2MzI2MX0.wNKibYf6KQwQxAFj0QZn1E1bBFPMlriJc0eUbFkc4CQ","organizations":[{"organizationId":{"_id":"5e42ed9a26052911830a951e","organizationLogo":"https://redbox-aws-s3-bucket.s3.amazonaws.com/organization_n5lm77l6l_avatar_200x200","organizationType":"Agency","trackingNumberPickUpLength":11,"organizationName":"Aramex","uniqueName":"aramex"},"organizationRoles":{"_id":"603250bbeee3a37d1ea56ac7","permissions":["Delivery","Return","Expired","Express","GA","Store"],"createdType":"Assign","organizationId":"5e42ed9a26052911830a951e","type":"Driver","userId":"603250bbeee3a37d1ea56ac4","__v":0,"createdAt":"2021-02-21T12:23:23.015Z","updatedAt":"2021-02-21T12:23:23.015Z"}},{"organizationId":{"_id":"61011fbe24ddd1560dd84675","organizationLogo":"https://redbox-aws-s3-bucket.s3.amazonaws.com/1643098587365blob","organizationType":"Agency","trackingNumberPickUpLength":10,"organizationName":"DHL","uniqueName":"dhl"},"organizationRoles":{"_id":"611b7159de862413e93c2605","permissions":["Delivery","Expired"],"createdType":"Assign","organizationId":"61011fbe24ddd1560dd84675","type":"Driver","userId":"603250bbeee3a37d1ea56ac4","createdAt":"2021-08-17T08:20:41.121Z","updatedAt":"2021-08-17T08:20:41.121Z","__v":0}},{"organizationId":{"_id":"61ef6eeaf9a3da609bbfdd14","organizationLogo":"https://redbox-aws-s3-bucket.s3.amazonaws.com/1643097936842blob","organizationType":"Agency","trackingNumberPickUpLength":12,"organizationName":"AJEX","uniqueName":"ajex"},"organizationRoles":{"_id":"61efaa168a3d2e06fb2e6ce0","permissions":["Delivery","Expired"],"createdType":"Assign","organizationId":"61ef6eeaf9a3da609bbfdd14","type":"Driver","userId":"603250bbeee3a37d1ea56ac4","createdAt":"2022-01-25T07:43:18.447Z","updatedAt":"2022-01-25T07:43:18.447Z","__v":0}},{"organizationId":{"_id":"6512a39b096c6b13b949dac1","organizationLogo":"/logo_merchant_default.png","organizationType":"Business","trackingNumberPickUpLength":12,"organizationName":"NOON","uniqueName":"noon"},"organizationRoles":{"_id":"6520125b1baddd707dfcf048","permissions":["Delivery","Return","Expired","Express","Store","Sampling"],"createdType":"Assign","organizationId":"6512a39b096c6b13b949dac1","type":"Driver","userId":"603250bbeee3a37d1ea56ac4","createdAt":"2023-10-06T13:57:47.957Z","updatedAt":"2023-10-06T13:57:47.957Z","__v":0}},{"organizationId":{"_id":"5e782d3430892b2a423a0d4e","organizationLogo":"https://redbox-aws-s3-bucket.s3.amazonaws.com/1606847716427blob","organizationType":"Agency","trackingNumberPickUpLength":12,"organizationName":"RedBox Agency","uniqueName":"salasa1"},"organizationRoles":{"_id":"655084708add24025f61dca6","permissions":["Delivery","Return","Expired","Express","GA","Store","Sampling","Operator"],"createdType":"Assign","organizationId":"5e782d3430892b2a423a0d4e","type":"Driver","userId":"603250bbeee3a37d1ea56ac4","createdAt":"2023-11-12T07:53:20.037Z","updatedAt":"2023-11-12T07:53:20.037Z","__v":0}},{"organizationId":{"_id":"653532fad5e81444635bb303","organizationLogo":"https://redbox-files.s3.eu-west-3.amazonaws.com/stage/avatar-logo/1697985274265blob","organizationType":"Business","trackingNumberPickUpLength":12,"organizationName":"iMile Delivery","uniqueName":null},"organizationRoles":{"_id":"65e811b6a6c871744ed2869a","permissions":["Delivery","Return","Expired","Express","Store","Sampling"],"createdType":"Assign","organizationId":"653532fad5e81444635bb303","type":"Driver","userId":"603250bbeee3a37d1ea56ac4","createdAt":"2024-03-06T06:48:22.441Z","updatedAt":"2024-03-06T06:48:22.441Z","__v":0}}],"type":"Driver","need_otp":false,"permissions":["Delivery","Return","Expired","Express","GA","Store","Sampling","Operator"]},{"id":"6805f33d2de4a0aa4dc3897b","name":"Lank driver dev 4","code":"ECQEODIC","token":"eyJhbGciOiJIUzI1NiIsInR5cCI6IkpXVCJ9.eyJpZCI6IjY4MDVmMzNkMmRlNGEwYWE0ZGMzODk3YiIsImtleSI6IjIwMjUtMDUtMjZUMTI6NDE6MDEuNDg3WiIsImlhdCI6MTc0ODI2MzI2MX0.ci2hirX9p5xpXKpsP1qJlnXke03HvXD-mTFKKnqNf34","organizations":[{"organizationId":{"_id":"5e782d3430892b2a423a0d4e","organizationLogo":"https://redbox-aws-s3-bucket.s3.amazonaws.com/1606847716427blob","organizationType":"Agency","trackingNumberPickUpLength":12,"organizationName":"RedBox Agency","uniqueName":"salasa1"},"organizationRoles":{"_id":"6805f33d2de4a0aa4dc3897d","permissions":["Express"],"createdType":"Assign","organizationId":"5e782d3430892b2a423a0d4e","type":"Driver","userId":"6805f33d2de4a0aa4dc3897b","__v":0,"createdAt":"2025-04-21T07:26:53.585Z","updatedAt":"2025-04-25T08:52:36.386Z"}},{"organizationId":{"_id":"66b06c5d9da3c7f346c44367","organizationLogo":"/logo_merchant_default.png","organizationType":"Business","trackingNumberPickUpLength":12,"organizationName":"Lan Anh store test","uniqueName":null},"organizationRoles":{"_id":"6805f9032de4a0aa4dc38a53","permissions":["Express"],"createdType":"Create","organizationId":"66b06c5d9da3c7f346c44367","userId":"6805f33d2de4a0aa4dc3897b","type":"Driver","createdAt":"2025-04-21T07:51:31.030Z","updatedAt":"2025-04-25T08:52:36.385Z","__v":0}},{"organizationId":{"_id":"5eb27b3e40f9743c12b01a42","organizationLogo":"https://gravatar.com/avatar/ccc9874a6f237bbff1582bd200b1d903?s=200&amp;d=retro","organizationType":"Agency","trackingNumberPickUpLength":12,"organizationName":"Out_Test_Store","uniqueName":null},"organizationRoles":{"_id":"6805fbcf4d23b5b523771c5b","permissions":["Express"],"createdType":"Assign","organizationId":"5eb27b3e40f9743c12b01a42","type":"Driver","userId":"6805f33d2de4a0aa4dc3897b","createdAt":"2025-04-21T08:03:27.492Z","updatedAt":"2025-04-25T08:52:36.386Z","__v":0}}],"type":"Driver","need_otp":false,"permissions":[]},{"id":"5e2d8acc4c5e5369fc013520","name":"Momen 22","code":"EHGNVADV","token":"eyJhbGciOiJIUzI1NiIsInR5cCI6IkpXVCJ9.eyJpZCI6IjVlMmQ4YWNjNGM1ZTUzNjlmYzAxMzUyMCIsImtleSI6IjIwMjUtMDUtMjZUMTI6NDE6MDEuNDg3WiIsImlhdCI6MTc0ODI2MzI2MX0.GPPP7Nt3wbUHpOglWqRTGH7QuP0X_EOIuzd7ve9ee8A","organizations":[{"organizationId":{"_id":"5d2854dd65889422de40f2f7","organizationLogo":"https://stage.redboxsa.com/logo_niceone.png","organizationType":"Agency","trackingNumberPickUpLength":12,"organizationName":"Niceone-OLDD","uniqueName":null},"organizationRoles":{"_id":"5e2d8acc4c5e5369fc013522","permissions":["Delivery","Return","Expired"],"createdType":"Assign","organizationId":"5d2854dd65889422de40f2f7","type":"Driver","userId":"5e2d8acc4c5e5369fc013520","__v":0,"createdAt":"2020-01-26T12:49:16.814Z","updatedAt":"2020-01-26T12:49:16.814Z"}}],"type":"Driver","need_otp":false,"permissions":[]},{"id":"61d407859405cc62ae772d47","name":"Krystal Lee","code":"EVDHDUBA","token":"eyJhbGciOiJIUzI1NiIsInR5cCI6IkpXVCJ9.eyJpZCI6IjYxZDQwNzg1OTQwNWNjNjJhZTc3MmQ0NyIsImtleSI6IjIwMjUtMDUtMjZUMTI6NDE6MDEuNDg3WiIsImlhdCI6MTc0ODI2MzI2MX0.xNJ5OOHhtrIf5fWS8LdKacB3bxRpUOjXekjpwNXMozc","organizations":[{"organizationId":{"_id":"5e42ed9a26052911830a951e","organizationLogo":"https://redbox-aws-s3-bucket.s3.amazonaws.com/organization_n5lm77l6l_avatar_200x200","organizationType":"Agency","trackingNumberPickUpLength":11,"organizationName":"Aramex","uniqueName":"aramex"},"organizationRoles":{"_id":"61f22f9ea7d669573f67bd8c","permissions":["Delivery","Expired"],"createdType":"Assign","organizationId":"5e42ed9a26052911830a951e","type":"Driver","userId":"61d407859405cc62ae772d47","createdAt":"2022-01-27T05:37:34.535Z","updatedAt":"2022-01-27T05:37:34.535Z","__v":0}},{"organizationId":{"_id":"61d7bcfc5dc3a80881182110","organizationLogo":"https://gravatar.com/avatar/43b9b3d40797c160934b7ae2339787b4?s=200&amp;d=retro","organizationType":"Agency","trackingNumberPickUpLength":12,"organizationName":"VitaminKrystalAgencyNormal","uniqueName":null},"organizationRoles":{"_id":"6306f9e10b523c2304848bef","permissions":["Delivery","Return","Expired","Express","GA","Store","Sampling"],"createdType":"Assign","organizationId":"61d7bcfc5dc3a80881182110","type":"Driver","userId":"61d407859405cc62ae772d47","createdAt":"2022-08-25T04:26:09.225Z","updatedAt":"2022-08-25T04:26:09.225Z","__v":0}},{"organizationId":{"_id":"5e782d3430892b2a423a0d4e","organizationLogo":"https://redbox-aws-s3-bucket.s3.amazonaws.com/1606847716427blob","organizationType":"Agency","trackingNumberPickUpLength":12,"organizationName":"RedBox Agency","uniqueName":"salasa1"},"organizationRoles":{"_id":"632afa84475573153c52ae91","permissions":["Delivery","Return","Expired","Express","Store","Sampling"],"createdType":"Assign","organizationId":"5e782d3430892b2a423a0d4e","type":"Driver","userId":"61d407859405cc62ae772d47","createdAt":"2022-09-21T11:50:28.412Z","updatedAt":"2022-09-21T11:50:28.412Z","__v":0}},{"organizationId":{"_id":"62134c5baf2b112028e04682","organizationLogo":"https://redbox-aws-s3-bucket.s3.amazonaws.com/1645431898878blob","organizationType":"Agency","trackingNumberPickUpLength":12,"organizationName":"Golden Scent","uniqueName":null},"organizationRoles":{"_id":"6392c701dfdf97287f5f3ef9","permissions":["Delivery","Return","Expired","Express","Store","Sampling"],"createdType":"Assign","organizationId":"62134c5baf2b112028e04682","type":"Driver","userId":"61d407859405cc62ae772d47","createdAt":"2022-12-09T05:26:25.855Z","updatedAt":"2022-12-09T05:26:25.855Z","__v":0}},{"organizationId":{"_id":"62401006c855292d0fa1934d","organizationLogo":"https://gravatar.com/avatar/9c9a616e5d8176efb6bd14590020dc91?s=200&amp;d=retro","organizationType":"Agency","trackingNumberPickUpLength":12,"organizationName":"Golden Scent","uniqueName":null},"organizationRoles":{"_id":"6392c71fdfdf97287f5f3efb","permissions":["Delivery","Return","Expired","Express","Store","Sampling"],"createdType":"Assign","organizationId":"62401006c855292d0fa1934d","type":"Driver","userId":"61d407859405cc62ae772d47","createdAt":"2022-12-09T05:26:55.312Z","updatedAt":"2022-12-09T05:26:55.312Z","__v":0}},{"organizationId":{"_id":"61011fbe24ddd1560dd84675","organizationLogo":"https://redbox-aws-s3-bucket.s3.amazonaws.com/1643098587365blob","organizationType":"Agency","trackingNumberPickUpLength":10,"organizationName":"DHL","uniqueName":"dhl"},"organizationRoles":{"_id":"6392c72bdfdf97287f5f3efd","permissions":["Delivery","Expired"],"createdType":"Assign","organizationId":"61011fbe24ddd1560dd84675","type":"Driver","userId":"61d407859405cc62ae772d47","createdAt":"2022-12-09T05:27:07.254Z","updatedAt":"2022-12-09T05:27:07.254Z","__v":0}},{"organizationId":{"_id":"6371f9c029de6559dadc5e07","organizationLogo":"https://redbox-files.s3.eu-west-3.amazonaws.com/stage/avatar-logo/1668413888314blob","organizationType":"Agency","trackingNumberPickUpLength":12,"organizationName":"Print SA"},"organizationRoles":{"_id":"64522ecd899f8d31c74985d1","permissions":["Delivery","Return","Expired","Express","GA","Store","Sampling"],"createdType":"Assign","organizationId":"6371f9c029de6559dadc5e07","type":"Driver","userId":"61d407859405cc62ae772d47","createdAt":"2023-05-03T09:52:13.525Z","updatedAt":"2023-05-03T09:52:13.525Z","__v":0}},{"organizationId":{"_id":"636cb8c0acebbd54dd9965cb","organizationLogo":"https://redbox-files.s3.eu-west-3.amazonaws.com/stage/avatar-logo/1668069568410blob","organizationType":"Agency","trackingNumberPickUpLength":12,"organizationName":"iMile Agency","uniqueName":"imile"},"organizationRoles":{"_id":"65e95e215ba0e96ed48e5805","permissions":["Delivery","Return","Expired","Express","Store","Sampling"],"createdType":"Assign","organizationId":"636cb8c0acebbd54dd9965cb","type":"Driver","userId":"61d407859405cc62ae772d47","createdAt":"2024-03-07T06:26:41.317Z","updatedAt":"2024-03-07T06:26:41.317Z","__v":0}}],"type":"Driver","need_otp":false,"permissions":["Delivery","Return","Expired","Express","GA","Store","Sampling","Operator"]},{"id":"67123333e6523bf99363f161","name":"Dev_SaudiLee","code":"EVJUCGCM","token":"eyJhbGciOiJIUzI1NiIsInR5cCI6IkpXVCJ9.eyJpZCI6IjY3MTIzMzMzZTY1MjNiZjk5MzYzZjE2MSIsImtleSI6IjIwMjUtMDUtMjZUMTI6NDE6MDEuNDg3WiIsImlhdCI6MTc0ODI2MzI2MX0.939IZ5CxgokJ96GVo34Zb6IntarukEGb_e0UJbN4wvM","organizations":[{"organizationId":{"_id":"5e782d3430892b2a423a0d4e","organizationLogo":"https://redbox-aws-s3-bucket.s3.amazonaws.com/1606847716427blob","organizationType":"Agency","trackingNumberPickUpLength":12,"organizationName":"RedBox Agency","uniqueName":"salasa1"},"organizationRoles":{"_id":"67123333e6523bf99363f163","permissions":["Delivery","Return","Expired","Express","Store","Sampling","LockerReturn"],"createdType":"Assign","organizationId":"5e782d3430892b2a423a0d4e","type":"Driver","userId":"67123333e6523bf99363f161","__v":0,"createdAt":"2024-10-18T10:06:43.890Z","updatedAt":"2024-11-12T07:46:14.117Z"}},{"organizationId":{"_id":"5eafd1624a50ec75fe5189c9","organizationLogo":"https://gravatar.com/avatar/da6d00bc2f16a425ebd1813532590fa3?s=200&amp;d=retro","organizationType":"Agency","trackingNumberPickUpLength":12,"organizationName":"OTO_Test_Merchant shipping label"},"organizationRoles":{"_id":"6719f005a3583a8e15593c43","permissions":["Delivery","Return","Expired"],"createdType":"Create","organizationId":"5eafd1624a50ec75fe5189c9","userId":"67123333e6523bf99363f161","type":"Driver","createdAt":"2024-10-24T06:58:13.993Z","updatedAt":"2024-11-12T07:46:14.117Z","__v":0}},{"organizationId":{"_id":"5e14a283572e4e057d2519d4","organizationLogo":"https://redbox-aws-s3-bucket.s3.amazonaws.com/organization_zcszf089b_avatar_200x200","organizationType":"Agency","trackingNumberPickUpLength":12,"organizationName":"Salla | سلّة","uniqueName":null},"organizationRoles":{"_id":"6718dc9259b2bfaf1b5f3b5e","permissions":["Delivery","Return"],"createdType":"Assign","organizationId":"5e14a283572e4e057d2519d4","type":"Driver","userId":"67123333e6523bf99363f161","createdAt":"2024-10-23T11:22:58.455Z","updatedAt":"2024-11-12T07:46:14.117Z","__v":0}},{"organizationId":{"_id":"5fbf579f2bad0a72e4c50274","organizationLogo":"https://redbox-aws-s3-bucket.s3.amazonaws.com/1606828349528blob","organizationType":"Agency","trackingNumberPickUpLength":12,"organizationName":"KAUST","uniqueName":"kaust"},"organizationRoles":{"_id":"6719f027a3583a8e15593c45","permissions":["Delivery","LockerReturn"],"createdType":"Assign","organizationId":"5fbf579f2bad0a72e4c50274","type":"Driver","userId":"67123333e6523bf99363f161","createdAt":"2024-10-24T06:58:47.155Z","updatedAt":"2024-11-12T07:46:14.117Z","__v":0}},{"organizationId":{"_id":"5f3c3a159e677f515dbd8695","organizationLogo":"https://redbox-aws-s3-bucket.s3.amazonaws.com/1597782549678blob","organizationType":"Agency","trackingNumberPickUpLength":12,"organizationName":"Aratopia | أراتوبيا"},"organizationRoles":{"_id":"6719f042a3583a8e15593ca3","permissions":["Return","LockerReturn"],"createdType":"Create","organizationId":"5f3c3a159e677f515dbd8695","userId":"67123333e6523bf99363f161","type":"Driver","createdAt":"2024-10-24T06:59:14.255Z","updatedAt":"2024-11-12T07:46:14.116Z","__v":0}}],"type":"Driver","need_otp":false,"permissions":[]},{"id":"681994874c7c58d8ca4a4a6b","name":"Lank driver dev 8","code":"EYOIEXNO","token":"eyJhbGciOiJIUzI1NiIsInR5cCI6IkpXVCJ9.eyJpZCI6IjY4MTk5NDg3NGM3YzU4ZDhjYTRhNGE2YiIsImtleSI6IjIwMjUtMDUtMjZUMTI6NDE6MDEuNDg3WiIsImlhdCI6MTc0ODI2MzI2MX0.t2nqBENIWbSZQbj3PJVwMwsZsPLoOCW4m7ajZ68OKC4","organizations":[{"organizationId":{"_id":"5e782d3430892b2a423a0d4e","organizationLogo":"https://redbox-aws-s3-bucket.s3.amazonaws.com/1606847716427blob","organizationType":"Agency","trackingNumberPickUpLength":12,"organizationName":"RedBox Agency","uniqueName":"salasa1"},"organizationRoles":{"_id":"6819ab0d4c7c58d8ca4a4b4b","permissions":["Delivery","Return","Expired","Express","GA"],"createdType":"Assign","organizationId":"5e782d3430892b2a423a0d4e","type":"Driver","userId":"681994874c7c58d8ca4a4a6b","createdAt":"2025-05-06T06:24:13.352Z","updatedAt":"2025-05-06T06:32:27.717Z","__v":0}}],"type":"Driver","need_otp":false,"permissions":[]},{"id":"6662bda6e728ae8aaaef5970","name":"Driver Dev","code":"FSDEMRUF","token":"eyJhbGciOiJIUzI1NiIsInR5cCI6IkpXVCJ9.eyJpZCI6IjY2NjJiZGE2ZTcyOGFlOGFhYWVmNTk3MCIsImtleSI6IjIwMjUtMDUtMjZUMTI6NDE6MDEuNDg3WiIsImlhdCI6MTc0ODI2MzI2MX0.KNDSBzCXvVeyiL48NnilwqrO5ZZnluHuoRJw0NZ0SrA","organizations":[{"organizationId":{"_id":"5e782d3430892b2a423a0d4e","organizationLogo":"https://redbox-aws-s3-bucket.s3.amazonaws.com/1606847716427blob","organizationType":"Agency","trackingNumberPickUpLength":12,"organizationName":"RedBox Agency","uniqueName":"salasa1"},"organizationRoles":{"_id":"66827486d84f9c67c4fdb185","permissions":["Delivery","Return","Expired","Express","GA","Store","LockerReturn"],"createdType":"Assign","organizationId":"5e782d3430892b2a423a0d4e","type":"Driver","userId":"6662bda6e728ae8aaaef5970","createdAt":"2024-07-01T09:19:02.270Z","updatedAt":"2024-07-01T09:19:02.270Z","__v":0}}],"type":"Driver","need_otp":false,"permissions":["Delivery","Return","Expired","Express","GA","Store","Sampling","LockerReturn"]},{"id":"6656d6921f927f151fa7804b","name":"PhuongAnhDriver_Ar","code":"GESRZFBM","token":"eyJhbGciOiJIUzI1NiIsInR5cCI6IkpXVCJ9.eyJpZCI6IjY2NTZkNjkyMWY5MjdmMTUxZmE3ODA0YiIsImtleSI6IjIwMjUtMDUtMjZUMTI6NDE6MDEuNDg3WiIsImlhdCI6MTc0ODI2MzI2MX0.4hQ518KgRJhh9Z-yacf7vSIa06YZP5XoE_KDvKgxRJc","organizations":[{"organizationId":{"_id":"63ff07266fa0f16a2bdd7854","organizationLogo":"https://redbox-files.s3.eu-west-3.amazonaws.com/stage/avatar-logo/1677657893878blob","organizationType":"Agency","trackingNumberPickUpLength":12,"organizationName":"Aymakan","uniqueName":"aymakan"},"organizationRoles":{"_id":"66791f0aed711c4e3fc03294","permissions":["Delivery","Return","Expired"],"createdType":"Assign","organizationId":"63ff07266fa0f16a2bdd7854","type":"Driver","userId":"6656d6921f927f151fa7804b","createdAt":"2024-06-24T07:23:54.412Z","updatedAt":"2024-08-16T05:06:12.945Z","__v":0}},{"organizationId":{"_id":"5e782d3430892b2a423a0d4e","organizationLogo":"https://redbox-aws-s3-bucket.s3.amazonaws.com/1606847716427blob","organizationType":"Agency","trackingNumberPickUpLength":12,"organizationName":"RedBox Agency","uniqueName":"salasa1"},"organizationRoles":{"_id":"66beda7a6b4241cf3c3007cc","permissions":["Delivery","Return","Expired","Express","GA","Store","Sampling","LockerReturn"],"createdType":"Assign","organizationId":"5e782d3430892b2a423a0d4e","type":"Driver","userId":"6656d6921f927f151fa7804b","createdAt":"2024-08-16T04:50:02.947Z","updatedAt":"2024-08-16T05:06:12.945Z","__v":0}}],"type":"Driver","need_otp":false,"permissions":["Delivery","Return","Expired","Express","Store"]},{"id":"67593cf4a42028af4b4d7e75","name":"Ha sub driver","code":"GGCNTINF","token":"eyJhbGciOiJIUzI1NiIsInR5cCI6IkpXVCJ9.eyJpZCI6IjY3NTkzY2Y0YTQyMDI4YWY0YjRkN2U3NSIsImtleSI6IjIwMjUtMDUtMjZUMTI6NDE6MDEuNDg3WiIsImlhdCI6MTc0ODI2MzI2MX0.wOBlZe2CwCDGzV5jJWVFkjLSzT7Rjc5Fs4HTihT1nCo","organizations":[{"organizationId":{"_id":"6656dce3f2529518697c14ba","organizationLogo":"/logo_merchant_default.png","organizationType":"Agency","trackingNumberPickUpLength":12,"organizationName":"RedSea Agency"},"organizationRoles":{"_id":"675944eb7c5b51fae83ba92c","permissions":["Return","Expired"],"createdType":"Assign","organizationId":"6656dce3f2529518697c14ba","type":"Driver","userId":"67593cf4a42028af4b4d7e75","createdAt":"2024-12-11T07:53:15.216Z","updatedAt":"2024-12-11T07:53:21.963Z","__v":0}}],"type":"Driver","need_otp":false,"permissions":["Delivery","Return","Expired","Express","GA","Store","Sampling","LockerReturn","CleanDoor"]},{"id":"5e5f4dd0eef9191087745f18","name":"tesst","code":"GMPOZYVI","token":"eyJhbGciOiJIUzI1NiIsInR5cCI6IkpXVCJ9.eyJpZCI6IjVlNWY0ZGQwZWVmOTE5MTA4Nzc0NWYxOCIsImtleSI6IjIwMjUtMDUtMjZUMTI6NDE6MDEuNDg3WiIsImlhdCI6MTc0ODI2MzI2MX0.iI3_wlxMlsXObnd4__NWD7WyI6mMq-0ynl0vqafGV5U","organizations":[{"organizationId":{"_id":"5e0847929a8da07f85565864","organizationLogo":"https://redbox-aws-s3-bucket.s3.amazonaws.com/organization_l6y007fii_avatar_200x200","organizationType":"Agency","trackingNumberPickUpLength":12,"organizationName":"Amazon","uniqueName":null},"organizationRoles":{"_id":"5e5f4dd0eef9191087745f19","permissions":["Delivery","Expired"],"createdType":"Create","organizationId":"5e0847929a8da07f85565864","type":"Driver","userId":"5e5f4dd0eef9191087745f18","__v":0,"createdAt":"2020-03-04T06:42:24.172Z","updatedAt":"2020-03-04T06:42:24.172Z"}}],"type":"Driver","need_otp":false,"permissions":[]},{"id":"6788c68fabfcf7105240af68","name":"Lee driver dev","code":"HFOHPZRE","token":"eyJhbGciOiJIUzI1NiIsInR5cCI6IkpXVCJ9.eyJpZCI6IjY3ODhjNjhmYWJmY2Y3MTA1MjQwYWY2OCIsImtleSI6IjIwMjUtMDUtMjZUMTI6NDE6MDEuNDg3WiIsImlhdCI6MTc0ODI2MzI2MX0.ZVaSXZgY8y3j9UXIZC8lTEk_JGzaIV95tFMBJrudxew","organizations":[{"organizationId":{"_id":"5e782d3430892b2a423a0d4e","organizationLogo":"https://redbox-aws-s3-bucket.s3.amazonaws.com/1606847716427blob","organizationType":"Agency","trackingNumberPickUpLength":12,"organizationName":"RedBox Agency","uniqueName":"salasa1"},"organizationRoles":{"_id":"6788c6a8abfcf7105240afca","permissions":["Delivery","Return"],"createdType":"Assign","organizationId":"5e782d3430892b2a423a0d4e","type":"Driver","userId":"6788c68fabfcf7105240af68","createdAt":"2025-01-16T08:43:20.131Z","updatedAt":"2025-01-16T08:43:20.131Z","__v":0}},{"organizationId":{"_id":"5e14a283572e4e057d2519d4","organizationLogo":"https://redbox-aws-s3-bucket.s3.amazonaws.com/organization_zcszf089b_avatar_200x200","organizationType":"Agency","trackingNumberPickUpLength":12,"organizationName":"Salla | سلّة","uniqueName":null},"organizationRoles":{"_id":"6788c79cabfcf7105240b13e","permissions":["Delivery","Return"],"createdType":"Assign","organizationId":"5e14a283572e4e057d2519d4","type":"Driver","userId":"6788c68fabfcf7105240af68","createdAt":"2025-01-16T08:47:24.503Z","updatedAt":"2025-01-16T08:47:24.503Z","__v":0}},{"organizationId":{"_id":"5e3528b77b28e0642f18aad9","organizationLogo":"/logo_merchant_default.png","organizationType":"Agency","trackingNumberPickUpLength":12,"organizationName":"Arigato"},"organizationRoles":{"_id":"6788c7aeabfcf7105240b142","permissions":["Delivery","Return","Expired"],"createdType":"Assign","organizationId":"5e3528b77b28e0642f18aad9","type":"Driver","userId":"6788c68fabfcf7105240af68","createdAt":"2025-01-16T08:47:42.341Z","updatedAt":"2025-01-16T08:47:42.341Z","__v":0}},{"organizationId":{"_id":"5e42ed9a26052911830a951e","organizationLogo":"https://redbox-aws-s3-bucket.s3.amazonaws.com/organization_n5lm77l6l_avatar_200x200","organizationType":"Agency","trackingNumberPickUpLength":11,"organizationName":"Aramex","uniqueName":"aramex"},"organizationRoles":{"_id":"6788c7b7abfcf7105240b144","permissions":["Return","GA"],"createdType":"Assign","organizationId":"5e42ed9a26052911830a951e","type":"Driver","userId":"6788c68fabfcf7105240af68","createdAt":"2025-01-16T08:47:51.596Z","updatedAt":"2025-01-16T08:47:51.596Z","__v":0}}],"type":"Driver","need_otp":false,"permissions":["Delivery","Return"]},{"id":"5e5f4dffeef9191087745f1b","name":"tes","code":"HNFYYRHA","token":"eyJhbGciOiJIUzI1NiIsInR5cCI6IkpXVCJ9.eyJpZCI6IjVlNWY0ZGZmZWVmOTE5MTA4Nzc0NWYxYiIsImtleSI6IjIwMjUtMDUtMjZUMTI6NDE6MDEuNDg3WiIsImlhdCI6MTc0ODI2MzI2MX0.5deMkLcNqO9dt7rykJDdIy9WxVb7F_8qclNVlscHJg8","organizations":[{"organizationId":{"_id":"5e0847929a8da07f85565864","organizationLogo":"https://redbox-aws-s3-bucket.s3.amazonaws.com/organization_l6y007fii_avatar_200x200","organizationType":"Agency","trackingNumberPickUpLength":12,"organizationName":"Amazon","uniqueName":null},"organizationRoles":{"_id":"5e5f4dffeef9191087745f1c","permissions":["Delivery"],"createdType":"Create","organizationId":"5e0847929a8da07f85565864","type":"Driver","userId":"5e5f4dffeef9191087745f1b","__v":0,"createdAt":"2020-03-04T06:43:11.443Z","updatedAt":"2020-03-04T06:43:11.443Z"}}],"type":"Driver","need_otp":false,"permissions":[]},{"id":"63ee1814b4b6d21dbd929c4a","name":"Saleh Mohsen","code":"HOUQNBLW","token":"eyJhbGciOiJIUzI1NiIsInR5cCI6IkpXVCJ9.eyJpZCI6IjYzZWUxODE0YjRiNmQyMWRiZDkyOWM0YSIsImtleSI6IjIwMjUtMDUtMjZUMTI6NDE6MDEuNDg3WiIsImlhdCI6MTc0ODI2MzI2MX0.0ut4Xoe3AxZ9vCoY61iAIhcaXaXqzBTcTOJql2Oyw64","organizations":[{"organizationId":{"_id":"5e782d3430892b2a423a0d4e","organizationLogo":"https://redbox-aws-s3-bucket.s3.amazonaws.com/1606847716427blob","organizationType":"Agency","trackingNumberPickUpLength":12,"organizationName":"RedBox Agency","uniqueName":"salasa1"},"organizationRoles":{"_id":"63ee1814b4b6d21dbd929c4c","permissions":["Delivery","Return","Expired","Express","Store"],"createdType":"Assign","organizationId":"5e782d3430892b2a423a0d4e","type":"Driver","userId":"63ee1814b4b6d21dbd929c4a","__v":0,"createdAt":"2023-02-16T11:48:36.273Z","updatedAt":"2023-02-16T11:48:36.273Z"}},{"organizationId":{"_id":"5e42ed9a26052911830a951e","organizationLogo":"https://redbox-aws-s3-bucket.s3.amazonaws.com/organization_n5lm77l6l_avatar_200x200","organizationType":"Agency","trackingNumberPickUpLength":11,"organizationName":"Aramex","uniqueName":"aramex"},"organizationRoles":{"_id":"63ee1814b4b6d21dbd929c4d","permissions":["Delivery","Return","Expired","Express","Store"],"createdType":"Assign","organizationId":"5e42ed9a26052911830a951e","type":"Driver","userId":"63ee1814b4b6d21dbd929c4a","__v":0,"createdAt":"2023-02-16T11:48:36.273Z","updatedAt":"2023-02-16T11:48:36.273Z"}},{"organizationId":{"_id":"61011fbe24ddd1560dd84675","organizationLogo":"https://redbox-aws-s3-bucket.s3.amazonaws.com/1643098587365blob","organizationType":"Agency","trackingNumberPickUpLength":10,"organizationName":"DHL","uniqueName":"dhl"},"organizationRoles":{"_id":"63ee1814b4b6d21dbd929c4e","permissions":["Delivery","Return","Expired","Express","Store"],"createdType":"Assign","organizationId":"61011fbe24ddd1560dd84675","type":"Driver","userId":"63ee1814b4b6d21dbd929c4a","__v":0,"createdAt":"2023-02-16T11:48:36.273Z","updatedAt":"2023-02-16T11:48:36.273Z"}}],"type":"Driver","need_otp":false,"permissions":["Delivery","Return","Expired","Express","Store","Sampling"]},{"id":"5e81aa7f1dbdac6e8648bf45","name":"Ahmed Khaled","code":"HUYBEO01","token":"eyJhbGciOiJIUzI1NiIsInR5cCI6IkpXVCJ9.eyJpZCI6IjVlODFhYTdmMWRiZGFjNmU4NjQ4YmY0NSIsImtleSI6IjIwMjUtMDUtMjZUMTI6NDE6MDEuNDg3WiIsImlhdCI6MTc0ODI2MzI2MX0.ko0UA2IbgrHaq8cl2vJvQWe5MFrokg0gP051jI4AJYs","organizations":[{"organizationId":{"_id":"5e42ed9a26052911830a951e","organizationLogo":"https://redbox-aws-s3-bucket.s3.amazonaws.com/organization_n5lm77l6l_avatar_200x200","organizationType":"Agency","trackingNumberPickUpLength":11,"organizationName":"Aramex","uniqueName":"aramex"},"organizationRoles":{"_id":"620f9a51af2b112028e042e8","permissions":["Delivery","Return","Expired"],"createdType":"Assign","organizationId":"5e42ed9a26052911830a951e","type":"Driver","userId":"5e81aa7f1dbdac6e8648bf45","createdAt":"2022-02-18T13:08:33.294Z","updatedAt":"2025-05-20T03:14:08.446Z","__v":0}},{"organizationId":{"_id":"6371f9c029de6559dadc5e07","organizationLogo":"https://redbox-files.s3.eu-west-3.amazonaws.com/stage/avatar-logo/1668413888314blob","organizationType":"Agency","trackingNumberPickUpLength":12,"organizationName":"Print SA"},"organizationRoles":{"_id":"64522f90899f8d31c74985d5","permissions":["Delivery","Return","Expired","Express","Store","Sampling"],"createdType":"Assign","organizationId":"6371f9c029de6559dadc5e07","type":"Driver","userId":"5e81aa7f1dbdac6e8648bf45","createdAt":"2023-05-03T09:55:28.482Z","updatedAt":"2025-05-20T03:14:08.448Z","__v":0}},{"organizationId":{"_id":"6656dce3f2529518697c14ba","organizationLogo":"/logo_merchant_default.png","organizationType":"Agency","trackingNumberPickUpLength":12,"organizationName":"RedSea Agency"},"organizationRoles":{"_id":"665eadb442b644bbde7b67f7","permissions":["Delivery","Expired"],"createdType":"Assign","organizationId":"6656dce3f2529518697c14ba","type":"Driver","userId":"5e81aa7f1dbdac6e8648bf45","createdAt":"2024-06-04T06:01:24.586Z","updatedAt":"2025-05-20T03:14:08.448Z","__v":0}},{"organizationId":{"_id":"5e782d3430892b2a423a0d4e","organizationLogo":"https://redbox-aws-s3-bucket.s3.amazonaws.com/1606847716427blob","organizationType":"Agency","trackingNumberPickUpLength":12,"organizationName":"RedBox Agency","uniqueName":"salasa1"},"organizationRoles":{"_id":"667a8c46ae327f07de861c4f","permissions":["Delivery","Return","Expired","Express","Store","LockerReturn"],"createdType":"Assign","organizationId":"5e782d3430892b2a423a0d4e","type":"Driver","userId":"5e81aa7f1dbdac6e8648bf45","createdAt":"2024-06-25T09:22:14.426Z","updatedAt":"2025-05-20T03:14:08.448Z","__v":0}},{"organizationId":{"_id":"621fa71e576340646274c329","organizationLogo":"https://redbox-aws-s3-bucket.s3.amazonaws.com/1646241614149blob","organizationType":"Agency","trackingNumberPickUpLength":12,"organizationName":"NiceOne"},"organizationRoles":{"_id":"682bf1e494e20f4450d7cb6f","permissions":["Delivery","Return","Expired","Express","GA","Store","Sampling","LockerReturn","CleanDoor"],"createdType":"Assign","organizationId":"621fa71e576340646274c329","type":"Driver","userId":"5e81aa7f1dbdac6e8648bf45","createdAt":"2025-05-20T03:07:16.381Z","updatedAt":"2025-05-20T03:14:08.448Z","__v":0}},{"organizationId":{"_id":"5e14a283572e4e057d2519d4","organizationLogo":"https://redbox-aws-s3-bucket.s3.amazonaws.com/organization_zcszf089b_avatar_200x200","organizationType":"Agency","trackingNumberPickUpLength":12,"organizationName":"Salla | سلّة","uniqueName":null},"organizationRoles":{"_id":"682bf37794e20f4450d7cb9d","permissions":["Delivery","Return","Expired","Express","GA","Store","Sampling","LockerReturn","CleanDoor"],"createdType":"Assign","organizationId":"5e14a283572e4e057d2519d4","type":"Driver","userId":"5e81aa7f1dbdac6e8648bf45","createdAt":"2025-05-20T03:13:59.470Z","updatedAt":"2025-05-20T03:14:08.448Z","__v":0}}],"type":"Driver","need_otp":false,"permissions":["Delivery","Return","Expired","Express","GA","Store"]},{"id":"5e4e05e4f9aa022d4e2de5df","name":"Quoc Anh","code":"HXFQEAPT","token":"eyJhbGciOiJIUzI1NiIsInR5cCI6IkpXVCJ9.eyJpZCI6IjVlNGUwNWU0ZjlhYTAyMmQ0ZTJkZTVkZiIsImtleSI6IjIwMjUtMDUtMjZUMTI6NDE6MDEuNDg3WiIsImlhdCI6MTc0ODI2MzI2MX0.ULXsR5cdj3llpa_WJ25Y3Rv4ZKHkurTTHnU_U9WoJWo","organizations":[{"organizationId":{"_id":"5d2854dd65889422de40f2f7","organizationLogo":"https://stage.redboxsa.com/logo_niceone.png","organizationType":"Agency","trackingNumberPickUpLength":12,"organizationName":"Niceone-OLDD","uniqueName":null},"organizationRoles":{"_id":"5e4e05e4f9aa022d4e2de5e0","permissions":["Delivery","Return","Expired"],"createdType":"Create","organizationId":"5d2854dd65889422de40f2f7","type":"Driver","userId":"5e4e05e4f9aa022d4e2de5df","__v":0,"createdAt":"2020-02-20T04:07:00.141Z","updatedAt":"2020-02-21T11:38:21.387Z"}}],"type":"Driver","need_otp":false,"permissions":[]},{"id":"61efa43e8a3d2e06fb2e6cbf","name":"Ajex driver","code":"HZIDCRTQ","token":"eyJhbGciOiJIUzI1NiIsInR5cCI6IkpXVCJ9.eyJpZCI6IjYxZWZhNDNlOGEzZDJlMDZmYjJlNmNiZiIsImtleSI6IjIwMjUtMDUtMjZUMTI6NDE6MDEuNDg3WiIsImlhdCI6MTc0ODI2MzI2MX0.ICNk7qTvauzyVC1Nr-txNzmvAPaQ7tcyXBlkbppmBDQ","organizations":[{"organizationId":{"_id":"61ef6eeaf9a3da609bbfdd14","organizationLogo":"https://redbox-aws-s3-bucket.s3.amazonaws.com/1643097936842blob","organizationType":"Agency","trackingNumberPickUpLength":12,"organizationName":"AJEX","uniqueName":"ajex"},"organizationRoles":{"_id":"61efa43e8a3d2e06fb2e6cc1","permissions":["Delivery","Expired"],"createdType":"Assign","organizationId":"61ef6eeaf9a3da609bbfdd14","type":"Driver","userId":"61efa43e8a3d2e06fb2e6cbf","__v":0,"createdAt":"2022-01-25T07:18:22.494Z","updatedAt":"2022-01-25T07:18:22.494Z"}}],"type":"Driver","need_otp":false,"permissions":["Delivery","Expired"]},{"id":"669de27c36f43f7adbb510ba","name":"Lank driver dev","code":"ICMGIGQE","token":"eyJhbGciOiJIUzI1NiIsInR5cCI6IkpXVCJ9.eyJpZCI6IjY2OWRlMjdjMzZmNDNmN2FkYmI1MTBiYSIsImtleSI6IjIwMjUtMDUtMjZUMTI6NDE6MDEuNDg4WiIsImlhdCI6MTc0ODI2MzI2MX0.ANKajj8JqUtJ_s0R1ksE6n1lV3gdFOqFjRn7DOE9LTw","organizations":[{"organizationId":{"_id":"5e42ed9a26052911830a951e","organizationLogo":"https://redbox-aws-s3-bucket.s3.amazonaws.com/organization_n5lm77l6l_avatar_200x200","organizationType":"Agency","trackingNumberPickUpLength":11,"organizationName":"Aramex","uniqueName":"aramex"},"organizationRoles":{"_id":"66eb980c29112d9335088ea1","permissions":["Return","Expired","Express","GA","Store","Sampling","LockerReturn"],"createdType":"Assign","organizationId":"5e42ed9a26052911830a951e","type":"Driver","userId":"669de27c36f43f7adbb510ba","createdAt":"2024-09-19T03:18:36.549Z","updatedAt":"2025-05-09T08:28:26.201Z","__v":0}},{"organizationId":{"_id":"66fa4bdf944e33351f5a7ec3","organizationLogo":"/logo_merchant_default.png","organizationType":"Agency","trackingNumberPickUpLength":12,"organizationName":"Royal Office Agency"},"organizationRoles":{"_id":"675947bf3efb5c0b6363d512","permissions":["Delivery","Return","Expired","Express","GA","Store","Sampling","LockerReturn","CleanDoor"],"createdType":"Create","organizationId":"66fa4bdf944e33351f5a7ec3","userId":"669de27c36f43f7adbb510ba","type":"Driver","createdAt":"2024-12-11T08:05:19.896Z","updatedAt":"2025-05-09T08:28:26.204Z","__v":0}},{"organizationId":{"_id":"5eafd1624a50ec75fe5189c9","organizationLogo":"https://gravatar.com/avatar/da6d00bc2f16a425ebd1813532590fa3?s=200&amp;d=retro","organizationType":"Agency","trackingNumberPickUpLength":12,"organizationName":"OTO_Test_Merchant shipping label"},"organizationRoles":{"_id":"676e5242b0b0e6238af6be08","permissions":["Delivery","Return","Expired","Express","Store","LockerReturn","CleanDoor"],"createdType":"Create","organizationId":"5eafd1624a50ec75fe5189c9","userId":"669de27c36f43f7adbb510ba","type":"Driver","createdAt":"2024-12-27T07:07:46.847Z","updatedAt":"2025-05-09T08:28:26.204Z","__v":0}},{"organizationId":{"_id":"5e43bd282a2ec528267c0d86","organizationLogo":"https://redbox-aws-s3-bucket.s3.amazonaws.com/organization_4sjodmpdy_avatar_200x200","organizationType":"Agency","trackingNumberPickUpLength":12,"organizationName":"Salasa","uniqueName":"aamar"},"organizationRoles":{"_id":"677ccc68529a7857a53eccef","permissions":["Delivery","Return","Expired","Express","LockerReturn"],"createdType":"Create","organizationId":"5e43bd282a2ec528267c0d86","userId":"669de27c36f43f7adbb510ba","type":"Driver","createdAt":"2025-01-07T06:40:40.837Z","updatedAt":"2025-05-09T08:28:26.204Z","__v":0}},{"organizationId":{"_id":"5e14a283572e4e057d2519d4","organizationLogo":"https://redbox-aws-s3-bucket.s3.amazonaws.com/organization_zcszf089b_avatar_200x200","organizationType":"Agency","trackingNumberPickUpLength":12,"organizationName":"Salla | سلّة","uniqueName":null},"organizationRoles":{"_id":"67865015de8dc4d26464766e","permissions":["Delivery","Return","Expired","Express","LockerReturn","CleanDoor"],"createdType":"Create","organizationId":"5e14a283572e4e057d2519d4","userId":"669de27c36f43f7adbb510ba","type":"Driver","createdAt":"2025-01-14T11:52:53.205Z","updatedAt":"2025-05-09T08:28:26.204Z","__v":0}},{"organizationId":{"_id":"5eb27b3e40f9743c12b01a42","organizationLogo":"https://gravatar.com/avatar/ccc9874a6f237bbff1582bd200b1d903?s=200&amp;d=retro","organizationType":"Agency","trackingNumberPickUpLength":12,"organizationName":"Out_Test_Store","uniqueName":null},"organizationRoles":{"_id":"67a34af2e270833f9daaf384","permissions":["Delivery","Return","Expired","Express","LockerReturn"],"createdType":"Assign","organizationId":"5eb27b3e40f9743c12b01a42","type":"Driver","userId":"669de27c36f43f7adbb510ba","createdAt":"2025-02-05T11:26:42.669Z","updatedAt":"2025-05-09T08:28:26.204Z","__v":0}},{"organizationId":{"_id":"66dea67aa0446bd2584a2706","organizationLogo":"/logo_merchant_default.png","organizationType":"Agency","trackingNumberPickUpLength":12,"organizationName":"King Faisal Specialist Hospital Agency"},"organizationRoles":{"_id":"67d13cb1200600204f418d84","permissions":["Delivery","Return","Expired","Express","GA","Store","LockerReturn","CleanDoor"],"createdType":"Assign","organizationId":"66dea67aa0446bd2584a2706","type":"Driver","userId":"669de27c36f43f7adbb510ba","createdAt":"2025-03-12T07:50:09.315Z","updatedAt":"2025-05-09T08:28:26.204Z","__v":0}},{"organizationId":{"_id":"636cb8c0acebbd54dd9965cb","organizationLogo":"https://redbox-files.s3.eu-west-3.amazonaws.com/stage/avatar-logo/1668069568410blob","organizationType":"Agency","trackingNumberPickUpLength":12,"organizationName":"iMile Agency","uniqueName":"imile"},"organizationRoles":{"_id":"67d260c8549521925ec1badb","permissions":["Delivery","Return","Expired","Express","Store","LockerReturn"],"createdType":"Assign","organizationId":"636cb8c0acebbd54dd9965cb","type":"Driver","userId":"669de27c36f43f7adbb510ba","createdAt":"2025-03-13T04:36:24.387Z","updatedAt":"2025-05-09T08:28:26.204Z","__v":0}},{"organizationId":{"_id":"6656dce3f2529518697c14ba","organizationLogo":"/logo_merchant_default.png","organizationType":"Agency","trackingNumberPickUpLength":12,"organizationName":"RedSea Agency"},"organizationRoles":{"_id":"67ee0e0c7f218b0ebf89b634","permissions":["Delivery","Return","Expired","Express"],"createdType":"Assign","organizationId":"6656dce3f2529518697c14ba","type":"Driver","userId":"669de27c36f43f7adbb510ba","createdAt":"2025-04-03T04:26:52.594Z","updatedAt":"2025-05-09T08:28:26.204Z","__v":0}},{"organizationId":{"_id":"5e782d3430892b2a423a0d4e","organizationLogo":"https://redbox-aws-s3-bucket.s3.amazonaws.com/1606847716427blob","organizationType":"Agency","trackingNumberPickUpLength":12,"organizationName":"RedBox Agency","uniqueName":"salasa1"},"organizationRoles":{"_id":"67ee0f197f218b0ebf89ba66","permissions":["Delivery","Return","Expired","Express","GA","Store","Sampling","LockerReturn","CleanDoor"],"createdType":"Assign","organizationId":"5e782d3430892b2a423a0d4e","type":"Driver","userId":"669de27c36f43f7adbb510ba","createdAt":"2025-04-03T04:31:21.186Z","updatedAt":"2025-05-09T08:28:26.204Z","__v":0}}],"type":"Driver","need_otp":false,"permissions":["Delivery"]},{"id":"64f06aaed94cf778e2db3d8e","name":"Ronaldo Valenzuela","code":"IENIITYQ","token":"eyJhbGciOiJIUzI1NiIsInR5cCI6IkpXVCJ9.eyJpZCI6IjY0ZjA2YWFlZDk0Y2Y3NzhlMmRiM2Q4ZSIsImtleSI6IjIwMjUtMDUtMjZUMTI6NDE6MDEuNDg4WiIsImlhdCI6MTc0ODI2MzI2MX0.7QEziiZZHtDtZS-lX02rkC2hDgRvVJYIAOVdW8DMoK8","organizations":[{"organizationId":{"_id":"5e782d3430892b2a423a0d4e","organizationLogo":"https://redbox-aws-s3-bucket.s3.amazonaws.com/1606847716427blob","organizationType":"Agency","trackingNumberPickUpLength":12,"organizationName":"RedBox Agency","uniqueName":"salasa1"},"organizationRoles":{"_id":"64f06adfd94cf778e2db3d94","permissions":["Delivery","Return","Expired","Express","GA","Store","Sampling"],"createdType":"Assign","organizationId":"5e782d3430892b2a423a0d4e","type":"Driver","userId":"64f06aaed94cf778e2db3d8e","createdAt":"2023-08-31T10:26:39.178Z","updatedAt":"2023-08-31T10:26:39.178Z","__v":0}}],"type":"Driver","need_otp":false,"permissions":["Delivery","Return","Expired","Express","GA","Store","Sampling"]},{"id":"681dbd53b72d8442a0184de7","name":"La dthwg ne ","code":"IRAHUVLT","token":"eyJhbGciOiJIUzI1NiIsInR5cCI6IkpXVCJ9.eyJpZCI6IjY4MWRiZDUzYjcyZDg0NDJhMDE4NGRlNyIsImtleSI6IjIwMjUtMDUtMjZUMTI6NDE6MDEuNDg4WiIsImlhdCI6MTc0ODI2MzI2MX0.miJT14iI6jxO0jL-OrjwvCA2jkz7r7QK0oTSpIMa9ac","organizations":[{"organizationId":{"_id":"5e782d3430892b2a423a0d4e","organizationLogo":"https://redbox-aws-s3-bucket.s3.amazonaws.com/1606847716427blob","organizationType":"Agency","trackingNumberPickUpLength":12,"organizationName":"RedBox Agency","uniqueName":"salasa1"},"organizationRoles":{"_id":"681dbd53b72d8442a0184de9","permissions":["Delivery","Return","Expired","Express","CleanDoor"],"createdType":"Assign","organizationId":"5e782d3430892b2a423a0d4e","type":"Driver","userId":"681dbd53b72d8442a0184de7","__v":0,"createdAt":"2025-05-09T08:31:15.126Z","updatedAt":"2025-05-09T08:37:16.051Z"}}],"type":"Driver","need_otp":false,"permissions":["Delivery"]},{"id":"5eb5153a1742907fc1dafd2c","name":"Ahmed Bahaa","code":"ISVSMOGC","token":"eyJhbGciOiJIUzI1NiIsInR5cCI6IkpXVCJ9.eyJpZCI6IjVlYjUxNTNhMTc0MjkwN2ZjMWRhZmQyYyIsImtleSI6IjIwMjUtMDUtMjZUMTI6NDE6MDEuNDg4WiIsImlhdCI6MTc0ODI2MzI2MX0.KIGOghszVYCiJg3tC0-4TDAANvT1lxPM8-Rx1lzxjg4","organizations":[{"organizationId":{"_id":"5e782d3430892b2a423a0d4e","organizationLogo":"https://redbox-aws-s3-bucket.s3.amazonaws.com/1606847716427blob","organizationType":"Agency","trackingNumberPickUpLength":12,"organizationName":"RedBox Agency","uniqueName":"salasa1"},"organizationRoles":{"_id":"5eb515b71742907fc1dafd31","permissions":["Delivery","Return","Expired"],"createdType":"Assign","organizationId":"5e782d3430892b2a423a0d4e","type":"Driver","userId":"5eb5153a1742907fc1dafd2c","createdAt":"2020-05-08T08:17:59.055Z","updatedAt":"2020-05-08T08:17:59.055Z","__v":0}}],"type":"Driver","need_otp":false,"permissions":["Delivery","Return","Expired"]},{"id":"5ffd8599d9d2341fd4d567d5","name":"maher","code":"JAFXNDZW","token":"eyJhbGciOiJIUzI1NiIsInR5cCI6IkpXVCJ9.eyJpZCI6IjVmZmQ4NTk5ZDlkMjM0MWZkNGQ1NjdkNSIsImtleSI6IjIwMjUtMDUtMjZUMTI6NDE6MDEuNDg4WiIsImlhdCI6MTc0ODI2MzI2MX0.dIex91_PGNKpg93SKYHZYSmZ3touscy-J2hHRkQvW7k","organizations":[{"organizationId":{"_id":"5fbf579f2bad0a72e4c50274","organizationLogo":"https://redbox-aws-s3-bucket.s3.amazonaws.com/1606828349528blob","organizationType":"Agency","trackingNumberPickUpLength":12,"organizationName":"KAUST","uniqueName":"kaust"},"organizationRoles":{"_id":"5ffd85a1d9d2341fd4d567d8","permissions":["GA"],"createdType":"Assign","organizationId":"5fbf579f2bad0a72e4c50274","type":"Driver","userId":"5ffd8599d9d2341fd4d567d5","createdAt":"2021-01-12T11:18:57.374Z","updatedAt":"2021-01-12T11:18:57.374Z","__v":0}}],"type":"Driver","need_otp":false,"permissions":["GA"]},{"id":"5e43b4661d022926bc16a5b1","name":"Khac Diep123","code":"JCFJQDWM","token":"eyJhbGciOiJIUzI1NiIsInR5cCI6IkpXVCJ9.eyJpZCI6IjVlNDNiNDY2MWQwMjI5MjZiYzE2YTViMSIsImtleSI6IjIwMjUtMDUtMjZUMTI6NDE6MDEuNDg4WiIsImlhdCI6MTc0ODI2MzI2MX0.CJxCVFKsGTJAoWo_5jmQ9j0yJb0bzjpLpT_809_KMzE","organizations":[{"organizationId":{"_id":"5d2854dd65889422de40f2f7","organizationLogo":"https://stage.redboxsa.com/logo_niceone.png","organizationType":"Agency","trackingNumberPickUpLength":12,"organizationName":"Niceone-OLDD","uniqueName":null},"organizationRoles":{"_id":"5e43b4661d022926bc16a5b2","permissions":["Delivery"],"createdType":"Create","organizationId":"5d2854dd65889422de40f2f7","type":"Driver","userId":"5e43b4661d022926bc16a5b1","__v":0,"createdAt":"2020-02-12T08:16:38.683Z","updatedAt":"2020-02-12T08:16:38.683Z"}}],"type":"Driver","need_otp":false,"permissions":[]},{"id":"6821c2353e2db26bd2e8b695","name":"new driver 02","code":"JJMPALHE","token":"eyJhbGciOiJIUzI1NiIsInR5cCI6IkpXVCJ9.eyJpZCI6IjY4MjFjMjM1M2UyZGIyNmJkMmU4YjY5NSIsImtleSI6IjIwMjUtMDUtMjZUMTI6NDE6MDEuNDg4WiIsImlhdCI6MTc0ODI2MzI2MX0.boKas4W-e_sYCaKyLKuvToGH0F7wFKUVuxNkIqSfdQ0","organizations":[{"organizationId":{"_id":"5e42ed9a26052911830a951e","organizationLogo":"https://redbox-aws-s3-bucket.s3.amazonaws.com/organization_n5lm77l6l_avatar_200x200","organizationType":"Agency","trackingNumberPickUpLength":11,"organizationName":"Aramex","uniqueName":"aramex"},"organizationRoles":{"_id":"6821c2353e2db26bd2e8b697","permissions":["Delivery","Expired"],"createdType":"Assign","organizationId":"5e42ed9a26052911830a951e","type":"Driver","userId":"6821c2353e2db26bd2e8b695","__v":0,"createdAt":"2025-05-12T09:41:09.024Z","updatedAt":"2025-05-12T09:41:09.024Z"}}],"type":"Driver","need_otp":false,"permissions":["Delivery"]},{"id":"5e71f1d80d3cd736b0c85df8","name":"سائق","code":"JLSCSLYS","token":"eyJhbGciOiJIUzI1NiIsInR5cCI6IkpXVCJ9.eyJpZCI6IjVlNzFmMWQ4MGQzY2Q3MzZiMGM4NWRmOCIsImtleSI6IjIwMjUtMDUtMjZUMTI6NDE6MDEuNDg4WiIsImlhdCI6MTc0ODI2MzI2MX0.WXvYEaq-yeP2Gcszt8x8Gr7B8YB3awis39pn3PITmHI","organizations":[{"organizationId":{"_id":"5e43bd282a2ec528267c0d86","organizationLogo":"https://redbox-aws-s3-bucket.s3.amazonaws.com/organization_4sjodmpdy_avatar_200x200","organizationType":"Agency","trackingNumberPickUpLength":12,"organizationName":"Salasa","uniqueName":"aamar"},"organizationRoles":{"_id":"5e71f1d80d3cd736b0c85dfa","permissions":["Delivery","Return","Expired"],"createdType":"Assign","organizationId":"5e43bd282a2ec528267c0d86","type":"Driver","userId":"5e71f1d80d3cd736b0c85df8","__v":0,"createdAt":"2020-03-18T10:03:04.072Z","updatedAt":"2020-03-18T10:03:04.072Z"}}],"type":"Driver","need_otp":false,"permissions":["Delivery","Return","Expired"]},{"id":"5e5f1c82bef2cd06d5e058b0","name":"HA Driver","code":"JQOYUITZ","token":"eyJhbGciOiJIUzI1NiIsInR5cCI6IkpXVCJ9.eyJpZCI6IjVlNWYxYzgyYmVmMmNkMDZkNWUwNThiMCIsImtleSI6IjIwMjUtMDUtMjZUMTI6NDE6MDEuNDg4WiIsImlhdCI6MTc0ODI2MzI2MX0.2ncChBLSjeK8DD_yOltO-DefjMYI8_0sGQy0mWeej-A","organizations":[{"organizationId":{"_id":"5e5f17e4bef2cd06d5e0582a","organizationLogo":"https://gravatar.com/avatar/696ba22070718f8c533accd6954757bb?s=200&amp;d=retro","organizationType":"Business","trackingNumberPickUpLength":12,"organizationName":"Store 2"},"organizationRoles":{"_id":"5e5f1c82bef2cd06d5e058b1","permissions":["Delivery","Return","Expired"],"createdType":"Create","organizationId":"5e5f17e4bef2cd06d5e0582a","type":"Driver","userId":"5e5f1c82bef2cd06d5e058b0","__v":0,"createdAt":"2020-03-04T03:12:02.124Z","updatedAt":"2020-03-04T03:12:02.124Z"}}],"type":"Driver","need_otp":false,"permissions":[]},{"id":"5eb515f31742907fc1dafd33","name":"Mohammed Zenhm","code":"JVNTKSRG","token":"eyJhbGciOiJIUzI1NiIsInR5cCI6IkpXVCJ9.eyJpZCI6IjVlYjUxNWYzMTc0MjkwN2ZjMWRhZmQzMyIsImtleSI6IjIwMjUtMDUtMjZUMTI6NDE6MDEuNDg4WiIsImlhdCI6MTc0ODI2MzI2MX0.MnpOJDUCV2rjZ-5w6U500-0TEK8CbKp80cYoH97qOCE","organizations":[{"organizationId":{"_id":"5e782d3430892b2a423a0d4e","organizationLogo":"https://redbox-aws-s3-bucket.s3.amazonaws.com/1606847716427blob","organizationType":"Agency","trackingNumberPickUpLength":12,"organizationName":"RedBox Agency","uniqueName":"salasa1"},"organizationRoles":{"_id":"5eb515f31742907fc1dafd35","permissions":["Delivery","Return","Expired"],"createdType":"Assign","organizationId":"5e782d3430892b2a423a0d4e","type":"Driver","userId":"5eb515f31742907fc1dafd33","__v":0,"createdAt":"2020-05-08T08:18:59.672Z","updatedAt":"2020-05-08T08:18:59.672Z"}}],"type":"Driver","need_otp":false,"permissions":["Delivery","Return","Expired"]},{"id":"5e8af4c574e797301cd4e111","name":"Test222","code":"KAEAPULJ","token":"eyJhbGciOiJIUzI1NiIsInR5cCI6IkpXVCJ9.eyJpZCI6IjVlOGFmNGM1NzRlNzk3MzAxY2Q0ZTExMSIsImtleSI6IjIwMjUtMDUtMjZUMTI6NDE6MDEuNDg4WiIsImlhdCI6MTc0ODI2MzI2MX0.th3SU13WBOxD5M8updQiHRigkb2Ung3J4PTca3sXj78","organizations":[{"organizationId":{"_id":"5e782d3430892b2a423a0d4e","organizationLogo":"https://redbox-aws-s3-bucket.s3.amazonaws.com/1606847716427blob","organizationType":"Agency","trackingNumberPickUpLength":12,"organizationName":"RedBox Agency","uniqueName":"salasa1"},"organizationRoles":{"_id":"5e8af4c574e797301cd4e112","permissions":["Delivery","Return","Expired"],"createdType":"Create","organizationId":"5e782d3430892b2a423a0d4e","type":"Driver","userId":"5e8af4c574e797301cd4e111","__v":0,"createdAt":"2020-04-06T09:22:13.524Z","updatedAt":"2020-04-07T09:51:24.288Z"}}],"type":"Driver","need_otp":false,"permissions":[]},{"id":"5e1305ee572e4e057d2519c4","name":"Moment","code":"KAKWIIUF","token":"eyJhbGciOiJIUzI1NiIsInR5cCI6IkpXVCJ9.eyJpZCI6IjVlMTMwNWVlNTcyZTRlMDU3ZDI1MTljNCIsImtleSI6IjIwMjUtMDUtMjZUMTI6NDE6MDEuNDg4WiIsImlhdCI6MTc0ODI2MzI2MX0.gzSvso8XQ8ktqkMYGPJI3sZIIXJcuh80dFb9af4Kq-I","organizations":[{"organizationId":{"_id":"5d2854dd65889422de40f2f7","organizationLogo":"https://stage.redboxsa.com/logo_niceone.png","organizationType":"Agency","trackingNumberPickUpLength":12,"organizationName":"Niceone-OLDD","uniqueName":null},"organizationRoles":{"_id":"5e1305ee572e4e057d2519c6","permissions":["Delivery","Return","Expired"],"createdType":"Assign","organizationId":"5d2854dd65889422de40f2f7","type":"Driver","userId":"5e1305ee572e4e057d2519c4","__v":0,"createdAt":"2020-01-06T10:03:26.208Z","updatedAt":"2020-01-06T10:03:26.208Z"}},{"organizationId":{"_id":"5e149dae572e4e057d2519d0","organizationLogo":"https://redbox-aws-s3-bucket.s3.amazonaws.com/organization_b2x84xr94_avatar_200x200","organizationType":"Business","trackingNumberPickUpLength":12,"organizationName":"NAME"},"organizationRoles":{"_id":"5e14a1e2572e4e057d2519d2","permissions":["Delivery","Return","Expired"],"createdType":"Assign","organizationId":"5e149dae572e4e057d2519d0","type":"Driver","userId":"5e1305ee572e4e057d2519c4","createdAt":"2020-01-07T15:21:06.428Z","updatedAt":"2020-01-07T15:21:06.428Z","__v":0}}],"type":"Driver","need_otp":false,"permissions":[]},{"id":"5fc3d20c4562e71858d61f0e","name":"KAUST DRIVER","code":"KAUSTKSA","token":"eyJhbGciOiJIUzI1NiIsInR5cCI6IkpXVCJ9.eyJpZCI6IjVmYzNkMjBjNDU2MmU3MTg1OGQ2MWYwZSIsImtleSI6IjIwMjUtMDUtMjZUMTI6NDE6MDEuNDg4WiIsImlhdCI6MTc0ODI2MzI2MX0.1gcBArC6wLNSciTvAjm2kquhDWUw9gsphORNBfO9HFo","organizations":[{"organizationId":{"_id":"5fbf579f2bad0a72e4c50274","organizationLogo":"https://redbox-aws-s3-bucket.s3.amazonaws.com/1606828349528blob","organizationType":"Agency","trackingNumberPickUpLength":12,"organizationName":"KAUST","uniqueName":"kaust"},"organizationRoles":{"_id":"5fd734525a76170e4fe7fbb1","permissions":["Delivery","Return","Expired","Express","GA"],"createdType":"Assign","organizationId":"5fbf579f2bad0a72e4c50274","type":"Driver","userId":"5fc3d20c4562e71858d61f0e","createdAt":"2020-12-14T09:45:54.629Z","updatedAt":"2020-12-14T09:45:54.629Z","__v":0}}],"type":"Driver","need_otp":false,"permissions":["Delivery","Return","Expired","Express","GA"]},{"id":"669658b3a418e3df79b8ce29","name":"Obama","code":"KBPGTLFT","token":"eyJhbGciOiJIUzI1NiIsInR5cCI6IkpXVCJ9.eyJpZCI6IjY2OTY1OGIzYTQxOGUzZGY3OWI4Y2UyOSIsImtleSI6IjIwMjUtMDUtMjZUMTI6NDE6MDEuNDg4WiIsImlhdCI6MTc0ODI2MzI2MX0.X53sehCdYH-O9OqNXVFs7E-9NclyzmSm4a8PuFfBI1c","organizations":[{"organizationId":{"_id":"5e782d3430892b2a423a0d4e","organizationLogo":"https://redbox-aws-s3-bucket.s3.amazonaws.com/1606847716427blob","organizationType":"Agency","trackingNumberPickUpLength":12,"organizationName":"RedBox Agency","uniqueName":"salasa1"},"organizationRoles":{"_id":"66ce8eb9df68a52ade18a8a2","permissions":["Delivery","Return","Expired","Express","GA"],"createdType":"Create","organizationId":"5e782d3430892b2a423a0d4e","userId":"669658b3a418e3df79b8ce29","type":"Driver","createdAt":"2024-08-28T02:43:05.439Z","updatedAt":"2024-08-28T02:43:05.439Z","__v":0}}],"type":"Driver","need_otp":false,"permissions":["Delivery","Return","Expired","Express","GA","Store","Sampling","LockerReturn"]},{"id":"5dc06085817f013f39a65188","name":"Diep Driver","code":"KCOWEAIS","token":"eyJhbGciOiJIUzI1NiIsInR5cCI6IkpXVCJ9.eyJpZCI6IjVkYzA2MDg1ODE3ZjAxM2YzOWE2NTE4OCIsImtleSI6IjIwMjUtMDUtMjZUMTI6NDE6MDEuNDg4WiIsImlhdCI6MTc0ODI2MzI2MX0.o6qh6-JVtY02IjjmSoh3nhHU0t-6gthiKVD3qGmAOWA","organizations":[],"type":"Driver","need_otp":false,"permissions":[]},{"id":"5eb27b9c40f9743c12b01a45","name":"Thamer OUD","code":"KTDEGVGL","token":"eyJhbGciOiJIUzI1NiIsInR5cCI6IkpXVCJ9.eyJpZCI6IjVlYjI3YjljNDBmOTc0M2MxMmIwMWE0NSIsImtleSI6IjIwMjUtMDUtMjZUMTI6NDE6MDEuNDg4WiIsImlhdCI6MTc0ODI2MzI2MX0.-gxDMeKBWgvZfDBzoT4u0_JdrMsUd-4ZU7yGrFeGaPc","organizations":[{"organizationId":{"_id":"5eb27b3e40f9743c12b01a42","organizationLogo":"https://gravatar.com/avatar/ccc9874a6f237bbff1582bd200b1d903?s=200&amp;d=retro","organizationType":"Agency","trackingNumberPickUpLength":12,"organizationName":"Out_Test_Store","uniqueName":null},"organizationRoles":{"_id":"5eb27b9c40f9743c12b01a47","permissions":["Delivery","Return","Expired"],"createdType":"Assign","organizationId":"5eb27b3e40f9743c12b01a42","type":"Driver","userId":"5eb27b9c40f9743c12b01a45","__v":0,"createdAt":"2020-05-06T08:55:56.998Z","updatedAt":"2020-05-06T08:55:56.998Z"}}],"type":"Driver","need_otp":false,"permissions":["Delivery","Return","Expired"]},{"id":"5e4d209eff662a1507630ad9","name":"Farsthak","code":"KWNWCDTC","token":"eyJhbGciOiJIUzI1NiIsInR5cCI6IkpXVCJ9.eyJpZCI6IjVlNGQyMDllZmY2NjJhMTUwNzYzMGFkOSIsImtleSI6IjIwMjUtMDUtMjZUMTI6NDE6MDEuNDg4WiIsImlhdCI6MTc0ODI2MzI2MX0.OxfVBL8EFFOv4rLb8HUr1xPl3GRyTUV1lPNwFlk3je0","organizations":[{"organizationId":{"_id":"5d2854dd65889422de40f2f7","organizationLogo":"https://stage.redboxsa.com/logo_niceone.png","organizationType":"Agency","trackingNumberPickUpLength":12,"organizationName":"Niceone-OLDD","uniqueName":null},"organizationRoles":{"_id":"5e4e41c755ba4e17c1c50935","permissions":["Delivery","Return","Expired"],"createdType":"Assign","organizationId":"5d2854dd65889422de40f2f7","type":"Driver","userId":"5e4d209eff662a1507630ad9","createdAt":"2020-02-20T08:22:31.863Z","updatedAt":"2020-02-20T08:22:31.863Z","__v":0}}],"type":"Driver","need_otp":false,"permissions":[]},{"id":"5e64b10263ab7115274e7000","name":"Auto assigned to Salasa","code":"LMRYNQNH","token":"eyJhbGciOiJIUzI1NiIsInR5cCI6IkpXVCJ9.eyJpZCI6IjVlNjRiMTAyNjNhYjcxMTUyNzRlNzAwMCIsImtleSI6IjIwMjUtMDUtMjZUMTI6NDE6MDEuNDg4WiIsImlhdCI6MTc0ODI2MzI2MX0.wQaTGeayJrp40nycLRcQFc7g77gjppBw3Cp6p31mtWE","organizations":[{"organizationId":{"_id":"5e43bd282a2ec528267c0d86","organizationLogo":"https://redbox-aws-s3-bucket.s3.amazonaws.com/organization_4sjodmpdy_avatar_200x200","organizationType":"Agency","trackingNumberPickUpLength":12,"organizationName":"Salasa","uniqueName":"aamar"},"organizationRoles":{"_id":"5e64b10263ab7115274e7002","permissions":["Delivery","Return","Expired"],"createdType":"Assign","organizationId":"5e43bd282a2ec528267c0d86","type":"Driver","userId":"5e64b10263ab7115274e7000","__v":0,"createdAt":"2020-03-08T08:46:58.388Z","updatedAt":"2020-03-08T08:46:58.388Z"}}],"type":"Driver","need_otp":false,"permissions":["Delivery","Return","Expired"]},{"id":"5d8c2c2d4438e1027f4f164b","name":"Dung Phan","code":"M76GANDI","token":"eyJhbGciOiJIUzI1NiIsInR5cCI6IkpXVCJ9.eyJpZCI6IjVkOGMyYzJkNDQzOGUxMDI3ZjRmMTY0YiIsImtleSI6IjIwMjUtMDUtMjZUMTI6NDE6MDEuNDg4WiIsImlhdCI6MTc0ODI2MzI2MX0.7-izLHA-2oCduYvYjdihI0lcxbJwrcV4pYHcMtxXESU","organizations":[{"organizationId":{"_id":"5d2854dd65889422de40f2f7","organizationLogo":"https://stage.redboxsa.com/logo_niceone.png","organizationType":"Agency","trackingNumberPickUpLength":12,"organizationName":"Niceone-OLDD","uniqueName":null},"organizationRoles":{"_id":"5d8c2c2d4438e1027f4f164c","permissions":["Delivery","Return","Expired"],"organizationId":"5d2854dd65889422de40f2f7","type":"Driver","userId":"5d8c2c2d4438e1027f4f164b","__v":0,"createdAt":"2019-09-26T03:10:37.630Z","updatedAt":"2020-02-19T14:16:31.223Z"}}],"type":"Driver","need_otp":false,"permissions":[]},{"id":"659f745a7c114550195b418e","name":"Aymakan Driver","code":"MDKSSNZT","token":"eyJhbGciOiJIUzI1NiIsInR5cCI6IkpXVCJ9.eyJpZCI6IjY1OWY3NDVhN2MxMTQ1NTAxOTViNDE4ZSIsImtleSI6IjIwMjUtMDUtMjZUMTI6NDE6MDEuNDg4WiIsImlhdCI6MTc0ODI2MzI2MX0.DPVsxSDQMMKfi9ZjcLv4P8b2Aj6FUFsrSeG1fM5yEoQ","organizations":[{"organizationId":{"_id":"63ff07266fa0f16a2bdd7854","organizationLogo":"https://redbox-files.s3.eu-west-3.amazonaws.com/stage/avatar-logo/1677657893878blob","organizationType":"Agency","trackingNumberPickUpLength":12,"organizationName":"Aymakan","uniqueName":"aymakan"},"organizationRoles":{"_id":"659f74747c114550195b4191","permissions":["Delivery","Return","Expired"],"createdType":"Assign","organizationId":"63ff07266fa0f16a2bdd7854","type":"Driver","userId":"659f745a7c114550195b418e","createdAt":"2024-01-11T04:54:12.256Z","updatedAt":"2024-01-11T04:54:12.256Z","__v":0}}],"type":"Driver","need_otp":false,"permissions":["Delivery","Return","Expired"]},{"id":"67be86d9163f7b81dcf55dec","name":"AGC","code":"MGXUPSLH","token":"eyJhbGciOiJIUzI1NiIsInR5cCI6IkpXVCJ9.eyJpZCI6IjY3YmU4NmQ5MTYzZjdiODFkY2Y1NWRlYyIsImtleSI6IjIwMjUtMDUtMjZUMTI6NDE6MDEuNDg4WiIsImlhdCI6MTc0ODI2MzI2MX0.5Os1T9JankAsrhPfdRq54_DRabbig1XlDgdUIIIY8RU","organizations":[]
[...]
<arg>"${name}" == "${driver_name}"</arg>
<arg>Set Test Variable</arg>
<arg>${found}</arg>
<arg>True</arg>
<doc>Runs the given keyword with the given arguments, if ``condition`` is true.</doc>
<status status="PASS" start="2025-05-26T19:41:05.481991" elapsed="0.000000"/>
</kw>
<kw name="Run Keyword If" owner="BuiltIn">
<arg>"${name}" == "${driver_name}"</arg>
<arg>Set Suite Variable</arg>
<arg>${driver_token}</arg>
<arg>${driver['token']}</arg>
<doc>Runs the given keyword with the given arguments, if ``condition`` is true.</doc>
<status status="PASS" start="2025-05-26T19:41:05.481991" elapsed="0.000000"/>
</kw>
<kw name="Run Keyword If" owner="BuiltIn">
<arg>"${name}" == "${driver_name}"</arg>
<arg>Append To File</arg>
<arg>driver_token.txt</arg>
<arg>${driver['token']}\n</arg>
<doc>Runs the given keyword with the given arguments, if ``condition`` is true.</doc>
<status status="PASS" start="2025-05-26T19:41:05.481991" elapsed="0.000998"/>
</kw>
<var name="${driver}">{'id': '6735d2b589ae9a118a13e751', 'name': 'LyLy', 'code': 'UPIDVNWX', 'token': 'eyJhbGciOiJIUzI1NiIsInR5cCI6IkpXVCJ9.eyJpZCI6IjY3MzVkMmI1ODlhZTlhMTE4YTEzZTc1MSIsImtleSI6IjIwMjUtMDUtMjZUMTI6NDE6MDEuOT...</var>
<status status="PASS" start="2025-05-26T19:41:05.479996" elapsed="0.002993"/>
</iter>
<iter>
<kw name="Get From Dictionary" owner="Collections">
<msg time="2025-05-26T19:41:05.482989" level="INFO">${name} = haha20</msg>
<var>${name}</var>
<arg>${driver}</arg>
<arg>name</arg>
<doc>Returns a value from the given ``dictionary`` based on the given ``key``.</doc>
<status status="PASS" start="2025-05-26T19:41:05.482989" elapsed="0.000000"/>
</kw>
<kw name="Log" owner="BuiltIn">
<msg time="2025-05-26T19:41:05.483986" level="INFO">Found driver name: "haha20"</msg>
<arg>Found driver name: "${name}"</arg>
<doc>Logs the given message with the given level.</doc>
<status status="PASS" start="2025-05-26T19:41:05.482989" elapsed="0.000997"/>
</kw>
<kw name="Log" owner="BuiltIn">
<msg time="2025-05-26T19:41:05.483986" level="INFO">Target driver name: "Ha driver dev"</msg>
<arg>Target driver name: "${driver_name}"</arg>
<doc>Logs the given message with the given level.</doc>
<status status="PASS" start="2025-05-26T19:41:05.483986" elapsed="0.000000"/>
</kw>
<kw name="Run Keyword If" owner="BuiltIn">
<arg>"${name}" == "${driver_name}"</arg>
<arg>Set Test Variable</arg>
<arg>${found}</arg>
<arg>True</arg>
<doc>Runs the given keyword with the given arguments, if ``condition`` is true.</doc>
<status status="PASS" start="2025-05-26T19:41:05.483986" elapsed="0.000997"/>
</kw>
<kw name="Run Keyword If" owner="BuiltIn">
<arg>"${name}" == "${driver_name}"</arg>
<arg>Set Suite Variable</arg>
<arg>${driver_token}</arg>
<arg>${driver['token']}</arg>
<doc>Runs the given keyword with the given arguments, if ``condition`` is true.</doc>
<status status="PASS" start="2025-05-26T19:41:05.484983" elapsed="0.000000"/>
</kw>
<kw name="Run Keyword If" owner="BuiltIn">
<arg>"${name}" == "${driver_name}"</arg>
<arg>Append To File</arg>
<arg>driver_token.txt</arg>
<arg>${driver['token']}\n</arg>
<doc>Runs the given keyword with the given arguments, if ``condition`` is true.</doc>
<status status="PASS" start="2025-05-26T19:41:05.484983" elapsed="0.000000"/>
</kw>
<var name="${driver}">{'id': '6763f4febb18913cb714f96b', 'name': 'haha20', 'code': 'AYVJSAZA', 'token': 'eyJhbGciOiJIUzI1NiIsInR5cCI6IkpXVCJ9.eyJpZCI6IjY3NjNmNGZlYmIxODkxM2NiNzE0Zjk2YiIsImtleSI6IjIwMjUtMDUtMjZUMTI6NDE6MDEu...</var>
<status status="PASS" start="2025-05-26T19:41:05.482989" elapsed="0.002991"/>
</iter>
<iter>
<kw name="Get From Dictionary" owner="Collections">
<msg time="2025-05-26T19:41:05.485980" level="INFO">${name} = BZ Lee</msg>
<var>${name}</var>
<arg>${driver}</arg>
<arg>name</arg>
<doc>Returns a value from the given ``dictionary`` based on the given ``key``.</doc>
<status status="PASS" start="2025-05-26T19:41:05.485980" elapsed="0.000000"/>
</kw>
<kw name="Log" owner="BuiltIn">
<msg time="2025-05-26T19:41:05.485980" level="INFO">Found driver name: "BZ Lee"</msg>
<arg>Found driver name: "${name}"</arg>
<doc>Logs the given message with the given level.</doc>
<status status="PASS" start="2025-05-26T19:41:05.485980" elapsed="0.000997"/>
</kw>
<kw name="Log" owner="BuiltIn">
<msg time="2025-05-26T19:41:05.486977" level="INFO">Target driver name: "Ha driver dev"</msg>
<arg>Target driver name: "${driver_name}"</arg>
<doc>Logs the given message with the given level.</doc>
<status status="PASS" start="2025-05-26T19:41:05.486977" elapsed="0.000000"/>
</kw>
<kw name="Run Keyword If" owner="BuiltIn">
<arg>"${name}" == "${driver_name}"</arg>
<arg>Set Test Variable</arg>
<arg>${found}</arg>
<arg>True</arg>
<doc>Runs the given keyword with the given arguments, if ``condition`` is true.</doc>
<status status="PASS" start="2025-05-26T19:41:05.486977" elapsed="0.000000"/>
</kw>
<kw name="Run Keyword If" owner="BuiltIn">
<arg>"${name}" == "${driver_name}"</arg>
<arg>Set Suite Variable</arg>
<arg>${driver_token}</arg>
<arg>${driver['token']}</arg>
<doc>Runs the given keyword with the given arguments, if ``condition`` is true.</doc>
<status status="PASS" start="2025-05-26T19:41:05.487975" elapsed="0.000000"/>
</kw>
<kw name="Run Keyword If" owner="BuiltIn">
<arg>"${name}" == "${driver_name}"</arg>
<arg>Append To File</arg>
<arg>driver_token.txt</arg>
<arg>${driver['token']}\n</arg>
<doc>Runs the given keyword with the given arguments, if ``condition`` is true.</doc>
<status status="PASS" start="2025-05-26T19:41:05.487975" elapsed="0.000000"/>
</kw>
<var name="${driver}">{'id': '676a690b917d2b4f0d14e5d1', 'name': 'BZ Lee', 'code': 'ROTGELAO', 'token': 'eyJhbGciOiJIUzI1NiIsInR5cCI6IkpXVCJ9.eyJpZCI6IjY3NmE2OTBiOTE3ZDJiNGYwZDE0ZTVkMSIsImtleSI6IjIwMjUtMDUtMjZUMTI6NDE6MDEu...</var>
<status status="PASS" start="2025-05-26T19:41:05.485980" elapsed="0.001995"/>
</iter>
<iter>
<kw name="Get From Dictionary" owner="Collections">
<msg time="2025-05-26T19:41:05.488944" level="INFO">${name} = Syncsalla241</msg>
<var>${name}</var>
<arg>${driver}</arg>
<arg>name</arg>
<doc>Returns a value from the given ``dictionary`` based on the given ``key``.</doc>
<status status="PASS" start="2025-05-26T19:41:05.488944" elapsed="0.000000"/>
</kw>
<kw name="Log" owner="BuiltIn">
<msg time="2025-05-26T19:41:05.488944" level="INFO">Found driver name: "Syncsalla241"</msg>
<arg>Found driver name: "${name}"</arg>
<doc>Logs the given message with the given level.</doc>
<status status="PASS" start="2025-05-26T19:41:05.488944" elapsed="0.000000"/>
</kw>
<kw name="Log" owner="BuiltIn">
<msg time="2025-05-26T19:41:05.489942" level="INFO">Target driver name: "Ha driver dev"</msg>
<arg>Target driver name: "${driver_name}"</arg>
<doc>Logs the given message with the given level.</doc>
<status status="PASS" start="2025-05-26T19:41:05.489942" elapsed="0.000000"/>
</kw>
<kw name="Run Keyword If" owner="BuiltIn">
<arg>"${name}" == "${driver_name}"</arg>
<arg>Set Test Variable</arg>
<arg>${found}</arg>
<arg>True</arg>
<doc>Runs the given keyword with the given arguments, if ``condition`` is true.</doc>
<status status="PASS" start="2025-05-26T19:41:05.489942" elapsed="0.000000"/>
</kw>
<kw name="Run Keyword If" owner="BuiltIn">
<arg>"${name}" == "${driver_name}"</arg>
<arg>Set Suite Variable</arg>
<arg>${driver_token}</arg>
<arg>${driver['token']}</arg>
<doc>Runs the given keyword with the given arguments, if ``condition`` is true.</doc>
<status status="PASS" start="2025-05-26T19:41:05.489942" elapsed="0.001025"/>
</kw>
<kw name="Run Keyword If" owner="BuiltIn">
<arg>"${name}" == "${driver_name}"</arg>
<arg>Append To File</arg>
<arg>driver_token.txt</arg>
<arg>${driver['token']}\n</arg>
<doc>Runs the given keyword with the given arguments, if ``condition`` is true.</doc>
<status status="PASS" start="2025-05-26T19:41:05.490967" elapsed="0.000000"/>
</kw>
<var name="${driver}">{'id': '679352a887b79eac3a1f5205', 'name': 'Syncsalla241', 'code': 'SHKQNHQP', 'token': 'eyJhbGciOiJIUzI1NiIsInR5cCI6IkpXVCJ9.eyJpZCI6IjY3OTM1MmE4ODdiNzllYWMzYTFmNTIwNSIsImtleSI6IjIwMjUtMDUtMjZUMTI6ND...</var>
<status status="PASS" start="2025-05-26T19:41:05.488944" elapsed="0.002023"/>
</iter>
<iter>
<kw name="Get From Dictionary" owner="Collections">
<msg time="2025-05-26T19:41:05.491964" level="INFO">${name} = Auto Test</msg>
<var>${name}</var>
<arg>${driver}</arg>
<arg>name</arg>
<doc>Returns a value from the given ``dictionary`` based on the given ``key``.</doc>
<status status="PASS" start="2025-05-26T19:41:05.490967" elapsed="0.000997"/>
</kw>
<kw name="Log" owner="BuiltIn">
<msg time="2025-05-26T19:41:05.491964" level="INFO">Found driver name: "Auto Test"</msg>
<arg>Found driver name: "${name}"</arg>
<doc>Logs the given message with the given level.</doc>
<status status="PASS" start="2025-05-26T19:41:05.491964" elapsed="0.000000"/>
</kw>
<kw name="Log" owner="BuiltIn">
<msg time="2025-05-26T19:41:05.492961" level="INFO">Target driver name: "Ha driver dev"</msg>
<arg>Target driver name: "${driver_name}"</arg>
<doc>Logs the given message with the given level.</doc>
<status status="PASS" start="2025-05-26T19:41:05.491964" elapsed="0.000997"/>
</kw>
<kw name="Run Keyword If" owner="BuiltIn">
<arg>"${name}" == "${driver_name}"</arg>
<arg>Set Test Variable</arg>
<arg>${found}</arg>
<arg>True</arg>
<doc>Runs the given keyword with the given arguments, if ``condition`` is true.</doc>
<status status="PASS" start="2025-05-26T19:41:05.492961" elapsed="0.000000"/>
</kw>
<kw name="Run Keyword If" owner="BuiltIn">
<arg>"${name}" == "${driver_name}"</arg>
<arg>Set Suite Variable</arg>
<arg>${driver_token}</arg>
<arg>${driver['token']}</arg>
<doc>Runs the given keyword with the given arguments, if ``condition`` is true.</doc>
<status status="PASS" start="2025-05-26T19:41:05.492961" elapsed="0.000998"/>
</kw>
<kw name="Run Keyword If" owner="BuiltIn">
<arg>"${name}" == "${driver_name}"</arg>
<arg>Append To File</arg>
<arg>driver_token.txt</arg>
<arg>${driver['token']}\n</arg>
<doc>Runs the given keyword with the given arguments, if ``condition`` is true.</doc>
<status status="PASS" start="2025-05-26T19:41:05.493959" elapsed="0.000000"/>
</kw>
<var name="${driver}">{'id': '6809f16a40db6214b7eac9c6', 'name': 'Auto Test', 'code': 'HYDQKXRD', 'token': 'eyJhbGciOiJIUzI1NiIsInR5cCI6IkpXVCJ9.eyJpZCI6IjY4MDlmMTZhNDBkYjYyMTRiN2VhYzljNiIsImtleSI6IjIwMjUtMDUtMjZUMTI6NDE6M...</var>
<status status="PASS" start="2025-05-26T19:41:05.490967" elapsed="0.002992"/>
</iter>
<var>${driver}</var>
<value>@{list_drivers}</value>
<status status="PASS" start="2025-05-26T19:41:04.800987" elapsed="0.692972"/>
</for>
<kw name="Should Be True" owner="BuiltIn">
<arg>${found}</arg>
<arg>Driver with name "${driver_name}" not found in response</arg>
<doc>Fails if the given condition is not true.</doc>
<status status="PASS" start="2025-05-26T19:41:05.493959" elapsed="0.001001"/>
</kw>
<return>
<value>${driver_token}</value>
<status status="PASS" start="2025-05-26T19:41:05.494960" elapsed="0.000000"/>
</return>
<msg time="2025-05-26T19:41:05.494960" level="INFO">${driver_token} = eyJhbGciOiJIUzI1NiIsInR5cCI6IkpXVCJ9.eyJpZCI6IjY2YWM1MjQ3YzY3N2IzY2YwNjY3OWFlMSIsImtleSI6IjIwMjUtMDUtMjZUMTI6NDE6MDEuNDk4WiIsImlhdCI6MTc0ODI2MzI2MX0.sX9vP3IRs73I8Jre-aMCC6g26DpQr6ChA9O6l_ipNBw</msg>
<var>${driver_token}</var>
<arg>${env}</arg>
<arg>Ha driver dev</arg>
<doc>Call API to get driver list, find driver by name, and write token to driver_token.txt</doc>
<status status="PASS" start="2025-05-26T19:41:03.668770" elapsed="1.826190"/>
</kw>
<kw name="API Driver picks up Express shipments from Locker" owner="keywords">
<kw name="Get Time" owner="BuiltIn">
<msg time="2025-05-26T19:41:05.495925" level="INFO">${timestamp} = 1748263265</msg>
<var>${timestamp}</var>
<arg>epoch</arg>
<doc>Returns the given time in the requested format.</doc>
<status status="PASS" start="2025-05-26T19:41:05.495925" elapsed="0.000998"/>
</kw>
<kw name="Evaluate" owner="BuiltIn">
<msg time="2025-05-26T19:41:05.496923" level="INFO">${timestamp} = 1748263265000</msg>
<var>${timestamp}</var>
<arg>int(${timestamp} * 1000)</arg>
<doc>Evaluates the given expression in Python and returns the result.</doc>
<status status="PASS" start="2025-05-26T19:41:05.496923" elapsed="0.000000"/>
</kw>
<kw name="Create Dictionary" owner="BuiltIn">
<msg time="2025-05-26T19:41:05.499915" level="INFO">${BODY} = {'door_id': '65aa377b3a403d2b4b366b4c', 'organization_id': '5d2853e265889422de40f2f3', 'locker_id': '65aa37553a403d2b4b366b47', 'timestamp': 1748263265000}</msg>
<var>${BODY}</var>
<arg>door_id=${door_id["${env}"]}</arg>
<arg>organization_id=${organization_redbox_id["${env}"]}</arg>
<arg>locker_id=${locker_id["${env}"]}</arg>
<arg>timestamp=${timestamp}</arg>
<doc>Creates and returns a dictionary based on the given ``items``.</doc>
<status status="PASS" start="2025-05-26T19:41:05.496923" elapsed="0.002992"/>
</kw>
<kw name="Create Dictionary" owner="BuiltIn">
<msg time="2025-05-26T19:41:05.502935" level="INFO">${HEADERS} = {'Content-Type': 'application/json', 'Authorization': 'Bearer eyJhbGciOiJIUzI1NiIsInR5cCI6IkpXVCJ9.eyJpZCI6IjY2YWM1MjQ3YzY3N2IzY2YwNjY3OWFlMSIsImtleSI6IjIwMjUtMDUtMjZUMTI6NDE6MDEuNDk4WiIsImlhdCI6MTc0O...</msg>
<var>${HEADERS}</var>
<arg>Content-Type=application/json</arg>
<arg>Authorization=Bearer ${driver_token}</arg>
<arg>organization-id=${organization_redbox_id["${env}"]}</arg>
<arg>locker-id=${locker_id["${env}"]}</arg>
<arg>point-id=${point_id["${env}"]}</arg>
<arg>cookie=connect.sid=s%3AWOAKd-qpcmp6vgEQo6FmIg5AUpEChN9d.8VOl2rP7eV61zNGDDVd1VLSpAP66cTBCmVnt%2B%2FF7AAc</arg>
<doc>Creates and returns a dictionary based on the given ``items``.</doc>
<status status="PASS" start="2025-05-26T19:41:05.500913" elapsed="0.003014"/>
</kw>
<kw name="POST" owner="RequestsLibrary">
<msg time="2025-05-26T19:41:06.262905" level="INFO">POST Request : url=https://dev.redboxsa.com/v3/api/shipper/open-multiple-door-express 
 path_url=/v3/api/shipper/open-multiple-door-express 
 headers={'User-Agent': 'python-requests/2.32.3', 'Accept-Encoding': 'gzip, deflate', 'Accept': '*/*', 'Connection': 'keep-alive', 'Content-Type': 'application/json', 'Authorization': 'Bearer eyJhbGciOiJIUzI1NiIsInR5cCI6IkpXVCJ9.eyJpZCI6IjY2YWM1MjQ3YzY3N2IzY2YwNjY3OWFlMSIsImtleSI6IjIwMjUtMDUtMjZUMTI6NDE6MDEuNDk4WiIsImlhdCI6MTc0ODI2MzI2MX0.sX9vP3IRs73I8Jre-aMCC6g26DpQr6ChA9O6l_ipNBw', 'organization-id': '5d2853e265889422de40f2f3', 'locker-id': '65aa37553a403d2b4b366b47', 'point-id': '5d2855e065889422de40f2fe', 'cookie': 'connect.sid=s%3AWOAKd-qpcmp6vgEQo6FmIg5AUpEChN9d.8VOl2rP7eV61zNGDDVd1VLSpAP66cTBCmVnt%2B%2FF7AAc', 'Content-Length': '155'} 
 body=b'{"door_id": "65aa377b3a403d2b4b366b4c", "organization_id": "5d2853e265889422de40f2f3", "locker_id": "65aa37553a403d2b4b366b47", "timestamp": 1748263265000}' 
 </msg>
<msg time="2025-05-26T19:41:06.262905" level="INFO">POST Response : url=https://dev.redboxsa.com/v3/api/shipper/open-multiple-door-express 
 status=200, reason=OK 
 headers={'Server': 'nginx/1.18.0 (Ubuntu)', 'Date': 'Mon, 26 May 2025 12:41:05 GMT', 'Content-Type': 'text/html; charset=utf-8', 'Transfer-Encoding': 'chunked', 'Connection': 'keep-alive', 'Access-Control-Allow-Origin': '*', 'x-frame-options': 'SAMEORIGIN', 'x-xss-protection': '1; mode=block', 'ETag': 'W/"2f-oG0oi2EFMZ2L71LUenbolxDpGz8"', 'Vary': 'Accept-Encoding', 'Content-Encoding': 'gzip'} 
 body={"state":false,"msg":"you_have_not_permission"} 
 </msg>
<msg time="2025-05-26T19:41:06.263903" level="INFO">${RESPONSE} = &lt;Response [200]&gt;</msg>
<var>${RESPONSE}</var>
<arg>${shipper_api["${env}"]}/open-multiple-door-express</arg>
<arg>json=${BODY}</arg>
<arg>headers=${HEADERS}</arg>
<doc>Sends a POST request.</doc>
<status status="PASS" start="2025-05-26T19:41:05.503927" elapsed="0.759976"/>
</kw>
<kw name="Set Variable" owner="BuiltIn">
<msg time="2025-05-26T19:41:06.264900" level="INFO">${json_data} = {'state': False, 'msg': 'you_have_not_permission'}</msg>
<var>${json_data}</var>
<arg>${RESPONSE.json()}</arg>
<doc>Returns the given values which can then be assigned to a variables.</doc>
<status status="PASS" start="2025-05-26T19:41:06.263903" elapsed="0.000997"/>
</kw>
<kw name="Get From Dictionary" owner="Collections">
<msg time="2025-05-26T19:41:06.265897" level="FAIL">Dictionary does not contain key 'doors'.</msg>
<var>${doors}</var>
<arg>${json_data}</arg>
<arg>doors</arg>
<doc>Returns a value from the given ``dictionary`` based on the given ``key``.</doc>
<status status="FAIL" start="2025-05-26T19:41:06.265897" elapsed="0.001995">Dictionary does not contain key 'doors'.</status>
</kw>
<kw name="Log" owner="BuiltIn">
<arg>${doors}</arg>
<doc>Logs the given message with the given level.</doc>
<status status="NOT RUN" start="2025-05-26T19:41:06.267892" elapsed="0.000000"/>
</kw>
<kw name="Should Be Equal As Strings" owner="BuiltIn">
<arg>${door_id["${env}"]}</arg>
<arg>${doors}</arg>
<doc>Fails if objects are unequal after converting them to strings.</doc>
<status status="NOT RUN" start="2025-05-26T19:41:06.268889" elapsed="0.000000"/>
</kw>
<arg>${env}</arg>
<arg>${driver_token}</arg>
<doc>Authorization token of driver, locker id, point id, organization id of Redbox are required in Headers</doc>
<status status="FAIL" start="2025-05-26T19:41:05.495925" elapsed="0.772964">Dictionary does not contain key 'doors'.</status>
</kw>
<kw name="API Driver deposits Express shipments" owner="keywords">
<arg>${env}</arg>
<arg>${driver_token}</arg>
<doc>Authorization token of driver, locker id, point id, organization id of Redbox are required in Headers</doc>
<status status="NOT RUN" start="2025-05-26T19:41:06.268889" elapsed="0.000000"/>
</kw>
<kw name="API get token locker" owner="keywords">
<var>${locker_token}</var>
<arg>${env}</arg>
<arg>866732032337033</arg>
<doc>Call API to get token of locker</doc>
<status status="NOT RUN" start="2025-05-26T19:41:06.269887" elapsed="0.000000"/>
</kw>
<kw name="API Customer pickup Express shipments from Locker" owner="keywords">
<arg>${env}</arg>
<arg>${locker_token}</arg>
<doc>Authorization token of locker, locker id, point id are required in Headers</doc>
<status status="NOT RUN" start="2025-05-26T19:41:06.269887" elapsed="0.000997"/>
</kw>
<kw name="Close Browser" owner="Selenium2Library" type="TEARDOWN">
<doc>Closes the current browser.</doc>
<status status="PASS" start="2025-05-26T19:41:06.270884" elapsed="0.000000"/>
</kw>
<status status="FAIL" start="2025-05-26T19:41:03.664800" elapsed="2.607082">Dictionary does not contain key 'doors'.</status>
</test>
<status status="FAIL" start="2025-05-26T19:41:03.627828" elapsed="2.645051"/>
</suite>
<status status="FAIL" start="2025-05-26T19:41:03.020149" elapsed="3.254725"/>
</suite>
<statistics>
<total>
<stat pass="0" fail="1" skip="0">All Tests</stat>
</total>
<tag>
</tag>
<suite>
<stat pass="0" fail="1" skip="0" id="s1" name="Redbox1">Redbox1</stat>
<stat pass="0" fail="1" skip="0" id="s1-s1" name="Testcase">Redbox1.Testcase</stat>
</suite>
</statistics>
<errors>
<msg time="2025-05-26T19:41:02.983248" level="WARN">Error in file 'd:\Redbox_Auto\Redbox1\keywords.robot' on line 227: The '[Return]' setting is deprecated. Use the 'RETURN' statement instead.</msg>
<msg time="2025-05-26T19:41:02.983248" level="WARN">Error in file 'd:\Redbox_Auto\Redbox1\keywords.robot' on line 239: The '[Return]' setting is deprecated. Use the 'RETURN' statement instead.</msg>
<msg time="2025-05-26T19:41:03.637773" level="WARN">Error in file 'd:\Redbox_Auto\Redbox1\keywords.robot' on line 227: The '[Return]' setting is deprecated. Use the 'RETURN' statement instead.</msg>
<msg time="2025-05-26T19:41:03.637773" level="WARN">Error in file 'd:\Redbox_Auto\Redbox1\keywords.robot' on line 239: The '[Return]' setting is deprecated. Use the 'RETURN' statement instead.</msg>
<msg time="2025-05-26T19:41:04.769079" level="WARN">Keyword 'RequestsLibrary.To Json' is deprecated. Please use ${resp.json()} instead. Have a look at the improved HTML output as pretty printing replacement.</msg>
</errors>
</robot>
