<?xml version="1.0" encoding="UTF-8"?>
<robot generator="Robot 7.1.1 (Python 3.12.8 on win32)" generated="2025-04-21T18:52:13.196686" rpa="false" schemaversion="5">
<suite id="s1" name="Redbox1" source="c:\Users\Lan Anh\Documents\GitHub\Redbox1">
<suite id="s1-s1" name="Testcase" source="c:\Users\Lan Anh\Documents\GitHub\Redbox1\testcase.robot">
<test id="s1-s1-t1" name="Shipment Transfer page" line="108">
<kw name="Set Environment" owner="Config">
<kw name="Set Variable" owner="BuiltIn">
<msg time="2025-04-21T18:52:13.844453" level="INFO">${BASE_URL1} = https://stage.redboxsa.com/login</msg>
<var>${BASE_URL1}</var>
<arg>${ENVIRONMENT["${ENV}"]}</arg>
<doc>Returns the given values which can then be assigned to a variables.</doc>
<status status="PASS" start="2025-04-21T18:52:13.843457" elapsed="0.002992"/>
</kw>
<kw name="Open Browser" owner="Selenium2Library">
<msg time="2025-04-21T18:52:13.846449" level="INFO">Opening browser 'chrome' to base url 'https://stage.redboxsa.com/login'.</msg>
<arg>${BASE_URL1}</arg>
<arg>chrome</arg>
<doc>Opens a new browser instance to the optional ``url``.</doc>
<status status="PASS" start="2025-04-21T18:52:13.846449" elapsed="8.403730"/>
</kw>
<kw name="Maximize Browser Window" owner="Selenium2Library">
<doc>Maximizes current browser window.</doc>
<status status="PASS" start="2025-04-21T18:52:22.250179" elapsed="0.029056"/>
</kw>
<kw name="Input Text" owner="Selenium2Library">
<msg time="2025-04-21T18:52:22.282226" level="INFO">Typing text 'anhth58.it.uet@gmail.com' into text field 'id=email-login'.</msg>
<arg>id=email-login</arg>
<arg>${email_login["${ENV}"]}</arg>
<doc>Types the given ``text`` into the text field identified by ``locator``.</doc>
<status status="PASS" start="2025-04-21T18:52:22.280231" elapsed="0.084685"/>
</kw>
<kw name="Input Text" owner="Selenium2Library">
<msg time="2025-04-21T18:52:22.365942" level="INFO">Typing text 'Re@@Bo2025' into text field 'id=password-login'.</msg>
<arg>id=password-login</arg>
<arg>${password_login["${ENV}"]}</arg>
<doc>Types the given ``text`` into the text field identified by ``locator``.</doc>
<status status="PASS" start="2025-04-21T18:52:22.364916" elapsed="0.052043"/>
</kw>
<kw name="Sleep" owner="BuiltIn">
<msg time="2025-04-21T18:52:23.417040" level="INFO">Slept 1 second.</msg>
<arg>1s</arg>
<doc>Pauses the test executed for the given time.</doc>
<status status="PASS" start="2025-04-21T18:52:22.416959" elapsed="1.000081"/>
</kw>
<kw name="Click Button" owner="Selenium2Library">
<msg time="2025-04-21T18:52:23.417040" level="INFO">Clicking button 'submit-login'.</msg>
<arg>${submit_login}</arg>
<doc>Clicks the button identified by ``locator``.</doc>
<status status="PASS" start="2025-04-21T18:52:23.417040" elapsed="13.067857"/>
</kw>
<kw name="Wait Until Page Contains Element" owner="Selenium2Library">
<arg>${logo}</arg>
<arg>timeout=10</arg>
<doc>Waits until the element ``locator`` appears on the current page.</doc>
<status status="PASS" start="2025-04-21T18:52:36.484897" elapsed="0.010052"/>
</kw>
<kw name="Page Should Contain Element" owner="Selenium2Library">
<msg time="2025-04-21T18:52:36.501334" level="INFO">Current page contains element 'logo'.</msg>
<arg>${logo}</arg>
<doc>Verifies that element ``locator`` is found on the current page.</doc>
<status status="PASS" start="2025-04-21T18:52:36.494949" elapsed="0.006385"/>
</kw>
<status status="PASS" start="2025-04-21T18:52:13.842460" elapsed="22.658874"/>
</kw>
<kw name="Click Link" owner="Selenium2Library">
<msg time="2025-04-21T18:52:36.503330" level="INFO">Clicking link '/redbox'.</msg>
<arg>${redbox_dashboard_href}</arg>
<doc>Clicks a link identified by ``locator``.</doc>
<status status="PASS" start="2025-04-21T18:52:36.502336" elapsed="4.631777"/>
</kw>
<kw name="Wait Until Page Contains Element" owner="Selenium2Library">
<arg>${shipments}</arg>
<arg>timeout=10</arg>
<doc>Waits until the element ``locator`` appears on the current page.</doc>
<status status="PASS" start="2025-04-21T18:52:41.135111" elapsed="0.010969"/>
</kw>
<kw name="Access page" owner="keywords">
<kw name="Click Element" owner="Selenium2Library">
<msg time="2025-04-21T18:52:41.147077" level="INFO">Clicking element 'menu-shipments'.</msg>
<arg>${title}</arg>
<doc>Click the element identified by ``locator``.</doc>
<status status="PASS" start="2025-04-21T18:52:41.147077" elapsed="0.048231"/>
</kw>
<kw name="Sleep" owner="BuiltIn">
<msg time="2025-04-21T18:52:46.196932" level="INFO">Slept 5 seconds.</msg>
<arg>5s</arg>
<doc>Pauses the test executed for the given time.</doc>
<status status="PASS" start="2025-04-21T18:52:41.196398" elapsed="5.000534"/>
</kw>
<kw name="Click Element" owner="Selenium2Library">
<msg time="2025-04-21T18:52:46.198936" level="INFO">Clicking element 'menu-link-shipment-transfer'.</msg>
<arg>${subtitle}</arg>
<doc>Click the element identified by ``locator``.</doc>
<status status="PASS" start="2025-04-21T18:52:46.197940" elapsed="1.716456"/>
</kw>
<arg>${shipments}</arg>
<arg>${shipment_transfer}</arg>
<doc>To access any page under the main operation tab</doc>
<status status="PASS" start="2025-04-21T18:52:41.146080" elapsed="6.769313"/>
</kw>
<kw name="Search and wait page contains text" owner="keywords">
<kw name="Input Text" owner="Selenium2Library">
<msg time="2025-04-21T18:52:47.916390" level="INFO">Typing text 'NOT_EXIST_9999' into text field 'customSearch'.</msg>
<arg>${locator}</arg>
<arg>${text}</arg>
<doc>Types the given ``text`` into the text field identified by ``locator``.</doc>
<status status="PASS" start="2025-04-21T18:52:47.916390" elapsed="0.065946"/>
</kw>
<kw name="Press Keys" owner="Selenium2Library">
<msg time="2025-04-21T18:52:47.983333" level="INFO">Sending key(s) ('RETURN',) to page.</msg>
<msg time="2025-04-21T18:52:47.983333" level="INFO">Pressing special key RETURN to browser.</msg>
<msg time="2025-04-21T18:52:47.983333" level="INFO">Releasing special key RETURN.</msg>
<arg>None</arg>
<arg>RETURN</arg>
<doc>Simulates the user pressing key(s) to an element or on the active browser.</doc>
<status status="PASS" start="2025-04-21T18:52:47.982336" elapsed="0.010971"/>
</kw>
<kw name="Wait Until Page Contains" owner="Selenium2Library">
<arg>${expected_text}</arg>
<arg>timeout=20</arg>
<doc>Waits until ``text`` appears on the current page.</doc>
<status status="PASS" start="2025-04-21T18:52:47.993307" elapsed="0.444929"/>
</kw>
<arg>${shipment_transfer_search_box}</arg>
<arg>${search_text}</arg>
<arg>No data available in table</arg>
<doc>To search and check the page contains expected text without using fixed sleep time.</doc>
<status status="PASS" start="2025-04-21T18:52:47.915393" elapsed="0.522843"/>
</kw>
<kw name="Close Browser" owner="Selenium2Library" type="TEARDOWN">
<doc>Closes the current browser.</doc>
<status status="PASS" start="2025-04-21T18:52:48.438860" elapsed="2.131453"/>
</kw>
<status status="PASS" start="2025-04-21T18:52:13.841462" elapsed="36.729882"/>
</test>
<status status="PASS" start="2025-04-21T18:52:13.812325" elapsed="36.764361"/>
</suite>
<status status="PASS" start="2025-04-21T18:52:13.201674" elapsed="37.377971"/>
</suite>
<statistics>
<total>
<stat pass="1" fail="0" skip="0">All Tests</stat>
</total>
<tag>
</tag>
<suite>
<stat pass="1" fail="0" skip="0" id="s1" name="Redbox1">Redbox1</stat>
<stat pass="1" fail="0" skip="0" id="s1-s1" name="Testcase">Redbox1.Testcase</stat>
</suite>
</statistics>
<errors>
</errors>
</robot>
