<?xml version="1.0" encoding="UTF-8"?>
<robot generator="Robot 7.1.1 (Python 3.12.8 on win32)" generated="2025-05-26T18:17:14.046943" rpa="false" schemaversion="5">
<suite id="s1" name="Redbox1" source="c:\Users\Lan Anh\Documents\GitHub\Redbox1">
<suite id="s1-s1" name="Testcase" source="c:\Users\Lan Anh\Documents\GitHub\Redbox1\testcase.robot">
<test id="s1-s1-t1" name="Express Flow" line="376">
<kw name="Set Variable" owner="BuiltIn">
<msg time="2025-05-26T18:17:14.974045" level="INFO">${env} = dev</msg>
<var>${env}</var>
<arg>dev</arg>
<doc>Returns the given values which can then be assigned to a variables.</doc>
<status status="PASS" start="2025-05-26T18:17:14.973047" elapsed="0.002992"/>
</kw>
<kw name="Create express shipment" owner="keywords">
<kw name="Create Dictionary" owner="BuiltIn">
<msg time="2025-05-26T18:17:14.977038" level="INFO">${BODY} = {'service_type': 'LockerToLocker', 'point_from_id': '5d2855e065889422de40f2fe', 'point_to_id': '6087d7cb25cf0a31292245f7', 'receiver_name': 'LA', 'receiver_phone': '+84375684357', 'shipment_note': 'No...</msg>
<var>${BODY}</var>
<arg>service_type=LockerToLocker</arg>
<arg>point_from_id=${point_from_id}</arg>
<arg>point_to_id=${point_to_id}</arg>
<arg>receiver_name=LA</arg>
<arg>receiver_phone=+84375684357</arg>
<arg>shipment_note=Notes</arg>
<arg>item_description=Items 1</arg>
<arg>declared_value=12</arg>
<arg>sender_name=LAnk</arg>
<arg>sender_phone=+84335299002</arg>
<doc>Creates and returns a dictionary based on the given ``items``.</doc>
<status status="PASS" start="2025-05-26T18:17:14.977038" elapsed="0.000996"/>
</kw>
<kw name="Get From Dictionary" owner="Collections">
<msg time="2025-05-26T18:17:14.979031" level="INFO">${auth_token} = Bearer eyJhbGciOiJIUzI1NiIsInR5cCI6IkpXVCJ9.eyJvcmdhbml6YXRpb25faWQiOiI2NDA4NmQ0NzYwOTMyMzc1OTY3NjEyMDIiLCJrZXkiOiIyMDIzLTAzLTA4VDExOjE0OjEwLjE3OVoiLCJpYXQiOjE2NzgyNzQwNTB9.e4HrRLDPjdWZo6DCmKM9RMWHS2D...</msg>
<var>${auth_token}</var>
<arg>${express_authorization}</arg>
<arg>${env}</arg>
<doc>Returns a value from the given ``dictionary`` based on the given ``key``.</doc>
<status status="PASS" start="2025-05-26T18:17:14.978034" elapsed="0.000997"/>
</kw>
<kw name="Create Dictionary" owner="BuiltIn">
<msg time="2025-05-26T18:17:14.979031" level="INFO">${HEADERS} = {'Content-Type': 'application/json', 'Authorization': 'Bearer eyJhbGciOiJIUzI1NiIsInR5cCI6IkpXVCJ9.eyJvcmdhbml6YXRpb25faWQiOiI2NDA4NmQ0NzYwOTMyMzc1OTY3NjEyMDIiLCJrZXkiOiIyMDIzLTAzLTA4VDExOjE0OjEwLjE3O...</msg>
<var>${HEADERS}</var>
<arg>Content-Type=application/json</arg>
<arg>Authorization=${auth_token}</arg>
<doc>Creates and returns a dictionary based on the given ``items``.</doc>
<status status="PASS" start="2025-05-26T18:17:14.979031" elapsed="0.000000"/>
</kw>
<kw name="Get From Dictionary" owner="Collections">
<msg time="2025-05-26T18:17:14.980029" level="INFO">${url} = https://dev.redboxsa.com/api/business/v1/shipments/express</msg>
<var>${url}</var>
<arg>${express_create_shipment_api}</arg>
<arg>${env}</arg>
<doc>Returns a value from the given ``dictionary`` based on the given ``key``.</doc>
<status status="PASS" start="2025-05-26T18:17:14.980029" elapsed="0.000000"/>
</kw>
<kw name="POST" owner="RequestsLibrary">
<msg time="2025-05-26T18:17:16.615317" level="INFO">POST Request : url=https://dev.redboxsa.com/api/business/v1/shipments/express 
 path_url=/api/business/v1/shipments/express 
 headers={'User-Agent': 'python-requests/2.32.3', 'Accept-Encoding': 'gzip, deflate', 'Accept': '*/*', 'Connection': 'keep-alive', 'Content-Type': 'application/json', 'Authorization': 'Bearer eyJhbGciOiJIUzI1NiIsInR5cCI6IkpXVCJ9.eyJvcmdhbml6YXRpb25faWQiOiI2NDA4NmQ0NzYwOTMyMzc1OTY3NjEyMDIiLCJrZXkiOiIyMDIzLTAzLTA4VDExOjE0OjEwLjE3OVoiLCJpYXQiOjE2NzgyNzQwNTB9.e4HrRLDPjdWZo6DCmKM9RMWHS2DtIryeGN1Y15j_DLA', 'Content-Length': '315'} 
 body=b'{"service_type": "LockerToLocker", "point_from_id": "5d2855e065889422de40f2fe", "point_to_id": "6087d7cb25cf0a31292245f7", "receiver_name": "LA", "receiver_phone": "+84375684357", "shipment_note": "Notes", "item_description": "Items 1", "declared_value": "12", "sender_name": "LAnk", "sender_phone": "+84335299002"}' 
 </msg>
<msg time="2025-05-26T18:17:16.616315" level="INFO">POST Response : url=https://dev.redboxsa.com/api/business/v1/shipments/express 
 status=200, reason=OK 
 headers={'Server': 'nginx/1.18.0 (Ubuntu)', 'Date': 'Mon, 26 May 2025 11:17:15 GMT', 'Content-Type': 'application/json; charset=utf-8', 'Content-Length': '191', 'Connection': 'keep-alive', 'Access-Control-Allow-Origin': '*', 'RateLimit-Policy': '500;w=30', 'RateLimit-Limit': '500', 'RateLimit-Remaining': '499', 'RateLimit-Reset': '14', 'x-frame-options': 'SAMEORIGIN', 'x-xss-protection': '1; mode=block', 'ETag': 'W/"bf-bbt9Epj2GKrEtUQCIU9DLGtwyZs"', 'Vary': 'Accept-Encoding'} 
 body={"success":true,"shipment_id":"68344dbb7fa8a32542bc078f","shipping_label_url":"https://dev.redboxsa.com/download/shipping-label/68344dbb7fa8a32542bc078f.pdf","tracking_number":"829047013720"} 
 </msg>
<msg time="2025-05-26T18:17:16.616315" level="INFO">${RESPONSE} = &lt;Response [200]&gt;</msg>
<var>${RESPONSE}</var>
<arg>${url}</arg>
<arg>json=${BODY}</arg>
<arg>headers=${HEADERS}</arg>
<doc>Sends a POST request.</doc>
<status status="PASS" start="2025-05-26T18:17:14.980029" elapsed="1.637283"/>
</kw>
<kw name="Log" owner="BuiltIn">
<msg time="2025-05-26T18:17:16.623295" level="INFO">Status Code: 200</msg>
<arg>Status Code: ${RESPONSE.status_code}</arg>
<doc>Logs the given message with the given level.</doc>
<status status="PASS" start="2025-05-26T18:17:16.618309" elapsed="0.004986"/>
</kw>
<kw name="Log" owner="BuiltIn">
<msg time="2025-05-26T18:17:16.628280" level="INFO">Response Content: {"success":true,"shipment_id":"68344dbb7fa8a32542bc078f","shipping_label_url":"https://dev.redboxsa.com/download/shipping-label/68344dbb7fa8a32542bc078f.pdf","tracking_number":"829047013720"}</msg>
<arg>Response Content: ${RESPONSE.content}</arg>
<doc>Logs the given message with the given level.</doc>
<status status="PASS" start="2025-05-26T18:17:16.625291" elapsed="0.002989"/>
</kw>
<kw name="Should Be Equal As Numbers" owner="BuiltIn">
<msg time="2025-05-26T18:17:16.630307" level="INFO">Argument types are:
&lt;class 'int'&gt;
&lt;class 'str'&gt;</msg>
<arg>${RESPONSE.status_code}</arg>
<arg>200</arg>
<doc>Fails if objects are unequal after converting them to real numbers.</doc>
<status status="PASS" start="2025-05-26T18:17:16.628280" elapsed="0.002027"/>
</kw>
<kw name="Set Variable" owner="BuiltIn">
<msg time="2025-05-26T18:17:16.632298" level="INFO">${json_data} = {'success': True, 'shipment_id': '68344dbb7fa8a32542bc078f', 'shipping_label_url': 'https://dev.redboxsa.com/download/shipping-label/68344dbb7fa8a32542bc078f.pdf', 'tracking_number': '829047013720'}</msg>
<var>${json_data}</var>
<arg>${RESPONSE.json()}</arg>
<doc>Returns the given values which can then be assigned to a variables.</doc>
<status status="PASS" start="2025-05-26T18:17:16.630307" elapsed="0.001991"/>
</kw>
<kw name="Log" owner="BuiltIn">
<msg time="2025-05-26T18:17:16.632298" level="INFO">Parsed JSON: {'success': True, 'shipment_id': '68344dbb7fa8a32542bc078f', 'shipping_label_url': 'https://dev.redboxsa.com/download/shipping-label/68344dbb7fa8a32542bc078f.pdf', 'tracking_number': '829047013720'}</msg>
<arg>Parsed JSON: ${json_data}</arg>
<doc>Logs the given message with the given level.</doc>
<status status="PASS" start="2025-05-26T18:17:16.632298" elapsed="0.000000"/>
</kw>
<kw name="Get From Dictionary" owner="Collections">
<msg time="2025-05-26T18:17:16.633301" level="INFO">${shipment_id} = 68344dbb7fa8a32542bc078f</msg>
<var>${shipment_id}</var>
<arg>${json_data}</arg>
<arg>shipment_id</arg>
<doc>Returns a value from the given ``dictionary`` based on the given ``key``.</doc>
<status status="PASS" start="2025-05-26T18:17:16.633301" elapsed="0.000000"/>
</kw>
<kw name="Get From Dictionary" owner="Collections">
<msg time="2025-05-26T18:17:16.634300" level="INFO">${tracking_number} = 829047013720</msg>
<var>${tracking_number}</var>
<arg>${json_data}</arg>
<arg>tracking_number</arg>
<doc>Returns a value from the given ``dictionary`` based on the given ``key``.</doc>
<status status="PASS" start="2025-05-26T18:17:16.633301" elapsed="0.000999"/>
</kw>
<kw name="Log" owner="BuiltIn">
<msg time="2025-05-26T18:17:16.634300" level="INFO">Shipment ID (raw): 68344dbb7fa8a32542bc078f</msg>
<arg>Shipment ID (raw): ${shipment_id}</arg>
<doc>Logs the given message with the given level.</doc>
<status status="PASS" start="2025-05-26T18:17:16.634300" elapsed="0.000961"/>
</kw>
<kw name="Log" owner="BuiltIn">
<msg time="2025-05-26T18:17:16.635261" level="INFO">Tracking Number (raw): 829047013720</msg>
<arg>Tracking Number (raw): ${tracking_number}</arg>
<doc>Logs the given message with the given level.</doc>
<status status="PASS" start="2025-05-26T18:17:16.635261" elapsed="0.000000"/>
</kw>
<kw name="Run Keyword If" owner="BuiltIn">
<arg>'${shipment_id}' == '' or '${tracking_number}' == ''</arg>
<arg>Fail</arg>
<arg>Invalid response: Shipment ID or Tracking Number is missing</arg>
<doc>Runs the given keyword with the given arguments, if ``condition`` is true.</doc>
<status status="PASS" start="2025-05-26T18:17:16.635261" elapsed="0.001028"/>
</kw>
<kw name="Create File" owner="OperatingSystem">
<msg time="2025-05-26T18:17:16.637286" level="INFO" html="true">Created file '&lt;a href="file://C:\Users\Lan Anh\Documents\GitHub\Redbox1\shipment_id.txt"&gt;C:\Users\Lan Anh\Documents\GitHub\Redbox1\shipment_id.txt&lt;/a&gt;'.</msg>
<arg>${shipment_id_file}</arg>
<arg>shipment_id: ${shipment_id}\ntracking_number: ${tracking_number}</arg>
<doc>Creates a file with the given content and encoding.</doc>
<status status="PASS" start="2025-05-26T18:17:16.636289" elapsed="0.000997"/>
</kw>
<arg>${env}</arg>
<status status="PASS" start="2025-05-26T18:17:14.976039" elapsed="1.662214"/>
</kw>
<kw name="Get File" owner="OperatingSystem">
<msg time="2025-05-26T18:17:16.639250" level="INFO" html="true">Getting file '&lt;a href="file://C:\Users\Lan Anh\Documents\GitHub\Redbox1\shipment_id.txt"&gt;C:\Users\Lan Anh\Documents\GitHub\Redbox1\shipment_id.txt&lt;/a&gt;'.</msg>
<msg time="2025-05-26T18:17:16.646232" level="INFO">${file_content} = shipment_id: 68344dbb7fa8a32542bc078f
tracking_number: 829047013720</msg>
<var>${file_content}</var>
<arg>${shipment_id_file}</arg>
<doc>Returns the contents of a specified file.</doc>
<status status="PASS" start="2025-05-26T18:17:16.638253" elapsed="0.007979"/>
</kw>
<kw name="Split To Lines" owner="String">
<msg time="2025-05-26T18:17:16.647228" level="INFO">2 lines returned</msg>
<msg time="2025-05-26T18:17:16.647228" level="INFO">${lines} = ['shipment_id: 68344dbb7fa8a32542bc078f', 'tracking_number: 829047013720']</msg>
<var>${lines}</var>
<arg>${file_content}</arg>
<doc>Splits the given string to lines.</doc>
<status status="PASS" start="2025-05-26T18:17:16.647228" elapsed="0.000000"/>
</kw>
<kw name="Set Variable" owner="BuiltIn">
<msg time="2025-05-26T18:17:16.648225" level="INFO">${shipment_id_line} = shipment_id: 68344dbb7fa8a32542bc078f</msg>
<var>${shipment_id_line}</var>
<arg>${lines}[0]</arg>
<doc>Returns the given values which can then be assigned to a variables.</doc>
<status status="PASS" start="2025-05-26T18:17:16.648225" elapsed="0.000000"/>
</kw>
<kw name="Set Variable" owner="BuiltIn">
<msg time="2025-05-26T18:17:16.648225" level="INFO">${tracking_number_line} = tracking_number: 829047013720</msg>
<var>${tracking_number_line}</var>
<arg>${lines}[1]</arg>
<doc>Returns the given values which can then be assigned to a variables.</doc>
<status status="PASS" start="2025-05-26T18:17:16.648225" elapsed="0.000998"/>
</kw>
<kw name="Replace String" owner="String">
<msg time="2025-05-26T18:17:16.650220" level="INFO">${shipment_id} =  68344dbb7fa8a32542bc078f</msg>
<var>${shipment_id}</var>
<arg>${shipment_id_line}</arg>
<arg>shipment_id:</arg>
<arg>${EMPTY}</arg>
<doc>Replaces ``search_for`` in the given ``string`` with ``replace_with``.</doc>
<status status="PASS" start="2025-05-26T18:17:16.649223" elapsed="0.000997"/>
</kw>
<kw name="Strip String" owner="String">
<msg time="2025-05-26T18:17:16.651218" level="INFO">${shipment_id} = 68344dbb7fa8a32542bc078f</msg>
<var>${shipment_id}</var>
<arg>${shipment_id}</arg>
<doc>Remove leading and/or trailing whitespaces from the given string.</doc>
<status status="PASS" start="2025-05-26T18:17:16.650220" elapsed="0.000998"/>
</kw>
<kw name="Replace String" owner="String">
<msg time="2025-05-26T18:17:16.652216" level="INFO">${tracking_number} =  829047013720</msg>
<var>${tracking_number}</var>
<arg>${tracking_number_line}</arg>
<arg>tracking_number:</arg>
<arg>${EMPTY}</arg>
<doc>Replaces ``search_for`` in the given ``string`` with ``replace_with``.</doc>
<status status="PASS" start="2025-05-26T18:17:16.651218" elapsed="0.000998"/>
</kw>
<kw name="Strip String" owner="String">
<msg time="2025-05-26T18:17:16.653214" level="INFO">${tracking_number} = 829047013720</msg>
<var>${tracking_number}</var>
<arg>${tracking_number}</arg>
<doc>Remove leading and/or trailing whitespaces from the given string.</doc>
<status status="PASS" start="2025-05-26T18:17:16.652216" elapsed="0.000998"/>
</kw>
<kw name="Log" owner="BuiltIn">
<msg time="2025-05-26T18:17:16.653214" level="INFO">Shipment ID: 68344dbb7fa8a32542bc078f</msg>
<arg>Shipment ID: ${shipment_id}</arg>
<doc>Logs the given message with the given level.</doc>
<status status="PASS" start="2025-05-26T18:17:16.653214" elapsed="0.000000"/>
</kw>
<kw name="Log" owner="BuiltIn">
<msg time="2025-05-26T18:17:16.654211" level="INFO">Tracking Number: 829047013720</msg>
<arg>Tracking Number: ${tracking_number}</arg>
<doc>Logs the given message with the given level.</doc>
<status status="PASS" start="2025-05-26T18:17:16.654211" elapsed="0.000000"/>
</kw>
<kw name="Customer Confirm Deposit Express" owner="keywords">
<kw name="Log" owner="BuiltIn">
<msg time="2025-05-26T18:17:16.655207" level="INFO">Confirming deposit with Shipment ID: 68344dbb7fa8a32542bc078f, Tracking Number: 829047013720</msg>
<arg>Confirming deposit with Shipment ID: ${shipment_id}, Tracking Number: ${tracking_number}</arg>
<doc>Logs the given message with the given level.</doc>
<status status="PASS" start="2025-05-26T18:17:16.655207" elapsed="0.000000"/>
</kw>
<kw name="Set Variable" owner="BuiltIn">
<msg time="2025-05-26T18:17:16.656204" level="INFO">${deposit_url} = https://dev.redboxsa.com/v3/api/customer/confirm-deposit-express</msg>
<var>${deposit_url}</var>
<arg>https://dev.redboxsa.com/v3/api/customer/confirm-deposit-express</arg>
<doc>Returns the given values which can then be assigned to a variables.</doc>
<status status="PASS" start="2025-05-26T18:17:16.655207" elapsed="0.000997"/>
</kw>
<kw name="Create Dictionary" owner="BuiltIn">
<msg time="2025-05-26T18:17:16.656204" level="INFO">${headers} = {'Content_Type': 'application/json', 'locker_id': '65aa37553a403d2b4b366b47', 'point_id': '5d2855e065889422de40f2fe', 'Authorization': 'Bearer eyJhbGciOiJIUzI1NiIsInR5cCI6IkpXVCJ9.eyJ1dWlkIjoiODY2NzMy...</msg>
<var>${headers}</var>
<arg>Content_Type=application/json</arg>
<arg>locker_id=${locker_id}</arg>
<arg>point_id=${point_id}</arg>
<arg>Authorization=${get_token_locker_authen}</arg>
<doc>Creates and returns a dictionary based on the given ``items``.</doc>
<status status="PASS" start="2025-05-26T18:17:16.656204" elapsed="0.000998"/>
</kw>
<kw name="Create Dictionary" owner="BuiltIn">
<msg time="2025-05-26T18:17:16.658199" level="INFO">${payload} = {'shipment_id': '68344dbb7fa8a32542bc078f', 'tracking_number': '829047013720', 'door_id': '65aa377b3a403d2b4b366b62', 'is_empty': 'False'}</msg>
<var>${payload}</var>
<arg>shipment_id=${shipment_id}</arg>
<arg>tracking_number=${tracking_number}</arg>
<arg>door_id=${door_id}</arg>
<arg>is_empty=False</arg>
<doc>Creates and returns a dictionary based on the given ``items``.</doc>
<status status="PASS" start="2025-05-26T18:17:16.657202" elapsed="0.000997"/>
</kw>
<kw name="POST" owner="RequestsLibrary">
<msg time="2025-05-26T18:17:17.451164" level="INFO">POST Request : url=https://dev.redboxsa.com/v3/api/customer/confirm-deposit-express 
 path_url=/v3/api/customer/confirm-deposit-express 
 headers={'User-Agent': 'python-requests/2.32.3', 'Accept-Encoding': 'gzip, deflate', 'Accept': '*/*', 'Connection': 'keep-alive', 'Content_Type': 'application/json', 'locker_id': '65aa37553a403d2b4b366b47', 'point_id': '5d2855e065889422de40f2fe', 'Authorization': 'Bearer eyJhbGciOiJIUzI1NiIsInR5cCI6IkpXVCJ9.eyJ1dWlkIjoiODY2NzMyMDMyMzM3MDMzIiwidG9rZW5JZCI6ImMyN2Y3Yjg3LTE5MWYtNGU2Ni05YzQ2LThlYjY0NTU1OWE1OCIsImlhdCI6MTc0ODI1ODIxM30.qSudwuliATjYylwwf8kHLb8zmQi9CNonF9vYXCf7WX0', 'Content-Length': '138', 'Content-Type': 'application/json'} 
 body=b'{"shipment_id": "68344dbb7fa8a32542bc078f", "tracking_number": "829047013720", "door_id": "65aa377b3a403d2b4b366b62", "is_empty": "False"}' 
 </msg>
<msg time="2025-05-26T18:17:17.453165" level="INFO">POST Response : url=https://dev.redboxsa.com/v3/api/customer/confirm-deposit-express 
 status=200, reason=OK 
 headers={'Server': 'nginx/1.18.0 (Ubuntu)', 'Date': 'Mon, 26 May 2025 11:17:17 GMT', 'Content-Type': 'text/html; charset=utf-8', 'Content-Length': '14', 'Connection': 'keep-alive', 'Access-Control-Allow-Origin': '*', 'x-frame-options': 'SAMEORIGIN', 'x-xss-protection': '1; mode=block', 'ETag': 'W/"e-QsuWRrOEkcU9MaZ7Iu4xj/+JUZY"', 'Vary': 'Accept-Encoding'} 
 body={"state":true} 
 </msg>
<msg time="2025-05-26T18:17:17.454172" level="INFO">${response} = &lt;Response [200]&gt;</msg>
<var>${response}</var>
<arg>${deposit_url}</arg>
<arg>json=${payload}</arg>
<arg>headers=${headers}</arg>
<doc>Sends a POST request.</doc>
<status status="PASS" start="2025-05-26T18:17:16.658199" elapsed="0.796966"/>
</kw>
<kw name="Log" owner="BuiltIn">
<msg time="2025-05-26T18:17:17.456116" level="INFO">Status Code: 200</msg>
<arg>Status Code: ${response.status_code}</arg>
<doc>Logs the given message with the given level.</doc>
<status status="PASS" start="2025-05-26T18:17:17.455165" elapsed="0.001949"/>
</kw>
<kw name="Log" owner="BuiltIn">
<msg time="2025-05-26T18:17:17.458134" level="INFO">Response Content: {"state":true}</msg>
<arg>Response Content: ${response.content}</arg>
<doc>Logs the given message with the given level.</doc>
<status status="PASS" start="2025-05-26T18:17:17.457114" elapsed="0.001020"/>
</kw>
<kw name="Should Be Equal As Numbers" owner="BuiltIn">
<msg time="2025-05-26T18:17:17.459131" level="INFO">Argument types are:
&lt;class 'int'&gt;
&lt;class 'str'&gt;</msg>
<arg>${response.status_code}</arg>
<arg>200</arg>
<doc>Fails if objects are unequal after converting them to real numbers.</doc>
<status status="PASS" start="2025-05-26T18:17:17.458134" elapsed="0.000997"/>
</kw>
<kw name="Evaluate" owner="BuiltIn">
<msg time="2025-05-26T18:17:17.460129" level="INFO">${is_invalid} = False</msg>
<var>${is_invalid}</var>
<arg>"${shipment_id}" == "" or "${tracking_number}" == ""</arg>
<doc>Evaluates the given expression in Python and returns the result.</doc>
<status status="PASS" start="2025-05-26T18:17:17.459131" elapsed="0.000998"/>
</kw>
<kw name="Run Keyword If" owner="BuiltIn">
<arg>${is_invalid}</arg>
<arg>Fail</arg>
<arg>Invalid response: Shipment ID or Tracking Number is missing</arg>
<doc>Runs the given keyword with the given arguments, if ``condition`` is true.</doc>
<status status="PASS" start="2025-05-26T18:17:17.460129" elapsed="0.000000"/>
</kw>
<arg>${shipment_id}</arg>
<arg>${tracking_number}</arg>
<arg>${env}</arg>
<status status="PASS" start="2025-05-26T18:17:16.654211" elapsed="0.805918"/>
</kw>
<kw name="API get token driver" owner="keywords">
<kw name="Create Dictionary" owner="BuiltIn">
<msg time="2025-05-26T18:17:17.462099" level="INFO">${headers} = {'Cookie': 'connect.sid=s%3Ac-C8Ua7JWn_dy3gvH5PC8rUIzj6DPUIz.CtE1ied8oMyXJFLbnHY6zTUAx5ueftByHLPjL8tJMH4'}</msg>
<var>${headers}</var>
<arg>Cookie=connect.sid=s%3Ac-C8Ua7JWn_dy3gvH5PC8rUIzj6DPUIz.CtE1ied8oMyXJFLbnHY6zTUAx5ueftByHLPjL8tJMH4</arg>
<doc>Creates and returns a dictionary based on the given ``items``.</doc>
<status status="PASS" start="2025-05-26T18:17:17.462099" elapsed="0.000000"/>
</kw>
<kw name="GET" owner="RequestsLibrary">
<msg time="2025-05-26T18:17:20.127490" level="INFO">GET Request : url=https://dev.redboxsa.com/v3/api/shipper/get-list-driver 
 path_url=/v3/api/shipper/get-list-driver 
 headers={'User-Agent': 'python-requests/2.32.3', 'Accept-Encoding': 'gzip, deflate', 'Accept': '*/*', 'Connection': 'keep-alive', 'Cookie': 'connect.sid=s%3Ac-C8Ua7JWn_dy3gvH5PC8rUIzj6DPUIz.CtE1ied8oMyXJFLbnHY6zTUAx5ueftByHLPjL8tJMH4'} 
 body=None 
 </msg>
<msg time="2025-05-26T18:17:20.129484" level="INFO">GET Response : url=https://dev.redboxsa.com/v3/api/shipper/get-list-driver 
 status=200, reason=OK 
 headers={'Server': 'nginx/1.18.0 (Ubuntu)', 'Date': 'Mon, 26 May 2025 11:17:17 GMT', 'Content-Type': 'text/html; charset=utf-8', 'Transfer-Encoding': 'chunked', 'Connection': 'keep-alive', 'Access-Control-Allow-Origin': '*', 'x-frame-options': 'SAMEORIGIN', 'x-xss-protection': '1; mode=block', 'ETag': 'W/"37c6f-jfOBXNgWApV1T6ciH7CZ/XV91Io"', 'Vary': 'Accept-Encoding', 'Content-Encoding': 'gzip'} 
 body={"state":true,"data":[{"id":"5e5bc79a2d2cb309354dd8a8","name":"Abdullah (TEST DRIVER)","code":"AHZORUKZ","token":"eyJhbGciOiJIUzI1NiIsInR5cCI6IkpXVCJ9.eyJpZCI6IjVlNWJjNzlhMmQyY2IzMDkzNTRkZDhhOCIsImtleSI6IjIwMjUtMDUtMjZUMTE6MTc6MDAuNjM3WiIsImlhdCI6MTc0ODI1ODIyMH0.1gK8zs6zYxApnO8Do8w8sXJ4dai8pWdThSLUqsL1Akw","organizations":[],"type":"Driver","need_otp":false,"permissions":["Delivery","Return"]},{"id":"5d66374c1b9b266707ad8149","name":"Tran Anh","code":"ANF76I9V","token":"eyJhbGciOiJIUzI1NiIsInR5cCI6IkpXVCJ9.eyJpZCI6IjVkNjYzNzRjMWI5YjI2NjcwN2FkODE0OSIsImtleSI6IjIwMjUtMDUtMjZUMTE6MTc6MDAuNjM3WiIsImlhdCI6MTc0ODI1ODIyMH0.DI2nMGSXD1gqs9OZR9KTGSz6F4KSNKGTHrVtvmzCAYA","organizations":[{"organizationId":{"_id":"5d2854dd65889422de40f2f7","organizationLogo":"https://stage.redboxsa.com/logo_niceone.png","organizationType":"Agency","trackingNumberPickUpLength":12,"organizationName":"Niceone-OLDD","uniqueName":null},"organizationRoles":{"_id":"5d66374c1b9b266707ad814a","permissions":["Delivery","Return","Expired"],"organizationId":"5d2854dd65889422de40f2f7","type":"Driver","userId":"5d66374c1b9b266707ad8149","__v":0,"createdAt":"2019-08-28T08:11:56.767Z","updatedAt":"2020-02-21T10:41:51.969Z"}}],"type":"Driver","need_otp":false,"permissions":[]},{"id":"5e7343766082d44d1bf15581","name":"Abdullah (test)","code":"APLVNMTM","token":"eyJhbGciOiJIUzI1NiIsInR5cCI6IkpXVCJ9.eyJpZCI6IjVlNzM0Mzc2NjA4MmQ0NGQxYmYxNTU4MSIsImtleSI6IjIwMjUtMDUtMjZUMTE6MTc6MDAuNjM3WiIsImlhdCI6MTc0ODI1ODIyMH0.aW-VjWyCrSHFr0NdAxqhtnLBFgZ_laEkVs3Emeo5cxU","organizations":[{"organizationId":{"_id":"5e43bd282a2ec528267c0d86","organizationLogo":"https://redbox-aws-s3-bucket.s3.amazonaws.com/organization_4sjodmpdy_avatar_200x200","organizationType":"Agency","trackingNumberPickUpLength":12,"organizationName":"Salasa","uniqueName":"aamar"},"organizationRoles":{"_id":"5e7343766082d44d1bf15583","permissions":["Delivery","Return","Expired"],"createdType":"Assign","organizationId":"5e43bd282a2ec528267c0d86","type":"Driver","userId":"5e7343766082d44d1bf15581","__v":0,"createdAt":"2020-03-19T10:03:34.417Z","updatedAt":"2020-03-19T10:03:34.417Z"}}],"type":"Driver","need_otp":false,"permissions":["Delivery","Return","Expired"]},{"id":"5f321e2375fe8312ba66b5d4","name":"Driver Aramex 01","code":"ARMX1382","token":"eyJhbGciOiJIUzI1NiIsInR5cCI6IkpXVCJ9.eyJpZCI6IjVmMzIxZTIzNzVmZTgzMTJiYTY2YjVkNCIsImtleSI6IjIwMjUtMDUtMjZUMTE6MTc6MDAuNjM3WiIsImlhdCI6MTc0ODI1ODIyMH0.If1kDlWVpAUSrxK38VrS6YepbSN-TfyORSfvTmjAD88","organizations":[{"organizationId":{"_id":"5e42ed9a26052911830a951e","organizationLogo":"https://redbox-aws-s3-bucket.s3.amazonaws.com/organization_n5lm77l6l_avatar_200x200","organizationType":"Agency","trackingNumberPickUpLength":11,"organizationName":"Aramex","uniqueName":"aramex"},"organizationRoles":{"_id":"5f321e2375fe8312ba66b5d6","permissions":["Delivery","Return","Expired"],"createdType":"Assign","organizationId":"5e42ed9a26052911830a951e","type":"Driver","userId":"5f321e2375fe8312ba66b5d4","__v":0,"createdAt":"2020-08-11T04:27:15.057Z","updatedAt":"2020-08-11T04:27:15.057Z"}}],"type":"Driver","need_otp":false,"permissions":["Delivery"]},{"id":"6175120e1bdd8d3dfe84cfd5","name":"Aramex Driver","code":"ARMX1892","token":"eyJhbGciOiJIUzI1NiIsInR5cCI6IkpXVCJ9.eyJpZCI6IjYxNzUxMjBlMWJkZDhkM2RmZTg0Y2ZkNSIsImtleSI6IjIwMjUtMDUtMjZUMTE6MTc6MDAuNjM3WiIsImlhdCI6MTc0ODI1ODIyMH0.UAYCHojvxhhG2c4wJmaKH-gvkX_TxY5ZebLzEO0XgiY","organizations":[{"organizationId":{"_id":"5e42ed9a26052911830a951e","organizationLogo":"https://redbox-aws-s3-bucket.s3.amazonaws.com/organization_n5lm77l6l_avatar_200x200","organizationType":"Agency","trackingNumberPickUpLength":11,"organizationName":"Aramex","uniqueName":"aramex"},"organizationRoles":{"_id":"617512c91bdd8d3dfe84cfe3","permissions":["Delivery","Expired"],"createdType":"Assign","organizationId":"5e42ed9a26052911830a951e","type":"Driver","userId":"6175120e1bdd8d3dfe84cfd5","createdAt":"2021-10-24T08:01:13.732Z","updatedAt":"2021-10-24T08:01:13.732Z","__v":0}}],"type":"Driver","need_otp":false,"permissions":["Delivery","Expired"]},{"id":"5d48e8e36eb1ab7be6eaed29","name":"Phan Huy","code":"AUI78UNG","token":"eyJhbGciOiJIUzI1NiIsInR5cCI6IkpXVCJ9.eyJpZCI6IjVkNDhlOGUzNmViMWFiN2JlNmVhZWQyOSIsImtleSI6IjIwMjUtMDUtMjZUMTE6MTc6MDAuNjM3WiIsImlhdCI6MTc0ODI1ODIyMH0.mbp1a_jddtWuu_g6JCXgnJGoQvAT583iS8vMqHXwF5s","organizations":[{"organizationId":{"_id":"5d2854dd65889422de40f2f7","organizationLogo":"https://stage.redboxsa.com/logo_niceone.png","organizationType":"Agency","trackingNumberPickUpLength":12,"organizationName":"Niceone-OLDD","uniqueName":null},"organizationRoles":{"_id":"5d48e8e36eb1ab7be6eaed2b","permissions":["Delivery","Return","Expired"],"organizationId":"5d2854dd65889422de40f2f7","type":"Driver","userId":"5d48e8e36eb1ab7be6eaed29","__v":0,"createdAt":"2019-08-06T02:41:39.254Z","updatedAt":"2019-10-24T04:19:00.558Z"}},{"organizationId":{"_id":"5dea0ff6a46f57513d3ccc5e","organizationLogo":"https://stage.redboxsa.com/logo_jollychic.png","organizationType":"Business","trackingNumberPickUpLength":12,"organizationName":"jollychic","uniqueName":null},"organizationRoles":{"_id":"5decfc15433e365432775bb6","permissions":["Delivery","Return","Expired"],"organizationId":"5dea0ff6a46f57513d3ccc5e","type":"Driver","userId":"5d48e8e36eb1ab7be6eaed29","createdAt":"2019-12-08T13:35:17.804Z","updatedAt":"2019-12-08T13:35:17.804Z","__v":0}}],"type":"Driver","need_otp":false,"permissions":[]},{"id":"5e5ba56b2d2cb309354dd893","name":"Khac Diep","code":"BIKUEXYN","token":"eyJhbGciOiJIUzI1NiIsInR5cCI6IkpXVCJ9.eyJpZCI6IjVlNWJhNTZiMmQyY2IzMDkzNTRkZDg5MyIsImtleSI6IjIwMjUtMDUtMjZUMTE6MTc6MDAuNjM4WiIsImlhdCI6MTc0ODI1ODIyMH0.SaYvaxf9UqMWSk4a25b-yC07eaEDTIKcJsREBtzC6m0","organizations":[{"organizationId":{"_id":"5d2854dd65889422de40f2f7","organizationLogo":"https://stage.redboxsa.com/logo_niceone.png","organizationType":"Agency","trackingNumberPickUpLength":12,"organizationName":"Niceone-OLDD","uniqueName":null},"organizationRoles":{"_id":"5e5ba56b2d2cb309354dd894","permissions":["Delivery","Return","Expired"],"createdType":"Create","organizationId":"5d2854dd65889422de40f2f7","type":"Driver","userId":"5e5ba56b2d2cb309354dd893","__v":0,"createdAt":"2020-03-01T12:07:07.224Z","updatedAt":"2020-03-01T12:07:07.224Z"}}],"type":"Driver","need_otp":false,"permissions":[]},{"id":"5e2d88354c5e5369fc013502","name":"momen","code":"BWSHEPZH","token":"eyJhbGciOiJIUzI1NiIsInR5cCI6IkpXVCJ9.eyJpZCI6IjVlMmQ4ODM1NGM1ZTUzNjlmYzAxMzUwMiIsImtleSI6IjIwMjUtMDUtMjZUMTE6MTc6MDAuNjM4WiIsImlhdCI6MTc0ODI1ODIyMH0.BCATgT_cf7k8hsdHDYaq5zicZ7oH5NvVUvMYqK1ohwY","organizations":[{"organizationId":{"_id":"5d2854dd65889422de40f2f7","organizationLogo":"https://stage.redboxsa.com/logo_niceone.png","organizationType":"Agency","trackingNumberPickUpLength":12,"organizationName":"Niceone-OLDD","uniqueName":null},"organizationRoles":{"_id":"5e2d88354c5e5369fc013504","permissions":["Delivery","Return","Expired"],"createdType":"Assign","organizationId":"5d2854dd65889422de40f2f7","type":"Driver","userId":"5e2d88354c5e5369fc013502","__v":0,"createdAt":"2020-01-26T12:38:13.268Z","updatedAt":"2020-01-26T12:38:13.268Z"}}],"type":"Driver","need_otp":false,"permissions":[]},{"id":"5e2d8a374c5e5369fc01351b","name":"Momen","code":"CBRAWQQU","token":"eyJhbGciOiJIUzI1NiIsInR5cCI6IkpXVCJ9.eyJpZCI6IjVlMmQ4YTM3NGM1ZTUzNjlmYzAxMzUxYiIsImtleSI6IjIwMjUtMDUtMjZUMTE6MTc6MDAuNjM4WiIsImlhdCI6MTc0ODI1ODIyMH0.K6384IJ-9B1Arg3nNJjL8_wCh9mjDgsHh7TO-yzW0XE","organizations":[{"organizationId":{"_id":"5d2854dd65889422de40f2f7","organizationLogo":"https://stage.redboxsa.com/logo_niceone.png","organizationType":"Agency","trackingNumberPickUpLength":12,"organizationName":"Niceone-OLDD","uniqueName":null},"organizationRoles":{"_id":"5e2d8a374c5e5369fc01351d","permissions":["Delivery","Return","Expired"],"createdType":"Assign","organizationId":"5d2854dd65889422de40f2f7","type":"Driver","userId":"5e2d8a374c5e5369fc01351b","__v":0,"createdAt":"2020-01-26T12:46:47.612Z","updatedAt":"2020-01-26T12:46:47.612Z"}}],"type":"Driver","need_otp":false,"permissions":[]},{"id":"620347a077628b1d1d16db8a","name":"Datleredbox","code":"DFACPDYV","token":"eyJhbGciOiJIUzI1NiIsInR5cCI6IkpXVCJ9.eyJpZCI6IjYyMDM0N2EwNzc2MjhiMWQxZDE2ZGI4YSIsImtleSI6IjIwMjUtMDUtMjZUMTE6MTc6MDAuNjM4WiIsImlhdCI6MTc0ODI1ODIyMH0.vp2wY1YvpXzZAO2KK4T5wXeBhXZ7UTenJz9cv_yhvjo","organizations":[],"type":"Driver","need_otp":false,"permissions":["Delivery"]},{"id":"5e5ba5832d2cb309354dd896","name":"Khac Diep","code":"DJWBPFVD","token":"eyJhbGciOiJIUzI1NiIsInR5cCI6IkpXVCJ9.eyJpZCI6IjVlNWJhNTgzMmQyY2IzMDkzNTRkZDg5NiIsImtleSI6IjIwMjUtMDUtMjZUMTE6MTc6MDAuNjM4WiIsImlhdCI6MTc0ODI1ODIyMH0.Quu88CybU7atl0QfQIQu1pSHcg6deQMn0msHyZKBWNs","organizations":[{"organizationId":{"_id":"5d2854dd65889422de40f2f7","organizationLogo":"https://stage.redboxsa.com/logo_niceone.png","organizationType":"Agency","trackingNumberPickUpLength":12,"organizationName":"Niceone-OLDD","uniqueName":null},"organizationRoles":{"_id":"5e5ba5832d2cb309354dd897","permissions":["Delivery","Return","Expired"],"createdType":"Create","organizationId":"5d2854dd65889422de40f2f7","type":"Driver","userId":"5e5ba5832d2cb309354dd896","__v":0,"createdAt":"2020-03-01T12:07:31.198Z","updatedAt":"2020-03-01T12:07:31.198Z"}}],"type":"Driver","need_otp":false,"permissions":[]},{"id":"6593e175fe970a36cc39d691","name":"Sophia Nguyen Dev","code":"DNOJQLPU","token":"eyJhbGciOiJIUzI1NiIsInR5cCI6IkpXVCJ9.eyJpZCI6IjY1OTNlMTc1ZmU5NzBhMzZjYzM5ZDY5MSIsImtleSI6IjIwMjUtMDUtMjZUMTE6MTc6MDAuNjM4WiIsImlhdCI6MTc0ODI1ODIyMH0.1nT1nbL122XcctfIHJ797ZBQwsAEwlHeBd4f9nb8QcE","organizations":[{"organizationId":{"_id":"5e782d3430892b2a423a0d4e","organizationLogo":"https://redbox-aws-s3-bucket.s3.amazonaws.com/1606847716427blob","organizationType":"Agency","trackingNumberPickUpLength":12,"organizationName":"RedBox Agency","uniqueName":"salasa1"},"organizationRoles":{"_id":"67d95f2ad14aa3a117b2beb7","permissions":["Delivery","Return","Expired","Express","GA","Store","Sampling","LockerRetu... (set the log level to DEBUG or TRACE to see the full content) 
 </msg>
<msg time="2025-05-26T18:17:20.133475" level="INFO">${response} = &lt;Response [200]&gt;</msg>
<var>${response}</var>
<arg>${shipper_api["${env}"]}/get-list-driver</arg>
<arg>headers=${headers}</arg>
<doc>Sends a GET request.</doc>
<status status="PASS" start="2025-05-26T18:17:17.462099" elapsed="2.671376"/>
</kw>
<kw name="To Json" owner="RequestsLibrary">
<msg time="2025-05-26T18:17:20.134471" level="WARN">Keyword 'RequestsLibrary.To Json' is deprecated. Please use ${resp.json()} instead. Have a look at the improved HTML output as pretty printing replacement.</msg>
<msg time="2025-05-26T18:17:20.144441" level="INFO">To JSON using : content={"state":true,"data":[{"id":"5e5bc79a2d2cb309354dd8a8","name":"Abdullah (TEST DRIVER)","code":"AHZORUKZ","token":"eyJhbGciOiJIUzI1NiIsInR5cCI6IkpXVCJ9.eyJpZCI6IjVlNWJjNzlhMmQyY2IzMDkzNTRkZDhhOCIsImtleSI6IjIwMjUtMDUtMjZUMTE6MTc6MDAuNjM3WiIsImlhdCI6MTc0ODI1ODIyMH0.1gK8zs6zYxApnO8Do8w8sXJ4dai8pWdThSLUqsL1Akw","organizations":[],"type":"Driver","need_otp":false,"permissions":["Delivery","Return"]},{"id":"5d66374c1b9b266707ad8149","name":"Tran Anh","code":"ANF76I9V","token":"eyJhbGciOiJIUzI1NiIsInR5cCI6IkpXVCJ9.eyJpZCI6IjVkNjYzNzRjMWI5YjI2NjcwN2FkODE0OSIsImtleSI6IjIwMjUtMDUtMjZUMTE6MTc6MDAuNjM3WiIsImlhdCI6MTc0ODI1ODIyMH0.DI2nMGSXD1gqs9OZR9KTGSz6F4KSNKGTHrVtvmzCAYA","organizations":[{"organizationId":{"_id":"5d2854dd65889422de40f2f7","organizationLogo":"https://stage.redboxsa.com/logo_niceone.png","organizationType":"Agency","trackingNumberPickUpLength":12,"organizationName":"Niceone-OLDD","uniqueName":null},"organizationRoles":{"_id":"5d66374c1b9b266707ad814a","permissions":["Delivery","Return","Expired"],"organizationId":"5d2854dd65889422de40f2f7","type":"Driver","userId":"5d66374c1b9b266707ad8149","__v":0,"createdAt":"2019-08-28T08:11:56.767Z","updatedAt":"2020-02-21T10:41:51.969Z"}}],"type":"Driver","need_otp":false,"permissions":[]},{"id":"5e7343766082d44d1bf15581","name":"Abdullah (test)","code":"APLVNMTM","token":"eyJhbGciOiJIUzI1NiIsInR5cCI6IkpXVCJ9.eyJpZCI6IjVlNzM0Mzc2NjA4MmQ0NGQxYmYxNTU4MSIsImtleSI6IjIwMjUtMDUtMjZUMTE6MTc6MDAuNjM3WiIsImlhdCI6MTc0ODI1ODIyMH0.aW-VjWyCrSHFr0NdAxqhtnLBFgZ_laEkVs3Emeo5cxU","organizations":[{"organizationId":{"_id":"5e43bd282a2ec528267c0d86","organizationLogo":"https://redbox-aws-s3-bucket.s3.amazonaws.com/organization_4sjodmpdy_avatar_200x200","organizationType":"Agency","trackingNumberPickUpLength":12,"organizationName":"Salasa","uniqueName":"aamar"},"organizationRoles":{"_id":"5e7343766082d44d1bf15583","permissions":["Delivery","Return","Expired"],"createdType":"Assign","organizationId":"5e43bd282a2ec528267c0d86","type":"Driver","userId":"5e7343766082d44d1bf15581","__v":0,"createdAt":"2020-03-19T10:03:34.417Z","updatedAt":"2020-03-19T10:03:34.417Z"}}],"type":"Driver","need_otp":false,"permissions":["Delivery","Return","Expired"]},{"id":"5f321e2375fe8312ba66b5d4","name":"Driver Aramex 01","code":"ARMX1382","token":"eyJhbGciOiJIUzI1NiIsInR5cCI6IkpXVCJ9.eyJpZCI6IjVmMzIxZTIzNzVmZTgzMTJiYTY2YjVkNCIsImtleSI6IjIwMjUtMDUtMjZUMTE6MTc6MDAuNjM3WiIsImlhdCI6MTc0ODI1ODIyMH0.If1kDlWVpAUSrxK38VrS6YepbSN-TfyORSfvTmjAD88","organizations":[{"organizationId":{"_id":"5e42ed9a26052911830a951e","organizationLogo":"https://redbox-aws-s3-bucket.s3.amazonaws.com/organization_n5lm77l6l_avatar_200x200","organizationType":"Agency","trackingNumberPickUpLength":11,"organizationName":"Aramex","uniqueName":"aramex"},"organizationRoles":{"_id":"5f321e2375fe8312ba66b5d6","permissions":["Delivery","Return","Expired"],"createdType":"Assign","organizationId":"5e42ed9a26052911830a951e","type":"Driver","userId":"5f321e2375fe8312ba66b5d4","__v":0,"createdAt":"2020-08-11T04:27:15.057Z","updatedAt":"2020-08-11T04:27:15.057Z"}}],"type":"Driver","need_otp":false,"permissions":["Delivery"]},{"id":"6175120e1bdd8d3dfe84cfd5","name":"Aramex Driver","code":"ARMX1892","token":"eyJhbGciOiJIUzI1NiIsInR5cCI6IkpXVCJ9.eyJpZCI6IjYxNzUxMjBlMWJkZDhkM2RmZTg0Y2ZkNSIsImtleSI6IjIwMjUtMDUtMjZUMTE6MTc6MDAuNjM3WiIsImlhdCI6MTc0ODI1ODIyMH0.UAYCHojvxhhG2c4wJmaKH-gvkX_TxY5ZebLzEO0XgiY","organizations":[{"organizationId":{"_id":"5e42ed9a26052911830a951e","organizationLogo":"https://redbox-aws-s3-bucket.s3.amazonaws.com/organization_n5lm77l6l_avatar_200x200","organizationType":"Agency","trackingNumberPickUpLength":11,"organizationName":"Aramex","uniqueName":"aramex"},"organizationRoles":{"_id":"617512c91bdd8d3dfe84cfe3","permissions":["Delivery","Expired"],"createdType":"Assign","organizationId":"5e42ed9a26052911830a951e","type":"Driver","userId":"6175120e1bdd8d3dfe84cfd5","createdAt":"2021-10-24T08:01:13.732Z","updatedAt":"2021-10-24T08:01:13.732Z","__v":0}}],"type":"Driver","need_otp":false,"permissions":["Delivery","Expired"]},{"id":"5d48e8e36eb1ab7be6eaed29","name":"Phan Huy","code":"AUI78UNG","token":"eyJhbGciOiJIUzI1NiIsInR5cCI6IkpXVCJ9.eyJpZCI6IjVkNDhlOGUzNmViMWFiN2JlNmVhZWQyOSIsImtleSI6IjIwMjUtMDUtMjZUMTE6MTc6MDAuNjM3WiIsImlhdCI6MTc0ODI1ODIyMH0.mbp1a_jddtWuu_g6JCXgnJGoQvAT583iS8vMqHXwF5s","organizations":[{"organizationId":{"_id":"5d2854dd65889422de40f2f7","organizationLogo":"https://stage.redboxsa.com/logo_niceone.png","organizationType":"Agency","trackingNumberPickUpLength":12,"organizationName":"Niceone-OLDD","uniqueName":null},"organizationRoles":{"_id":"5d48e8e36eb1ab7be6eaed2b","permissions":["Delivery","Return","Expired"],"organizationId":"5d2854dd65889422de40f2f7","type":"Driver","userId":"5d48e8e36eb1ab7be6eaed29","__v":0,"createdAt":"2019-08-06T02:41:39.254Z","updatedAt":"2019-10-24T04:19:00.558Z"}},{"organizationId":{"_id":"5dea0ff6a46f57513d3ccc5e","organizationLogo":"https://stage.redboxsa.com/logo_jollychic.png","organizationType":"Business","trackingNumberPickUpLength":12,"organizationName":"jollychic","uniqueName":null},"organizationRoles":{"_id":"5decfc15433e365432775bb6","permissions":["Delivery","Return","Expired"],"organizationId":"5dea0ff6a46f57513d3ccc5e","type":"Driver","userId":"5d48e8e36eb1ab7be6eaed29","createdAt":"2019-12-08T13:35:17.804Z","updatedAt":"2019-12-08T13:35:17.804Z","__v":0}}],"type":"Driver","need_otp":false,"permissions":[]},{"id":"5e5ba56b2d2cb309354dd893","name":"Khac Diep","code":"BIKUEXYN","token":"eyJhbGciOiJIUzI1NiIsInR5cCI6IkpXVCJ9.eyJpZCI6IjVlNWJhNTZiMmQyY2IzMDkzNTRkZDg5MyIsImtleSI6IjIwMjUtMDUtMjZUMTE6MTc6MDAuNjM4WiIsImlhdCI6MTc0ODI1ODIyMH0.SaYvaxf9UqMWSk4a25b-yC07eaEDTIKcJsREBtzC6m0","organizations":[{"organizationId":{"_id":"5d2854dd65889422de40f2f7","organizationLogo":"https://stage.redboxsa.com/logo_niceone.png","organizationType":"Agency","trackingNumberPickUpLength":12,"organizationName":"Niceone-OLDD","uniqueName":null},"organizationRoles":{"_id":"5e5ba56b2d2cb309354dd894","permissions":["Delivery","Return","Expired"],"createdType":"Create","organizationId":"5d2854dd65889422de40f2f7","type":"Driver","userId":"5e5ba56b2d2cb309354dd893","__v":0,"createdAt":"2020-03-01T12:07:07.224Z","updatedAt":"2020-03-01T12:07:07.224Z"}}],"type":"Driver","need_otp":false,"permissions":[]},{"id":"5e2d88354c5e5369fc013502","name":"momen","code":"BWSHEPZH","token":"eyJhbGciOiJIUzI1NiIsInR5cCI6IkpXVCJ9.eyJpZCI6IjVlMmQ4ODM1NGM1ZTUzNjlmYzAxMzUwMiIsImtleSI6IjIwMjUtMDUtMjZUMTE6MTc6MDAuNjM4WiIsImlhdCI6MTc0ODI1ODIyMH0.BCATgT_cf7k8hsdHDYaq5zicZ7oH5NvVUvMYqK1ohwY","organizations":[{"organizationId":{"_id":"5d2854dd65889422de40f2f7","organizationLogo":"https://stage.redboxsa.com/logo_niceone.png","organizationType":"Agency","trackingNumberPickUpLength":12,"organizationName":"Niceone-OLDD","uniqueName":null},"organizationRoles":{"_id":"5e2d88354c5e5369fc013504","permissions":["Delivery","Return","Expired"],"createdType":"Assign","organizationId":"5d2854dd65889422de40f2f7","type":"Driver","userId":"5e2d88354c5e5369fc013502","__v":0,"createdAt":"2020-01-26T12:38:13.268Z","updatedAt":"2020-01-26T12:38:13.268Z"}}],"type":"Driver","need_otp":false,"permissions":[]},{"id":"5e2d8a374c5e5369fc01351b","name":"Momen","code":"CBRAWQQU","token":"eyJhbGciOiJIUzI1NiIsInR5cCI6IkpXVCJ9.eyJpZCI6IjVlMmQ4YTM3NGM1ZTUzNjlmYzAxMzUxYiIsImtleSI6IjIwMjUtMDUtMjZUMTE6MTc6MDAuNjM4WiIsImlhdCI6MTc0ODI1ODIyMH0.K6384IJ-9B1Arg3nNJjL8_wCh9mjDgsHh7TO-yzW0XE","organizations":[{"organizationId":{"_id":"5d2854dd65889422de40f2f7","organizationLogo":"https://stage.redboxsa.com/logo_niceone.png","organizationType":"Agency","trackingNumberPickUpLength":12,"organizationName":"Niceone-OLDD","uniqueName":null},"organizationRoles":{"_id":"5e2d8a374c5e5369fc01351d","permissions":["Delivery","Return","Expired"],"createdType":"Assign","organizationId":"5d2854dd65889422de40f2f7","type":"Driver","userId":"5e2d8a374c5e5369fc01351b","__v":0,"createdAt":"2020-01-26T12:46:47.612Z","updatedAt":"2020-01-26T12:46:47.612Z"}}],"type":"Driver","need_otp":false,"permissions":[]},{"id":"620347a077628b1d1d16db8a","name":"Datleredbox","code":"DFACPDYV","token":"eyJhbGciOiJIUzI1NiIsInR5cCI6IkpXVCJ9.eyJpZCI6IjYyMDM0N2EwNzc2MjhiMWQxZDE2ZGI4YSIsImtleSI6IjIwMjUtMDUtMjZUMTE6MTc6MDAuNjM4WiIsImlhdCI6MTc0ODI1ODIyMH0.vp2wY1YvpXzZAO2KK4T5wXeBhXZ7UTenJz9cv_yhvjo","organizations":[],"type":"Driver","need_otp":false,"permissions":["Delivery"]},{"id":"5e5ba5832d2cb309354dd896","name":"Khac Diep","code":"DJWBPFVD","token":"eyJhbGciOiJIUzI1NiIsInR5cCI6IkpXVCJ9.eyJpZCI6IjVlNWJhNTgzMmQyY2IzMDkzNTRkZDg5NiIsImtleSI6IjIwMjUtMDUtMjZUMTE6MTc6MDAuNjM4WiIsImlhdCI6MTc0ODI1ODIyMH0.Quu88CybU7atl0QfQIQu1pSHcg6deQMn0msHyZKBWNs","organizations":[{"organizationId":{"_id":"5d2854dd65889422de40f2f7","organizationLogo":"https://stage.redboxsa.com/logo_niceone.png","organizationType":"Agency","trackingNumberPickUpLength":12,"organizationName":"Niceone-OLDD","uniqueName":null},"organizationRoles":{"_id":"5e5ba5832d2cb309354dd897","permissions":["Delivery","Return","Expired"],"createdType":"Create","organizationId":"5d2854dd65889422de40f2f7","type":"Driver","userId":"5e5ba5832d2cb309354dd896","__v":0,"createdAt":"2020-03-01T12:07:31.198Z","updatedAt":"2020-03-01T12:07:31.198Z"}}],"type":"Driver","need_otp":false,"permissions":[]},{"id":"6593e175fe970a36cc39d691","name":"Sophia Nguyen Dev","code":"DNOJQLPU","token":"eyJhbGciOiJIUzI1NiIsInR5cCI6IkpXVCJ9.eyJpZCI6IjY1OTNlMTc1ZmU5NzBhMzZjYzM5ZDY5MSIsImtleSI6IjIwMjUtMDUtMjZUMTE6MTc6MDAuNjM4WiIsImlhdCI6MTc0ODI1ODIyMH0.1nT1nbL122XcctfIHJ797ZBQwsAEwlHeBd4f9nb8QcE","organizations":[{"organizationId":{"_id":"5e782d3430892b2a423a0d4e","organizationLogo":"https://redbox-aws-s3-bucket.s3.amazonaws.com/1606847716427blob","organizationType":"Agency","trackingNumberPickUpLength":12,"organizationName":"RedBox Agency","uniqueName":"salasa1"},"organizationRoles":{"_id":"67d95f2ad14aa3a117b2beb7","permissions":["Delivery","Return","Expired","Express","GA","Store","Sampling","LockerReturn","CleanDoor"],"createdType":"Assign","organizationId":"5e782d3430892b2a423a0d4e","type":"Driver","userId":"6593e175fe970a36cc39d691","createdAt":"2025-03-18T11:55:22.118Z","updatedAt":"2025-03-18T11:55:23.892Z","__v":0}}],"type":"Driver","need_otp":false,"permissions":["Delivery","Return","Expired","Express","GA","Store","Sampling","LockerReturn"]},{"id":"5e721f900d3cd736b0c85e98","name":"Abdullah","code":"DPEQQGXR","token":"eyJhbGciOiJIUzI1NiIsInR5cCI6IkpXVCJ9.eyJpZCI6IjVlNzIxZjkwMGQzY2Q3MzZiMGM4NWU5OCIsImtleSI6IjIwMjUtMDUtMjZUMTE6MTc6MDAuNjM4WiIsImlhdCI6MTc0ODI1ODIyMH0.UHJ77EpatgDhp0sAYi9qQPftg99uvt2U34eRiM9Sh1U","organizations":[{"organizationId":{"_id":"5e43bd282a2ec528267c0d86","organizationLogo":"https://redbox-aws-s3-bucket.s3.amazonaws.com/organization_4sjodmpdy_avatar_200x200","organizationType":"Agency","trackingNumberPickUpLength":12,"organizationName":"Salasa","uniqueName":"aamar"},"organizationRoles":{"_id":"5e721f900d3cd736b0c85e9a","permissions":["Delivery","Return","Expired"],"createdType":"Assign","organizationId":"5e43bd282a2ec528267c0d86","type":"Driver","userId":"5e721f900d3cd736b0c85e98","__v":0,"createdAt":"2020-03-18T13:18:08.149Z","updatedAt":"2020-03-18T13:18:08.149Z"}}],"type":"Driver","need_otp":false,"permissions":["Delivery","Return","Expired"]},{"id":"603250bbeee3a37d1ea56ac4","name":"Quang PH","code":"DUCAGVTM","token":"eyJhbGciOiJIUzI1NiIsInR5cCI6IkpXVCJ9.eyJpZCI6IjYwMzI1MGJiZWVlM2EzN2QxZWE1NmFjNCIsImtleSI6IjIwMjUtMDUtMjZUMTE6MTc6MDAuNjM4WiIsImlhdCI6MTc0ODI1ODIyMH0.zUdcWS5Es1NU0DBBKG2dy2BTpCmkMkkJbtuMyi6sdcM","organizations":[{"organizationId":{"_id":"5e42ed9a26052911830a951e","organizationLogo":"https://redbox-aws-s3-bucket.s3.amazonaws.com/organization_n5lm77l6l_avatar_200x200","organizationType":"Agency","trackingNumberPickUpLength":11,"organizationName":"Aramex","uniqueName":"aramex"},"organizationRoles":{"_id":"603250bbeee3a37d1ea56ac7","permissions":["Delivery","Return","Expired","Express","GA","Store"],"createdType":"Assign","organizationId":"5e42ed9a26052911830a951e","type":"Driver","userId":"603250bbeee3a37d1ea56ac4","__v":0,"createdAt":"2021-02-21T12:23:23.015Z","updatedAt":"2021-02-21T12:23:23.015Z"}},{"organizationId":{"_id":"61011fbe24ddd1560dd84675","organizationLogo":"https://redbox-aws-s3-bucket.s3.amazonaws.com/1643098587365blob","organizationType":"Agency","trackingNumberPickUpLength":10,"organizationName":"DHL","uniqueName":"dhl"},"organizationRoles":{"_id":"611b7159de862413e93c2605","permissions":["Delivery","Expired"],"createdType":"Assign","organizationId":"61011fbe24ddd1560dd84675","type":"Driver","userId":"603250bbeee3a37d1ea56ac4","createdAt":"2021-08-17T08:20:41.121Z","updatedAt":"2021-08-17T08:20:41.121Z","__v":0}},{"organizationId":{"_id":"61ef6eeaf9a3da609bbfdd14","organizationLogo":"https://redbox-aws-s3-bucket.s3.amazonaws.com/1643097936842blob","organizationType":"Agency","trackingNumberPickUpLength":12,"organizationName":"AJEX","uniqueName":"ajex"},"organizationRoles":{"_id":"61efaa168a3d2e06fb2e6ce0","permissions":["Delivery","Expired"],"createdType":"Assign","organizationId":"61ef6eeaf9a3da609bbfdd14","type":"Driver","userId":"603250bbeee3a37d1ea56ac4","createdAt":"2022-01-25T07:43:18.447Z","updatedAt":"2022-01-25T07:43:18.447Z","__v":0}},{"organizationId":{"_id":"6512a39b096c6b13b949dac1","organizationLogo":"/logo_merchant_default.png","organizationType":"Business","trackingNumberPickUpLength":12,"organizationName":"NOON","uniqueName":"noon"},"organizationRoles":{"_id":"6520125b1baddd707dfcf048","permissions":["Delivery","Return","Expired","Express","Store","Sampling"],"createdType":"Assign","organizationId":"6512a39b096c6b13b949dac1","type":"Driver","userId":"603250bbeee3a37d1ea56ac4","createdAt":"2023-10-06T13:57:47.957Z","updatedAt":"2023-10-06T13:57:47.957Z","__v":0}},{"organizationId":{"_id":"5e782d3430892b2a423a0d4e","organizationLogo":"https://redbox-aws-s3-bucket.s3.amazonaws.com/1606847716427blob","organizationType":"Agency","trackingNumberPickUpLength":12,"organizationName":"RedBox Agency","uniqueName":"salasa1"},"organizationRoles":{"_id":"655084708add24025f61dca6","permissions":["Delivery","Return","Expired","Express","GA","Store","Sampling","Operator"],"createdType":"Assign","organizationId":"5e782d3430892b2a423a0d4e","type":"Driver","userId":"603250bbeee3a37d1ea56ac4","createdAt":"2023-11-12T07:53:20.037Z","updatedAt":"2023-11-12T07:53:20.037Z","__v":0}},{"organizationId":{"_id":"653532fad5e81444635bb303","organizationLogo":"https://redbox-files.s3.eu-west-3.amazonaws.com/stage/avatar-logo/1697985274265blob","organizationType":"Business","trackingNumberPickUpLength":12,"organizationName":"iMile Delivery","uniqueName":null},"organizationRoles":{"_id":"65e811b6a6c871744ed2869a","permissions":["Delivery","Return","Expired","Express","Store","Sampling"],"createdType":"Assign","organizationId":"653532fad5e81444635bb303","type":"Driver","userId":"603250bbeee3a37d1ea56ac4","createdAt":"2024-03-06T06:48:22.441Z","updatedAt":"2024-03-06T06:48:22.441Z","__v":0}}],"type":"Driver","need_otp":false,"permissions":["Delivery","Return","Expired","Express","GA","Store","Sampling","Operator"]},{"id":"6805f33d2de4a0aa4dc3897b","name":"Lank driver dev 4","code":"ECQEODIC","token":"eyJhbGciOiJIUzI1NiIsInR5cCI6IkpXVCJ9.eyJpZCI6IjY4MDVmMzNkMmRlNGEwYWE0ZGMzODk3YiIsImtleSI6IjIwMjUtMDUtMjZUMTE6MTc6MDAuNjM4WiIsImlhdCI6MTc0ODI1ODIyMH0.D8I7lX13U10LHflSxs5OqMBSDbp59DwmBnzTq9SbiSM","organizations":[{"organizationId":{"_id":"5e782d3430892b2a423a0d4e","organizationLogo":"https://redbox-aws-s3-bucket.s3.amazonaws.com/1606847716427blob","organizationType":"Agency","trackingNumberPickUpLength":12,"organizationName":"RedBox Agency","uniqueName":"salasa1"},"organizationRoles":{"_id":"6805f33d2de4a0aa4dc3897d","permissions":["Express"],"createdType":"Assign","organizationId":"5e782d3430892b2a423a0d4e","type":"Driver","userId":"6805f33d2de4a0aa4dc3897b","__v":0,"createdAt":"2025-04-21T07:26:53.585Z","updatedAt":"2025-04-25T08:52:36.386Z"}},{"organizationId":{"_id":"66b06c5d9da3c7f346c44367","organizationLogo":"/logo_merchant_default.png","organizationType":"Business","trackingNumberPickUpLength":12,"organizationName":"Lan Anh store test","uniqueName":null},"organizationRoles":{"_id":"6805f9032de4a0aa4dc38a53","permissions":["Express"],"createdType":"Create","organizationId":"66b06c5d9da3c7f346c44367","userId":"6805f33d2de4a0aa4dc3897b","type":"Driver","createdAt":"2025-04-21T07:51:31.030Z","updatedAt":"2025-04-25T08:52:36.385Z","__v":0}},{"organizationId":{"_id":"5eb27b3e40f9743c12b01a42","organizationLogo":"https://gravatar.com/avatar/ccc9874a6f237bbff1582bd200b1d903?s=200&amp;d=retro","organizationType":"Agency","trackingNumberPickUpLength":12,"organizationName":"Out_Test_Store","uniqueName":null},"organizationRoles":{"_id":"6805fbcf4d23b5b523771c5b","permissions":["Express"],"createdType":"Assign","organizationId":"5eb27b3e40f9743c12b01a42","type":"Driver","userId":"6805f33d2de4a0aa4dc3897b","createdAt":"2025-04-21T08:03:27.492Z","updatedAt":"2025-04-25T08:52:36.386Z","__v":0}}],"type":"Driver","need_otp":false,"permissions":[]},{"id":"5e2d8acc4c5e5369fc013520","name":"Momen 22","code":"EHGNVADV","token":"eyJhbGciOiJIUzI1NiIsInR5cCI6IkpXVCJ9.eyJpZCI6IjVlMmQ4YWNjNGM1ZTUzNjlmYzAxMzUyMCIsImtleSI6IjIwMjUtMDUtMjZUMTE6MTc6MDAuNjM4WiIsImlhdCI6MTc0ODI1ODIyMH0.rNHWMqK1pZpkOQzejVzqLl8cEoZDnSFhqjkl1cptwaQ","organizations":[{"organizationId":{"_id":"5d2854dd65889422de40f2f7","organizationLogo":"https://stage.redboxsa.com/logo_niceone.png","organizationType":"Agency","trackingNumberPickUpLength":12,"organizationName":"Niceone-OLDD","uniqueName":null},"organizationRoles":{"_id":"5e2d8acc4c5e5369fc013522","permissions":["Delivery","Return","Expired"],"createdType":"Assign","organizationId":"5d2854dd65889422de40f2f7","type":"Driver","userId":"5e2d8acc4c5e5369fc013520","__v":0,"createdAt":"2020-01-26T12:49:16.814Z","updatedAt":"2020-01-26T12:49:16.814Z"}}],"type":"Driver","need_otp":false,"permissions":[]},{"id":"61d407859405cc62ae772d47","name":"Krystal Lee","code":"EVDHDUBA","token":"eyJhbGciOiJIUzI1NiIsInR5cCI6IkpXVCJ9.eyJpZCI6IjYxZDQwNzg1OTQwNWNjNjJhZTc3MmQ0NyIsImtleSI6IjIwMjUtMDUtMjZUMTE6MTc6MDAuNjM4WiIsImlhdCI6MTc0ODI1ODIyMH0.PCjjoh5XqfPC-0IOmGDu1BjYV-LYrHUs_K20PBi-I-U","organizations":[{"organizationId":{"_id":"5e42ed9a26052911830a951e","organizationLogo":"https://redbox-aws-s3-bucket.s3.amazonaws.com/organization_n5lm77l6l_avatar_200x200","organizationType":"Agency","trackingNumberPickUpLength":11,"organizationName":"Aramex","uniqueName":"aramex"},"organizationRoles":{"_id":"61f22f9ea7d669573f67bd8c","permissions":["Delivery","Expired"],"createdType":"Assign","organizationId":"5e42ed9a26052911830a951e","type":"Driver","userId":"61d407859405cc62ae772d47","createdAt":"2022-01-27T05:37:34.535Z","updatedAt":"2022-01-27T05:37:34.535Z","__v":0}},{"organizationId":{"_id":"61d7bcfc5dc3a80881182110","organizationLogo":"https://gravatar.com/avatar/43b9b3d40797c160934b7ae2339787b4?s=200&amp;d=retro","organizationType":"Agency","trackingNumberPickUpLength":12,"organizationName":"VitaminKrystalAgencyNormal","uniqueName":null},"organizationRoles":{"_id":"6306f9e10b523c2304848bef","permissions":["Delivery","Return","Expired","Express","GA","Store","Sampling"],"createdType":"Assign","organizationId":"61d7bcfc5dc3a80881182110","type":"Driver","userId":"61d407859405cc62ae772d47","createdAt":"2022-08-25T04:26:09.225Z","updatedAt":"2022-08-25T04:26:09.225Z","__v":0}},{"organizationId":{"_id":"5e782d3430892b2a423a0d4e","organizationLogo":"https://redbox-aws-s3-bucket.s3.amazonaws.com/1606847716427blob","organizationType":"Agency","trackingNumberPickUpLength":12,"organizationName":"RedBox Agency","uniqueName":"salasa1"},"organizationRoles":{"_id":"632afa84475573153c52ae91","permissions":["Delivery","Return","Expired","Express","Store","Sampling"],"createdType":"Assign","organizationId":"5e782d3430892b2a423a0d4e","type":"Driver","userId":"61d407859405cc62ae772d47","createdAt":"2022-09-21T11:50:28.412Z","updatedAt":"2022-09-21T11:50:28.412Z","__v":0}},{"organizationId":{"_id":"62134c5baf2b112028e04682","organizationLogo":"https://redbox-aws-s3-bucket.s3.amazonaws.com/1645431898878blob","organizationType":"Agency","trackingNumberPickUpLength":12,"organizationName":"Golden Scent","uniqueName":null},"organizationRoles":{"_id":"6392c701dfdf97287f5f3ef9","permissions":["Delivery","Return","Expired","Express","Store","Sampling"],"createdType":"Assign","organizationId":"62134c5baf2b112028e04682","type":"Driver","userId":"61d407859405cc62ae772d47","createdAt":"2022-12-09T05:26:25.855Z","updatedAt":"2022-12-09T05:26:25.855Z","__v":0}},{"organizationId":{"_id":"62401006c855292d0fa1934d","organizationLogo":"https://gravatar.com/avatar/9c9a616e5d8176efb6bd14590020dc91?s=200&amp;d=retro","organizationType":"Agency","trackingNumberPickUpLength":12,"organizationName":"Golden Scent","uniqueName":null},"organizationRoles":{"_id":"6392c71fdfdf97287f5f3efb","permissions":["Delivery","Return","Expired","Express","Store","Sampling"],"createdType":"Assign","organizationId":"62401006c855292d0fa1934d","type":"Driver","userId":"61d407859405cc62ae772d47","createdAt":"2022-12-09T05:26:55.312Z","updatedAt":"2022-12-09T05:26:55.312Z","__v":0}},{"organizationId":{"_id":"61011fbe24ddd1560dd84675","organizationLogo":"https://redbox-aws-s3-bucket.s3.amazonaws.com/1643098587365blob","organizationType":"Agency","trackingNumberPickUpLength":10,"organizationName":"DHL","uniqueName":"dhl"},"organizationRoles":{"_id":"6392c72bdfdf97287f5f3efd","permissions":["Delivery","Expired"],"createdType":"Assign","organizationId":"61011fbe24ddd1560dd84675","type":"Driver","userId":"61d407859405cc62ae772d47","createdAt":"2022-12-09T05:27:07.254Z","updatedAt":"2022-12-09T05:27:07.254Z","__v":0}},{"organizationId":{"_id":"6371f9c029de6559dadc5e07","organizationLogo":"https://redbox-files.s3.eu-west-3.amazonaws.com/stage/avatar-logo/1668413888314blob","organizationType":"Agency","trackingNumberPickUpLength":12,"organizationName":"Print SA"},"organizationRoles":{"_id":"64522ecd899f8d31c74985d1","permissions":["Delivery","Return","Expired","Express","GA","Store","Sampling"],"createdType":"Assign","organizationId":"6371f9c029de6559dadc5e07","type":"Driver","userId":"61d407859405cc62ae772d47","createdAt":"2023-05-03T09:52:13.525Z","updatedAt":"2023-05-03T09:52:13.525Z","__v":0}},{"organizationId":{"_id":"636cb8c0acebbd54dd9965cb","organizationLogo":"https://redbox-files.s3.eu-west-3.amazonaws.com/stage/avatar-logo/1668069568410blob","organizationType":"Agency","trackingNumberPickUpLength":12,"organizationName":"iMile Agency","uniqueName":"imile"},"organizationRoles":{"_id":"65e95e215ba0e96ed48e5805","permissions":["Delivery","Return","Expired","Express","Store","Sampling"],"createdType":"Assign","organizationId":"636cb8c0acebbd54dd9965cb","type":"Driver","userId":"61d407859405cc62ae772d47","createdAt":"2024-03-07T06:26:41.317Z","updatedAt":"2024-03-07T06:26:41.317Z","__v":0}}],"type":"Driver","need_otp":false,"permissions":["Delivery","Return","Expired","Express","GA","Store","Sampling","Operator"]},{"id":"67123333e6523bf99363f161","name":"Dev_SaudiLee","code":"EVJUCGCM","token":"eyJhbGciOiJIUzI1NiIsInR5cCI6IkpXVCJ9.eyJpZCI6IjY3MTIzMzMzZTY1MjNiZjk5MzYzZjE2MSIsImtleSI6IjIwMjUtMDUtMjZUMTE6MTc6MDAuNjM4WiIsImlhdCI6MTc0ODI1ODIyMH0.FR09u2fYNBYitT2Ih48r4jr0P-RcoRP4qgEiGzBbjsE","organizations":[{"organizationId":{"_id":"5e782d3430892b2a423a0d4e","organizationLogo":"https://redbox-aws-s3-bucket.s3.amazonaws.com/1606847716427blob","organizationType":"Agency","trackingNumberPickUpLength":12,"organizationName":"RedBox Agency","uniqueName":"salasa1"},"organizationRoles":{"_id":"67123333e6523bf99363f163","permissions":["Delivery","Return","Expired","Express","Store","Sampling","LockerReturn"],"createdType":"Assign","organizationId":"5e782d3430892b2a423a0d4e","type":"Driver","userId":"67123333e6523bf99363f161","__v":0,"createdAt":"2024-10-18T10:06:43.890Z","updatedAt":"2024-11-12T07:46:14.117Z"}},{"organizationId":{"_id":"5eafd1624a50ec75fe5189c9","organizationLogo":"https://gravatar.com/avatar/da6d00bc2f16a425ebd1813532590fa3?s=200&amp;d=retro","organizationType":"Agency","trackingNumberPickUpLength":12,"organizationName":"OTO_Test_Merchant shipping label"},"organizationRoles":{"_id":"6719f005a3583a8e15593c43","permissions":["Delivery","Return","Expired"],"createdType":"Create","organizationId":"5eafd1624a50ec75fe5189c9","userId":"67123333e6523bf99363f161","type":"Driver","createdAt":"2024-10-24T06:58:13.993Z","updatedAt":"2024-11-12T07:46:14.117Z","__v":0}},{"organizationId":{"_id":"5e14a283572e4e057d2519d4","organizationLogo":"https://redbox-aws-s3-bucket.s3.amazonaws.com/organization_zcszf089b_avatar_200x200","organizationType":"Agency","trackingNumberPickUpLength":12,"organizationName":"Salla | سلّة","uniqueName":null},"organizationRoles":{"_id":"6718dc9259b2bfaf1b5f3b5e","permissions":["Delivery","Return"],"createdType":"Assign","organizationId":"5e14a283572e4e057d2519d4","type":"Driver","userId":"67123333e6523bf99363f161","createdAt":"2024-10-23T11:22:58.455Z","updatedAt":"2024-11-12T07:46:14.117Z","__v":0}},{"organizationId":{"_id":"5fbf579f2bad0a72e4c50274","organizationLogo":"https://redbox-aws-s3-bucket.s3.amazonaws.com/1606828349528blob","organizationType":"Agency","trackingNumberPickUpLength":12,"organizationName":"KAUST","uniqueName":"kaust"},"organizationRoles":{"_id":"6719f027a3583a8e15593c45","permissions":["Delivery","LockerReturn"],"createdType":"Assign","organizationId":"5fbf579f2bad0a72e4c50274","type":"Driver","userId":"67123333e6523bf99363f161","createdAt":"2024-10-24T06:58:47.155Z","updatedAt":"2024-11-12T07:46:14.117Z","__v":0}},{"organizationId":{"_id":"5f3c3a159e677f515dbd8695","organizationLogo":"https://redbox-aws-s3-bucket.s3.amazonaws.com/1597782549678blob","organizationType":"Agency","trackingNumberPickUpLength":12,"organizationName":"Aratopia | أراتوبيا"},"organizationRoles":{"_id":"6719f042a3583a8e15593ca3","permissions":["Return","LockerReturn"],"createdType":"Create","organizationId":"5f3c3a159e677f515dbd8695","userId":"67123333e6523bf99363f161","type":"Driver","createdAt":"2024-10-24T06:59:14.255Z","updatedAt":"2024-11-12T07:46:14.116Z","__v":0}}],"type":"Driver","need_otp":false,"permissions":[]},{"id":"681994874c7c58d8ca4a4a6b","name":"Lank driver dev 8","code":"EYOIEXNO","token":"eyJhbGciOiJIUzI1NiIsInR5cCI6IkpXVCJ9.eyJpZCI6IjY4MTk5NDg3NGM3YzU4ZDhjYTRhNGE2YiIsImtleSI6IjIwMjUtMDUtMjZUMTE6MTc6MDAuNjM4WiIsImlhdCI6MTc0ODI1ODIyMH0.7w-ixy2hotEuQniO8p9ZeBv0qV3Rh9wkqm7K-jSWI4g","organizations":[{"organizationId":{"_id":"5e782d3430892b2a423a0d4e","organizationLogo":"https://redbox-aws-s3-bucket.s3.amazonaws.com/1606847716427blob","organizationType":"Agency","trackingNumberPickUpLength":12,"organizationName":"RedBox Agency","uniqueName":"salasa1"},"organizationRoles":{"_id":"6819ab0d4c7c58d8ca4a4b4b","permissions":["Delivery","Return","Expired","Express","GA"],"createdType":"Assign","organizationId":"5e782d3430892b2a423a0d4e","type":"Driver","userId":"681994874c7c58d8ca4a4a6b","createdAt":"2025-05-06T06:24:13.352Z","updatedAt":"2025-05-06T06:32:27.717Z","__v":0}}],"type":"Driver","need_otp":false,"permissions":[]},{"id":"6662bda6e728ae8aaaef5970","name":"Driver Dev","code":"FSDEMRUF","token":"eyJhbGciOiJIUzI1NiIsInR5cCI6IkpXVCJ9.eyJpZCI6IjY2NjJiZGE2ZTcyOGFlOGFhYWVmNTk3MCIsImtleSI6IjIwMjUtMDUtMjZUMTE6MTc6MDAuNjM4WiIsImlhdCI6MTc0ODI1ODIyMH0.9GSJzQZgKmnECbAR_AhtUc2FMkC4CEAWB0QsSqSk4fc","organizations":[{"organizationId":{"_id":"5e782d3430892b2a423a0d4e","organizationLogo":"https://redbox-aws-s3-bucket.s3.amazonaws.com/1606847716427blob","organizationType":"Agency","trackingNumberPickUpLength":12,"organizationName":"RedBox Agency","uniqueName":"salasa1"},"organizationRoles":{"_id":"66827486d84f9c67c4fdb185","permissions":["Delivery","Return","Expired","Express","GA","Store","LockerReturn"],"createdType":"Assign","organizationId":"5e782d3430892b2a423a0d4e","type":"Driver","userId":"6662bda6e728ae8aaaef5970","createdAt":"2024-07-01T09:19:02.270Z","updatedAt":"2024-07-01T09:19:02.270Z","__v":0}}],"type":"Driver","need_otp":false,"permissions":["Delivery","Return","Expired","Express","GA","Store","Sampling","LockerReturn"]},{"id":"6656d6921f927f151fa7804b","name":"PhuongAnhDriver_Ar","code":"GESRZFBM","token":"eyJhbGciOiJIUzI1NiIsInR5cCI6IkpXVCJ9.eyJpZCI6IjY2NTZkNjkyMWY5MjdmMTUxZmE3ODA0YiIsImtleSI6IjIwMjUtMDUtMjZUMTE6MTc6MDAuNjM4WiIsImlhdCI6MTc0ODI1ODIyMH0.WXoWpLf9kx3BwPJU2022xHp2MEqj8k2HgdEXTDwxU5c","organizations":[{"organizationId":{"_id":"63ff07266fa0f16a2bdd7854","organizationLogo":"https://redbox-files.s3.eu-west-3.amazonaws.com/stage/avatar-logo/1677657893878blob","organizationType":"Agency","trackingNumberPickUpLength":12,"organizationName":"Aymakan","uniqueName":"aymakan"},"organizationRoles":{"_id":"66791f0aed711c4e3fc03294","permissions":["Delivery","Return","Expired"],"createdType":"Assign","organizationId":"63ff07266fa0f16a2bdd7854","type":"Driver","userId":"6656d6921f927f151fa7804b","createdAt":"2024-06-24T07:23:54.412Z","updatedAt":"2024-08-16T05:06:12.945Z","__v":0}},{"organizationId":{"_id":"5e782d3430892b2a423a0d4e","organizationLogo":"https://redbox-aws-s3-bucket.s3.amazonaws.com/1606847716427blob","organizationType":"Agency","trackingNumberPickUpLength":12,"organizationName":"RedBox Agency","uniqueName":"salasa1"},"organizationRoles":{"_id":"66beda7a6b4241cf3c3007cc","permissions":["Delivery","Return","Expired","Express","GA","Store","Sampling","LockerReturn"],"createdType":"Assign","organizationId":"5e782d3430892b2a423a0d4e","type":"Driver","userId":"6656d6921f927f151fa7804b","createdAt":"2024-08-16T04:50:02.947Z","updatedAt":"2024-08-16T05:06:12.945Z","__v":0}}],"type":"Driver","need_otp":false,"permissions":["Delivery","Return","Expired","Express","Store"]},{"id":"67593cf4a42028af4b4d7e75","name":"Ha sub driver","code":"GGCNTINF","token":"eyJhbGciOiJIUzI1NiIsInR5cCI6IkpXVCJ9.eyJpZCI6IjY3NTkzY2Y0YTQyMDI4YWY0YjRkN2U3NSIsImtleSI6IjIwMjUtMDUtMjZUMTE6MTc6MDAuNjM4WiIsImlhdCI6MTc0ODI1ODIyMH0.5AlJbhVgEBhgSqmi2_BU5o2MzdkMUjWDAFp49JZZNTA","organizations":[{"organizationId":{"_id":"6656dce3f2529518697c14ba","organizationLogo":"/logo_merchant_default.png","organizationType":"Agency","trackingNumberPickUpLength":12,"organizationName":"RedSea Agency"},"organizationRoles":{"_id":"675944eb7c5b51fae83ba92c","permissions":["Return","Expired"],"createdType":"Assign","organizationId":"6656dce3f2529518697c14ba","type":"Driver","userId":"67593cf4a42028af4b4d7e75","createdAt":"2024-12-11T07:53:15.216Z","updatedAt":"2024-12-11T07:53:21.963Z","__v":0}}],"type":"Driver","need_otp":false,"permissions":["Delivery","Return","Expired","Express","GA","Store","Sampling","LockerReturn","CleanDoor"]},{"id":"5e5f4dd0eef9191087745f18","name":"tesst","code":"GMPOZYVI","token":"eyJhbGciOiJIUzI1NiIsInR5cCI6IkpXVCJ9.eyJpZCI6IjVlNWY0ZGQwZWVmOTE5MTA4Nzc0NWYxOCIsImtleSI6IjIwMjUtMDUtMjZUMTE6MTc6MDAuNjM4WiIsImlhdCI6MTc0ODI1ODIyMH0.N8Z0UaZnEENjg5eF81GHtPn-W6RMuPPhZMRLx4sYMqI","organizations":[{"organizationId":{"_id":"5e0847929a8da07f85565864","organizationLogo":"https://redbox-aws-s3-bucket.s3.amazonaws.com/organization_l6y007fii_avatar_200x200","organizationType":"Agency","trackingNumberPickUpLength":12,"organizationName":"Amazon","uniqueName":null},"organizationRoles":{"_id":"5e5f4dd0eef9191087745f19","permissions":["Delivery","Expired"],"createdType":"Create","organizationId":"5e0847929a8da07f85565864","type":"Driver","userId":"5e5f4dd0eef9191087745f18","__v":0,"createdAt":"2020-03-04T06:42:24.172Z","updatedAt":"2020-03-04T06:42:24.172Z"}}],"type":"Driver","need_otp":false,"permissions":[]},{"id":"6788c68fabfcf7105240af68","name":"Lee driver dev","code":"HFOHPZRE","token":"eyJhbGciOiJIUzI1NiIsInR5cCI6IkpXVCJ9.eyJpZCI6IjY3ODhjNjhmYWJmY2Y3MTA1MjQwYWY2OCIsImtleSI6IjIwMjUtMDUtMjZUMTE6MTc6MDAuNjM4WiIsImlhdCI6MTc0ODI1ODIyMH0.xtQitQvQr6FkIXNc9SWEwi9dKgzgM9iOSSFaIo93kAI","organizations":[{"organizationId":{"_id":"5e782d3430892b2a423a0d4e","organizationLogo":"https://redbox-aws-s3-bucket.s3.amazonaws.com/1606847716427blob","organizationType":"Agency","trackingNumberPickUpLength":12,"organizationName":"RedBox Agency","uniqueName":"salasa1"},"organizationRoles":{"_id":"6788c6a8abfcf7105240afca","permissions":["Delivery","Return"],"createdType":"Assign","organizationId":"5e782d3430892b2a423a0d4e","type":"Driver","userId":"6788c68fabfcf7105240af68","createdAt":"2025-01-16T08:43:20.131Z","updatedAt":"2025-01-16T08:43:20.131Z","__v":0}},{"organizationId":{"_id":"5e14a283572e4e057d2519d4","organizationLogo":"https://redbox-aws-s3-bucket.s3.amazonaws.com/organization_zcszf089b_avatar_200x200","organizationType":"Agency","trackingNumberPickUpLength":12,"organizationName":"Salla | سلّة","uniqueName":null},"organizationRoles":{"_id":"6788c79cabfcf7105240b13e","permissions":["Delivery","Return"],"createdType":"Assign","organizationId":"5e14a283572e4e057d2519d4","type":"Driver","userId":"6788c68fabfcf7105240af68","createdAt":"2025-01-16T08:47:24.503Z","updatedAt":"2025-01-16T08:47:24.503Z","__v":0}},{"organizationId":{"_id":"5e3528b77b28e0642f18aad9","organizationLogo":"/logo_merchant_default.png","organizationType":"Agency","trackingNumberPickUpLength":12,"organizationName":"Arigato"},"organizationRoles":{"_id":"6788c7aeabfcf7105240b142","permissions":["Delivery","Return","Expired"],"createdType":"Assign","organizationId":"5e3528b77b28e0642f18aad9","type":"Driver","userId":"6788c68fabfcf7105240af68","createdAt":"2025-01-16T08:47:42.341Z","updatedAt":"2025-01-16T08:47:42.341Z","__v":0}},{"organizationId":{"_id":"5e42ed9a26052911830a951e","organizationLogo":"https://redbox-aws-s3-bucket.s3.amazonaws.com/organization_n5lm77l6l_avatar_200x200","organizationType":"Agency","trackingNumberPickUpLength":11,"organizationName":"Aramex","uniqueName":"aramex"},"organizationRoles":{"_id":"6788c7b7abfcf7105240b144","permissions":["Return","GA"],"createdType":"Assign","organizationId":"5e42ed9a26052911830a951e","type":"Driver","userId":"6788c68fabfcf7105240af68","createdAt":"2025-01-16T08:47:51.596Z","updatedAt":"2025-01-16T08:47:51.596Z","__v":0}}],"type":"Driver","need_otp":false,"permissions":["Delivery","Return"]},{"id":"5e5f4dffeef9191087745f1b","name":"tes","code":"HNFYYRHA","token":"eyJhbGciOiJIUzI1NiIsInR5cCI6IkpXVCJ9.eyJpZCI6IjVlNWY0ZGZmZWVmOTE5MTA4Nzc0NWYxYiIsImtleSI6IjIwMjUtMDUtMjZUMTE6MTc6MDAuNjM4WiIsImlhdCI6MTc0ODI1ODIyMH0.g2iFDgcNLIbj5AVWxlvh_nDzxeu6nOfNKGWL5xNYnlo","organizations":[{"organizationId":{"_id":"5e0847929a8da07f85565864","organizationLogo":"https://redbox-aws-s3-bucket.s3.amazonaws.com/organization_l6y007fii_avatar_200x200","organizationType":"Agency","trackingNumberPickUpLength":12,"organizationName":"Amazon","uniqueName":null},"organizationRoles":{"_id":"5e5f4dffeef9191087745f1c","permissions":["Delivery"],"createdType":"Create","organizationId":"5e0847929a8da07f85565864","type":"Driver","userId":"5e5f4dffeef9191087745f1b","__v":0,"createdAt":"2020-03-04T06:43:11.443Z","updatedAt":"2020-03-04T06:43:11.443Z"}}],"type":"Driver","need_otp":false,"permissions":[]},{"id":"63ee1814b4b6d21dbd929c4a","name":"Saleh Mohsen","code":"HOUQNBLW","token":"eyJhbGciOiJIUzI1NiIsInR5cCI6IkpXVCJ9.eyJpZCI6IjYzZWUxODE0YjRiNmQyMWRiZDkyOWM0YSIsImtleSI6IjIwMjUtMDUtMjZUMTE6MTc6MDAuNjM4WiIsImlhdCI6MTc0ODI1ODIyMH0.nfAQu8tt3kDthQun8FkJDMpnEtwmMiYqkoC5XmJnEww","organizations":[{"organizationId":{"_id":"5e782d3430892b2a423a0d4e","organizationLogo":"https://redbox-aws-s3-bucket.s3.amazonaws.com/1606847716427blob","organizationType":"Agency","trackingNumberPickUpLength":12,"organizationName":"RedBox Agency","uniqueName":"salasa1"},"organizationRoles":{"_id":"63ee1814b4b6d21dbd929c4c","permissions":["Delivery","Return","Expired","Express","Store"],"createdType":"Assign","organizationId":"5e782d3430892b2a423a0d4e","type":"Driver","userId":"63ee1814b4b6d21dbd929c4a","__v":0,"createdAt":"2023-02-16T11:48:36.273Z","updatedAt":"2023-02-16T11:48:36.273Z"}},{"organizationId":{"_id":"5e42ed9a26052911830a951e","organizationLogo":"https://redbox-aws-s3-bucket.s3.amazonaws.com/organization_n5lm77l6l_avatar_200x200","organizationType":"Agency","trackingNumberPickUpLength":11,"organizationName":"Aramex","uniqueName":"aramex"},"organizationRoles":{"_id":"63ee1814b4b6d21dbd929c4d","permissions":["Delivery","Return","Expired","Express","Store"],"createdType":"Assign","organizationId":"5e42ed9a26052911830a951e","type":"Driver","userId":"63ee1814b4b6d21dbd929c4a","__v":0,"createdAt":"2023-02-16T11:48:36.273Z","updatedAt":"2023-02-16T11:48:36.273Z"}},{"organizationId":{"_id":"61011fbe24ddd1560dd84675","organizationLogo":"https://redbox-aws-s3-bucket.s3.amazonaws.com/1643098587365blob","organizationType":"Agency","trackingNumberPickUpLength":10,"organizationName":"DHL","uniqueName":"dhl"},"organizationRoles":{"_id":"63ee1814b4b6d21dbd929c4e","permissions":["Delivery","Return","Expired","Express","Store"],"createdType":"Assign","organizationId":"61011fbe24ddd1560dd84675","type":"Driver","userId":"63ee1814b4b6d21dbd929c4a","__v":0,"createdAt":"2023-02-16T11:48:36.273Z","updatedAt":"2023-02-16T11:48:36.273Z"}}],"type":"Driver","need_otp":false,"permissions":["Delivery","Return","Expired","Express","Store","Sampling"]},{"id":"5e81aa7f1dbdac6e8648bf45","name":"Ahmed Khaled","code":"HUYBEO01","token":"eyJhbGciOiJIUzI1NiIsInR5cCI6IkpXVCJ9.eyJpZCI6IjVlODFhYTdmMWRiZGFjNmU4NjQ4YmY0NSIsImtleSI6IjIwMjUtMDUtMjZUMTE6MTc6MDAuNjM5WiIsImlhdCI6MTc0ODI1ODIyMH0.baf8ItQGZK8pXTeepEwx7jASjEyHh3NtwNv56RVNbyE","organizations":[{"organizationId":{"_id":"5e42ed9a26052911830a951e","organizationLogo":"https://redbox-aws-s3-bucket.s3.amazonaws.com/organization_n5lm77l6l_avatar_200x200","organizationType":"Agency","trackingNumberPickUpLength":11,"organizationName":"Aramex","uniqueName":"aramex"},"organizationRoles":{"_id":"620f9a51af2b112028e042e8","permissions":["Delivery","Return","Expired"],"createdType":"Assign","organizationId":"5e42ed9a26052911830a951e","type":"Driver","userId":"5e81aa7f1dbdac6e8648bf45","createdAt":"2022-02-18T13:08:33.294Z","updatedAt":"2025-05-20T03:14:08.446Z","__v":0}},{"organizationId":{"_id":"6371f9c029de6559dadc5e07","organizationLogo":"https://redbox-files.s3.eu-west-3.amazonaws.com/stage/avatar-logo/1668413888314blob","organizationType":"Agency","trackingNumberPickUpLength":12,"organizationName":"Print SA"},"organizationRoles":{"_id":"64522f90899f8d31c74985d5","permissions":["Delivery","Return","Expired","Express","Store","Sampling"],"createdType":"Assign","organizationId":"6371f9c029de6559dadc5e07","type":"Driver","userId":"5e81aa7f1dbdac6e8648bf45","createdAt":"2023-05-03T09:55:28.482Z","updatedAt":"2025-05-20T03:14:08.448Z","__v":0}},{"organizationId":{"_id":"6656dce3f2529518697c14ba","organizationLogo":"/logo_merchant_default.png","organizationType":"Agency","trackingNumberPickUpLength":12,"organizationName":"RedSea Agency"},"organizationRoles":{"_id":"665eadb442b644bbde7b67f7","permissions":["Delivery","Expired"],"createdType":"Assign","organizationId":"6656dce3f2529518697c14ba","type":"Driver","userId":"5e81aa7f1dbdac6e8648bf45","createdAt":"2024-06-04T06:01:24.586Z","updatedAt":"2025-05-20T03:14:08.448Z","__v":0}},{"organizationId":{"_id":"5e782d3430892b2a423a0d4e","organizationLogo":"https://redbox-aws-s3-bucket.s3.amazonaws.com/1606847716427blob","organizationType":"Agency","trackingNumberPickUpLength":12,"organizationName":"RedBox Agency","uniqueName":"salasa1"},"organizationRoles":{"_id":"667a8c46ae327f07de861c4f","permissions":["Delivery","Return","Expired","Express","Store","LockerReturn"],"createdType":"Assign","organizationId":"5e782d3430892b2a423a0d4e","type":"Driver","userId":"5e81aa7f1dbdac6e8648bf45","createdAt":"2024-06-25T09:22:14.426Z","updatedAt":"2025-05-20T03:14:08.448Z","__v":0}},{"organizationId":{"_id":"621fa71e576340646274c329","organizationLogo":"https://redbox-aws-s3-bucket.s3.amazonaws.com/1646241614149blob","organizationType":"Agency","trackingNumberPickUpLength":12,"organizationName":"NiceOne"},"organizationRoles":{"_id":"682bf1e494e20f4450d7cb6f","permissions":["Delivery","Return","Expired","Express","GA","Store","Sampling","LockerReturn","CleanDoor"],"createdType":"Assign","organizationId":"621fa71e576340646274c329","type":"Driver","userId":"5e81aa7f1dbdac6e8648bf45","createdAt":"2025-05-20T03:07:16.381Z","updatedAt":"2025-05-20T03:14:08.448Z","__v":0}},{"organizationId":{"_id":"5e14a283572e4e057d2519d4","organizationLogo":"https://redbox-aws-s3-bucket.s3.amazonaws.com/organization_zcszf089b_avatar_200x200","organizationType":"Agency","trackingNumberPickUpLength":12,"organizationName":"Salla | سلّة","uniqueName":null},"organizationRoles":{"_id":"682bf37794e20f4450d7cb9d","permissions":["Delivery","Return","Expired","Express","GA","Store","Sampling","LockerReturn","CleanDoor"],"createdType":"Assign","organizationId":"5e14a283572e4e057d2519d4","type":"Driver","userId":"5e81aa7f1dbdac6e8648bf45","createdAt":"2025-05-20T03:13:59.470Z","updatedAt":"2025-05-20T03:14:08.448Z","__v":0}}],"type":"Driver","need_otp":false,"permissions":["Delivery","Return","Expired","Express","GA","Store"]},{"id":"5e4e05e4f9aa022d4e2de5df","name":"Quoc Anh","code":"HXFQEAPT","token":"eyJhbGciOiJIUzI1NiIsInR5cCI6IkpXVCJ9.eyJpZCI6IjVlNGUwNWU0ZjlhYTAyMmQ0ZTJkZTVkZiIsImtleSI6IjIwMjUtMDUtMjZUMTE6MTc6MDAuNjM5WiIsImlhdCI6MTc0ODI1ODIyMH0.OqZVh0Ybt4XB2MuEvn5zqeSYF7RdJ6blhhromZmuKaE","organizations":[{"organizationId":{"_id":"5d2854dd65889422de40f2f7","organizationLogo":"https://stage.redboxsa.com/logo_niceone.png","organizationType":"Agency","trackingNumberPickUpLength":12,"organizationName":"Niceone-OLDD","uniqueName":null},"organizationRoles":{"_id":"5e4e05e4f9aa022d4e2de5e0","permissions":["Delivery","Return","Expired"],"createdType":"Create","organizationId":"5d2854dd65889422de40f2f7","type":"Driver","userId":"5e4e05e4f9aa022d4e2de5df","__v":0,"createdAt":"2020-02-20T04:07:00.141Z","updatedAt":"2020-02-21T11:38:21.387Z"}}],"type":"Driver","need_otp":false,"permissions":[]},{"id":"61efa43e8a3d2e06fb2e6cbf","name":"Ajex driver","code":"HZIDCRTQ","token":"eyJhbGciOiJIUzI1NiIsInR5cCI6IkpXVCJ9.eyJpZCI6IjYxZWZhNDNlOGEzZDJlMDZmYjJlNmNiZiIsImtleSI6IjIwMjUtMDUtMjZUMTE6MTc6MDAuNjM5WiIsImlhdCI6MTc0ODI1ODIyMH0.sVych-mKTEuljAoGax0kWqCevQ2GeJb9sq7OS47bYC4","organizations":[{"organizationId":{"_id":"61ef6eeaf9a3da609bbfdd14","organizationLogo":"https://redbox-aws-s3-bucket.s3.amazonaws.com/1643097936842blob","organizationType":"Agency","trackingNumberPickUpLength":12,"organizationName":"AJEX","uniqueName":"ajex"},"organizationRoles":{"_id":"61efa43e8a3d2e06fb2e6cc1","permissions":["Delivery","Expired"],"createdType":"Assign","organizationId":"61ef6eeaf9a3da609bbfdd14","type":"Driver","userId":"61efa43e8a3d2e06fb2e6cbf","__v":0,"createdAt":"2022-01-25T07:18:22.494Z","updatedAt":"2022-01-25T07:18:22.494Z"}}],"type":"Driver","need_otp":false,"permissions":["Delivery","Expired"]},{"id":"669de27c36f43f7adbb510ba","name":"Lank driver dev","code":"ICMGIGQE","token":"eyJhbGciOiJIUzI1NiIsInR5cCI6IkpXVCJ9.eyJpZCI6IjY2OWRlMjdjMzZmNDNmN2FkYmI1MTBiYSIsImtleSI6IjIwMjUtMDUtMjZUMTE6MTc6MDAuNjM5WiIsImlhdCI6MTc0ODI1ODIyMH0.y5CskAKTqgGBxRL1Kgb_UFc6d6LZL61D8uwk763jurA","organizations":[{"organizationId":{"_id":"5e42ed9a26052911830a951e","organizationLogo":"https://redbox-aws-s3-bucket.s3.amazonaws.com/organization_n5lm77l6l_avatar_200x200","organizationType":"Agency","trackingNumberPickUpLength":11,"organizationName":"Aramex","uniqueName":"aramex"},"organizationRoles":{"_id":"66eb980c29112d9335088ea1","permissions":["Return","Expired","Express","GA","Store","Sampling","LockerReturn"],"createdType":"Assign","organizationId":"5e42ed9a26052911830a951e","type":"Driver","userId":"669de27c36f43f7adbb510ba","createdAt":"2024-09-19T03:18:36.549Z","updatedAt":"2025-05-09T08:28:26.201Z","__v":0}},{"organizationId":{"_id":"66fa4bdf944e33351f5a7ec3","organizationLogo":"/logo_merchant_default.png","organizationType":"Agency","trackingNumberPickUpLength":12,"organizationName":"Royal Office Agency"},"organizationRoles":{"_id":"675947bf3efb5c0b6363d512","permissions":["Delivery","Return","Expired","Express","GA","Store","Sampling","LockerReturn","CleanDoor"],"createdType":"Create","organizationId":"66fa4bdf944e33351f5a7ec3","userId":"669de27c36f43f7adbb510ba","type":"Driver","createdAt":"2024-12-11T08:05:19.896Z","updatedAt":"2025-05-09T08:28:26.204Z","__v":0}},{"organizationId":{"_id":"5eafd1624a50ec75fe5189c9","organizationLogo":"https://gravatar.com/avatar/da6d00bc2f16a425ebd1813532590fa3?s=200&amp;d=retro","organizationType":"Agency","trackingNumberPickUpLength":12,"organizationName":"OTO_Test_Merchant shipping label"},"organizationRoles":{"_id":"676e5242b0b0e6238af6be08","permissions":["Delivery","Return","Expired","Express","Store","LockerReturn","CleanDoor"],"createdType":"Create","organizationId":"5eafd1624a50ec75fe5189c9","userId":"669de27c36f43f7adbb510ba","type":"Driver","createdAt":"2024-12-27T07:07:46.847Z","updatedAt":"2025-05-09T08:28:26.204Z","__v":0}},{"organizationId":{"_id":"5e43bd282a2ec528267c0d86","organizationLogo":"https://redbox-aws-s3-bucket.s3.amazonaws.com/organization_4sjodmpdy_avatar_200x200","organizationType":"Agency","trackingNumberPickUpLength":12,"organizationName":"Salasa","uniqueName":"aamar"},"organizationRoles":{"_id":"677ccc68529a7857a53eccef","permissions":["Delivery","Return","Expired","Express","LockerReturn"],"createdType":"Create","organizationId":"5e43bd282a2ec528267c0d86","userId":"669de27c36f43f7adbb510ba","type":"Driver","createdAt":"2025-01-07T06:40:40.837Z","updatedAt":"2025-05-09T08:28:26.204Z","__v":0}},{"organizationId":{"_id":"5e14a283572e4e057d2519d4","organizationLogo":"https://redbox-aws-s3-bucket.s3.amazonaws.com/organization_zcszf089b_avatar_200x200","organizationType":"Agency","trackingNumberPickUpLength":12,"organizationName":"Salla | سلّة","uniqueName":null},"organizationRoles":{"_id":"67865015de8dc4d26464766e","permissions":["Delivery","Return","Expired","Express","LockerReturn","CleanDoor"],"createdType":"Create","organizationId":"5e14a283572e4e057d2519d4","userId":"669de27c36f43f7adbb510ba","type":"Driver","createdAt":"2025-01-14T11:52:53.205Z","updatedAt":"2025-05-09T08:28:26.204Z","__v":0}},{"organizationId":{"_id":"5eb27b3e40f9743c12b01a42","organizationLogo":"https://gravatar.com/avatar/ccc9874a6f237bbff1582bd200b1d903?s=200&amp;d=retro","organizationType":"Agency","trackingNumberPickUpLength":12,"organizationName":"Out_Test_Store","uniqueName":null},"organizationRoles":{"_id":"67a34af2e270833f9daaf384","permissions":["Delivery","Return","Expired","Express","LockerReturn"],"createdType":"Assign","organizationId":"5eb27b3e40f9743c12b01a42","type":"Driver","userId":"669de27c36f43f7adbb510ba","createdAt":"2025-02-05T11:26:42.669Z","updatedAt":"2025-05-09T08:28:26.204Z","__v":0}},{"organizationId":{"_id":"66dea67aa0446bd2584a2706","organizationLogo":"/logo_merchant_default.png","organizationType":"Agency","trackingNumberPickUpLength":12,"organizationName":"King Faisal Specialist Hospital Agency"},"organizationRoles":{"_id":"67d13cb1200600204f418d84","permissions":["Delivery","Return","Expired","Express","GA","Store","LockerReturn","CleanDoor"],"createdType":"Assign","organizationId":"66dea67aa0446bd2584a2706","type":"Driver","userId":"669de27c36f43f7adbb510ba","createdAt":"2025-03-12T07:50:09.315Z","updatedAt":"2025-05-09T08:28:26.204Z","__v":0}},{"organizationId":{"_id":"636cb8c0acebbd54dd9965cb","organizationLogo":"https://redbox-files.s3.eu-west-3.amazonaws.com/stage/avatar-logo/1668069568410blob","organizationType":"Agency","trackingNumberPickUpLength":12,"organizationName":"iMile Agency","uniqueName":"imile"},"organizationRoles":{"_id":"67d260c8549521925ec1badb","permissions":["Delivery","Return","Expired","Express","Store","LockerReturn"],"createdType":"Assign","organizationId":"636cb8c0acebbd54dd9965cb","type":"Driver","userId":"669de27c36f43f7adbb510ba","createdAt":"2025-03-13T04:36:24.387Z","updatedAt":"2025-05-09T08:28:26.204Z","__v":0
[...]
<doc>Returns a value from the given ``dictionary`` based on the given ``key``.</doc>
<status status="PASS" start="2025-05-26T18:17:20.492521" elapsed="0.000987"/>
</kw>
<kw name="Run Keyword If" owner="BuiltIn">
<arg>'${name}' == '${driver_name}'</arg>
<arg>Set Variable</arg>
<arg>${found}</arg>
<arg>True</arg>
<doc>Runs the given keyword with the given arguments, if ``condition`` is true.</doc>
<status status="PASS" start="2025-05-26T18:17:20.493508" elapsed="0.000000"/>
</kw>
<kw name="Set Variable If" owner="BuiltIn">
<msg time="2025-05-26T18:17:20.493508" level="INFO">${driver_token} = None</msg>
<var>${driver_token}</var>
<arg>'${name}' == '${driver_name}'</arg>
<arg>${driver['token']}</arg>
<arg>None</arg>
<doc>Sets variable based on the given condition.</doc>
<status status="PASS" start="2025-05-26T18:17:20.493508" elapsed="0.000000"/>
</kw>
<kw name="Run Keyword If" owner="BuiltIn">
<arg>'${name}' == '${driver_name}'</arg>
<arg>Append To File</arg>
<arg>driver_token.txt</arg>
<arg>${driver_token}\n</arg>
<doc>Runs the given keyword with the given arguments, if ``condition`` is true.</doc>
<status status="PASS" start="2025-05-26T18:17:20.494533" elapsed="0.000000"/>
</kw>
<var name="${driver}">{'id': '62d58c4508b96b7abc8afb35', 'name': 'Zyros', 'code': 'YSXHXOWL', 'token': 'eyJhbGciOiJIUzI1NiIsInR5cCI6IkpXVCJ9.eyJpZCI6IjYyZDU4YzQ1MDhiOTZiN2FiYzhhZmIzNSIsImtleSI6IjIwMjUtMDUtMjZUMTE6MTc6MDEuO...</var>
<status status="PASS" start="2025-05-26T18:17:20.492521" elapsed="0.002012"/>
</iter>
<iter>
<kw name="Get From Dictionary" owner="Collections">
<msg time="2025-05-26T18:17:20.494533" level="INFO">${name} = Minari Credit</msg>
<var>${name}</var>
<arg>${driver}</arg>
<arg>name</arg>
<doc>Returns a value from the given ``dictionary`` based on the given ``key``.</doc>
<status status="PASS" start="2025-05-26T18:17:20.494533" elapsed="0.001000"/>
</kw>
<kw name="Run Keyword If" owner="BuiltIn">
<arg>'${name}' == '${driver_name}'</arg>
<arg>Set Variable</arg>
<arg>${found}</arg>
<arg>True</arg>
<doc>Runs the given keyword with the given arguments, if ``condition`` is true.</doc>
<status status="PASS" start="2025-05-26T18:17:20.495533" elapsed="0.000000"/>
</kw>
<kw name="Set Variable If" owner="BuiltIn">
<msg time="2025-05-26T18:17:20.496499" level="INFO">${driver_token} = None</msg>
<var>${driver_token}</var>
<arg>'${name}' == '${driver_name}'</arg>
<arg>${driver['token']}</arg>
<arg>None</arg>
<doc>Sets variable based on the given condition.</doc>
<status status="PASS" start="2025-05-26T18:17:20.495533" elapsed="0.000966"/>
</kw>
<kw name="Run Keyword If" owner="BuiltIn">
<arg>'${name}' == '${driver_name}'</arg>
<arg>Append To File</arg>
<arg>driver_token.txt</arg>
<arg>${driver_token}\n</arg>
<doc>Runs the given keyword with the given arguments, if ``condition`` is true.</doc>
<status status="PASS" start="2025-05-26T18:17:20.496499" elapsed="0.000000"/>
</kw>
<var name="${driver}">{'id': '62d64722f0b1325428f0b62a', 'name': 'Minari Credit', 'code': 'NIQCCCUE', 'token': 'eyJhbGciOiJIUzI1NiIsInR5cCI6IkpXVCJ9.eyJpZCI6IjYyZDY0NzIyZjBiMTMyNTQyOGYwYjYyYSIsImtleSI6IjIwMjUtMDUtMjZUMTE6M...</var>
<status status="PASS" start="2025-05-26T18:17:20.494533" elapsed="0.001966"/>
</iter>
<iter>
<kw name="Get From Dictionary" owner="Collections">
<msg time="2025-05-26T18:17:20.497497" level="INFO">${name} = Minari credit 2</msg>
<var>${name}</var>
<arg>${driver}</arg>
<arg>name</arg>
<doc>Returns a value from the given ``dictionary`` based on the given ``key``.</doc>
<status status="PASS" start="2025-05-26T18:17:20.497497" elapsed="0.000000"/>
</kw>
<kw name="Run Keyword If" owner="BuiltIn">
<arg>'${name}' == '${driver_name}'</arg>
<arg>Set Variable</arg>
<arg>${found}</arg>
<arg>True</arg>
<doc>Runs the given keyword with the given arguments, if ``condition`` is true.</doc>
<status status="PASS" start="2025-05-26T18:17:20.497497" elapsed="0.000000"/>
</kw>
<kw name="Set Variable If" owner="BuiltIn">
<msg time="2025-05-26T18:17:20.498528" level="INFO">${driver_token} = None</msg>
<var>${driver_token}</var>
<arg>'${name}' == '${driver_name}'</arg>
<arg>${driver['token']}</arg>
<arg>None</arg>
<doc>Sets variable based on the given condition.</doc>
<status status="PASS" start="2025-05-26T18:17:20.497497" elapsed="0.001031"/>
</kw>
<kw name="Run Keyword If" owner="BuiltIn">
<arg>'${name}' == '${driver_name}'</arg>
<arg>Append To File</arg>
<arg>driver_token.txt</arg>
<arg>${driver_token}\n</arg>
<doc>Runs the given keyword with the given arguments, if ``condition`` is true.</doc>
<status status="PASS" start="2025-05-26T18:17:20.498528" elapsed="0.000000"/>
</kw>
<var name="${driver}">{'id': '62e8b035be1a031194529a6e', 'name': 'Minari credit 2', 'code': 'DARCNUGD', 'token': 'eyJhbGciOiJIUzI1NiIsInR5cCI6IkpXVCJ9.eyJpZCI6IjYyZThiMDM1YmUxYTAzMTE5NDUyOWE2ZSIsImtleSI6IjIwMjUtMDUtMjZUMTE...</var>
<status status="PASS" start="2025-05-26T18:17:20.496499" elapsed="0.002029"/>
</iter>
<iter>
<kw name="Get From Dictionary" owner="Collections">
<msg time="2025-05-26T18:17:20.499519" level="INFO">${name} = defaultLogo22</msg>
<var>${name}</var>
<arg>${driver}</arg>
<arg>name</arg>
<doc>Returns a value from the given ``dictionary`` based on the given ``key``.</doc>
<status status="PASS" start="2025-05-26T18:17:20.499519" elapsed="0.000000"/>
</kw>
<kw name="Run Keyword If" owner="BuiltIn">
<arg>'${name}' == '${driver_name}'</arg>
<arg>Set Variable</arg>
<arg>${found}</arg>
<arg>True</arg>
<doc>Runs the given keyword with the given arguments, if ``condition`` is true.</doc>
<status status="PASS" start="2025-05-26T18:17:20.499519" elapsed="0.000000"/>
</kw>
<kw name="Set Variable If" owner="BuiltIn">
<msg time="2025-05-26T18:17:20.500514" level="INFO">${driver_token} = None</msg>
<var>${driver_token}</var>
<arg>'${name}' == '${driver_name}'</arg>
<arg>${driver['token']}</arg>
<arg>None</arg>
<doc>Sets variable based on the given condition.</doc>
<status status="PASS" start="2025-05-26T18:17:20.500514" elapsed="0.000000"/>
</kw>
<kw name="Run Keyword If" owner="BuiltIn">
<arg>'${name}' == '${driver_name}'</arg>
<arg>Append To File</arg>
<arg>driver_token.txt</arg>
<arg>${driver_token}\n</arg>
<doc>Runs the given keyword with the given arguments, if ``condition`` is true.</doc>
<status status="PASS" start="2025-05-26T18:17:20.500514" elapsed="0.000000"/>
</kw>
<var name="${driver}">{'id': '632d6425141b585117a92fb9', 'name': 'defaultLogo22', 'code': 'FRNYSRIW', 'token': 'eyJhbGciOiJIUzI1NiIsInR5cCI6IkpXVCJ9.eyJpZCI6IjYzMmQ2NDI1MTQxYjU4NTExN2E5MmZiOSIsImtleSI6IjIwMjUtMDUtMjZUMTE6M...</var>
<status status="PASS" start="2025-05-26T18:17:20.498528" elapsed="0.001986"/>
</iter>
<iter>
<kw name="Get From Dictionary" owner="Collections">
<msg time="2025-05-26T18:17:20.501548" level="INFO">${name} = iMile Agency</msg>
<var>${name}</var>
<arg>${driver}</arg>
<arg>name</arg>
<doc>Returns a value from the given ``dictionary`` based on the given ``key``.</doc>
<status status="PASS" start="2025-05-26T18:17:20.501548" elapsed="0.000000"/>
</kw>
<kw name="Run Keyword If" owner="BuiltIn">
<arg>'${name}' == '${driver_name}'</arg>
<arg>Set Variable</arg>
<arg>${found}</arg>
<arg>True</arg>
<doc>Runs the given keyword with the given arguments, if ``condition`` is true.</doc>
<status status="PASS" start="2025-05-26T18:17:20.501548" elapsed="0.000000"/>
</kw>
<kw name="Set Variable If" owner="BuiltIn">
<msg time="2025-05-26T18:17:20.502578" level="INFO">${driver_token} = None</msg>
<var>${driver_token}</var>
<arg>'${name}' == '${driver_name}'</arg>
<arg>${driver['token']}</arg>
<arg>None</arg>
<doc>Sets variable based on the given condition.</doc>
<status status="PASS" start="2025-05-26T18:17:20.502578" elapsed="0.000000"/>
</kw>
<kw name="Run Keyword If" owner="BuiltIn">
<arg>'${name}' == '${driver_name}'</arg>
<arg>Append To File</arg>
<arg>driver_token.txt</arg>
<arg>${driver_token}\n</arg>
<doc>Runs the given keyword with the given arguments, if ``condition`` is true.</doc>
<status status="PASS" start="2025-05-26T18:17:20.502578" elapsed="0.000000"/>
</kw>
<var name="${driver}">{'id': '636cb8c0acebbd54dd9965cb', 'name': 'iMile Agency', 'code': 'JSZANDFJ', 'token': 'eyJhbGciOiJIUzI1NiIsInR5cCI6IkpXVCJ9.eyJpZCI6IjYzNmNiOGMwYWNlYmJkNTRkZDk5NjVjYiIsImtleSI6IjIwMjUtMDUtMjZUMTE6MT...</var>
<status status="PASS" start="2025-05-26T18:17:20.501548" elapsed="0.001997"/>
</iter>
<iter>
<kw name="Get From Dictionary" owner="Collections">
<msg time="2025-05-26T18:17:20.503545" level="INFO">${name} = Print SA</msg>
<var>${name}</var>
<arg>${driver}</arg>
<arg>name</arg>
<doc>Returns a value from the given ``dictionary`` based on the given ``key``.</doc>
<status status="PASS" start="2025-05-26T18:17:20.503545" elapsed="0.000000"/>
</kw>
<kw name="Run Keyword If" owner="BuiltIn">
<arg>'${name}' == '${driver_name}'</arg>
<arg>Set Variable</arg>
<arg>${found}</arg>
<arg>True</arg>
<doc>Runs the given keyword with the given arguments, if ``condition`` is true.</doc>
<status status="PASS" start="2025-05-26T18:17:20.503545" elapsed="0.001033"/>
</kw>
<kw name="Set Variable If" owner="BuiltIn">
<msg time="2025-05-26T18:17:20.504578" level="INFO">${driver_token} = None</msg>
<var>${driver_token}</var>
<arg>'${name}' == '${driver_name}'</arg>
<arg>${driver['token']}</arg>
<arg>None</arg>
<doc>Sets variable based on the given condition.</doc>
<status status="PASS" start="2025-05-26T18:17:20.504578" elapsed="0.000000"/>
</kw>
<kw name="Run Keyword If" owner="BuiltIn">
<arg>'${name}' == '${driver_name}'</arg>
<arg>Append To File</arg>
<arg>driver_token.txt</arg>
<arg>${driver_token}\n</arg>
<doc>Runs the given keyword with the given arguments, if ``condition`` is true.</doc>
<status status="PASS" start="2025-05-26T18:17:20.504578" elapsed="0.000990"/>
</kw>
<var name="${driver}">{'id': '6371f9c029de6559dadc5e07', 'name': 'Print SA', 'code': 'ZEMNGDJY', 'token': 'eyJhbGciOiJIUzI1NiIsInR5cCI6IkpXVCJ9.eyJpZCI6IjYzNzFmOWMwMjlkZTY1NTlkYWRjNWUwNyIsImtleSI6IjIwMjUtMDUtMjZUMTE6MTc6MD...</var>
<status status="PASS" start="2025-05-26T18:17:20.503545" elapsed="0.002023"/>
</iter>
<iter>
<kw name="Get From Dictionary" owner="Collections">
<msg time="2025-05-26T18:17:20.505568" level="INFO">${name} = VFS Global</msg>
<var>${name}</var>
<arg>${driver}</arg>
<arg>name</arg>
<doc>Returns a value from the given ``dictionary`` based on the given ``key``.</doc>
<status status="PASS" start="2025-05-26T18:17:20.505568" elapsed="0.000000"/>
</kw>
<kw name="Run Keyword If" owner="BuiltIn">
<arg>'${name}' == '${driver_name}'</arg>
<arg>Set Variable</arg>
<arg>${found}</arg>
<arg>True</arg>
<doc>Runs the given keyword with the given arguments, if ``condition`` is true.</doc>
<status status="PASS" start="2025-05-26T18:17:20.505568" elapsed="0.000970"/>
</kw>
<kw name="Set Variable If" owner="BuiltIn">
<msg time="2025-05-26T18:17:20.506538" level="INFO">${driver_token} = None</msg>
<var>${driver_token}</var>
<arg>'${name}' == '${driver_name}'</arg>
<arg>${driver['token']}</arg>
<arg>None</arg>
<doc>Sets variable based on the given condition.</doc>
<status status="PASS" start="2025-05-26T18:17:20.506538" elapsed="0.000000"/>
</kw>
<kw name="Run Keyword If" owner="BuiltIn">
<arg>'${name}' == '${driver_name}'</arg>
<arg>Append To File</arg>
<arg>driver_token.txt</arg>
<arg>${driver_token}\n</arg>
<doc>Runs the given keyword with the given arguments, if ``condition`` is true.</doc>
<status status="PASS" start="2025-05-26T18:17:20.506538" elapsed="0.001024"/>
</kw>
<var name="${driver}">{'id': '63c91dc9df88d00eb4a068b1', 'name': 'VFS Global', 'code': 'YVCTBXOI', 'token': 'eyJhbGciOiJIUzI1NiIsInR5cCI6IkpXVCJ9.eyJpZCI6IjYzYzkxZGM5ZGY4OGQwMGViNGEwNjhiMSIsImtleSI6IjIwMjUtMDUtMjZUMTE6MTc6...</var>
<status status="PASS" start="2025-05-26T18:17:20.505568" elapsed="0.001994"/>
</iter>
<iter>
<kw name="Get From Dictionary" owner="Collections">
<msg time="2025-05-26T18:17:20.507562" level="INFO">${name} = DRB LOGISTIC SOLUTIONS</msg>
<var>${name}</var>
<arg>${driver}</arg>
<arg>name</arg>
<doc>Returns a value from the given ``dictionary`` based on the given ``key``.</doc>
<status status="PASS" start="2025-05-26T18:17:20.507562" elapsed="0.000000"/>
</kw>
<kw name="Run Keyword If" owner="BuiltIn">
<arg>'${name}' == '${driver_name}'</arg>
<arg>Set Variable</arg>
<arg>${found}</arg>
<arg>True</arg>
<doc>Runs the given keyword with the given arguments, if ``condition`` is true.</doc>
<status status="PASS" start="2025-05-26T18:17:20.508563" elapsed="0.000000"/>
</kw>
<kw name="Set Variable If" owner="BuiltIn">
<msg time="2025-05-26T18:17:20.508563" level="INFO">${driver_token} = None</msg>
<var>${driver_token}</var>
<arg>'${name}' == '${driver_name}'</arg>
<arg>${driver['token']}</arg>
<arg>None</arg>
<doc>Sets variable based on the given condition.</doc>
<status status="PASS" start="2025-05-26T18:17:20.508563" elapsed="0.000000"/>
</kw>
<kw name="Run Keyword If" owner="BuiltIn">
<arg>'${name}' == '${driver_name}'</arg>
<arg>Append To File</arg>
<arg>driver_token.txt</arg>
<arg>${driver_token}\n</arg>
<doc>Runs the given keyword with the given arguments, if ``condition`` is true.</doc>
<status status="PASS" start="2025-05-26T18:17:20.508563" elapsed="0.001002"/>
</kw>
<var name="${driver}">{'id': '63d89ea19d83372ebce27ccf', 'name': 'DRB LOGISTIC SOLUTIONS', 'code': 'RFAJAWFA', 'token': 'eyJhbGciOiJIUzI1NiIsInR5cCI6IkpXVCJ9.eyJpZCI6IjYzZDg5ZWExOWQ4MzM3MmViY2UyN2NjZiIsImtleSI6IjIwMjUtMDUt...</var>
<status status="PASS" start="2025-05-26T18:17:20.507562" elapsed="0.002003"/>
</iter>
<iter>
<kw name="Get From Dictionary" owner="Collections">
<msg time="2025-05-26T18:17:20.509565" level="INFO">${name} = RedBox's Client</msg>
<var>${name}</var>
<arg>${driver}</arg>
<arg>name</arg>
<doc>Returns a value from the given ``dictionary`` based on the given ``key``.</doc>
<status status="PASS" start="2025-05-26T18:17:20.509565" elapsed="0.000000"/>
</kw>
<kw name="Run Keyword If" owner="BuiltIn">
<msg time="2025-05-26T18:17:20.510554" level="FAIL">Evaluating expression "'RedBox's Client' == 'Ha driver dev'" failed: SyntaxError: unterminated string literal (detected at line 1) (&lt;string&gt;, line 1)</msg>
<arg>'${name}' == '${driver_name}'</arg>
<arg>Set Variable</arg>
<arg>${found}</arg>
<arg>True</arg>
<doc>Runs the given keyword with the given arguments, if ``condition`` is true.</doc>
<status status="FAIL" start="2025-05-26T18:17:20.510554" elapsed="0.001968">Evaluating expression "'RedBox's Client' == 'Ha driver dev'" failed: SyntaxError: unterminated string literal (detected at line 1) (&lt;string&gt;, line 1)</status>
</kw>
<kw name="Set Variable If" owner="BuiltIn">
<var>${driver_token}</var>
<arg>'${name}' == '${driver_name}'</arg>
<arg>${driver['token']}</arg>
<arg>None</arg>
<doc>Sets variable based on the given condition.</doc>
<status status="NOT RUN" start="2025-05-26T18:17:20.512522" elapsed="0.000000"/>
</kw>
<kw name="Run Keyword If" owner="BuiltIn">
<arg>'${name}' == '${driver_name}'</arg>
<arg>Append To File</arg>
<arg>driver_token.txt</arg>
<arg>${driver_token}\n</arg>
<doc>Runs the given keyword with the given arguments, if ``condition`` is true.</doc>
<status status="NOT RUN" start="2025-05-26T18:17:20.512522" elapsed="0.000000"/>
</kw>
<var name="${driver}">{'id': '63edee44b4b6d21dbd929c2b', 'name': "RedBox's Client", 'code': 'AEKBUTLX', 'token': 'eyJhbGciOiJIUzI1NiIsInR5cCI6IkpXVCJ9.eyJpZCI6IjYzZWRlZTQ0YjRiNmQyMWRiZDkyOWMyYiIsImtleSI6IjIwMjUtMDUtMjZUMTE...</var>
<status status="FAIL" start="2025-05-26T18:17:20.509565" elapsed="0.002957">Evaluating expression "'RedBox's Client' == 'Ha driver dev'" failed: SyntaxError: unterminated string literal (detected at line 1) (&lt;string&gt;, line 1)</status>
</iter>
<var>${driver}</var>
<value>@{list_drivers}</value>
<status status="FAIL" start="2025-05-26T18:17:20.161396" elapsed="0.352123">Evaluating expression "'RedBox's Client' == 'Ha driver dev'" failed: SyntaxError: unterminated string literal (detected at line 1) (&lt;string&gt;, line 1)</status>
</for>
<kw name="Should Be True" owner="BuiltIn">
<arg>${found}</arg>
<arg>Driver with name "${driver_name}" not found in response</arg>
<doc>Fails if the given condition is not true.</doc>
<status status="NOT RUN" start="2025-05-26T18:17:20.513519" elapsed="0.000000"/>
</kw>
<return>
<value>${driver_token}</value>
<status status="NOT RUN" start="2025-05-26T18:17:20.513519" elapsed="0.000000"/>
</return>
<var>${driver_token}</var>
<arg>${env}</arg>
<arg>Ha driver dev</arg>
<doc>Call API to get driver list, find driver by name, and write token to driver_token.txt</doc>
<status status="FAIL" start="2025-05-26T18:17:17.461102" elapsed="3.052417">Evaluating expression "'RedBox's Client' == 'Ha driver dev'" failed: SyntaxError: unterminated string literal (detected at line 1) (&lt;string&gt;, line 1)</status>
</kw>
<kw name="API Driver picks up Express shipments from Locker" owner="keywords">
<arg>${env}</arg>
<arg>${driver_token}</arg>
<doc>Authorization token of driver, locker id, point id, organization id of Redbox are required in Headers</doc>
<status status="NOT RUN" start="2025-05-26T18:17:20.514515" elapsed="0.000000"/>
</kw>
<kw name="API Driver deposits Express shipments" owner="keywords">
<arg>${env}</arg>
<arg>${driver_token}</arg>
<doc>Authorization token of driver, locker id, point id, organization id of Redbox are required in Headers</doc>
<status status="NOT RUN" start="2025-05-26T18:17:20.514515" elapsed="0.000000"/>
</kw>
<kw name="API get token locker" owner="keywords">
<var>${locker_token}</var>
<arg>${env}</arg>
<arg>866732032337033</arg>
<doc>Call API to get token of locker</doc>
<status status="NOT RUN" start="2025-05-26T18:17:20.515514" elapsed="0.000000"/>
</kw>
<kw name="API Customer pickup Express shipments from Locker" owner="keywords">
<arg>${env}</arg>
<arg>${locker_token}</arg>
<doc>Authorization token of locker, locker id, point id are required in Headers</doc>
<status status="NOT RUN" start="2025-05-26T18:17:20.515514" elapsed="0.000000"/>
</kw>
<kw name="Close Browser" owner="Selenium2Library" type="TEARDOWN">
<doc>Closes the current browser.</doc>
<status status="PASS" start="2025-05-26T18:17:20.516511" elapsed="0.000000"/>
</kw>
<status status="FAIL" start="2025-05-26T18:17:14.972050" elapsed="5.544461">Evaluating expression "'RedBox's Client' == 'Ha driver dev'" failed: SyntaxError: unterminated string literal (detected at line 1) (&lt;string&gt;, line 1)</status>
</test>
<status status="FAIL" start="2025-05-26T18:17:14.932585" elapsed="5.584923"/>
</suite>
<status status="FAIL" start="2025-05-26T18:17:14.052606" elapsed="6.465900"/>
</suite>
<statistics>
<total>
<stat pass="0" fail="1" skip="0">All Tests</stat>
</total>
<tag>
</tag>
<suite>
<stat pass="0" fail="1" skip="0" id="s1" name="Redbox1">Redbox1</stat>
<stat pass="0" fail="1" skip="0" id="s1-s1" name="Testcase">Redbox1.Testcase</stat>
</suite>
</statistics>
<errors>
<msg time="2025-05-26T18:17:13.987208" level="WARN">Error in file 'c:\Users\Lan Anh\Documents\GitHub\Redbox1\keywords.robot' on line 222: The '[Return]' setting is deprecated. Use the 'RETURN' statement instead.</msg>
<msg time="2025-05-26T18:17:13.988238" level="WARN">Error in file 'c:\Users\Lan Anh\Documents\GitHub\Redbox1\keywords.robot' on line 234: The '[Return]' setting is deprecated. Use the 'RETURN' statement instead.</msg>
<msg time="2025-05-26T18:17:14.941562" level="WARN">Error in file 'c:\Users\Lan Anh\Documents\GitHub\Redbox1\keywords.robot' on line 222: The '[Return]' setting is deprecated. Use the 'RETURN' statement instead.</msg>
<msg time="2025-05-26T18:17:14.942560" level="WARN">Error in file 'c:\Users\Lan Anh\Documents\GitHub\Redbox1\keywords.robot' on line 234: The '[Return]' setting is deprecated. Use the 'RETURN' statement instead.</msg>
<msg time="2025-05-26T18:17:20.134471" level="WARN">Keyword 'RequestsLibrary.To Json' is deprecated. Please use ${resp.json()} instead. Have a look at the improved HTML output as pretty printing replacement.</msg>
</errors>
</robot>
