<?xml version="1.0" encoding="UTF-8"?>
<robot generator="Robot 7.1.1 (Python 3.12.8 on win32)" generated="2025-04-21T17:18:33.826943" rpa="false" schemaversion="5">
<suite id="s1" name="Redbox1" source="d:\Redbox_Auto\Redbox1">
<suite id="s1-s1" name="Testcase" source="d:\Redbox_Auto\Redbox1\testcase.robot">
<test id="s1-s1-t1" name="Check WH Returning Shipment" line="202">
<kw name="Set Environment" owner="Config">
<kw name="Set Variable" owner="BuiltIn">
<msg time="2025-04-21T17:18:34.379663" level="INFO">${BASE_URL1} = https://dev.redboxsa.com/login</msg>
<var>${BASE_URL1}</var>
<arg>${ENVIRONMENT["${ENV}"]}</arg>
<doc>Returns the given values which can then be assigned to a variables.</doc>
<status status="PASS" start="2025-04-21T17:18:34.378628" elapsed="0.001035"/>
</kw>
<kw name="Open Browser" owner="Selenium2Library">
<msg time="2025-04-21T17:18:34.379663" level="INFO">Opening browser 'chrome' to base url 'https://dev.redboxsa.com/login'.</msg>
<arg>${BASE_URL1}</arg>
<arg>chrome</arg>
<doc>Opens a new browser instance to the optional ``url``.</doc>
<status status="PASS" start="2025-04-21T17:18:34.379663" elapsed="5.094933"/>
</kw>
<kw name="Maximize Browser Window" owner="Selenium2Library">
<doc>Maximizes current browser window.</doc>
<status status="PASS" start="2025-04-21T17:18:39.474596" elapsed="0.022450"/>
</kw>
<kw name="Input Text" owner="Selenium2Library">
<msg time="2025-04-21T17:18:39.498043" level="INFO">Typing text 'anhth58.it.uet@gmail.com' into text field 'id=email-login'.</msg>
<arg>id=email-login</arg>
<arg>${email_login["${ENV}"]}</arg>
<doc>Types the given ``text`` into the text field identified by ``locator``.</doc>
<status status="PASS" start="2025-04-21T17:18:39.497046" elapsed="0.079896"/>
</kw>
<kw name="Input Text" owner="Selenium2Library">
<msg time="2025-04-21T17:18:39.578960" level="INFO">Typing text 'Re@@Bo2025' into text field 'id=password-login'.</msg>
<arg>id=password-login</arg>
<arg>${password_login["${ENV}"]}</arg>
<doc>Types the given ``text`` into the text field identified by ``locator``.</doc>
<status status="PASS" start="2025-04-21T17:18:39.576942" elapsed="0.050111"/>
</kw>
<kw name="Sleep" owner="BuiltIn">
<msg time="2025-04-21T17:18:40.627827" level="INFO">Slept 1 second.</msg>
<arg>1s</arg>
<doc>Pauses the test executed for the given time.</doc>
<status status="PASS" start="2025-04-21T17:18:39.627053" elapsed="1.000774"/>
</kw>
<kw name="Click Button" owner="Selenium2Library">
<msg time="2025-04-21T17:18:40.627827" level="INFO">Clicking button 'submit-login'.</msg>
<arg>${submit_login}</arg>
<doc>Clicks the button identified by ``locator``.</doc>
<status status="PASS" start="2025-04-21T17:18:40.627827" elapsed="8.443013"/>
</kw>
<kw name="Wait Until Page Contains Element" owner="Selenium2Library">
<arg>${logo}</arg>
<arg>timeout=10</arg>
<doc>Waits until the element ``locator`` appears on the current page.</doc>
<status status="PASS" start="2025-04-21T17:18:49.070840" elapsed="0.010522"/>
</kw>
<kw name="Page Should Contain Element" owner="Selenium2Library">
<msg time="2025-04-21T17:18:49.086385" level="INFO">Current page contains element 'logo'.</msg>
<arg>${logo}</arg>
<doc>Verifies that element ``locator`` is found on the current page.</doc>
<status status="PASS" start="2025-04-21T17:18:49.081362" elapsed="0.005023"/>
</kw>
<status status="PASS" start="2025-04-21T17:18:34.377637" elapsed="14.708748"/>
</kw>
<kw name="Click Link" owner="Selenium2Library">
<msg time="2025-04-21T17:18:49.087384" level="INFO">Clicking link '/redbox'.</msg>
<arg>${redbox_dashboard_href}</arg>
<doc>Clicks a link identified by ``locator``.</doc>
<status status="PASS" start="2025-04-21T17:18:49.087384" elapsed="3.420734"/>
</kw>
<kw name="Sleep" owner="BuiltIn">
<msg time="2025-04-21T17:18:57.508718" level="INFO">Slept 5 seconds.</msg>
<arg>5s</arg>
<doc>Pauses the test executed for the given time.</doc>
<status status="PASS" start="2025-04-21T17:18:52.508118" elapsed="5.000600"/>
</kw>
<kw name="Click Element" owner="Selenium2Library">
<msg time="2025-04-21T17:18:57.512756" level="INFO">Clicking element 'xpath=//*[text()='Operations']'.</msg>
<arg>${operations}</arg>
<doc>Click the element identified by ``locator``.</doc>
<status status="PASS" start="2025-04-21T17:18:57.510722" elapsed="0.055366"/>
</kw>
<kw name="Sleep" owner="BuiltIn">
<msg time="2025-04-21T17:19:02.567179" level="INFO">Slept 5 seconds.</msg>
<arg>5s</arg>
<doc>Pauses the test executed for the given time.</doc>
<status status="PASS" start="2025-04-21T17:18:57.566088" elapsed="5.001091"/>
</kw>
<kw name="Click Link" owner="Selenium2Library">
<msg time="2025-04-21T17:19:02.570255" level="INFO">Clicking link '/redbox/warehouse-management/returning-shipment'.</msg>
<arg>${operations_returning_shipment}</arg>
<doc>Clicks a link identified by ``locator``.</doc>
<status status="PASS" start="2025-04-21T17:19:02.569223" elapsed="3.960521"/>
</kw>
<kw name="Search and check page contains text" owner="keywords">
<kw name="Input Text" owner="Selenium2Library">
<msg time="2025-04-21T17:19:06.530714" level="INFO">Typing text '670662016672' into text field 'customSearch'.</msg>
<arg>${locator}</arg>
<arg>${text}</arg>
<doc>Types the given ``text`` into the text field identified by ``locator``.</doc>
<status status="PASS" start="2025-04-21T17:19:06.530714" elapsed="0.061407"/>
</kw>
<kw name="Press Keys" owner="Selenium2Library">
<msg time="2025-04-21T17:19:06.593121" level="INFO">Sending key(s) ('RETURN',) to page.</msg>
<msg time="2025-04-21T17:19:06.593121" level="INFO">Pressing special key RETURN to browser.</msg>
<msg time="2025-04-21T17:19:06.593121" level="INFO">Releasing special key RETURN.</msg>
<arg>None</arg>
<arg>RETURN</arg>
<doc>Simulates the user pressing key(s) to an element or on the active browser.</doc>
<status status="PASS" start="2025-04-21T17:19:06.592121" elapsed="0.006982"/>
</kw>
<kw name="Sleep" owner="BuiltIn">
<msg time="2025-04-21T17:19:11.600141" level="INFO">Slept 5 seconds.</msg>
<arg>5s</arg>
<doc>Pauses the test executed for the given time.</doc>
<status status="PASS" start="2025-04-21T17:19:06.599103" elapsed="5.001038"/>
</kw>
<kw name="Page Should Contain" owner="Selenium2Library">
<msg time="2025-04-21T17:19:11.807143" level="INFO" html="true">&lt;/td&gt;&lt;/tr&gt;&lt;tr&gt;&lt;td colspan="3"&gt;&lt;a href="selenium-screenshot-18.png"&gt;&lt;img src="selenium-screenshot-18.png" width="800px"&gt;&lt;/a&gt;</msg>
<msg time="2025-04-21T17:19:11.807143" level="FAIL">Page should have contained text '966508981797' but did not.</msg>
<arg>${expected_text}</arg>
<doc>Verifies that current page contains ``text``.</doc>
<status status="FAIL" start="2025-04-21T17:19:11.600141" elapsed="0.209994">Page should have contained text '966508981797' but did not.</status>
</kw>
<arg>${operations_returning_shipment_seach_box}</arg>
<arg>670662016672</arg>
<arg>966508981797</arg>
<doc>To search and check the page coontains text or not</doc>
<status status="FAIL" start="2025-04-21T17:19:06.529744" elapsed="5.281389">Page should have contained text '966508981797' but did not.</status>
</kw>
<kw name="Sleep" owner="BuiltIn">
<arg>5s</arg>
<doc>Pauses the test executed for the given time.</doc>
<status status="NOT RUN" start="2025-04-21T17:19:11.811133" elapsed="0.000000"/>
</kw>
<kw name="Close Browser" owner="Selenium2Library" type="TEARDOWN">
<doc>Closes the current browser.</doc>
<status status="PASS" start="2025-04-21T17:19:11.812130" elapsed="2.159539"/>
</kw>
<status status="FAIL" start="2025-04-21T17:18:34.376565" elapsed="39.595104">Page should have contained text '966508981797' but did not.</status>
</test>
<status status="FAIL" start="2025-04-21T17:18:34.348547" elapsed="39.625118"/>
</suite>
<status status="FAIL" start="2025-04-21T17:18:33.830910" elapsed="40.143750"/>
</suite>
<statistics>
<total>
<stat pass="0" fail="1" skip="0">All Tests</stat>
</total>
<tag>
</tag>
<suite>
<stat pass="0" fail="1" skip="0" id="s1" name="Redbox1">Redbox1</stat>
<stat pass="0" fail="1" skip="0" id="s1-s1" name="Testcase">Redbox1.Testcase</stat>
</suite>
</statistics>
<errors>
</errors>
</robot>
