<?xml version="1.0" encoding="UTF-8"?>
<robot generator="Robot 7.1.1 (Python 3.12.8 on win32)" generated="2025-04-09T14:07:41.004174" rpa="false" schemaversion="5">
<suite id="s1" name="Redbox1" source="c:\Users\Lan Anh\Documents\GitHub\Redbox1">
<suite id="s1-s1" name="Testcase" source="c:\Users\Lan Anh\Documents\GitHub\Redbox1\testcase.robot">
<test id="s1-s1-t1" name="Link thirdparty shipments page" line="134">
<kw name="Set Environment" owner="Config">
<kw name="Set Variable" owner="BuiltIn">
<msg time="2025-04-09T14:07:41.709468" level="INFO">${BASE_URL1} = https://stage.redboxsa.com/login</msg>
<var>${BASE_URL1}</var>
<arg>${ENVIRONMENT["${ENV}"]}</arg>
<doc>Returns the given values which can then be assigned to a variables.</doc>
<status status="PASS" start="2025-04-09T14:07:41.708470" elapsed="0.002992"/>
</kw>
<kw name="Open Browser" owner="Selenium2Library">
<msg time="2025-04-09T14:07:41.711462" level="INFO">Opening browser 'chrome' to base url 'https://stage.redboxsa.com/login'.</msg>
<arg>${BASE_URL1}</arg>
<arg>chrome</arg>
<doc>Opens a new browser instance to the optional ``url``.</doc>
<status status="PASS" start="2025-04-09T14:07:41.711462" elapsed="9.347962"/>
</kw>
<kw name="Maximize Browser Window" owner="Selenium2Library">
<doc>Maximizes current browser window.</doc>
<status status="PASS" start="2025-04-09T14:07:51.059424" elapsed="0.037028"/>
</kw>
<kw name="Input Text" owner="Selenium2Library">
<msg time="2025-04-09T14:07:51.098449" level="INFO">Typing text 'anhth58.it.uet@gmail.com' into text field 'id=email-login'.</msg>
<arg>id=email-login</arg>
<arg>${email_login["${ENV}"]}</arg>
<doc>Types the given ``text`` into the text field identified by ``locator``.</doc>
<status status="PASS" start="2025-04-09T14:07:51.096452" elapsed="0.093747"/>
</kw>
<kw name="Input Text" owner="Selenium2Library">
<msg time="2025-04-09T14:07:51.191196" level="INFO">Typing text 'Re@@Bo2025' into text field 'id=password-login'.</msg>
<arg>id=password-login</arg>
<arg>${password_login["${ENV}"]}</arg>
<doc>Types the given ``text`` into the text field identified by ``locator``.</doc>
<status status="PASS" start="2025-04-09T14:07:51.190199" elapsed="0.055856"/>
</kw>
<kw name="Sleep" owner="BuiltIn">
<msg time="2025-04-09T14:07:52.247104" level="INFO">Slept 1 second.</msg>
<arg>1s</arg>
<doc>Pauses the test executed for the given time.</doc>
<status status="PASS" start="2025-04-09T14:07:51.247052" elapsed="1.000052"/>
</kw>
<kw name="Click Button" owner="Selenium2Library">
<msg time="2025-04-09T14:07:52.247104" level="INFO">Clicking button 'submit-login'.</msg>
<arg>${submit_login}</arg>
<doc>Clicks the button identified by ``locator``.</doc>
<status status="PASS" start="2025-04-09T14:07:52.247104" elapsed="12.313411"/>
</kw>
<kw name="Wait Until Page Contains Element" owner="Selenium2Library">
<arg>${logo}</arg>
<arg>timeout=10</arg>
<doc>Waits until the element ``locator`` appears on the current page.</doc>
<status status="PASS" start="2025-04-09T14:08:04.560515" elapsed="0.011998"/>
</kw>
<kw name="Page Should Contain Element" owner="Selenium2Library">
<msg time="2025-04-09T14:08:04.582455" level="INFO">Current page contains element 'logo'.</msg>
<arg>${logo}</arg>
<doc>Verifies that element ``locator`` is found on the current page.</doc>
<status status="PASS" start="2025-04-09T14:08:04.573478" elapsed="0.008977"/>
</kw>
<status status="PASS" start="2025-04-09T14:07:41.707473" elapsed="22.874982"/>
</kw>
<kw name="Click Link" owner="Selenium2Library">
<msg time="2025-04-09T14:08:04.583452" level="INFO">Clicking link '/redbox'.</msg>
<arg>${redbox_dashboard_href}</arg>
<doc>Clicks a link identified by ``locator``.</doc>
<status status="PASS" start="2025-04-09T14:08:04.583452" elapsed="3.263918"/>
</kw>
<kw name="Wait Until Page Contains Element" owner="Selenium2Library">
<arg>${shipments}</arg>
<arg>timeout=10</arg>
<doc>Waits until the element ``locator`` appears on the current page.</doc>
<status status="PASS" start="2025-04-09T14:08:07.847370" elapsed="0.014959"/>
</kw>
<kw name="Access page" owner="keywords">
<kw name="Click Element" owner="Selenium2Library">
<msg time="2025-04-09T14:08:07.864327" level="INFO">Clicking element 'menu-shipments'.</msg>
<arg>${title}</arg>
<doc>Click the element identified by ``locator``.</doc>
<status status="PASS" start="2025-04-09T14:08:07.864327" elapsed="0.055828"/>
</kw>
<kw name="Sleep" owner="BuiltIn">
<msg time="2025-04-09T14:08:12.921441" level="INFO">Slept 5 seconds.</msg>
<arg>5s</arg>
<doc>Pauses the test executed for the given time.</doc>
<status status="PASS" start="2025-04-09T14:08:07.920155" elapsed="5.001286"/>
</kw>
<kw name="Click Element" owner="Selenium2Library">
<msg time="2025-04-09T14:08:12.923403" level="INFO">Clicking element 'menu-link-link-thirdparty-shipments'.</msg>
<arg>${subtitle}</arg>
<doc>Click the element identified by ``locator``.</doc>
<status status="PASS" start="2025-04-09T14:08:12.922406" elapsed="0.508284"/>
</kw>
<arg>${shipments}</arg>
<arg>${link_thirdparty_shipments}</arg>
<doc>To access any page under the main operation tab</doc>
<status status="PASS" start="2025-04-09T14:08:07.863328" elapsed="5.568328"/>
</kw>
<kw name="Verify element exits" owner="keywords">
<kw name="Wait Until Element Is Visible" owner="Selenium2Library">
<arg>${element_locator}</arg>
<arg>timeout=10s</arg>
<doc>Waits until the element ``locator`` is visible.</doc>
<status status="PASS" start="2025-04-09T14:08:13.431656" elapsed="0.020947"/>
</kw>
<kw name="Element Should Be Visible" owner="Selenium2Library">
<msg time="2025-04-09T14:08:13.467561" level="INFO">Element '//button[contains(text(),'Submit')]' is displayed.</msg>
<arg>${element_locator}</arg>
<doc>Verifies that the element identified by ``locator`` is visible.</doc>
<status status="PASS" start="2025-04-09T14:08:13.452603" elapsed="0.014958"/>
</kw>
<arg>//button[contains(text(),'Submit')]</arg>
<doc>Verify that the given element exists on the page</doc>
<status status="PASS" start="2025-04-09T14:08:13.431656" elapsed="0.035905"/>
</kw>
<kw name="Close Browser" owner="Selenium2Library" type="TEARDOWN">
<doc>Closes the current browser.</doc>
<status status="PASS" start="2025-04-09T14:08:13.468559" elapsed="2.142557"/>
</kw>
<status status="PASS" start="2025-04-09T14:07:41.706503" elapsed="33.906566"/>
</test>
<status status="PASS" start="2025-04-09T14:07:41.676556" elapsed="33.940502"/>
</suite>
<status status="PASS" start="2025-04-09T14:07:41.009160" elapsed="34.608888"/>
</suite>
<statistics>
<total>
<stat pass="1" fail="0" skip="0">All Tests</stat>
</total>
<tag>
</tag>
<suite>
<stat pass="1" fail="0" skip="0" id="s1" name="Redbox1">Redbox1</stat>
<stat pass="1" fail="0" skip="0" id="s1-s1" name="Testcase">Redbox1.Testcase</stat>
</suite>
</statistics>
<errors>
</errors>
</robot>
