<?xml version="1.0" encoding="UTF-8"?>
<robot generator="Robot 7.1.1 (Python 3.12.8 on win32)" generated="2025-04-10T11:37:40.718559" rpa="false" schemaversion="5">
<suite id="s1" name="Redbox1" source="c:\Users\Lan Anh\Documents\GitHub\Redbox1">
<suite id="s1-s1" name="Testcase" source="c:\Users\Lan Anh\Documents\GitHub\Redbox1\testcase.robot">
<test id="s1-s1-t1" name="Storage Settings page" line="240">
<kw name="Set Environment" owner="Config">
<kw name="Set Variable" owner="BuiltIn">
<msg time="2025-04-10T11:37:41.406587" level="INFO">${BASE_URL1} = https://stage.redboxsa.com/login</msg>
<var>${BASE_URL1}</var>
<arg>${ENVIRONMENT["${ENV}"]}</arg>
<doc>Returns the given values which can then be assigned to a variables.</doc>
<status status="PASS" start="2025-04-10T11:37:41.405590" elapsed="0.002990"/>
</kw>
<kw name="Open Browser" owner="Selenium2Library">
<msg time="2025-04-10T11:37:41.409578" level="INFO">Opening browser 'chrome' to base url 'https://stage.redboxsa.com/login'.</msg>
<arg>${BASE_URL1}</arg>
<arg>chrome</arg>
<doc>Opens a new browser instance to the optional ``url``.</doc>
<status status="PASS" start="2025-04-10T11:37:41.408580" elapsed="11.046619"/>
</kw>
<kw name="Maximize Browser Window" owner="Selenium2Library">
<doc>Maximizes current browser window.</doc>
<status status="PASS" start="2025-04-10T11:37:52.455199" elapsed="0.032910"/>
</kw>
<kw name="Input Text" owner="Selenium2Library">
<msg time="2025-04-10T11:37:52.490106" level="INFO">Typing text 'anhth58.it.uet@gmail.com' into text field 'id=email-login'.</msg>
<arg>id=email-login</arg>
<arg>${email_login["${ENV}"]}</arg>
<doc>Types the given ``text`` into the text field identified by ``locator``.</doc>
<status status="PASS" start="2025-04-10T11:37:52.488109" elapsed="0.084895"/>
</kw>
<kw name="Input Text" owner="Selenium2Library">
<msg time="2025-04-10T11:37:52.574001" level="INFO">Typing text 'Re@@Bo2025' into text field 'id=password-login'.</msg>
<arg>id=password-login</arg>
<arg>${password_login["${ENV}"]}</arg>
<doc>Types the given ``text`` into the text field identified by ``locator``.</doc>
<status status="PASS" start="2025-04-10T11:37:52.573004" elapsed="0.051861"/>
</kw>
<kw name="Sleep" owner="BuiltIn">
<msg time="2025-04-10T11:37:53.626087" level="INFO">Slept 1 second.</msg>
<arg>1s</arg>
<doc>Pauses the test executed for the given time.</doc>
<status status="PASS" start="2025-04-10T11:37:52.625862" elapsed="1.000225"/>
</kw>
<kw name="Click Button" owner="Selenium2Library">
<msg time="2025-04-10T11:37:53.626087" level="INFO">Clicking button 'submit-login'.</msg>
<arg>${submit_login}</arg>
<doc>Clicks the button identified by ``locator``.</doc>
<status status="PASS" start="2025-04-10T11:37:53.626087" elapsed="14.594112"/>
</kw>
<kw name="Wait Until Page Contains Element" owner="Selenium2Library">
<arg>${logo}</arg>
<arg>timeout=10</arg>
<doc>Waits until the element ``locator`` appears on the current page.</doc>
<status status="PASS" start="2025-04-10T11:38:08.220199" elapsed="0.011968"/>
</kw>
<kw name="Page Should Contain Element" owner="Selenium2Library">
<msg time="2025-04-10T11:38:08.237281" level="INFO">Current page contains element 'logo'.</msg>
<arg>${logo}</arg>
<doc>Verifies that element ``locator`` is found on the current page.</doc>
<status status="PASS" start="2025-04-10T11:38:08.232167" elapsed="0.005114"/>
</kw>
<status status="PASS" start="2025-04-10T11:37:41.404593" elapsed="26.832688"/>
</kw>
<kw name="Click Link" owner="Selenium2Library">
<msg time="2025-04-10T11:38:08.238281" level="INFO">Clicking link '/redbox'.</msg>
<arg>${redbox_dashboard_href}</arg>
<doc>Clicks a link identified by ``locator``.</doc>
<status status="PASS" start="2025-04-10T11:38:08.238281" elapsed="6.590897"/>
</kw>
<kw name="Wait Until Page Contains Element" owner="Selenium2Library">
<arg>${storage}</arg>
<arg>timeout=10</arg>
<doc>Waits until the element ``locator`` appears on the current page.</doc>
<status status="PASS" start="2025-04-10T11:38:14.830144" elapsed="0.008975"/>
</kw>
<kw name="Access page" owner="keywords">
<kw name="Click Element" owner="Selenium2Library">
<msg time="2025-04-10T11:38:14.840117" level="INFO">Clicking element 'menu-storage'.</msg>
<arg>${title}</arg>
<doc>Click the element identified by ``locator``.</doc>
<status status="PASS" start="2025-04-10T11:38:14.840117" elapsed="0.046875"/>
</kw>
<kw name="Sleep" owner="BuiltIn">
<msg time="2025-04-10T11:38:19.888142" level="INFO">Slept 5 seconds.</msg>
<arg>5s</arg>
<doc>Pauses the test executed for the given time.</doc>
<status status="PASS" start="2025-04-10T11:38:14.887990" elapsed="5.000152"/>
</kw>
<kw name="Click Element" owner="Selenium2Library">
<msg time="2025-04-10T11:38:19.890178" level="INFO">Clicking element 'menu-link-storage-settings'.</msg>
<arg>${subtitle}</arg>
<doc>Click the element identified by ``locator``.</doc>
<status status="PASS" start="2025-04-10T11:38:19.889181" elapsed="3.169971"/>
</kw>
<arg>${storage}</arg>
<arg>${storage_settings}</arg>
<doc>To access any page under the main operation tab</doc>
<status status="PASS" start="2025-04-10T11:38:14.840117" elapsed="8.219035"/>
</kw>
<kw name="Search and wait page contains text" owner="keywords">
<kw name="Input Text" owner="Selenium2Library">
<msg time="2025-04-10T11:38:23.061146" level="INFO">Typing text 'RedBox JED-103' into text field 'customSearch'.</msg>
<arg>${locator}</arg>
<arg>${text}</arg>
<doc>Types the given ``text`` into the text field identified by ``locator``.</doc>
<status status="PASS" start="2025-04-10T11:38:23.060149" elapsed="0.305205"/>
</kw>
<kw name="Press Keys" owner="Selenium2Library">
<msg time="2025-04-10T11:38:23.366353" level="INFO">Sending key(s) ('RETURN',) to page.</msg>
<msg time="2025-04-10T11:38:23.366353" level="INFO">Pressing special key RETURN to browser.</msg>
<msg time="2025-04-10T11:38:23.366353" level="INFO">Releasing special key RETURN.</msg>
<arg>None</arg>
<arg>RETURN</arg>
<doc>Simulates the user pressing key(s) to an element or on the active browser.</doc>
<status status="PASS" start="2025-04-10T11:38:23.366353" elapsed="0.007977"/>
</kw>
<kw name="Wait Until Page Contains" owner="Selenium2Library">
<arg>${expected_text}</arg>
<arg>timeout=10</arg>
<doc>Waits until ``text`` appears on the current page.</doc>
<status status="PASS" start="2025-04-10T11:38:23.374330" elapsed="0.011968"/>
</kw>
<arg>${storage_settings_search_box}</arg>
<arg>RedBox JED-103</arg>
<arg>RedBox JED-103</arg>
<doc>To search and check the page contains expected text without using fixed sleep time.</doc>
<status status="PASS" start="2025-04-10T11:38:23.060149" elapsed="0.327146"/>
</kw>
<kw name="Close Browser" owner="Selenium2Library" type="TEARDOWN">
<doc>Closes the current browser.</doc>
<status status="PASS" start="2025-04-10T11:38:23.387295" elapsed="2.153380"/>
</kw>
<status status="PASS" start="2025-04-10T11:37:41.403593" elapsed="44.137452"/>
</test>
<status status="PASS" start="2025-04-10T11:37:41.374671" elapsed="44.167373"/>
</suite>
<status status="PASS" start="2025-04-10T11:37:40.722549" elapsed="44.821491"/>
</suite>
<statistics>
<total>
<stat pass="1" fail="0" skip="0">All Tests</stat>
</total>
<tag>
</tag>
<suite>
<stat pass="1" fail="0" skip="0" id="s1" name="Redbox1">Redbox1</stat>
<stat pass="1" fail="0" skip="0" id="s1-s1" name="Testcase">Redbox1.Testcase</stat>
</suite>
</statistics>
<errors>
</errors>
</robot>
