<?xml version="1.0" encoding="UTF-8"?>
<robot generator="Robot 7.1.1 (Python 3.12.8 on win32)" generated="2025-04-22T14:26:11.984633" rpa="false" schemaversion="5">
<suite id="s1" name="Redbox1" source="c:\Users\Lan Anh\Documents\GitHub\Redbox1">
<suite id="s1-s1" name="Testcase" source="c:\Users\Lan Anh\Documents\GitHub\Redbox1\testcase.robot">
<test id="s1-s1-t1" name="Support tools &gt; Link thirdparty shipments page" line="373">
<kw name="Set Environment" owner="Config">
<kw name="Set Variable" owner="BuiltIn">
<msg time="2025-04-22T14:26:12.623283" level="INFO">${BASE_URL1} = https://dev.redboxsa.com/login</msg>
<var>${BASE_URL1}</var>
<arg>${ENVIRONMENT["${ENV}"]}</arg>
<doc>Returns the given values which can then be assigned to a variables.</doc>
<status status="PASS" start="2025-04-22T14:26:12.622287" elapsed="0.001995"/>
</kw>
<kw name="Open Browser" owner="Selenium2Library">
<msg time="2025-04-22T14:26:12.625278" level="INFO">Opening browser 'chrome' to base url 'https://dev.redboxsa.com/login'.</msg>
<arg>${BASE_URL1}</arg>
<arg>chrome</arg>
<doc>Opens a new browser instance to the optional ``url``.</doc>
<status status="PASS" start="2025-04-22T14:26:12.625278" elapsed="5.900610"/>
</kw>
<kw name="Maximize Browser Window" owner="Selenium2Library">
<doc>Maximizes current browser window.</doc>
<status status="PASS" start="2025-04-22T14:26:18.526886" elapsed="0.029954"/>
</kw>
<kw name="Input Text" owner="Selenium2Library">
<msg time="2025-04-22T14:26:18.558834" level="INFO">Typing text 'anhth58.it.uet@gmail.com' into text field 'id=email-login'.</msg>
<arg>id=email-login</arg>
<arg>${email_login["${ENV}"]}</arg>
<doc>Types the given ``text`` into the text field identified by ``locator``.</doc>
<status status="PASS" start="2025-04-22T14:26:18.556840" elapsed="0.087887"/>
</kw>
<kw name="Input Text" owner="Selenium2Library">
<msg time="2025-04-22T14:26:18.645724" level="INFO">Typing text 'Re@@Bo2025' into text field 'id=password-login'.</msg>
<arg>id=password-login</arg>
<arg>${password_login["${ENV}"]}</arg>
<doc>Types the given ``text`` into the text field identified by ``locator``.</doc>
<status status="PASS" start="2025-04-22T14:26:18.644727" elapsed="0.051861"/>
</kw>
<kw name="Sleep" owner="BuiltIn">
<msg time="2025-04-22T14:26:19.696810" level="INFO">Slept 1 second.</msg>
<arg>1s</arg>
<doc>Pauses the test executed for the given time.</doc>
<status status="PASS" start="2025-04-22T14:26:18.696588" elapsed="1.000222"/>
</kw>
<kw name="Click Button" owner="Selenium2Library">
<msg time="2025-04-22T14:26:19.698814" level="INFO">Clicking button 'submit-login'.</msg>
<arg>${submit_login}</arg>
<doc>Clicks the button identified by ``locator``.</doc>
<status status="PASS" start="2025-04-22T14:26:19.697818" elapsed="5.191556"/>
</kw>
<kw name="Wait Until Page Contains Element" owner="Selenium2Library">
<arg>${logo}</arg>
<arg>timeout=10</arg>
<doc>Waits until the element ``locator`` appears on the current page.</doc>
<status status="PASS" start="2025-04-22T14:26:24.889374" elapsed="0.009966"/>
</kw>
<kw name="Page Should Contain Element" owner="Selenium2Library">
<msg time="2025-04-22T14:26:24.905322" level="INFO">Current page contains element 'logo'.</msg>
<arg>${logo}</arg>
<doc>Verifies that element ``locator`` is found on the current page.</doc>
<status status="PASS" start="2025-04-22T14:26:24.899340" elapsed="0.006979"/>
</kw>
<status status="PASS" start="2025-04-22T14:26:12.621288" elapsed="12.285031"/>
</kw>
<kw name="Click Link" owner="Selenium2Library">
<msg time="2025-04-22T14:26:24.906319" level="INFO">Clicking link '/redbox'.</msg>
<arg>${redbox_dashboard_href}</arg>
<doc>Clicks a link identified by ``locator``.</doc>
<status status="PASS" start="2025-04-22T14:26:24.906319" elapsed="2.714411"/>
</kw>
<kw name="Wait Until Page Contains Element" owner="Selenium2Library">
<arg>${support_tools}</arg>
<arg>timeout=10</arg>
<doc>Waits until the element ``locator`` appears on the current page.</doc>
<status status="PASS" start="2025-04-22T14:26:27.621727" elapsed="0.007979"/>
</kw>
<kw name="Access page" owner="keywords">
<kw name="Click Element" owner="Selenium2Library">
<msg time="2025-04-22T14:26:27.631702" level="INFO">Clicking element 'xpath=//*[text()='Support Tools']'.</msg>
<arg>${title}</arg>
<doc>Click the element identified by ``locator``.</doc>
<status status="PASS" start="2025-04-22T14:26:27.630703" elapsed="0.045878"/>
</kw>
<kw name="Sleep" owner="BuiltIn">
<msg time="2025-04-22T14:26:32.676752" level="INFO">Slept 5 seconds.</msg>
<arg>5s</arg>
<doc>Pauses the test executed for the given time.</doc>
<status status="PASS" start="2025-04-22T14:26:27.676581" elapsed="5.000171"/>
</kw>
<kw name="Click Element" owner="Selenium2Library">
<msg time="2025-04-22T14:26:32.678785" level="INFO">Clicking element 'menu-link-link-thirdparty-shipments'.</msg>
<arg>${subtitle}</arg>
<doc>Click the element identified by ``locator``.</doc>
<status status="PASS" start="2025-04-22T14:26:32.677788" elapsed="1.957618"/>
</kw>
<arg>${support_tools}</arg>
<arg>${link_thirdparty_shipments}</arg>
<doc>To access any page under the main operation tab</doc>
<status status="PASS" start="2025-04-22T14:26:27.630703" elapsed="7.005701"/>
</kw>
<kw name="Verify element exits" owner="keywords">
<kw name="Wait Until Element Is Visible" owner="Selenium2Library">
<arg>${element_locator}</arg>
<arg>timeout=20</arg>
<doc>Waits until the element ``locator`` is visible.</doc>
<status status="PASS" start="2025-04-22T14:26:34.637400" elapsed="0.018211"/>
</kw>
<kw name="Element Should Be Visible" owner="Selenium2Library">
<msg time="2025-04-22T14:26:34.669575" level="INFO">Element '//button[contains(text(),'Submit')]' is displayed.</msg>
<arg>${element_locator}</arg>
<doc>Verifies that the element identified by ``locator`` is visible.</doc>
<status status="PASS" start="2025-04-22T14:26:34.655611" elapsed="0.013964"/>
</kw>
<arg>//button[contains(text(),'Submit')]</arg>
<doc>Verify that the given element exists on the page</doc>
<status status="PASS" start="2025-04-22T14:26:34.636404" elapsed="0.034167"/>
</kw>
<kw name="Close Browser" owner="Selenium2Library" type="TEARDOWN">
<doc>Closes the current browser.</doc>
<status status="PASS" start="2025-04-22T14:26:34.670571" elapsed="3.676913"/>
</kw>
<status status="PASS" start="2025-04-22T14:26:12.620291" elapsed="25.727193"/>
</test>
<status status="PASS" start="2025-04-22T14:26:12.589373" elapsed="25.760110"/>
</suite>
<status status="PASS" start="2025-04-22T14:26:11.988622" elapsed="26.362481"/>
</suite>
<statistics>
<total>
<stat pass="1" fail="0" skip="0">All Tests</stat>
</total>
<tag>
</tag>
<suite>
<stat pass="1" fail="0" skip="0" id="s1" name="Redbox1">Redbox1</stat>
<stat pass="1" fail="0" skip="0" id="s1-s1" name="Testcase">Redbox1.Testcase</stat>
</suite>
</statistics>
<errors>
</errors>
</robot>
