<?xml version="1.0" encoding="UTF-8"?>
<robot generator="Robot 7.1.1 (Python 3.12.8 on win32)" generated="2025-06-02T15:55:28.882366" rpa="false" schemaversion="5">
<suite id="s1" name="Redbox1" source="c:\Users\Lan Anh\Documents\GitHub\Redbox1">
<suite id="s1-s1" name="Testcase" source="c:\Users\Lan Anh\Documents\GitHub\Redbox1\testcase.robot">
<test id="s1-s1-t1" name="Express Flow" line="376">
<kw name="Set Variable" owner="BuiltIn">
<msg time="2025-06-02T15:55:29.599361" level="INFO">${env} = dev</msg>
<var>${env}</var>
<arg>dev</arg>
<doc>Returns the given values which can then be assigned to a variables.</doc>
<status status="PASS" start="2025-06-02T15:55:29.599361" elapsed="0.001995"/>
</kw>
<kw name="Create express shipment" owner="keywords">
<kw name="Get From Dictionary" owner="Collections">
<msg time="2025-06-02T15:55:29.602353" level="INFO">${point_from_id} = 5d2855e065889422de40f2fe</msg>
<var>${point_from_id}</var>
<arg>${point_id}</arg>
<arg>${env}</arg>
<doc>Returns a value from the given ``dictionary`` based on the given ``key``.</doc>
<status status="PASS" start="2025-06-02T15:55:29.602353" elapsed="0.000998"/>
</kw>
<kw name="Get From Dictionary" owner="Collections">
<msg time="2025-06-02T15:55:29.604348" level="INFO">${point_to_id} = 5d2855e065889422de40f2fe</msg>
<var>${point_to_id}</var>
<arg>${point_to_id}</arg>
<arg>${env}</arg>
<doc>Returns a value from the given ``dictionary`` based on the given ``key``.</doc>
<status status="PASS" start="2025-06-02T15:55:29.603351" elapsed="0.000997"/>
</kw>
<kw name="Create Dictionary" owner="BuiltIn">
<msg time="2025-06-02T15:55:29.605345" level="INFO">${BODY} = {'service_type': 'LockerToLocker', 'point_from_id': '5d2855e065889422de40f2fe', 'point_to_id': '5d2855e065889422de40f2fe', 'receiver_name': 'LA', 'receiver_phone': '+84375684357', 'shipment_note': 'No...</msg>
<var>${BODY}</var>
<arg>service_type=LockerToLocker</arg>
<arg>point_from_id=${point_from_id}</arg>
<arg>point_to_id=${point_to_id}</arg>
<arg>receiver_name=LA</arg>
<arg>receiver_phone=+84375684357</arg>
<arg>shipment_note=Notes</arg>
<arg>item_description=Items 1</arg>
<arg>declared_value=12</arg>
<arg>sender_name=LAnk</arg>
<arg>sender_phone=+84335299002</arg>
<doc>Creates and returns a dictionary based on the given ``items``.</doc>
<status status="PASS" start="2025-06-02T15:55:29.605345" elapsed="0.000000"/>
</kw>
<kw name="Get From Dictionary" owner="Collections">
<msg time="2025-06-02T15:55:29.606343" level="INFO">${auth_token} = Bearer eyJhbGciOiJIUzI1NiIsInR5cCI6IkpXVCJ9.eyJvcmdhbml6YXRpb25faWQiOiI2NDA4NmQ0NzYwOTMyMzc1OTY3NjEyMDIiLCJrZXkiOiIyMDIzLTAzLTA4VDExOjE0OjEwLjE3OVoiLCJpYXQiOjE2NzgyNzQwNTB9.e4HrRLDPjdWZo6DCmKM9RMWHS2D...</msg>
<var>${auth_token}</var>
<arg>${express_authorization}</arg>
<arg>${env}</arg>
<doc>Returns a value from the given ``dictionary`` based on the given ``key``.</doc>
<status status="PASS" start="2025-06-02T15:55:29.605345" elapsed="0.000998"/>
</kw>
<kw name="Get From Dictionary" owner="Collections">
<msg time="2025-06-02T15:55:29.606343" level="INFO">${url} = https://dev.redboxsa.com/api/business/v1/shipments/express</msg>
<var>${url}</var>
<arg>${express_create_shipment_api}</arg>
<arg>${env}</arg>
<doc>Returns a value from the given ``dictionary`` based on the given ``key``.</doc>
<status status="PASS" start="2025-06-02T15:55:29.606343" elapsed="0.000000"/>
</kw>
<kw name="Create Dictionary" owner="BuiltIn">
<msg time="2025-06-02T15:55:29.607339" level="INFO">${HEADERS} = {'Content-Type': 'application/json', 'Authorization': 'Bearer eyJhbGciOiJIUzI1NiIsInR5cCI6IkpXVCJ9.eyJvcmdhbml6YXRpb25faWQiOiI2NDA4NmQ0NzYwOTMyMzc1OTY3NjEyMDIiLCJrZXkiOiIyMDIzLTAzLTA4VDExOjE0OjEwLjE3O...</msg>
<var>${HEADERS}</var>
<arg>Content-Type=application/json</arg>
<arg>Authorization=${auth_token}</arg>
<doc>Creates and returns a dictionary based on the given ``items``.</doc>
<status status="PASS" start="2025-06-02T15:55:29.606343" elapsed="0.000996"/>
</kw>
<kw name="POST" owner="RequestsLibrary">
<msg time="2025-06-02T15:55:30.932534" level="INFO">POST Request : url=https://dev.redboxsa.com/api/business/v1/shipments/express 
 path_url=/api/business/v1/shipments/express 
 headers={'User-Agent': 'python-requests/2.32.3', 'Accept-Encoding': 'gzip, deflate', 'Accept': '*/*', 'Connection': 'keep-alive', 'Content-Type': 'application/json', 'Authorization': 'Bearer eyJhbGciOiJIUzI1NiIsInR5cCI6IkpXVCJ9.eyJvcmdhbml6YXRpb25faWQiOiI2NDA4NmQ0NzYwOTMyMzc1OTY3NjEyMDIiLCJrZXkiOiIyMDIzLTAzLTA4VDExOjE0OjEwLjE3OVoiLCJpYXQiOjE2NzgyNzQwNTB9.e4HrRLDPjdWZo6DCmKM9RMWHS2DtIryeGN1Y15j_DLA', 'Content-Length': '315'} 
 body=b'{"service_type": "LockerToLocker", "point_from_id": "5d2855e065889422de40f2fe", "point_to_id": "5d2855e065889422de40f2fe", "receiver_name": "LA", "receiver_phone": "+84375684357", "shipment_note": "Notes", "item_description": "Items 1", "declared_value": "12", "sender_name": "LAnk", "sender_phone": "+84335299002"}' 
 </msg>
<msg time="2025-06-02T15:55:30.932534" level="INFO">POST Response : url=https://dev.redboxsa.com/api/business/v1/shipments/express 
 status=200, reason=OK 
 headers={'Server': 'nginx/1.18.0 (Ubuntu)', 'Date': 'Mon, 02 Jun 2025 08:55:30 GMT', 'Content-Type': 'application/json; charset=utf-8', 'Content-Length': '191', 'Connection': 'keep-alive', 'Access-Control-Allow-Origin': '*', 'RateLimit-Policy': '500;w=30', 'RateLimit-Limit': '500', 'RateLimit-Remaining': '499', 'RateLimit-Reset': '22', 'x-frame-options': 'SAMEORIGIN', 'x-xss-protection': '1; mode=block', 'ETag': 'W/"bf-mG/AA3f+cPkWleFkez7Y8WXxda8"', 'Vary': 'Accept-Encoding'} 
 body={"success":true,"shipment_id":"683d670285cf65faec20ec97","shipping_label_url":"https://dev.redboxsa.com/download/shipping-label/683d670285cf65faec20ec97.pdf","tracking_number":"488699017035"} 
 </msg>
<msg time="2025-06-02T15:55:30.932534" level="INFO">${response} = &lt;Response [200]&gt;</msg>
<var>${response}</var>
<arg>${url}</arg>
<arg>json=${BODY}</arg>
<arg>headers=${HEADERS}</arg>
<doc>Sends a POST request.</doc>
<status status="PASS" start="2025-06-02T15:55:29.607339" elapsed="1.326193"/>
</kw>
<kw name="Log" owner="BuiltIn">
<msg time="2025-06-02T15:55:30.934529" level="INFO">Status Code: 200</msg>
<arg>Status Code: ${response.status_code}</arg>
<doc>Logs the given message with the given level.</doc>
<status status="PASS" start="2025-06-02T15:55:30.933532" elapsed="0.000997"/>
</kw>
<kw name="Log" owner="BuiltIn">
<msg time="2025-06-02T15:55:30.935526" level="INFO">Response Content: {"success":true,"shipment_id":"683d670285cf65faec20ec97","shipping_label_url":"https://dev.redboxsa.com/download/shipping-label/683d670285cf65faec20ec97.pdf","tracking_number":"488699017035"}</msg>
<arg>Response Content: ${response.content}</arg>
<doc>Logs the given message with the given level.</doc>
<status status="PASS" start="2025-06-02T15:55:30.934529" elapsed="0.000997"/>
</kw>
<kw name="Should Be Equal As Numbers" owner="BuiltIn">
<msg time="2025-06-02T15:55:30.937521" level="INFO">Argument types are:
&lt;class 'int'&gt;
&lt;class 'str'&gt;</msg>
<arg>${response.status_code}</arg>
<arg>200</arg>
<doc>Fails if objects are unequal after converting them to real numbers.</doc>
<status status="PASS" start="2025-06-02T15:55:30.936524" elapsed="0.000997"/>
</kw>
<kw name="Set Variable" owner="BuiltIn">
<msg time="2025-06-02T15:55:30.938518" level="INFO">${json_data} = {'success': True, 'shipment_id': '683d670285cf65faec20ec97', 'shipping_label_url': 'https://dev.redboxsa.com/download/shipping-label/683d670285cf65faec20ec97.pdf', 'tracking_number': '488699017035'}</msg>
<var>${json_data}</var>
<arg>${response.json()}</arg>
<doc>Returns the given values which can then be assigned to a variables.</doc>
<status status="PASS" start="2025-06-02T15:55:30.937521" elapsed="0.000997"/>
</kw>
<kw name="Get From Dictionary" owner="Collections">
<msg time="2025-06-02T15:55:30.938518" level="INFO">${shipment_id} = 683d670285cf65faec20ec97</msg>
<var>${shipment_id}</var>
<arg>${json_data}</arg>
<arg>shipment_id</arg>
<doc>Returns a value from the given ``dictionary`` based on the given ``key``.</doc>
<status status="PASS" start="2025-06-02T15:55:30.938518" elapsed="0.000000"/>
</kw>
<kw name="Get From Dictionary" owner="Collections">
<msg time="2025-06-02T15:55:30.939516" level="INFO">${tracking_number} = 488699017035</msg>
<var>${tracking_number}</var>
<arg>${json_data}</arg>
<arg>tracking_number</arg>
<doc>Returns a value from the given ``dictionary`` based on the given ``key``.</doc>
<status status="PASS" start="2025-06-02T15:55:30.939516" elapsed="0.000000"/>
</kw>
<kw name="Log" owner="BuiltIn">
<msg time="2025-06-02T15:55:30.940513" level="INFO">Shipment ID (raw): 683d670285cf65faec20ec97</msg>
<arg>Shipment ID (raw): ${shipment_id}</arg>
<doc>Logs the given message with the given level.</doc>
<status status="PASS" start="2025-06-02T15:55:30.939516" elapsed="0.000997"/>
</kw>
<kw name="Log" owner="BuiltIn">
<msg time="2025-06-02T15:55:30.940513" level="INFO">Tracking Number (raw): 488699017035</msg>
<arg>Tracking Number (raw): ${tracking_number}</arg>
<doc>Logs the given message with the given level.</doc>
<status status="PASS" start="2025-06-02T15:55:30.940513" elapsed="0.000000"/>
</kw>
<kw name="Run Keyword If" owner="BuiltIn">
<arg>'${shipment_id}' == '' or '${tracking_number}' == ''</arg>
<arg>Fail</arg>
<arg>Invalid response: Shipment ID or Tracking Number is missing</arg>
<doc>Runs the given keyword with the given arguments, if ``condition`` is true.</doc>
<status status="PASS" start="2025-06-02T15:55:30.941513" elapsed="0.000000"/>
</kw>
<kw name="Create File" owner="OperatingSystem">
<msg time="2025-06-02T15:55:30.942508" level="INFO" html="true">Created file '&lt;a href="file://C:\Users\Lan Anh\Documents\GitHub\Redbox1\shipment_id.txt"&gt;C:\Users\Lan Anh\Documents\GitHub\Redbox1\shipment_id.txt&lt;/a&gt;'.</msg>
<arg>${shipment_id_file}</arg>
<arg>shipment_id: ${shipment_id}\ntracking_number: ${tracking_number}</arg>
<doc>Creates a file with the given content and encoding.</doc>
<status status="PASS" start="2025-06-02T15:55:30.941513" elapsed="0.001992"/>
</kw>
<arg>${env}</arg>
<status status="PASS" start="2025-06-02T15:55:29.602353" elapsed="1.341152"/>
</kw>
<kw name="Get File" owner="OperatingSystem">
<msg time="2025-06-02T15:55:30.944502" level="INFO" html="true">Getting file '&lt;a href="file://C:\Users\Lan Anh\Documents\GitHub\Redbox1\shipment_id.txt"&gt;C:\Users\Lan Anh\Documents\GitHub\Redbox1\shipment_id.txt&lt;/a&gt;'.</msg>
<msg time="2025-06-02T15:55:30.952481" level="INFO">${file_content} = shipment_id: 683d670285cf65faec20ec97
tracking_number: 488699017035</msg>
<var>${file_content}</var>
<arg>${shipment_id_file}</arg>
<doc>Returns the contents of a specified file.</doc>
<status status="PASS" start="2025-06-02T15:55:30.943505" elapsed="0.008976"/>
</kw>
<kw name="Split To Lines" owner="String">
<msg time="2025-06-02T15:55:30.952481" level="INFO">2 lines returned</msg>
<msg time="2025-06-02T15:55:30.952481" level="INFO">${lines} = ['shipment_id: 683d670285cf65faec20ec97', 'tracking_number: 488699017035']</msg>
<var>${lines}</var>
<arg>${file_content}</arg>
<doc>Splits the given string to lines.</doc>
<status status="PASS" start="2025-06-02T15:55:30.952481" elapsed="0.000998"/>
</kw>
<kw name="Set Variable" owner="BuiltIn">
<msg time="2025-06-02T15:55:30.953479" level="INFO">${shipment_id_line} = shipment_id: 683d670285cf65faec20ec97</msg>
<var>${shipment_id_line}</var>
<arg>${lines}[0]</arg>
<doc>Returns the given values which can then be assigned to a variables.</doc>
<status status="PASS" start="2025-06-02T15:55:30.953479" elapsed="0.000000"/>
</kw>
<kw name="Set Variable" owner="BuiltIn">
<msg time="2025-06-02T15:55:30.954476" level="INFO">${tracking_number_line} = tracking_number: 488699017035</msg>
<var>${tracking_number_line}</var>
<arg>${lines}[1]</arg>
<doc>Returns the given values which can then be assigned to a variables.</doc>
<status status="PASS" start="2025-06-02T15:55:30.954476" elapsed="0.000000"/>
</kw>
<kw name="Replace String" owner="String">
<msg time="2025-06-02T15:55:30.956470" level="INFO">${shipment_id} =  683d670285cf65faec20ec97</msg>
<var>${shipment_id}</var>
<arg>${shipment_id_line}</arg>
<arg>shipment_id:</arg>
<arg>${EMPTY}</arg>
<doc>Replaces ``search_for`` in the given ``string`` with ``replace_with``.</doc>
<status status="PASS" start="2025-06-02T15:55:30.955474" elapsed="0.000996"/>
</kw>
<kw name="Strip String" owner="String">
<msg time="2025-06-02T15:55:30.956470" level="INFO">${shipment_id} = 683d670285cf65faec20ec97</msg>
<var>${shipment_id}</var>
<arg>${shipment_id}</arg>
<doc>Remove leading and/or trailing whitespaces from the given string.</doc>
<status status="PASS" start="2025-06-02T15:55:30.956470" elapsed="0.000000"/>
</kw>
<kw name="Replace String" owner="String">
<msg time="2025-06-02T15:55:30.959463" level="INFO">${tracking_number} =  488699017035</msg>
<var>${tracking_number}</var>
<arg>${tracking_number_line}</arg>
<arg>tracking_number:</arg>
<arg>${EMPTY}</arg>
<doc>Replaces ``search_for`` in the given ``string`` with ``replace_with``.</doc>
<status status="PASS" start="2025-06-02T15:55:30.957470" elapsed="0.001993"/>
</kw>
<kw name="Strip String" owner="String">
<msg time="2025-06-02T15:55:30.960460" level="INFO">${tracking_number} = 488699017035</msg>
<var>${tracking_number}</var>
<arg>${tracking_number}</arg>
<doc>Remove leading and/or trailing whitespaces from the given string.</doc>
<status status="PASS" start="2025-06-02T15:55:30.959463" elapsed="0.000997"/>
</kw>
<kw name="Log" owner="BuiltIn">
<msg time="2025-06-02T15:55:30.964450" level="INFO">Shipment ID: 683d670285cf65faec20ec97</msg>
<arg>Shipment ID: ${shipment_id}</arg>
<doc>Logs the given message with the given level.</doc>
<status status="PASS" start="2025-06-02T15:55:30.964450" elapsed="0.000997"/>
</kw>
<kw name="Log" owner="BuiltIn">
<msg time="2025-06-02T15:55:30.966444" level="INFO">Tracking Number: 488699017035</msg>
<arg>Tracking Number: ${tracking_number}</arg>
<doc>Logs the given message with the given level.</doc>
<status status="PASS" start="2025-06-02T15:55:30.965447" elapsed="0.000997"/>
</kw>
<kw name="Customer Confirm Deposit Express" owner="keywords">
<kw name="Log" owner="BuiltIn">
<msg time="2025-06-02T15:55:30.968440" level="INFO">Confirming deposit with Shipment ID: 683d670285cf65faec20ec97, Tracking Number: 488699017035</msg>
<arg>Confirming deposit with Shipment ID: ${shipment_id}, Tracking Number: ${tracking_number}</arg>
<doc>Logs the given message with the given level.</doc>
<status status="PASS" start="2025-06-02T15:55:30.967441" elapsed="0.000999"/>
</kw>
<kw name="Get From Dictionary" owner="Collections">
<msg time="2025-06-02T15:55:30.969436" level="INFO">${deposit_url} = https://dev.redboxsa.com/v3/api/customer/confirm-deposit-express</msg>
<var>${deposit_url}</var>
<arg>${express_deposit_shipment_api}</arg>
<arg>${env}</arg>
<doc>Returns a value from the given ``dictionary`` based on the given ``key``.</doc>
<status status="PASS" start="2025-06-02T15:55:30.968440" elapsed="0.000996"/>
</kw>
<kw name="Get From Dictionary" owner="Collections">
<msg time="2025-06-02T15:55:30.969436" level="INFO">${locker_id} = 65aa37553a403d2b4b366b47</msg>
<var>${locker_id}</var>
<arg>${locker_id}</arg>
<arg>${env}</arg>
<doc>Returns a value from the given ``dictionary`` based on the given ``key``.</doc>
<status status="PASS" start="2025-06-02T15:55:30.969436" elapsed="0.000997"/>
</kw>
<kw name="Get From Dictionary" owner="Collections">
<msg time="2025-06-02T15:55:30.971430" level="INFO">${point_to_id} = 5d2855e065889422de40f2fe</msg>
<var>${point_to_id}</var>
<arg>${point_to_id}</arg>
<arg>${env}</arg>
<doc>Returns a value from the given ``dictionary`` based on the given ``key``.</doc>
<status status="PASS" start="2025-06-02T15:55:30.970433" elapsed="0.000997"/>
</kw>
<kw name="Get From Dictionary" owner="Collections">
<msg time="2025-06-02T15:55:30.972428" level="INFO">${door_id} = 65aa377b3a403d2b4b366b5c</msg>
<var>${door_id}</var>
<arg>${door_id}</arg>
<arg>${env}</arg>
<doc>Returns a value from the given ``dictionary`` based on the given ``key``.</doc>
<status status="PASS" start="2025-06-02T15:55:30.972428" elapsed="0.000000"/>
</kw>
<kw name="Get From Dictionary" owner="Collections">
<msg time="2025-06-02T15:55:30.974425" level="INFO">${auth_token} = Bearer eyJhbGciOiJIUzI1NiIsInR5cCI6IkpXVCJ9.eyJ1dWlkIjoiODY2NzMyMDMyMzM3MDMzIiwidG9rZW5JZCI6ImVjYmQ5YzFhLTY3Y2UtNDQ5Ni04YjA5LWI1YmMxNzM1ZDRjNCIsImlhdCI6MTc0ODg1NDUwNH0.MWHGzGOMNbQqnSrwtPdcUx2LeIhTmcxf...</msg>
<var>${auth_token}</var>
<arg>${get_token_locker_authen}</arg>
<arg>${env}</arg>
<doc>Returns a value from the given ``dictionary`` based on the given ``key``.</doc>
<status status="PASS" start="2025-06-02T15:55:30.973425" elapsed="0.001000"/>
</kw>
<kw name="Create Dictionary" owner="BuiltIn">
<msg time="2025-06-02T15:55:30.976417" level="INFO">${headers} = {'Content-Type': 'application/json', 'locker_id': '65aa37553a403d2b4b366b47', 'point_to_id': '5d2855e065889422de40f2fe', 'Authorization': 'Bearer eyJhbGciOiJIUzI1NiIsInR5cCI6IkpXVCJ9.eyJ1dWlkIjoiODY2N...</msg>
<var>${headers}</var>
<arg>Content-Type=application/json</arg>
<arg>locker_id=${locker_id}</arg>
<arg>point_to_id=${point_to_id}</arg>
<arg>Authorization=${auth_token}</arg>
<doc>Creates and returns a dictionary based on the given ``items``.</doc>
<status status="PASS" start="2025-06-02T15:55:30.975423" elapsed="0.000994"/>
</kw>
<kw name="Create Dictionary" owner="BuiltIn">
<msg time="2025-06-02T15:55:30.977415" level="INFO">${payload} = {'shipment_id': '683d670285cf65faec20ec97', 'tracking_number': '488699017035', 'door_id': '65aa377b3a403d2b4b366b5c', 'is_empty': 'False'}</msg>
<var>${payload}</var>
<arg>shipment_id=${shipment_id}</arg>
<arg>tracking_number=${tracking_number}</arg>
<arg>door_id=${door_id}</arg>
<arg>is_empty=False</arg>
<doc>Creates and returns a dictionary based on the given ``items``.</doc>
<status status="PASS" start="2025-06-02T15:55:30.976417" elapsed="0.000998"/>
</kw>
<kw name="POST" owner="RequestsLibrary">
<msg time="2025-06-02T15:55:31.784894" level="INFO">POST Request : url=https://dev.redboxsa.com/v3/api/customer/confirm-deposit-express 
 path_url=/v3/api/customer/confirm-deposit-express 
 headers={'User-Agent': 'python-requests/2.32.3', 'Accept-Encoding': 'gzip, deflate', 'Accept': '*/*', 'Connection': 'keep-alive', 'Content-Type': 'application/json', 'locker_id': '65aa37553a403d2b4b366b47', 'point_to_id': '5d2855e065889422de40f2fe', 'Authorization': 'Bearer eyJhbGciOiJIUzI1NiIsInR5cCI6IkpXVCJ9.eyJ1dWlkIjoiODY2NzMyMDMyMzM3MDMzIiwidG9rZW5JZCI6ImVjYmQ5YzFhLTY3Y2UtNDQ5Ni04YjA5LWI1YmMxNzM1ZDRjNCIsImlhdCI6MTc0ODg1NDUwNH0.MWHGzGOMNbQqnSrwtPdcUx2LeIhTmcxfvh-c8V7J_ko', 'Content-Length': '138'} 
 body=b'{"shipment_id": "683d670285cf65faec20ec97", "tracking_number": "488699017035", "door_id": "65aa377b3a403d2b4b366b5c", "is_empty": "False"}' 
 </msg>
<msg time="2025-06-02T15:55:31.785891" level="INFO">POST Response : url=https://dev.redboxsa.com/v3/api/customer/confirm-deposit-express 
 status=200, reason=OK 
 headers={'Server': 'nginx/1.18.0 (Ubuntu)', 'Date': 'Mon, 02 Jun 2025 08:55:31 GMT', 'Content-Type': 'text/html; charset=utf-8', 'Content-Length': '14', 'Connection': 'keep-alive', 'Access-Control-Allow-Origin': '*', 'x-frame-options': 'SAMEORIGIN', 'x-xss-protection': '1; mode=block', 'ETag': 'W/"e-QsuWRrOEkcU9MaZ7Iu4xj/+JUZY"', 'Vary': 'Accept-Encoding'} 
 body={"state":true} 
 </msg>
<msg time="2025-06-02T15:55:31.787881" level="INFO">${response} = &lt;Response [200]&gt;</msg>
<var>${response}</var>
<arg>${deposit_url}</arg>
<arg>json=${payload}</arg>
<arg>headers=${headers}</arg>
<doc>Sends a POST request.</doc>
<status status="PASS" start="2025-06-02T15:55:30.977415" elapsed="0.810466"/>
</kw>
<kw name="Log" owner="BuiltIn">
<msg time="2025-06-02T15:55:31.789840" level="INFO">Status Code: 200</msg>
<arg>Status Code: ${response.status_code}</arg>
<doc>Logs the given message with the given level.</doc>
<status status="PASS" start="2025-06-02T15:55:31.788878" elapsed="0.000962"/>
</kw>
<kw name="Log" owner="BuiltIn">
<msg time="2025-06-02T15:55:31.791834" level="INFO">Response Content: {"state":true}</msg>
<arg>Response Content: ${response.content}</arg>
<doc>Logs the given message with the given level.</doc>
<status status="PASS" start="2025-06-02T15:55:31.790837" elapsed="0.000997"/>
</kw>
<kw name="Should Be Equal As Numbers" owner="BuiltIn">
<msg time="2025-06-02T15:55:31.792831" level="INFO">Argument types are:
&lt;class 'int'&gt;
&lt;class 'str'&gt;</msg>
<arg>${response.status_code}</arg>
<arg>200</arg>
<doc>Fails if objects are unequal after converting them to real numbers.</doc>
<status status="PASS" start="2025-06-02T15:55:31.791834" elapsed="0.000997"/>
</kw>
<kw name="Evaluate" owner="BuiltIn">
<msg time="2025-06-02T15:55:31.793829" level="INFO">${is_invalid} = False</msg>
<var>${is_invalid}</var>
<arg>"${shipment_id}" == "" or "${tracking_number}" == ""</arg>
<doc>Evaluates the given expression in Python and returns the result.</doc>
<status status="PASS" start="2025-06-02T15:55:31.792831" elapsed="0.000998"/>
</kw>
<kw name="Run Keyword If" owner="BuiltIn">
<arg>${is_invalid}</arg>
<arg>Fail</arg>
<arg>Invalid response: Shipment ID or Tracking Number is missing</arg>
<doc>Runs the given keyword with the given arguments, if ``condition`` is true.</doc>
<status status="PASS" start="2025-06-02T15:55:31.793829" elapsed="0.000000"/>
</kw>
<arg>${shipment_id}</arg>
<arg>${tracking_number}</arg>
<arg>${env}</arg>
<status status="PASS" start="2025-06-02T15:55:30.967441" elapsed="0.826388"/>
</kw>
<kw name="API get token driver" owner="keywords">
<kw name="Create Dictionary" owner="BuiltIn">
<msg time="2025-06-02T15:55:31.795824" level="INFO">${headers} = {'Cookie': 'connect.sid=s%3Ac-C8Ua7JWn_dy3gvH5PC8rUIzj6DPUIz.CtE1ied8oMyXJFLbnHY6zTUAx5ueftByHLPjL8tJMH4'}</msg>
<var>${headers}</var>
<arg>Cookie=connect.sid=s%3Ac-C8Ua7JWn_dy3gvH5PC8rUIzj6DPUIz.CtE1ied8oMyXJFLbnHY6zTUAx5ueftByHLPjL8tJMH4</arg>
<doc>Creates and returns a dictionary based on the given ``items``.</doc>
<status status="PASS" start="2025-06-02T15:55:31.794828" elapsed="0.000996"/>
</kw>
<kw name="GET" owner="RequestsLibrary">
<msg time="2025-06-02T15:55:32.552410" level="INFO">GET Request : url=https://dev.redboxsa.com/v3/api/shipper/get-list-driver 
 path_url=/v3/api/shipper/get-list-driver 
 headers={'User-Agent': 'python-requests/2.32.3', 'Accept-Encoding': 'gzip, deflate', 'Accept': '*/*', 'Connection': 'keep-alive', 'Cookie': 'connect.sid=s%3Ac-C8Ua7JWn_dy3gvH5PC8rUIzj6DPUIz.CtE1ied8oMyXJFLbnHY6zTUAx5ueftByHLPjL8tJMH4'} 
 body=None 
 </msg>
<msg time="2025-06-02T15:55:32.553411" level="INFO">GET Response : url=https://dev.redboxsa.com/v3/api/shipper/get-list-driver 
 status=502, reason=Bad Gateway 
 headers={'Server': 'nginx/1.18.0 (Ubuntu)', 'Date': 'Mon, 02 Jun 2025 08:55:32 GMT', 'Content-Type': 'text/html', 'Content-Length': '166', 'Connection': 'keep-alive'} 
 body=&lt;html&gt;
&lt;head&gt;&lt;title&gt;502 Bad Gateway&lt;/title&gt;&lt;/head&gt;
&lt;body&gt;
&lt;center&gt;&lt;h1&gt;502 Bad Gateway&lt;/h1&gt;&lt;/center&gt;
&lt;hr&gt;&lt;center&gt;nginx/1.18.0 (Ubuntu)&lt;/center&gt;
&lt;/body&gt;
&lt;/html&gt;
 
 </msg>
<msg time="2025-06-02T15:55:32.554406" level="FAIL">HTTPError: 502 Server Error: Bad Gateway for url: https://dev.redboxsa.com/v3/api/shipper/get-list-driver</msg>
<var>${response}</var>
<arg>${shipper_api["${env}"]}/get-list-driver</arg>
<arg>headers=${headers}</arg>
<doc>Sends a GET request.</doc>
<status status="FAIL" start="2025-06-02T15:55:31.795824" elapsed="0.767511">HTTPError: 502 Server Error: Bad Gateway for url: https://dev.redboxsa.com/v3/api/shipper/get-list-driver</status>
</kw>
<kw name="To Json" owner="RequestsLibrary">
<msg time="2025-06-02T15:55:32.564332" level="WARN">Keyword 'RequestsLibrary.To Json' is deprecated. Please use ${resp.json()} instead. Have a look at the improved HTML output as pretty printing replacement.</msg>
<var>${json}</var>
<arg>${response.content}</arg>
<doc>*DEPRECATED* Please use ${resp.json()} instead. Have a look at the improved HTML output as pretty printing replacement.</doc>
<status status="NOT RUN" start="2025-06-02T15:55:32.563335" elapsed="0.000997"/>
</kw>
<kw name="Convert To String" owner="BuiltIn">
<var>${json_str}</var>
<arg>${json}</arg>
<doc>Converts the given item to a Unicode string.</doc>
<status status="NOT RUN" start="2025-06-02T15:55:32.565330" elapsed="0.000000"/>
</kw>
<kw name="Create File" owner="OperatingSystem">
<arg>list_driver.txt</arg>
<arg>${json_str}</arg>
<doc>Creates a file with the given content and encoding.</doc>
<status status="NOT RUN" start="2025-06-02T15:55:32.565330" elapsed="0.000000"/>
</kw>
<kw name="Get From Dictionary" owner="Collections">
<var>${list_drivers}</var>
<arg>${json}</arg>
<arg>data</arg>
<doc>Returns a value from the given ``dictionary`` based on the given ``key``.</doc>
<status status="NOT RUN" start="2025-06-02T15:55:32.565330" elapsed="0.000000"/>
</kw>
<kw name="Set Variable" owner="BuiltIn">
<var>${found}</var>
<arg>False</arg>
<doc>Returns the given values which can then be assigned to a variables.</doc>
<status status="NOT RUN" start="2025-06-02T15:55:32.566327" elapsed="0.000000"/>
</kw>
<for flavor="IN">
<iter>
<kw name="Get From Dictionary" owner="Collections">
<var>${name}</var>
<arg>${driver}</arg>
<arg>name</arg>
<doc>Returns a value from the given ``dictionary`` based on the given ``key``.</doc>
<status status="NOT RUN" start="2025-06-02T15:55:32.566327" elapsed="0.000000"/>
</kw>
<kw name="Log" owner="BuiltIn">
<arg>Found driver name: "${name}"</arg>
<doc>Logs the given message with the given level.</doc>
<status status="NOT RUN" start="2025-06-02T15:55:32.566327" elapsed="0.000000"/>
</kw>
<kw name="Log" owner="BuiltIn">
<arg>Target driver name: "${driver_name}"</arg>
<doc>Logs the given message with the given level.</doc>
<status status="NOT RUN" start="2025-06-02T15:55:32.567325" elapsed="0.000000"/>
</kw>
<kw name="Run Keyword If" owner="BuiltIn">
<arg>"${name}" == "${driver_name}"</arg>
<arg>Set Test Variable</arg>
<arg>${found}</arg>
<arg>True</arg>
<doc>Runs the given keyword with the given arguments, if ``condition`` is true.</doc>
<status status="NOT RUN" start="2025-06-02T15:55:32.567325" elapsed="0.000000"/>
</kw>
<kw name="Run Keyword If" owner="BuiltIn">
<arg>"${name}" == "${driver_name}"</arg>
<arg>Set Suite Variable</arg>
<arg>${driver_token}</arg>
<arg>${driver['token']}</arg>
<doc>Runs the given keyword with the given arguments, if ``condition`` is true.</doc>
<status status="NOT RUN" start="2025-06-02T15:55:32.567325" elapsed="0.000000"/>
</kw>
<kw name="Run Keyword If" owner="BuiltIn">
<arg>"${name}" == "${driver_name}"</arg>
<arg>Append To File</arg>
<arg>driver_token.txt</arg>
<arg>${driver['token']}\n</arg>
<doc>Runs the given keyword with the given arguments, if ``condition`` is true.</doc>
<status status="NOT RUN" start="2025-06-02T15:55:32.567325" elapsed="0.000997"/>
</kw>
<var name="${driver}"/>
<status status="NOT RUN" start="2025-06-02T15:55:32.566327" elapsed="0.001995"/>
</iter>
<var>${driver}</var>
<value>@{list_drivers}</value>
<status status="NOT RUN" start="2025-06-02T15:55:32.566327" elapsed="0.001995"/>
</for>
<kw name="Should Be True" owner="BuiltIn">
<arg>${found}</arg>
<arg>Driver with name "${driver_name}" not found in response</arg>
<doc>Fails if the given condition is not true.</doc>
<status status="NOT RUN" start="2025-06-02T15:55:32.568322" elapsed="0.000000"/>
</kw>
<return>
<value>${driver_token}</value>
<status status="NOT RUN" start="2025-06-02T15:55:32.568322" elapsed="0.000000"/>
</return>
<var>${driver_token}</var>
<arg>${env}</arg>
<arg>Ha driver dev</arg>
<doc>Call API to get driver list, find driver by name, and write token to driver_token.txt</doc>
<status status="FAIL" start="2025-06-02T15:55:31.794828" elapsed="0.773494">HTTPError: 502 Server Error: Bad Gateway for url: https://dev.redboxsa.com/v3/api/shipper/get-list-driver</status>
</kw>
<kw name="API Driver picks up Express shipments from Locker" owner="keywords">
<arg>${env}</arg>
<arg>${driver_token}</arg>
<doc>Authorization token of driver, locker id, point id, organization id of Redbox are required in Headers</doc>
<status status="NOT RUN" start="2025-06-02T15:55:32.569319" elapsed="0.000000"/>
</kw>
<kw name="API Driver deposits Express shipments" owner="keywords">
<arg>${env}</arg>
<arg>${driver_token}</arg>
<doc>Authorization token of driver, locker id, point id, organization id of Redbox are required in Headers</doc>
<status status="NOT RUN" start="2025-06-02T15:55:32.569319" elapsed="0.000000"/>
</kw>
<kw name="API get token locker" owner="keywords">
<var>${locker_token}</var>
<arg>${env}</arg>
<arg>866732032337033</arg>
<doc>Call API to get token of locker</doc>
<status status="NOT RUN" start="2025-06-02T15:55:32.570316" elapsed="0.000000"/>
</kw>
<kw name="API Customer pickup Express shipments from Locker" owner="keywords">
<arg>${env}</arg>
<arg>${locker_token}</arg>
<doc>Authorization token of locker, locker id, point id are required in Headers</doc>
<status status="NOT RUN" start="2025-06-02T15:55:32.570316" elapsed="0.000000"/>
</kw>
<kw name="Close Browser" owner="Selenium2Library" type="TEARDOWN">
<doc>Closes the current browser.</doc>
<status status="PASS" start="2025-06-02T15:55:32.571314" elapsed="0.000000"/>
</kw>
<status status="FAIL" start="2025-06-02T15:55:29.597394" elapsed="2.973920">HTTPError: 502 Server Error: Bad Gateway for url: https://dev.redboxsa.com/v3/api/shipper/get-list-driver</status>
</test>
<status status="FAIL" start="2025-06-02T15:55:29.557418" elapsed="3.014893"/>
</suite>
<status status="FAIL" start="2025-06-02T15:55:28.888350" elapsed="3.684958"/>
</suite>
<statistics>
<total>
<stat pass="0" fail="1" skip="0">All Tests</stat>
</total>
<tag>
</tag>
<suite>
<stat pass="0" fail="1" skip="0" id="s1" name="Redbox1">Redbox1</stat>
<stat pass="0" fail="1" skip="0" id="s1-s1" name="Testcase">Redbox1.Testcase</stat>
</suite>
</statistics>
<errors>
<msg time="2025-06-02T15:55:28.836254" level="WARN">Error in file 'c:\Users\Lan Anh\Documents\GitHub\Redbox1\keywords.robot' on line 230: The '[Return]' setting is deprecated. Use the 'RETURN' statement instead.</msg>
<msg time="2025-06-02T15:55:28.836444" level="WARN">Error in file 'c:\Users\Lan Anh\Documents\GitHub\Redbox1\keywords.robot' on line 242: The '[Return]' setting is deprecated. Use the 'RETURN' statement instead.</msg>
<msg time="2025-06-02T15:55:29.567391" level="WARN">Error in file 'c:\Users\Lan Anh\Documents\GitHub\Redbox1\keywords.robot' on line 230: The '[Return]' setting is deprecated. Use the 'RETURN' statement instead.</msg>
<msg time="2025-06-02T15:55:29.567391" level="WARN">Error in file 'c:\Users\Lan Anh\Documents\GitHub\Redbox1\keywords.robot' on line 242: The '[Return]' setting is deprecated. Use the 'RETURN' statement instead.</msg>
<msg time="2025-06-02T15:55:32.564332" level="WARN">Keyword 'RequestsLibrary.To Json' is deprecated. Please use ${resp.json()} instead. Have a look at the improved HTML output as pretty printing replacement.</msg>
</errors>
</robot>
